[ 2016-12-15T17:02:03+08:00 ] ::1 /thinkphp/
INFO: [ app_init ] --START--
INFO: Run Behavior\BuildLiteBehavior [ RunTime:0.000000s ]
INFO: [ app_init ] --END-- [ RunTime:0.001000s ]
INFO: [ app_begin ] --START--
INFO: Run Behavior\ReadHtmlCacheBehavior [ RunTime:0.001000s ]
INFO: [ app_begin ] --END-- [ RunTime:0.001000s ]
SQL: SHOW COLUMNS FROM `xf_index_info` [ RunTime:0.0050s ]
SQL: SELECT * FROM `xf_index_info` WHERE ( sorts=0 )  [ RunTime:0.0000s ]
SQL: SELECT * FROM `xf_index_info` WHERE ( flag<20 AND flag>0 ) ORDER BY flag LIMIT 8   [ RunTime:0.0000s ]
SQL: SELECT * FROM `xf_index_info` WHERE ( flag>20 ) ORDER BY flag LIMIT 8   [ RunTime:0.0000s ]
SQL: SELECT * FROM `xf_index_info` WHERE ( creat_time > '2016-12-08'AND sorts>0 AND flag=0 ) ORDER BY rand() LIMIT 4   [ RunTime:0.0010s ]
INFO: [ view_parse ] --START--
INFO: [ template_filter ] --START--
INFO: Run Behavior\ContentReplaceBehavior [ RunTime:0.001000s ]
INFO: [ template_filter ] --END-- [ RunTime:0.001000s ]
INFO: Run Behavior\ParseTemplateBehavior [ RunTime:0.009001s ]
INFO: [ view_parse ] --END-- [ RunTime:0.009001s ]
INFO: [ view_filter ] --START--
INFO: Run Behavior\WriteHtmlCacheBehavior [ RunTime:0.000000s ]
INFO: [ view_filter ] --END-- [ RunTime:0.000000s ]
INFO: [ app_end ] --START--
INFO: Run Behavior\ShowPageTraceBehavior [ RunTime:0.001000s ]
INFO: [ app_end ] --END-- [ RunTime:0.001000s ]

[ 2016-12-15T17:02:03+08:00 ] ::1 /thinkphp/qewrweqre
INFO: [ app_init ] --START--
INFO: Run Behavior\BuildLiteBehavior [ RunTime:0.000000s ]
INFO: [ app_init ] --END-- [ RunTime:0.001000s ]
INFO: [ app_begin ] --START--
INFO: Run Behavior\ReadHtmlCacheBehavior [ RunTime:0.000000s ]
INFO: [ app_begin ] --END-- [ RunTime:0.000000s ]
ERR: 无法加载控制器:Qewrweqre

[ 2016-12-15T17:02:03+08:00 ] ::1 /thinkphp/%E5%8F%91%E6%96%AF%E8%92%82%E8%8A%AC
INFO: [ app_init ] --START--
INFO: Run Behavior\BuildLiteBehavior [ RunTime:0.000000s ]
INFO: [ app_init ] --END-- [ RunTime:0.001000s ]
INFO: [ app_begin ] --START--
INFO: Run Behavior\ReadHtmlCacheBehavior [ RunTime:0.001000s ]
INFO: [ app_begin ] --END-- [ RunTime:0.001000s ]
ERR: 无法加载控制器:发斯蒂芬

[ 2016-12-15T17:02:03+08:00 ] ::1 /thinkphp/%E5%8F%91%E9%80%81%E5%88%B0
INFO: [ app_init ] --START--
INFO: Run Behavior\BuildLiteBehavior [ RunTime:0.000000s ]
INFO: [ app_init ] --END-- [ RunTime:0.001000s ]
INFO: [ app_begin ] --START--
INFO: Run Behavior\ReadHtmlCacheBehavior [ RunTime:0.001000s ]
INFO: [ app_begin ] --END-- [ RunTime:0.001000s ]
ERR: 无法加载控制器:发送到

[ 2016-12-15T17:02:03+08:00 ] ::1 /thinkphp/assets/i/favicon.ico
INFO: [ app_init ] --START--
INFO: Run Behavior\BuildLiteBehavior [ RunTime:0.001000s ]
INFO: [ app_init ] --END-- [ RunTime:0.001000s ]

[ 2016-12-15T17:02:07+08:00 ] ::1 /thinkphp/
INFO: [ app_init ] --START--
INFO: Run Behavior\BuildLiteBehavior [ RunTime:0.000000s ]
INFO: [ app_init ] --END-- [ RunTime:0.001000s ]
INFO: [ app_begin ] --START--
INFO: Run Behavior\ReadHtmlCacheBehavior [ RunTime:0.001000s ]
INFO: [ app_begin ] --END-- [ RunTime:0.001000s ]
SQL: SHOW COLUMNS FROM `xf_index_info` [ RunTime:0.0050s ]
SQL: SELECT * FROM `xf_index_info` WHERE ( sorts=0 )  [ RunTime:0.0000s ]
SQL: SELECT * FROM `xf_index_info` WHERE ( flag<20 AND flag>0 ) ORDER BY flag LIMIT 8   [ RunTime:0.0000s ]
SQL: SELECT * FROM `xf_index_info` WHERE ( flag>20 ) ORDER BY flag LIMIT 8   [ RunTime:0.0010s ]
SQL: SELECT * FROM `xf_index_info` WHERE ( creat_time > '2016-12-08'AND sorts>0 AND flag=0 ) ORDER BY rand() LIMIT 4   [ RunTime:0.0000s ]
INFO: [ view_parse ] --START--
INFO: [ template_filter ] --START--
INFO: Run Behavior\ContentReplaceBehavior [ RunTime:0.000000s ]
INFO: [ template_filter ] --END-- [ RunTime:0.000000s ]
INFO: Run Behavior\ParseTemplateBehavior [ RunTime:0.009001s ]
INFO: [ view_parse ] --END-- [ RunTime:0.009001s ]
INFO: [ view_filter ] --START--
INFO: Run Behavior\WriteHtmlCacheBehavior [ RunTime:0.000000s ]
INFO: [ view_filter ] --END-- [ RunTime:0.000000s ]
INFO: [ app_end ] --START--
INFO: Run Behavior\ShowPageTraceBehavior [ RunTime:0.001000s ]
INFO: [ app_end ] --END-- [ RunTime:0.001000s ]

[ 2016-12-15T17:02:07+08:00 ] ::1 /thinkphp/Uploads/ico/20161206205114.jpg
INFO: [ app_init ] --START--
INFO: Run Behavior\BuildLiteBehavior [ RunTime:0.000000s ]
INFO: [ app_init ] --END-- [ RunTime:0.000000s ]

[ 2016-12-15T17:02:07+08:00 ] ::1 /thinkphp/dfsaf
INFO: [ app_init ] --START--
INFO: Run Behavior\BuildLiteBehavior [ RunTime:0.000000s ]
INFO: [ app_init ] --END-- [ RunTime:0.000000s ]
INFO: [ app_begin ] --START--
INFO: Run Behavior\ReadHtmlCacheBehavior [ RunTime:0.001000s ]
INFO: [ app_begin ] --END-- [ RunTime:0.001000s ]
ERR: 无法加载控制器:Dfsaf

[ 2016-12-15T17:02:07+08:00 ] ::1 /thinkphp/Uploads/ico/20161206205114.jpg
INFO: [ app_init ] --START--
INFO: Run Behavior\BuildLiteBehavior [ RunTime:0.000000s ]
INFO: [ app_init ] --END-- [ RunTime:0.000000s ]

[ 2016-12-15T17:02:07+08:00 ] ::1 /thinkphp/dfsaf
INFO: [ app_init ] --START--
INFO: Run Behavior\BuildLiteBehavior [ RunTime:0.000000s ]
INFO: [ app_init ] --END-- [ RunTime:0.000000s ]
INFO: [ app_begin ] --START--
INFO: Run Behavior\ReadHtmlCacheBehavior [ RunTime:0.001000s ]
INFO: [ app_begin ] --END-- [ RunTime:0.001000s ]
ERR: 无法加载控制器:Dfsaf

[ 2016-12-15T17:02:07+08:00 ] ::1 /thinkphp/index.php/Home/Index/getListJsonInfo/
INFO: [ app_init ] --START--
INFO: Run Behavior\BuildLiteBehavior [ RunTime:0.000000s ]
INFO: [ app_init ] --END-- [ RunTime:0.001000s ]
INFO: [ app_begin ] --START--
INFO: Run Behavior\ReadHtmlCacheBehavior [ RunTime:0.001000s ]
INFO: [ app_begin ] --END-- [ RunTime:0.001000s ]
SQL: SHOW COLUMNS FROM `xf_index_info` [ RunTime:0.0070s ]
SQL: SELECT * FROM `xf_index_info` WHERE ( sorts=4 ) ORDER BY creat_time desc  [ RunTime:0.0010s ]

[ 2016-12-15T17:02:08+08:00 ] ::1 /thinkphp/%E5%8F%91%E6%96%AF%E8%92%82%E8%8A%AC
INFO: [ app_init ] --START--
INFO: Run Behavior\BuildLiteBehavior [ RunTime:0.000000s ]
INFO: [ app_init ] --END-- [ RunTime:0.000000s ]
INFO: [ app_begin ] --START--
INFO: Run Behavior\ReadHtmlCacheBehavior [ RunTime:0.001000s ]
INFO: [ app_begin ] --END-- [ RunTime:0.001000s ]
ERR: 无法加载控制器:发斯蒂芬

[ 2016-12-15T17:02:08+08:00 ] ::1 /thinkphp/qewrweqre
INFO: [ app_init ] --START--
INFO: Run Behavior\BuildLiteBehavior [ RunTime:0.000000s ]
INFO: [ app_init ] --END-- [ RunTime:0.000000s ]
INFO: [ app_begin ] --START--
INFO: Run Behavior\ReadHtmlCacheBehavior [ RunTime:0.001000s ]
INFO: [ app_begin ] --END-- [ RunTime:0.001000s ]
ERR: 无法加载控制器:Qewrweqre

[ 2016-12-15T17:02:09+08:00 ] ::1 /thinkphp/
INFO: [ app_init ] --START--
INFO: Run Behavior\BuildLiteBehavior [ RunTime:0.000000s ]
INFO: [ app_init ] --END-- [ RunTime:0.000000s ]
INFO: [ app_begin ] --START--
INFO: Run Behavior\ReadHtmlCacheBehavior [ RunTime:0.000000s ]
INFO: [ app_begin ] --END-- [ RunTime:0.000000s ]
SQL: SHOW COLUMNS FROM `xf_index_info` [ RunTime:0.0050s ]
SQL: SELECT * FROM `xf_index_info` WHERE ( sorts=0 )  [ RunTime:0.0000s ]
SQL: SELECT * FROM `xf_index_info` WHERE ( flag<20 AND flag>0 ) ORDER BY flag LIMIT 8   [ RunTime:0.0000s ]
SQL: SELECT * FROM `xf_index_info` WHERE ( flag>20 ) ORDER BY flag LIMIT 8   [ RunTime:0.0010s ]
SQL: SELECT * FROM `xf_index_info` WHERE ( creat_time > '2016-12-08'AND sorts>0 AND flag=0 ) ORDER BY rand() LIMIT 4   [ RunTime:0.0000s ]
INFO: [ view_parse ] --START--
INFO: [ template_filter ] --START--
INFO: Run Behavior\ContentReplaceBehavior [ RunTime:0.000000s ]
INFO: [ template_filter ] --END-- [ RunTime:0.000000s ]
INFO: Run Behavior\ParseTemplateBehavior [ RunTime:0.008001s ]
INFO: [ view_parse ] --END-- [ RunTime:0.008001s ]
INFO: [ view_filter ] --START--
INFO: Run Behavior\WriteHtmlCacheBehavior [ RunTime:0.001000s ]
INFO: [ view_filter ] --END-- [ RunTime:0.001000s ]
INFO: [ app_end ] --START--
INFO: Run Behavior\ShowPageTraceBehavior [ RunTime:0.000000s ]
INFO: [ app_end ] --END-- [ RunTime:0.000000s ]

[ 2016-12-15T17:02:09+08:00 ] ::1 /thinkphp/Uploads/ico/20161206205114.jpg
INFO: [ app_init ] --START--
INFO: Run Behavior\BuildLiteBehavior [ RunTime:0.000000s ]
INFO: [ app_init ] --END-- [ RunTime:0.000000s ]

[ 2016-12-15T17:02:09+08:00 ] ::1 /thinkphp/%E5%8F%91%E6%96%AF%E8%92%82%E8%8A%AC
INFO: [ app_init ] --START--
INFO: Run Behavior\BuildLiteBehavior [ RunTime:0.000000s ]
INFO: [ app_init ] --END-- [ RunTime:0.000000s ]
INFO: [ app_begin ] --START--
INFO: Run Behavior\ReadHtmlCacheBehavior [ RunTime:0.001000s ]
INFO: [ app_begin ] --END-- [ RunTime:0.001000s ]
ERR: 无法加载控制器:发斯蒂芬

[ 2016-12-15T17:02:09+08:00 ] ::1 /thinkphp/index.php/Home/Index/getListJsonInfo/
INFO: [ app_init ] --START--
INFO: Run Behavior\BuildLiteBehavior [ RunTime:0.000000s ]
INFO: [ app_init ] --END-- [ RunTime:0.001000s ]
INFO: [ app_begin ] --START--
INFO: Run Behavior\ReadHtmlCacheBehavior [ RunTime:0.001000s ]
INFO: [ app_begin ] --END-- [ RunTime:0.001000s ]
SQL: SHOW COLUMNS FROM `xf_index_info` [ RunTime:0.0060s ]
SQL: SELECT * FROM `xf_index_info` WHERE ( sorts=4 ) ORDER BY creat_time desc  [ RunTime:0.0010s ]

[ 2016-12-15T17:02:10+08:00 ] ::1 /thinkphp/%E5%8F%91%E6%96%AF%E8%92%82%E8%8A%AC
INFO: [ app_init ] --START--
INFO: Run Behavior\BuildLiteBehavior [ RunTime:0.000000s ]
INFO: [ app_init ] --END-- [ RunTime:0.000000s ]
INFO: [ app_begin ] --START--
INFO: Run Behavior\ReadHtmlCacheBehavior [ RunTime:0.001000s ]
INFO: [ app_begin ] --END-- [ RunTime:0.001000s ]
ERR: 无法加载控制器:发斯蒂芬

[ 2016-12-15T17:02:10+08:00 ] ::1 /thinkphp/qewrweqre
INFO: [ app_init ] --START--
INFO: Run Behavior\BuildLiteBehavior [ RunTime:0.000000s ]
INFO: [ app_init ] --END-- [ RunTime:0.000000s ]
INFO: [ app_begin ] --START--
INFO: Run Behavior\ReadHtmlCacheBehavior [ RunTime:0.000000s ]
INFO: [ app_begin ] --END-- [ RunTime:0.000000s ]
ERR: 无法加载控制器:Qewrweqre

[ 2016-12-15T17:02:10+08:00 ] ::1 /thinkphp/
INFO: [ app_init ] --START--
INFO: Run Behavior\BuildLiteBehavior [ RunTime:0.000000s ]
INFO: [ app_init ] --END-- [ RunTime:0.000000s ]
INFO: [ app_begin ] --START--
INFO: Run Behavior\ReadHtmlCacheBehavior [ RunTime:0.000000s ]
INFO: [ app_begin ] --END-- [ RunTime:0.000000s ]
SQL: SHOW COLUMNS FROM `xf_index_info` [ RunTime:0.0060s ]
SQL: SELECT * FROM `xf_index_info` WHERE ( sorts=0 )  [ RunTime:0.0000s ]
SQL: SELECT * FROM `xf_index_info` WHERE ( flag<20 AND flag>0 ) ORDER BY flag LIMIT 8   [ RunTime:0.0010s ]
SQL: SELECT * FROM `xf_index_info` WHERE ( flag>20 ) ORDER BY flag LIMIT 8   [ RunTime:0.0000s ]
SQL: SELECT * FROM `xf_index_info` WHERE ( creat_time > '2016-12-08'AND sorts>0 AND flag=0 ) ORDER BY rand() LIMIT 4   [ RunTime:0.0000s ]
INFO: [ view_parse ] --START--
INFO: [ template_filter ] --START--
INFO: Run Behavior\ContentReplaceBehavior [ RunTime:0.000000s ]
INFO: [ template_filter ] --END-- [ RunTime:0.001000s ]
INFO: Run Behavior\ParseTemplateBehavior [ RunTime:0.008000s ]
INFO: [ view_parse ] --END-- [ RunTime:0.008000s ]
INFO: [ view_filter ] --START--
INFO: Run Behavior\WriteHtmlCacheBehavior [ RunTime:0.000000s ]
INFO: [ view_filter ] --END-- [ RunTime:0.000000s ]
INFO: [ app_end ] --START--
INFO: Run Behavior\ShowPageTraceBehavior [ RunTime:0.001000s ]
INFO: [ app_end ] --END-- [ RunTime:0.001000s ]

[ 2016-12-15T17:02:10+08:00 ] ::1 /thinkphp/Uploads/ico/20161206205114.jpg
INFO: [ app_init ] --START--
INFO: Run Behavior\BuildLiteBehavior [ RunTime:0.000000s ]
INFO: [ app_init ] --END-- [ RunTime:0.000000s ]

[ 2016-12-15T17:02:10+08:00 ] ::1 /thinkphp/%E5%8F%91%E6%96%AF%E8%92%82%E8%8A%AC
INFO: [ app_init ] --START--
INFO: Run Behavior\BuildLiteBehavior [ RunTime:0.000000s ]
INFO: [ app_init ] --END-- [ RunTime:0.001000s ]
INFO: [ app_begin ] --START--
INFO: Run Behavior\ReadHtmlCacheBehavior [ RunTime:0.000000s ]
INFO: [ app_begin ] --END-- [ RunTime:0.000000s ]
ERR: 无法加载控制器:发斯蒂芬

[ 2016-12-15T17:02:10+08:00 ] ::1 /thinkphp/Uploads/ico/20161206205114.jpg
INFO: [ app_init ] --START--
INFO: Run Behavior\BuildLiteBehavior [ RunTime:0.000000s ]
INFO: [ app_init ] --END-- [ RunTime:0.001000s ]

[ 2016-12-15T17:02:10+08:00 ] ::1 /thinkphp/%E5%8F%91%E6%96%AF%E8%92%82%E8%8A%AC
INFO: [ app_init ] --START--
INFO: Run Behavior\BuildLiteBehavior [ RunTime:0.000000s ]
INFO: [ app_init ] --END-- [ RunTime:0.000000s ]
INFO: [ app_begin ] --START--
INFO: Run Behavior\ReadHtmlCacheBehavior [ RunTime:0.000000s ]
INFO: [ app_begin ] --END-- [ RunTime:0.001000s ]
ERR: 无法加载控制器:发斯蒂芬

[ 2016-12-15T17:02:10+08:00 ] ::1 /thinkphp/index.php/Home/Index/getListJsonInfo/
INFO: [ app_init ] --START--
INFO: Run Behavior\BuildLiteBehavior [ RunTime:0.000000s ]
INFO: [ app_init ] --END-- [ RunTime:0.000000s ]
INFO: [ app_begin ] --START--
INFO: Run Behavior\ReadHtmlCacheBehavior [ RunTime:0.001000s ]
INFO: [ app_begin ] --END-- [ RunTime:0.001000s ]
SQL: SHOW COLUMNS FROM `xf_index_info` [ RunTime:0.0050s ]
SQL: SELECT * FROM `xf_index_info` WHERE ( sorts=4 ) ORDER BY creat_time desc  [ RunTime:0.0010s ]

[ 2016-12-15T17:02:11+08:00 ] ::1 /thinkphp/%E5%8F%91%E6%96%AF%E8%92%82%E8%8A%AC
INFO: [ app_init ] --START--
INFO: Run Behavior\BuildLiteBehavior [ RunTime:0.000000s ]
INFO: [ app_init ] --END-- [ RunTime:0.000000s ]
INFO: [ app_begin ] --START--
INFO: Run Behavior\ReadHtmlCacheBehavior [ RunTime:0.001000s ]
INFO: [ app_begin ] --END-- [ RunTime:0.001000s ]
ERR: 无法加载控制器:发斯蒂芬

[ 2016-12-15T17:02:11+08:00 ] ::1 /thinkphp/qewrweqre
INFO: [ app_init ] --START--
INFO: Run Behavior\BuildLiteBehavior [ RunTime:0.000000s ]
INFO: [ app_init ] --END-- [ RunTime:0.000000s ]
INFO: [ app_begin ] --START--
INFO: Run Behavior\ReadHtmlCacheBehavior [ RunTime:0.001001s ]
INFO: [ app_begin ] --END-- [ RunTime:0.001001s ]
ERR: 无法加载控制器:Qewrweqre

[ 2016-12-15T17:02:11+08:00 ] ::1 /thinkphp/
INFO: [ app_init ] --START--
INFO: Run Behavior\BuildLiteBehavior [ RunTime:0.000000s ]
INFO: [ app_init ] --END-- [ RunTime:0.000000s ]
INFO: [ app_begin ] --START--
INFO: Run Behavior\ReadHtmlCacheBehavior [ RunTime:0.000000s ]
INFO: [ app_begin ] --END-- [ RunTime:0.000000s ]
SQL: SHOW COLUMNS FROM `xf_index_info` [ RunTime:0.0020s ]
SQL: SELECT * FROM `xf_index_info` WHERE ( sorts=0 )  [ RunTime:0.0000s ]
SQL: SELECT * FROM `xf_index_info` WHERE ( flag<20 AND flag>0 ) ORDER BY flag LIMIT 8   [ RunTime:0.0000s ]
SQL: SELECT * FROM `xf_index_info` WHERE ( flag>20 ) ORDER BY flag LIMIT 8   [ RunTime:0.0000s ]
SQL: SELECT * FROM `xf_index_info` WHERE ( creat_time > '2016-12-08'AND sorts>0 AND flag=0 ) ORDER BY rand() LIMIT 4   [ RunTime:0.0000s ]
INFO: [ view_parse ] --START--
INFO: [ template_filter ] --START--
INFO: Run Behavior\ContentReplaceBehavior [ RunTime:0.000000s ]
INFO: [ template_filter ] --END-- [ RunTime:0.000000s ]
INFO: Run Behavior\ParseTemplateBehavior [ RunTime:0.008000s ]
INFO: [ view_parse ] --END-- [ RunTime:0.008000s ]
INFO: [ view_filter ] --START--
INFO: Run Behavior\WriteHtmlCacheBehavior [ RunTime:0.000000s ]
INFO: [ view_filter ] --END-- [ RunTime:0.000000s ]
INFO: [ app_end ] --START--
INFO: Run Behavior\ShowPageTraceBehavior [ RunTime:0.000000s ]
INFO: [ app_end ] --END-- [ RunTime:0.000000s ]

[ 2016-12-15T17:02:11+08:00 ] ::1 /thinkphp/Uploads/ico/20161206205114.jpg
INFO: [ app_init ] --START--
INFO: Run Behavior\BuildLiteBehavior [ RunTime:0.000000s ]
INFO: [ app_init ] --END-- [ RunTime:0.000000s ]

[ 2016-12-15T17:02:11+08:00 ] ::1 /thinkphp/rewqrewqrwqe
INFO: [ app_init ] --START--
INFO: Run Behavior\BuildLiteBehavior [ RunTime:0.000000s ]
INFO: [ app_init ] --END-- [ RunTime:0.000000s ]
INFO: [ app_begin ] --START--
INFO: Run Behavior\ReadHtmlCacheBehavior [ RunTime:0.000000s ]
INFO: [ app_begin ] --END-- [ RunTime:0.001000s ]
ERR: 无法加载控制器:Rewqrewqrwqe

[ 2016-12-15T17:02:11+08:00 ] ::1 /thinkphp/%E5%8F%91%E9%80%81%E5%88%B0
INFO: [ app_init ] --START--
INFO: Run Behavior\BuildLiteBehavior [ RunTime:0.000000s ]
INFO: [ app_init ] --END-- [ RunTime:0.000000s ]
INFO: [ app_begin ] --START--
INFO: Run Behavior\ReadHtmlCacheBehavior [ RunTime:0.001000s ]
INFO: [ app_begin ] --END-- [ RunTime:0.001000s ]
ERR: 无法加载控制器:发送到

[ 2016-12-15T17:02:11+08:00 ] ::1 /thinkphp/index.php/Home/Index/getListJsonInfo/
INFO: [ app_init ] --START--
INFO: Run Behavior\BuildLiteBehavior [ RunTime:0.000000s ]
INFO: [ app_init ] --END-- [ RunTime:0.000000s ]
INFO: [ app_begin ] --START--
INFO: Run Behavior\ReadHtmlCacheBehavior [ RunTime:0.001000s ]
INFO: [ app_begin ] --END-- [ RunTime:0.001000s ]
SQL: SHOW COLUMNS FROM `xf_index_info` [ RunTime:0.0070s ]
SQL: SELECT * FROM `xf_index_info` WHERE ( sorts=4 ) ORDER BY creat_time desc  [ RunTime:0.0000s ]

[ 2016-12-15T17:02:12+08:00 ] ::1 /thinkphp/%E5%8F%91%E6%96%AF%E8%92%82%E8%8A%AC
INFO: [ app_init ] --START--
INFO: Run Behavior\BuildLiteBehavior [ RunTime:0.000000s ]
INFO: [ app_init ] --END-- [ RunTime:0.000000s ]
INFO: [ app_begin ] --START--
INFO: Run Behavior\ReadHtmlCacheBehavior [ RunTime:0.000000s ]
INFO: [ app_begin ] --END-- [ RunTime:0.000000s ]
ERR: 无法加载控制器:发斯蒂芬

[ 2016-12-15T17:02:12+08:00 ] ::1 /thinkphp/qewrweqre
INFO: [ app_init ] --START--
INFO: Run Behavior\BuildLiteBehavior [ RunTime:0.000000s ]
INFO: [ app_init ] --END-- [ RunTime:0.001000s ]
INFO: [ app_begin ] --START--
INFO: Run Behavior\ReadHtmlCacheBehavior [ RunTime:0.001000s ]
INFO: [ app_begin ] --END-- [ RunTime:0.001000s ]
ERR: 无法加载控制器:Qewrweqre

[ 2016-12-15T17:02:12+08:00 ] ::1 /thinkphp/
INFO: [ app_init ] --START--
INFO: Run Behavior\BuildLiteBehavior [ RunTime:0.000000s ]
INFO: [ app_init ] --END-- [ RunTime:0.000000s ]
INFO: [ app_begin ] --START--
INFO: Run Behavior\ReadHtmlCacheBehavior [ RunTime:0.001000s ]
INFO: [ app_begin ] --END-- [ RunTime:0.001000s ]
SQL: SHOW COLUMNS FROM `xf_index_info` [ RunTime:0.0040s ]
SQL: SELECT * FROM `xf_index_info` WHERE ( sorts=0 )  [ RunTime:0.0000s ]
SQL: SELECT * FROM `xf_index_info` WHERE ( flag<20 AND flag>0 ) ORDER BY flag LIMIT 8   [ RunTime:0.0000s ]
SQL: SELECT * FROM `xf_index_info` WHERE ( flag>20 ) ORDER BY flag LIMIT 8   [ RunTime:0.0000s ]
SQL: SELECT * FROM `xf_index_info` WHERE ( creat_time > '2016-12-08'AND sorts>0 AND flag=0 ) ORDER BY rand() LIMIT 4   [ RunTime:0.0010s ]
INFO: [ view_parse ] --START--
INFO: [ template_filter ] --START--
INFO: Run Behavior\ContentReplaceBehavior [ RunTime:0.000000s ]
INFO: [ template_filter ] --END-- [ RunTime:0.000000s ]
INFO: Run Behavior\ParseTemplateBehavior [ RunTime:0.009001s ]
INFO: [ view_parse ] --END-- [ RunTime:0.009001s ]
INFO: [ view_filter ] --START--
INFO: Run Behavior\WriteHtmlCacheBehavior [ RunTime:0.000000s ]
INFO: [ view_filter ] --END-- [ RunTime:0.000000s ]
INFO: [ app_end ] --START--
INFO: Run Behavior\ShowPageTraceBehavior [ RunTime:0.001000s ]
INFO: [ app_end ] --END-- [ RunTime:0.001000s ]

[ 2016-12-15T17:02:12+08:00 ] ::1 /thinkphp/qewrweqre
INFO: [ app_init ] --START--
INFO: Run Behavior\BuildLiteBehavior [ RunTime:0.000000s ]
INFO: [ app_init ] --END-- [ RunTime:0.001001s ]
INFO: [ app_begin ] --START--
INFO: Run Behavior\ReadHtmlCacheBehavior [ RunTime:0.000000s ]
INFO: [ app_begin ] --END-- [ RunTime:0.000000s ]
ERR: 无法加载控制器:Qewrweqre

[ 2016-12-15T17:02:12+08:00 ] ::1 /thinkphp/index.php/Home/Index/getListJsonInfo/
INFO: [ app_init ] --START--
INFO: Run Behavior\BuildLiteBehavior [ RunTime:0.000000s ]
INFO: [ app_init ] --END-- [ RunTime:0.000000s ]
INFO: [ app_begin ] --START--
INFO: Run Behavior\ReadHtmlCacheBehavior [ RunTime:0.000000s ]
INFO: [ app_begin ] --END-- [ RunTime:0.001000s ]
SQL: SHOW COLUMNS FROM `xf_index_info` [ RunTime:0.0060s ]
SQL: SELECT * FROM `xf_index_info` WHERE ( sorts=4 ) ORDER BY creat_time desc  [ RunTime:0.0010s ]

[ 2016-12-15T17:02:13+08:00 ] ::1 /thinkphp/qewrweqre
INFO: [ app_init ] --START--
INFO: Run Behavior\BuildLiteBehavior [ RunTime:0.000000s ]
INFO: [ app_init ] --END-- [ RunTime:0.000000s ]
INFO: [ app_begin ] --START--
INFO: Run Behavior\ReadHtmlCacheBehavior [ RunTime:0.001000s ]
INFO: [ app_begin ] --END-- [ RunTime:0.001000s ]
ERR: 无法加载控制器:Qewrweqre

[ 2016-12-15T17:02:13+08:00 ] ::1 /thinkphp/%E5%8F%91%E6%96%AF%E8%92%82%E8%8A%AC
INFO: [ app_init ] --START--
INFO: Run Behavior\BuildLiteBehavior [ RunTime:0.000000s ]
INFO: [ app_init ] --END-- [ RunTime:0.000000s ]
INFO: [ app_begin ] --START--
INFO: Run Behavior\ReadHtmlCacheBehavior [ RunTime:0.000000s ]
INFO: [ app_begin ] --END-- [ RunTime:0.001000s ]
ERR: 无法加载控制器:发斯蒂芬

[ 2016-12-15T17:02:13+08:00 ] ::1 /thinkphp/
INFO: [ app_init ] --START--
INFO: Run Behavior\BuildLiteBehavior [ RunTime:0.000000s ]
INFO: [ app_init ] --END-- [ RunTime:0.000000s ]
INFO: [ app_begin ] --START--
INFO: Run Behavior\ReadHtmlCacheBehavior [ RunTime:0.000000s ]
INFO: [ app_begin ] --END-- [ RunTime:0.000000s ]
SQL: SHOW COLUMNS FROM `xf_index_info` [ RunTime:0.0060s ]
SQL: SELECT * FROM `xf_index_info` WHERE ( sorts=0 )  [ RunTime:0.0000s ]
SQL: SELECT * FROM `xf_index_info` WHERE ( flag<20 AND flag>0 ) ORDER BY flag LIMIT 8   [ RunTime:0.0010s ]
SQL: SELECT * FROM `xf_index_info` WHERE ( flag>20 ) ORDER BY flag LIMIT 8   [ RunTime:0.0000s ]
SQL: SELECT * FROM `xf_index_info` WHERE ( creat_time > '2016-12-08'AND sorts>0 AND flag=0 ) ORDER BY rand() LIMIT 4   [ RunTime:0.0000s ]
INFO: [ view_parse ] --START--
INFO: [ template_filter ] --START--
INFO: Run Behavior\ContentReplaceBehavior [ RunTime:0.000000s ]
INFO: [ template_filter ] --END-- [ RunTime:0.000000s ]
INFO: Run Behavior\ParseTemplateBehavior [ RunTime:0.007000s ]
INFO: [ view_parse ] --END-- [ RunTime:0.008000s ]
INFO: [ view_filter ] --START--
INFO: Run Behavior\WriteHtmlCacheBehavior [ RunTime:0.001000s ]
INFO: [ view_filter ] --END-- [ RunTime:0.001000s ]
INFO: [ app_end ] --START--
INFO: Run Behavior\ShowPageTraceBehavior [ RunTime:0.000000s ]
INFO: [ app_end ] --END-- [ RunTime:0.000000s ]

[ 2016-12-15T17:02:13+08:00 ] ::1 /thinkphp/qewrweqre
INFO: [ app_init ] --START--
INFO: Run Behavior\BuildLiteBehavior [ RunTime:0.000000s ]
INFO: [ app_init ] --END-- [ RunTime:0.000000s ]
INFO: [ app_begin ] --START--
INFO: Run Behavior\ReadHtmlCacheBehavior [ RunTime:0.000000s ]
INFO: [ app_begin ] --END-- [ RunTime:0.000000s ]
ERR: 无法加载控制器:Qewrweqre

[ 2016-12-15T17:02:13+08:00 ] ::1 /thinkphp/rewqrewqrwqe
INFO: [ app_init ] --START--
INFO: Run Behavior\BuildLiteBehavior [ RunTime:0.000000s ]
INFO: [ app_init ] --END-- [ RunTime:0.000000s ]
INFO: [ app_begin ] --START--
INFO: Run Behavior\ReadHtmlCacheBehavior [ RunTime:0.001000s ]
INFO: [ app_begin ] --END-- [ RunTime:0.001000s ]
ERR: 无法加载控制器:Rewqrewqrwqe

[ 2016-12-15T17:02:13+08:00 ] ::1 /thinkphp/dfsaf
INFO: [ app_init ] --START--
INFO: Run Behavior\BuildLiteBehavior [ RunTime:0.000000s ]
INFO: [ app_init ] --END-- [ RunTime:0.001000s ]
INFO: [ app_begin ] --START--
INFO: Run Behavior\ReadHtmlCacheBehavior [ RunTime:0.000000s ]
INFO: [ app_begin ] --END-- [ RunTime:0.000000s ]
ERR: 无法加载控制器:Dfsaf

[ 2016-12-15T17:02:14+08:00 ] ::1 /thinkphp/index.php/Home/Index/getListJsonInfo/
INFO: [ app_init ] --START--
INFO: Run Behavior\BuildLiteBehavior [ RunTime:0.000000s ]
INFO: [ app_init ] --END-- [ RunTime:0.000000s ]
INFO: [ app_begin ] --START--
INFO: Run Behavior\ReadHtmlCacheBehavior [ RunTime:0.001000s ]
INFO: [ app_begin ] --END-- [ RunTime:0.001000s ]
SQL: SHOW COLUMNS FROM `xf_index_info` [ RunTime:0.0060s ]
SQL: SELECT * FROM `xf_index_info` WHERE ( sorts=4 ) ORDER BY creat_time desc  [ RunTime:0.0010s ]

[ 2016-12-15T17:02:14+08:00 ] ::1 /thinkphp/qewrweqre
INFO: [ app_init ] --START--
INFO: Run Behavior\BuildLiteBehavior [ RunTime:0.000000s ]
INFO: [ app_init ] --END-- [ RunTime:0.001000s ]
INFO: [ app_begin ] --START--
INFO: Run Behavior\ReadHtmlCacheBehavior [ RunTime:0.001000s ]
INFO: [ app_begin ] --END-- [ RunTime:0.001000s ]
ERR: 无法加载控制器:Qewrweqre

[ 2016-12-15T17:02:14+08:00 ] ::1 /thinkphp/%E5%8F%91%E6%96%AF%E8%92%82%E8%8A%AC
INFO: [ app_init ] --START--
INFO: Run Behavior\BuildLiteBehavior [ RunTime:0.000000s ]
INFO: [ app_init ] --END-- [ RunTime:0.000000s ]
INFO: [ app_begin ] --START--
INFO: Run Behavior\ReadHtmlCacheBehavior [ RunTime:0.000000s ]
INFO: [ app_begin ] --END-- [ RunTime:0.000000s ]
ERR: 无法加载控制器:发斯蒂芬

[ 2016-12-15T17:02:15+08:00 ] ::1 /thinkphp/
INFO: [ app_init ] --START--
INFO: Run Behavior\BuildLiteBehavior [ RunTime:0.000000s ]
INFO: [ app_init ] --END-- [ RunTime:0.001000s ]
INFO: [ app_begin ] --START--
INFO: Run Behavior\ReadHtmlCacheBehavior [ RunTime:0.000000s ]
INFO: [ app_begin ] --END-- [ RunTime:0.000000s ]
SQL: SHOW COLUMNS FROM `xf_index_info` [ RunTime:0.0050s ]
SQL: SELECT * FROM `xf_index_info` WHERE ( sorts=0 )  [ RunTime:0.0010s ]
SQL: SELECT * FROM `xf_index_info` WHERE ( flag<20 AND flag>0 ) ORDER BY flag LIMIT 8   [ RunTime:0.0000s ]
SQL: SELECT * FROM `xf_index_info` WHERE ( flag>20 ) ORDER BY flag LIMIT 8   [ RunTime:0.0000s ]
SQL: SELECT * FROM `xf_index_info` WHERE ( creat_time > '2016-12-08'AND sorts>0 AND flag=0 ) ORDER BY rand() LIMIT 4   [ RunTime:0.0010s ]
INFO: [ view_parse ] --START--
INFO: [ template_filter ] --START--
INFO: Run Behavior\ContentReplaceBehavior [ RunTime:0.000000s ]
INFO: [ template_filter ] --END-- [ RunTime:0.000000s ]
INFO: Run Behavior\ParseTemplateBehavior [ RunTime:0.008001s ]
INFO: [ view_parse ] --END-- [ RunTime:0.008001s ]
INFO: [ view_filter ] --START--
INFO: Run Behavior\WriteHtmlCacheBehavior [ RunTime:0.000000s ]
INFO: [ view_filter ] --END-- [ RunTime:0.000000s ]
INFO: [ app_end ] --START--
INFO: Run Behavior\ShowPageTraceBehavior [ RunTime:0.000000s ]
INFO: [ app_end ] --END-- [ RunTime:0.000000s ]

[ 2016-12-15T17:02:15+08:00 ] ::1 /thinkphp/%E5%8F%91%E9%80%81%E5%88%B0
INFO: [ app_init ] --START--
INFO: Run Behavior\BuildLiteBehavior [ RunTime:0.000000s ]
INFO: [ app_init ] --END-- [ RunTime:0.001000s ]
INFO: [ app_begin ] --START--
INFO: Run Behavior\ReadHtmlCacheBehavior [ RunTime:0.000000s ]
INFO: [ app_begin ] --END-- [ RunTime:0.000000s ]
ERR: 无法加载控制器:发送到

[ 2016-12-15T17:02:15+08:00 ] ::1 /thinkphp/qewrweqre
INFO: [ app_init ] --START--
INFO: Run Behavior\BuildLiteBehavior [ RunTime:0.000000s ]
INFO: [ app_init ] --END-- [ RunTime:0.000000s ]
INFO: [ app_begin ] --START--
INFO: Run Behavior\ReadHtmlCacheBehavior [ RunTime:0.000000s ]
INFO: [ app_begin ] --END-- [ RunTime:0.000000s ]
ERR: 无法加载控制器:Qewrweqre

[ 2016-12-15T17:02:15+08:00 ] ::1 /thinkphp/%E5%8F%91%E6%96%AF%E8%92%82%E8%8A%AC
INFO: [ app_init ] --START--
INFO: Run Behavior\BuildLiteBehavior [ RunTime:0.000000s ]
INFO: [ app_init ] --END-- [ RunTime:0.001000s ]
INFO: [ app_begin ] --START--
INFO: Run Behavior\ReadHtmlCacheBehavior [ RunTime:0.000000s ]
INFO: [ app_begin ] --END-- [ RunTime:0.000000s ]
ERR: 无法加载控制器:发斯蒂芬

[ 2016-12-15T17:02:15+08:00 ] ::1 /thinkphp/%E5%8F%91%E9%80%81%E5%88%B0
INFO: [ app_init ] --START--
INFO: Run Behavior\BuildLiteBehavior [ RunTime:0.000000s ]
INFO: [ app_init ] --END-- [ RunTime:0.000000s ]
INFO: [ app_begin ] --START--
INFO: Run Behavior\ReadHtmlCacheBehavior [ RunTime:0.001000s ]
INFO: [ app_begin ] --END-- [ RunTime:0.001000s ]
ERR: 无法加载控制器:发送到

[ 2016-12-15T17:02:15+08:00 ] ::1 /thinkphp/qewrweqre
INFO: [ app_init ] --START--
INFO: Run Behavior\BuildLiteBehavior [ RunTime:0.000000s ]
INFO: [ app_init ] --END-- [ RunTime:0.000000s ]
INFO: [ app_begin ] --START--
INFO: Run Behavior\ReadHtmlCacheBehavior [ RunTime:0.001000s ]
INFO: [ app_begin ] --END-- [ RunTime:0.001000s ]
ERR: 无法加载控制器:Qewrweqre

[ 2016-12-15T17:02:15+08:00 ] ::1 /thinkphp/%E5%8F%91%E6%96%AF%E8%92%82%E8%8A%AC
INFO: [ app_init ] --START--
INFO: Run Behavior\BuildLiteBehavior [ RunTime:0.000000s ]
INFO: [ app_init ] --END-- [ RunTime:0.000000s ]
INFO: [ app_begin ] --START--
INFO: Run Behavior\ReadHtmlCacheBehavior [ RunTime:0.000000s ]
INFO: [ app_begin ] --END-- [ RunTime:0.000000s ]
ERR: 无法加载控制器:发斯蒂芬

[ 2016-12-15T17:02:15+08:00 ] ::1 /thinkphp/index.php/Home/Index/getListJsonInfo/
INFO: [ app_init ] --START--
INFO: Run Behavior\BuildLiteBehavior [ RunTime:0.000000s ]
INFO: [ app_init ] --END-- [ RunTime:0.000000s ]
INFO: [ app_begin ] --START--
INFO: Run Behavior\ReadHtmlCacheBehavior [ RunTime:0.002000s ]
INFO: [ app_begin ] --END-- [ RunTime:0.002000s ]
SQL: SHOW COLUMNS FROM `xf_index_info` [ RunTime:0.0080s ]
SQL: SELECT * FROM `xf_index_info` WHERE ( sorts=4 ) ORDER BY creat_time desc  [ RunTime:0.0020s ]

[ 2016-12-15T17:02:15+08:00 ] ::1 /thinkphp/%E5%8F%91%E6%96%AF%E8%92%82%E8%8A%AC
INFO: [ app_init ] --START--
INFO: Run Behavior\BuildLiteBehavior [ RunTime:0.000000s ]
INFO: [ app_init ] --END-- [ RunTime:0.001000s ]
INFO: [ app_begin ] --START--
INFO: Run Behavior\ReadHtmlCacheBehavior [ RunTime:0.000000s ]
INFO: [ app_begin ] --END-- [ RunTime:0.000000s ]
ERR: 无法加载控制器:发斯蒂芬

[ 2016-12-15T17:02:15+08:00 ] ::1 /thinkphp/qewrweqre
INFO: [ app_init ] --START--
INFO: Run Behavior\BuildLiteBehavior [ RunTime:0.000000s ]
INFO: [ app_init ] --END-- [ RunTime:0.000000s ]
INFO: [ app_begin ] --START--
INFO: Run Behavior\ReadHtmlCacheBehavior [ RunTime:0.000000s ]
INFO: [ app_begin ] --END-- [ RunTime:0.000000s ]
ERR: 无法加载控制器:Qewrweqre

