[ 2016-12-02T10:05:49+08:00 ] ::1 /thinkphp/
INFO: [ app_init ] --START--
INFO: Run Behavior\BuildLiteBehavior [ RunTime:0.000000s ]
INFO: [ app_init ] --END-- [ RunTime:0.003000s ]
INFO: [ app_begin ] --START--
INFO: Run Behavior\ReadHtmlCacheBehavior [ RunTime:0.001000s ]
INFO: [ app_begin ] --END-- [ RunTime:0.001000s ]
SQL: SHOW COLUMNS FROM `xf_index_info` [ RunTime:0.0080s ]
SQL: SELECT * FROM `xf_index_info` WHERE ( sorts=0 )  [ RunTime:0.0000s ]
SQL: SELECT * FROM `xf_index_info` WHERE ( flag<20 ) LIMIT 4   [ RunTime:0.0010s ]
SQL: SELECT * FROM `xf_index_info` WHERE ( flag>20 ) LIMIT 4   [ RunTime:0.0000s ]
SQL: SELECT * FROM `xf_index_info` WHERE ( creat_time > '2016-11-24 00:00:00'AND sorts>0 ) ORDER BY rand() LIMIT 4   [ RunTime:0.0000s ]
INFO: [ view_parse ] --START--
INFO: [ template_filter ] --START--
INFO: Run Behavior\ContentReplaceBehavior [ RunTime:0.000000s ]
INFO: [ template_filter ] --END-- [ RunTime:0.001000s ]
INFO: Run Behavior\ParseTemplateBehavior [ RunTime:0.012001s ]
INFO: [ view_parse ] --END-- [ RunTime:0.012001s ]
INFO: [ view_filter ] --START--
INFO: Run Behavior\WriteHtmlCacheBehavior [ RunTime:0.001000s ]
INFO: [ view_filter ] --END-- [ RunTime:0.001000s ]
INFO: [ app_end ] --START--
INFO: Run Behavior\ShowPageTraceBehavior [ RunTime:0.001000s ]
INFO: [ app_end ] --END-- [ RunTime:0.001000s ]

[ 2016-12-02T10:05:49+08:00 ] ::1 /thinkphp/assets/i/favicon.ico
INFO: [ app_init ] --START--
INFO: Run Behavior\BuildLiteBehavior [ RunTime:0.000000s ]
INFO: [ app_init ] --END-- [ RunTime:0.001000s ]

[ 2016-12-02T10:09:05+08:00 ] ::1 /thinkphp/index.php/Login/login.html
INFO: [ app_init ] --START--
INFO: Run Behavior\BuildLiteBehavior [ RunTime:0.000000s ]
INFO: [ app_init ] --END-- [ RunTime:0.000000s ]
INFO: [ app_begin ] --START--
INFO: Run Behavior\ReadHtmlCacheBehavior [ RunTime:0.000000s ]
INFO: [ app_begin ] --END-- [ RunTime:0.000000s ]
ERR: 无法加载控制器:Login

[ 2016-12-02T11:48:02+08:00 ] ::1 /thinkphp/
INFO: [ app_init ] --START--
INFO: Run Behavior\BuildLiteBehavior [ RunTime:0.000000s ]
INFO: [ app_init ] --END-- [ RunTime:0.000000s ]
INFO: [ app_begin ] --START--
INFO: Run Behavior\ReadHtmlCacheBehavior [ RunTime:0.001000s ]
INFO: [ app_begin ] --END-- [ RunTime:0.001000s ]
SQL: SHOW COLUMNS FROM `xf_index_info` [ RunTime:0.0020s ]
SQL: SELECT * FROM `xf_index_info` WHERE ( sorts=0 )  [ RunTime:0.0000s ]
SQL: SELECT * FROM `xf_index_info` WHERE ( flag<20 ) LIMIT 4   [ RunTime:0.0000s ]
SQL: SELECT * FROM `xf_index_info` WHERE ( flag>20 ) LIMIT 4   [ RunTime:0.0010s ]
SQL: SELECT * FROM `xf_index_info` WHERE ( creat_time > '2016-11-24 00:00:00'AND sorts>0 ) ORDER BY rand() LIMIT 4   [ RunTime:0.0000s ]
INFO: [ view_parse ] --START--
INFO: [ template_filter ] --START--
INFO: Run Behavior\ContentReplaceBehavior [ RunTime:0.000000s ]
INFO: [ template_filter ] --END-- [ RunTime:0.000000s ]
INFO: Run Behavior\ParseTemplateBehavior [ RunTime:0.008000s ]
INFO: [ view_parse ] --END-- [ RunTime:0.008000s ]
INFO: [ view_filter ] --START--
INFO: Run Behavior\WriteHtmlCacheBehavior [ RunTime:0.000000s ]
INFO: [ view_filter ] --END-- [ RunTime:0.000000s ]
INFO: [ app_end ] --START--
INFO: Run Behavior\ShowPageTraceBehavior [ RunTime:0.001000s ]
INFO: [ app_end ] --END-- [ RunTime:0.001000s ]

[ 2016-12-02T11:48:02+08:00 ] ::1 /thinkphp/assets/i/favicon.ico
INFO: [ app_init ] --START--
INFO: Run Behavior\BuildLiteBehavior [ RunTime:0.000000s ]
INFO: [ app_init ] --END-- [ RunTime:0.000000s ]

[ 2016-12-02T15:46:26+08:00 ] ::1 /thinkphp/
INFO: [ app_init ] --START--
INFO: Run Behavior\BuildLiteBehavior [ RunTime:0.000000s ]
INFO: [ app_init ] --END-- [ RunTime:0.000000s ]
INFO: [ app_begin ] --START--
INFO: Run Behavior\ReadHtmlCacheBehavior [ RunTime:0.001000s ]
INFO: [ app_begin ] --END-- [ RunTime:0.001000s ]
SQL: SHOW COLUMNS FROM `xf_index_info` [ RunTime:0.0060s ]
SQL: SELECT * FROM `xf_index_info` WHERE ( sorts=0 )  [ RunTime:0.0000s ]
SQL: SELECT * FROM `xf_index_info` WHERE ( flag<20 ) LIMIT 8   [ RunTime:0.0010s ]
SQL: SELECT * FROM `xf_index_info` WHERE ( flag>20 ) LIMIT 8   [ RunTime:0.0000s ]
SQL: SELECT * FROM `xf_index_info` WHERE ( creat_time > '2016-11-24 00:00:00'AND sorts>0 ) ORDER BY rand() LIMIT 4   [ RunTime:0.0010s ]
INFO: [ view_parse ] --START--
INFO: [ template_filter ] --START--
INFO: Run Behavior\ContentReplaceBehavior [ RunTime:0.000000s ]
INFO: [ template_filter ] --END-- [ RunTime:0.000000s ]
INFO: Run Behavior\ParseTemplateBehavior [ RunTime:0.008001s ]
INFO: [ view_parse ] --END-- [ RunTime:0.008001s ]
INFO: [ view_filter ] --START--
INFO: Run Behavior\WriteHtmlCacheBehavior [ RunTime:0.000000s ]
INFO: [ view_filter ] --END-- [ RunTime:0.000000s ]
INFO: [ app_end ] --START--
INFO: Run Behavior\ShowPageTraceBehavior [ RunTime:0.000000s ]
INFO: [ app_end ] --END-- [ RunTime:0.000000s ]

[ 2016-12-02T15:46:26+08:00 ] ::1 /thinkphp/index.php/Home/Index/getListJsonInfo/
INFO: [ app_init ] --START--
INFO: Run Behavior\BuildLiteBehavior [ RunTime:0.000000s ]
INFO: [ app_init ] --END-- [ RunTime:0.001000s ]
INFO: [ app_begin ] --START--
INFO: Run Behavior\ReadHtmlCacheBehavior [ RunTime:0.001000s ]
INFO: [ app_begin ] --END-- [ RunTime:0.001000s ]
SQL: SHOW COLUMNS FROM `xf_index_info` [ RunTime:0.0090s ]
SQL: SELECT * FROM `xf_index_info` WHERE ( sorts=4 )  [ RunTime:0.0010s ]

[ 2016-12-02T15:46:27+08:00 ] ::1 /thinkphp/images/1126tjbg.jpg
INFO: [ app_init ] --START--
INFO: Run Behavior\BuildLiteBehavior [ RunTime:0.000000s ]
INFO: [ app_init ] --END-- [ RunTime:0.001000s ]

[ 2016-12-02T15:47:27+08:00 ] ::1 /thinkphp/
INFO: [ app_init ] --START--
INFO: Run Behavior\BuildLiteBehavior [ RunTime:0.000000s ]
INFO: [ app_init ] --END-- [ RunTime:0.000000s ]
INFO: [ app_begin ] --START--
INFO: Run Behavior\ReadHtmlCacheBehavior [ RunTime:0.001000s ]
INFO: [ app_begin ] --END-- [ RunTime:0.001000s ]
SQL: SHOW COLUMNS FROM `xf_index_info` [ RunTime:0.0070s ]
SQL: SELECT * FROM `xf_index_info` WHERE ( sorts=0 )  [ RunTime:0.0000s ]
SQL: SELECT * FROM `xf_index_info` WHERE ( flag<20 ) LIMIT 8   [ RunTime:0.0010s ]
SQL: SELECT * FROM `xf_index_info` WHERE ( flag>20 ) LIMIT 8   [ RunTime:0.0000s ]
SQL: SELECT * FROM `xf_index_info` WHERE ( creat_time > '2016-11-24 00:00:00'AND sorts>0 ) ORDER BY rand() LIMIT 4   [ RunTime:0.0000s ]
INFO: [ view_parse ] --START--
INFO: [ template_filter ] --START--
INFO: Run Behavior\ContentReplaceBehavior [ RunTime:0.000000s ]
INFO: [ template_filter ] --END-- [ RunTime:0.001000s ]
INFO: Run Behavior\ParseTemplateBehavior [ RunTime:0.009001s ]
INFO: [ view_parse ] --END-- [ RunTime:0.009001s ]
INFO: [ view_filter ] --START--
INFO: Run Behavior\WriteHtmlCacheBehavior [ RunTime:0.001000s ]
INFO: [ view_filter ] --END-- [ RunTime:0.001000s ]
INFO: [ app_end ] --START--
INFO: Run Behavior\ShowPageTraceBehavior [ RunTime:0.001000s ]
INFO: [ app_end ] --END-- [ RunTime:0.001000s ]

[ 2016-12-02T15:47:27+08:00 ] ::1 /thinkphp/index.php/Home/Index/getListJsonInfo/
INFO: [ app_init ] --START--
INFO: Run Behavior\BuildLiteBehavior [ RunTime:0.000000s ]
INFO: [ app_init ] --END-- [ RunTime:0.001000s ]
INFO: [ app_begin ] --START--
INFO: Run Behavior\ReadHtmlCacheBehavior [ RunTime:0.000000s ]
INFO: [ app_begin ] --END-- [ RunTime:0.000000s ]
SQL: SHOW COLUMNS FROM `xf_index_info` [ RunTime:0.0030s ]
SQL: SELECT * FROM `xf_index_info` WHERE ( sorts=4 )  [ RunTime:0.0010s ]

[ 2016-12-02T15:47:28+08:00 ] ::1 /thinkphp/images/1126tjbg.jpg
INFO: [ app_init ] --START--
INFO: Run Behavior\BuildLiteBehavior [ RunTime:0.000000s ]
INFO: [ app_init ] --END-- [ RunTime:0.000000s ]

[ 2016-12-02T15:48:26+08:00 ] ::1 /thinkphp/
INFO: [ app_init ] --START--
INFO: Run Behavior\BuildLiteBehavior [ RunTime:0.000000s ]
INFO: [ app_init ] --END-- [ RunTime:0.000000s ]
INFO: [ app_begin ] --START--
INFO: Run Behavior\ReadHtmlCacheBehavior [ RunTime:0.001000s ]
INFO: [ app_begin ] --END-- [ RunTime:0.001000s ]
SQL: SHOW COLUMNS FROM `xf_index_info` [ RunTime:0.0050s ]
SQL: SELECT * FROM `xf_index_info` WHERE ( sorts=0 )  [ RunTime:0.0000s ]
SQL: SELECT * FROM `xf_index_info` WHERE ( flag<20 ) LIMIT 8   [ RunTime:0.0010s ]
SQL: SELECT * FROM `xf_index_info` WHERE ( flag>20 ) LIMIT 8   [ RunTime:0.0000s ]
SQL: SELECT * FROM `xf_index_info` WHERE ( creat_time > '2016-11-24 00:00:00'AND sorts>0 ) ORDER BY rand() LIMIT 4   [ RunTime:0.0010s ]
INFO: [ view_parse ] --START--
INFO: [ template_filter ] --START--
INFO: Run Behavior\ContentReplaceBehavior [ RunTime:0.000000s ]
INFO: [ template_filter ] --END-- [ RunTime:0.000000s ]
INFO: Run Behavior\ParseTemplateBehavior [ RunTime:0.008001s ]
INFO: [ view_parse ] --END-- [ RunTime:0.008001s ]
INFO: [ view_filter ] --START--
INFO: Run Behavior\WriteHtmlCacheBehavior [ RunTime:0.000000s ]
INFO: [ view_filter ] --END-- [ RunTime:0.000000s ]
INFO: [ app_end ] --START--
INFO: Run Behavior\ShowPageTraceBehavior [ RunTime:0.001000s ]
INFO: [ app_end ] --END-- [ RunTime:0.001000s ]

[ 2016-12-02T15:48:27+08:00 ] ::1 /thinkphp/index.php/Home/Index/getListJsonInfo/
INFO: [ app_init ] --START--
INFO: Run Behavior\BuildLiteBehavior [ RunTime:0.000000s ]
INFO: [ app_init ] --END-- [ RunTime:0.001000s ]
INFO: [ app_begin ] --START--
INFO: Run Behavior\ReadHtmlCacheBehavior [ RunTime:0.000000s ]
INFO: [ app_begin ] --END-- [ RunTime:0.000000s ]
SQL: SHOW COLUMNS FROM `xf_index_info` [ RunTime:0.0100s ]
SQL: SELECT * FROM `xf_index_info` WHERE ( sorts=4 )  [ RunTime:0.0010s ]

[ 2016-12-02T15:48:27+08:00 ] ::1 /thinkphp/images/1126tjbg.jpg
INFO: [ app_init ] --START--
INFO: Run Behavior\BuildLiteBehavior [ RunTime:0.000000s ]
INFO: [ app_init ] --END-- [ RunTime:0.000000s ]

[ 2016-12-02T15:49:52+08:00 ] ::1 /thinkphp/
INFO: [ app_init ] --START--
INFO: Run Behavior\BuildLiteBehavior [ RunTime:0.000000s ]
INFO: [ app_init ] --END-- [ RunTime:0.001000s ]
INFO: [ app_begin ] --START--
INFO: Run Behavior\ReadHtmlCacheBehavior [ RunTime:0.000000s ]
INFO: [ app_begin ] --END-- [ RunTime:0.000000s ]
SQL: SHOW COLUMNS FROM `xf_index_info` [ RunTime:0.0060s ]
SQL: SELECT * FROM `xf_index_info` WHERE ( sorts=0 )  [ RunTime:0.0000s ]
SQL: SELECT * FROM `xf_index_info` WHERE ( flag<20 ) LIMIT 8   [ RunTime:0.0000s ]
SQL: SELECT * FROM `xf_index_info` WHERE ( flag>20 ) LIMIT 8   [ RunTime:0.0000s ]
SQL: SELECT * FROM `xf_index_info` WHERE ( creat_time > '2016-11-24 00:00:00'AND sorts>0 ) ORDER BY rand() LIMIT 4   [ RunTime:0.0010s ]
INFO: [ view_parse ] --START--
INFO: [ template_filter ] --START--
INFO: Run Behavior\ContentReplaceBehavior [ RunTime:0.000000s ]
INFO: [ template_filter ] --END-- [ RunTime:0.001000s ]
INFO: Run Behavior\ParseTemplateBehavior [ RunTime:0.009000s ]
INFO: [ view_parse ] --END-- [ RunTime:0.009000s ]
INFO: [ view_filter ] --START--
INFO: Run Behavior\WriteHtmlCacheBehavior [ RunTime:0.000000s ]
INFO: [ view_filter ] --END-- [ RunTime:0.000000s ]
INFO: [ app_end ] --START--
INFO: Run Behavior\ShowPageTraceBehavior [ RunTime:0.001000s ]
INFO: [ app_end ] --END-- [ RunTime:0.001000s ]

[ 2016-12-02T15:49:53+08:00 ] ::1 /thinkphp/index.php/Home/Index/getListJsonInfo/
INFO: [ app_init ] --START--
INFO: Run Behavior\BuildLiteBehavior [ RunTime:0.001000s ]
INFO: [ app_init ] --END-- [ RunTime:0.001000s ]
INFO: [ app_begin ] --START--
INFO: Run Behavior\ReadHtmlCacheBehavior [ RunTime:0.000000s ]
INFO: [ app_begin ] --END-- [ RunTime:0.000000s ]
SQL: SHOW COLUMNS FROM `xf_index_info` [ RunTime:0.0050s ]
SQL: SELECT * FROM `xf_index_info` WHERE ( sorts=4 )  [ RunTime:0.0010s ]

[ 2016-12-02T15:49:53+08:00 ] ::1 /thinkphp/images/1126tjbg.jpg
INFO: [ app_init ] --START--
INFO: Run Behavior\BuildLiteBehavior [ RunTime:0.000000s ]
INFO: [ app_init ] --END-- [ RunTime:0.001000s ]

[ 2016-12-02T15:49:59+08:00 ] ::1 /thinkphp/
INFO: [ app_init ] --START--
INFO: Run Behavior\BuildLiteBehavior [ RunTime:0.000000s ]
INFO: [ app_init ] --END-- [ RunTime:0.001000s ]
INFO: [ app_begin ] --START--
INFO: Run Behavior\ReadHtmlCacheBehavior [ RunTime:0.001000s ]
INFO: [ app_begin ] --END-- [ RunTime:0.001000s ]
SQL: SHOW COLUMNS FROM `xf_index_info` [ RunTime:0.0050s ]
SQL: SELECT * FROM `xf_index_info` WHERE ( sorts=0 )  [ RunTime:0.0010s ]
SQL: SELECT * FROM `xf_index_info` WHERE ( flag<20 ) LIMIT 8   [ RunTime:0.0000s ]
SQL: SELECT * FROM `xf_index_info` WHERE ( flag>20 ) LIMIT 8   [ RunTime:0.0000s ]
SQL: SELECT * FROM `xf_index_info` WHERE ( creat_time > '2016-11-24 00:00:00'AND sorts>0 ) ORDER BY rand() LIMIT 4   [ RunTime:0.0010s ]
INFO: [ view_parse ] --START--
INFO: [ template_filter ] --START--
INFO: Run Behavior\ContentReplaceBehavior [ RunTime:0.000000s ]
INFO: [ template_filter ] --END-- [ RunTime:0.000000s ]
INFO: Run Behavior\ParseTemplateBehavior [ RunTime:0.008001s ]
INFO: [ view_parse ] --END-- [ RunTime:0.008001s ]
INFO: [ view_filter ] --START--
INFO: Run Behavior\WriteHtmlCacheBehavior [ RunTime:0.000000s ]
INFO: [ view_filter ] --END-- [ RunTime:0.000000s ]
INFO: [ app_end ] --START--
INFO: Run Behavior\ShowPageTraceBehavior [ RunTime:0.000000s ]
INFO: [ app_end ] --END-- [ RunTime:0.000000s ]

[ 2016-12-02T15:49:59+08:00 ] ::1 /thinkphp/index.php/Home/Index/getListJsonInfo/
INFO: [ app_init ] --START--
INFO: Run Behavior\BuildLiteBehavior [ RunTime:0.000000s ]
INFO: [ app_init ] --END-- [ RunTime:0.000000s ]
INFO: [ app_begin ] --START--
INFO: Run Behavior\ReadHtmlCacheBehavior [ RunTime:0.000000s ]
INFO: [ app_begin ] --END-- [ RunTime:0.001000s ]
SQL: SHOW COLUMNS FROM `xf_index_info` [ RunTime:0.0070s ]
SQL: SELECT * FROM `xf_index_info` WHERE ( sorts=4 )  [ RunTime:0.0010s ]

[ 2016-12-02T15:50:00+08:00 ] ::1 /thinkphp/images/1126tjbg.jpg
INFO: [ app_init ] --START--
INFO: Run Behavior\BuildLiteBehavior [ RunTime:0.000000s ]
INFO: [ app_init ] --END-- [ RunTime:0.000000s ]

[ 2016-12-02T15:50:00+08:00 ] ::1 /thinkphp/
INFO: [ app_init ] --START--
INFO: Run Behavior\BuildLiteBehavior [ RunTime:0.000000s ]
INFO: [ app_init ] --END-- [ RunTime:0.000000s ]
INFO: [ app_begin ] --START--
INFO: Run Behavior\ReadHtmlCacheBehavior [ RunTime:0.000000s ]
INFO: [ app_begin ] --END-- [ RunTime:0.000000s ]
SQL: SHOW COLUMNS FROM `xf_index_info` [ RunTime:0.0030s ]
SQL: SELECT * FROM `xf_index_info` WHERE ( sorts=0 )  [ RunTime:0.0000s ]
SQL: SELECT * FROM `xf_index_info` WHERE ( flag<20 ) LIMIT 8   [ RunTime:0.0000s ]
SQL: SELECT * FROM `xf_index_info` WHERE ( flag>20 ) LIMIT 8   [ RunTime:0.0000s ]
SQL: SELECT * FROM `xf_index_info` WHERE ( creat_time > '2016-11-24 00:00:00'AND sorts>0 ) ORDER BY rand() LIMIT 4   [ RunTime:0.0010s ]
INFO: [ view_parse ] --START--
INFO: [ template_filter ] --START--
INFO: Run Behavior\ContentReplaceBehavior [ RunTime:0.000000s ]
INFO: [ template_filter ] --END-- [ RunTime:0.000000s ]
INFO: Run Behavior\ParseTemplateBehavior [ RunTime:0.007000s ]
INFO: [ view_parse ] --END-- [ RunTime:0.007000s ]
INFO: [ view_filter ] --START--
INFO: Run Behavior\WriteHtmlCacheBehavior [ RunTime:0.000000s ]
INFO: [ view_filter ] --END-- [ RunTime:0.000000s ]
INFO: [ app_end ] --START--
INFO: Run Behavior\ShowPageTraceBehavior [ RunTime:0.000000s ]
INFO: [ app_end ] --END-- [ RunTime:0.000000s ]

[ 2016-12-02T15:50:01+08:00 ] ::1 /thinkphp/index.php/Home/Index/getListJsonInfo/
INFO: [ app_init ] --START--
INFO: Run Behavior\BuildLiteBehavior [ RunTime:0.000000s ]
INFO: [ app_init ] --END-- [ RunTime:0.000000s ]
INFO: [ app_begin ] --START--
INFO: Run Behavior\ReadHtmlCacheBehavior [ RunTime:0.000000s ]
INFO: [ app_begin ] --END-- [ RunTime:0.000000s ]
SQL: SHOW COLUMNS FROM `xf_index_info` [ RunTime:0.0060s ]
SQL: SELECT * FROM `xf_index_info` WHERE ( sorts=4 )  [ RunTime:0.0000s ]

[ 2016-12-02T15:50:01+08:00 ] ::1 /thinkphp/images/1126tjbg.jpg
INFO: [ app_init ] --START--
INFO: Run Behavior\BuildLiteBehavior [ RunTime:0.000000s ]
INFO: [ app_init ] --END-- [ RunTime:0.000000s ]

[ 2016-12-02T15:50:56+08:00 ] ::1 /thinkphp/
INFO: [ app_init ] --START--
INFO: Run Behavior\BuildLiteBehavior [ RunTime:0.000000s ]
INFO: [ app_init ] --END-- [ RunTime:0.000000s ]
INFO: [ app_begin ] --START--
INFO: Run Behavior\ReadHtmlCacheBehavior [ RunTime:0.001000s ]
INFO: [ app_begin ] --END-- [ RunTime:0.001000s ]
SQL: SHOW COLUMNS FROM `xf_index_info` [ RunTime:0.0050s ]
SQL: SELECT * FROM `xf_index_info` WHERE ( sorts=0 )  [ RunTime:0.0010s ]
SQL: SELECT * FROM `xf_index_info` WHERE ( flag<20 ) LIMIT 8   [ RunTime:0.0000s ]
SQL: SELECT * FROM `xf_index_info` WHERE ( flag>20 ) LIMIT 8   [ RunTime:0.0000s ]
SQL: SELECT * FROM `xf_index_info` WHERE ( creat_time > '2016-11-24 00:00:00'AND sorts>0 ) ORDER BY rand() LIMIT 4   [ RunTime:0.0000s ]
INFO: [ view_parse ] --START--
INFO: [ template_filter ] --START--
INFO: Run Behavior\ContentReplaceBehavior [ RunTime:0.001000s ]
INFO: [ template_filter ] --END-- [ RunTime:0.001000s ]
INFO: Run Behavior\ParseTemplateBehavior [ RunTime:0.008000s ]
INFO: [ view_parse ] --END-- [ RunTime:0.008000s ]
INFO: [ view_filter ] --START--
INFO: Run Behavior\WriteHtmlCacheBehavior [ RunTime:0.001000s ]
INFO: [ view_filter ] --END-- [ RunTime:0.001000s ]
INFO: [ app_end ] --START--
INFO: Run Behavior\ShowPageTraceBehavior [ RunTime:0.000000s ]
INFO: [ app_end ] --END-- [ RunTime:0.000000s ]

[ 2016-12-02T15:50:57+08:00 ] ::1 /thinkphp/index.php/Home/Index/getListJsonInfo/
INFO: [ app_init ] --START--
INFO: Run Behavior\BuildLiteBehavior [ RunTime:0.000000s ]
INFO: [ app_init ] --END-- [ RunTime:0.000000s ]
INFO: [ app_begin ] --START--
INFO: Run Behavior\ReadHtmlCacheBehavior [ RunTime:0.000000s ]
INFO: [ app_begin ] --END-- [ RunTime:0.000000s ]
SQL: SHOW COLUMNS FROM `xf_index_info` [ RunTime:0.0060s ]
SQL: SELECT * FROM `xf_index_info` WHERE ( sorts=4 )  [ RunTime:0.0000s ]

[ 2016-12-02T15:50:57+08:00 ] ::1 /thinkphp/images/1126tjbg.jpg
INFO: [ app_init ] --START--
INFO: Run Behavior\BuildLiteBehavior [ RunTime:0.000000s ]
INFO: [ app_init ] --END-- [ RunTime:0.001000s ]

[ 2016-12-02T16:10:03+08:00 ] ::1 /thinkphp/
INFO: [ app_init ] --START--
INFO: Run Behavior\BuildLiteBehavior [ RunTime:0.000000s ]
INFO: [ app_init ] --END-- [ RunTime:0.000000s ]
INFO: [ app_begin ] --START--
INFO: Run Behavior\ReadHtmlCacheBehavior [ RunTime:0.001000s ]
INFO: [ app_begin ] --END-- [ RunTime:0.001000s ]
ERR: SQLSTATE[HY000] [1045] Access denied for user 'root'@'localhost' (using password: YES)

[ 2016-12-02T16:10:19+08:00 ] ::1 /thinkphp/
INFO: [ app_init ] --START--
INFO: Run Behavior\BuildLiteBehavior [ RunTime:0.000000s ]
INFO: [ app_init ] --END-- [ RunTime:0.000000s ]
INFO: [ app_begin ] --START--
INFO: Run Behavior\ReadHtmlCacheBehavior [ RunTime:0.000000s ]
INFO: [ app_begin ] --END-- [ RunTime:0.001000s ]
SQL: SHOW COLUMNS FROM `xf_index_info` [ RunTime:0.0030s ]
SQL: SELECT * FROM `xf_index_info` WHERE ( sorts=0 )  [ RunTime:0.0000s ]
SQL: SELECT * FROM `xf_index_info` WHERE ( flag<20 ) LIMIT 8   [ RunTime:0.0010s ]
SQL: SELECT * FROM `xf_index_info` WHERE ( flag>20 ) LIMIT 8   [ RunTime:0.0000s ]
SQL: SELECT * FROM `xf_index_info` WHERE ( creat_time > '2016-11-24 00:00:00'AND sorts>0 ) ORDER BY rand() LIMIT 4   [ RunTime:0.0000s ]
INFO: [ view_parse ] --START--
INFO: [ template_filter ] --START--
INFO: Run Behavior\ContentReplaceBehavior [ RunTime:0.000000s ]
INFO: [ template_filter ] --END-- [ RunTime:0.000000s ]
INFO: Run Behavior\ParseTemplateBehavior [ RunTime:0.009001s ]
INFO: [ view_parse ] --END-- [ RunTime:0.009001s ]
INFO: [ view_filter ] --START--
INFO: Run Behavior\WriteHtmlCacheBehavior [ RunTime:0.000000s ]
INFO: [ view_filter ] --END-- [ RunTime:0.000000s ]
INFO: [ app_end ] --START--
INFO: Run Behavior\ShowPageTraceBehavior [ RunTime:0.000000s ]
INFO: [ app_end ] --END-- [ RunTime:0.001000s ]

[ 2016-12-02T16:10:19+08:00 ] ::1 /thinkphp/index.php/Home/Index/getListJsonInfo/
INFO: [ app_init ] --START--
INFO: Run Behavior\BuildLiteBehavior [ RunTime:0.000000s ]
INFO: [ app_init ] --END-- [ RunTime:0.001000s ]
INFO: [ app_begin ] --START--
INFO: Run Behavior\ReadHtmlCacheBehavior [ RunTime:0.001000s ]
INFO: [ app_begin ] --END-- [ RunTime:0.001000s ]
SQL: SHOW COLUMNS FROM `xf_index_info` [ RunTime:0.0040s ]
SQL: SELECT * FROM `xf_index_info` WHERE ( sorts=4 )  [ RunTime:0.0010s ]

[ 2016-12-02T16:10:19+08:00 ] ::1 /thinkphp/images/1126tjbg.jpg
INFO: [ app_init ] --START--
INFO: Run Behavior\BuildLiteBehavior [ RunTime:0.000000s ]
INFO: [ app_init ] --END-- [ RunTime:0.001000s ]

[ 2016-12-02T16:30:18+08:00 ] ::1 /thinkphp/
INFO: [ app_init ] --START--
INFO: Run Behavior\BuildLiteBehavior [ RunTime:0.000000s ]
INFO: [ app_init ] --END-- [ RunTime:0.000000s ]
INFO: [ app_begin ] --START--
INFO: Run Behavior\ReadHtmlCacheBehavior [ RunTime:0.001000s ]
INFO: [ app_begin ] --END-- [ RunTime:0.001000s ]
SQL: SHOW COLUMNS FROM `xf_index_info` [ RunTime:0.0030s ]
SQL: SELECT * FROM `xf_index_info` WHERE ( sorts=0 )  [ RunTime:0.0000s ]
SQL: SELECT * FROM `xf_index_info` WHERE ( flag<20 ) LIMIT 8   [ RunTime:0.0010s ]
SQL: SELECT * FROM `xf_index_info` WHERE ( flag>20 ) LIMIT 8   [ RunTime:0.0000s ]
SQL: SELECT * FROM `xf_index_info` WHERE ( creat_time > '2016-11-24 00:00:00'AND sorts>0 ) ORDER BY rand() LIMIT 4   [ RunTime:0.0010s ]
INFO: [ view_parse ] --START--
INFO: [ template_filter ] --START--
INFO: Run Behavior\ContentReplaceBehavior [ RunTime:0.000000s ]
INFO: [ template_filter ] --END-- [ RunTime:0.000000s ]
INFO: Run Behavior\ParseTemplateBehavior [ RunTime:0.007000s ]
INFO: [ view_parse ] --END-- [ RunTime:0.007000s ]
INFO: [ view_filter ] --START--
INFO: Run Behavior\WriteHtmlCacheBehavior [ RunTime:0.001000s ]
INFO: [ view_filter ] --END-- [ RunTime:0.001000s ]
INFO: [ app_end ] --START--
INFO: Run Behavior\ShowPageTraceBehavior [ RunTime:0.000000s ]
INFO: [ app_end ] --END-- [ RunTime:0.000000s ]

[ 2016-12-02T16:30:18+08:00 ] ::1 /thinkphp/index.php/Home/Index/getListJsonInfo/
INFO: [ app_init ] --START--
INFO: Run Behavior\BuildLiteBehavior [ RunTime:0.000000s ]
INFO: [ app_init ] --END-- [ RunTime:0.000000s ]
INFO: [ app_begin ] --START--
INFO: Run Behavior\ReadHtmlCacheBehavior [ RunTime:0.000000s ]
INFO: [ app_begin ] --END-- [ RunTime:0.000000s ]
SQL: SHOW COLUMNS FROM `xf_index_info` [ RunTime:0.0030s ]
SQL: SELECT * FROM `xf_index_info` WHERE ( sorts=4 )  [ RunTime:0.0010s ]

[ 2016-12-02T16:30:19+08:00 ] ::1 /thinkphp/images/1126tjbg.jpg
INFO: [ app_init ] --START--
INFO: Run Behavior\BuildLiteBehavior [ RunTime:0.000000s ]
INFO: [ app_init ] --END-- [ RunTime:0.000000s ]

[ 2016-12-02T16:30:20+08:00 ] ::1 /thinkphp/
INFO: [ app_init ] --START--
INFO: Run Behavior\BuildLiteBehavior [ RunTime:0.000000s ]
INFO: [ app_init ] --END-- [ RunTime:0.000000s ]
INFO: [ app_begin ] --START--
INFO: Run Behavior\ReadHtmlCacheBehavior [ RunTime:0.001000s ]
INFO: [ app_begin ] --END-- [ RunTime:0.001000s ]
SQL: SHOW COLUMNS FROM `xf_index_info` [ RunTime:0.0020s ]
SQL: SELECT * FROM `xf_index_info` WHERE ( sorts=0 )  [ RunTime:0.0000s ]
SQL: SELECT * FROM `xf_index_info` WHERE ( flag<20 ) LIMIT 8   [ RunTime:0.0000s ]
SQL: SELECT * FROM `xf_index_info` WHERE ( flag>20 ) LIMIT 8   [ RunTime:0.0000s ]
SQL: SELECT * FROM `xf_index_info` WHERE ( creat_time > '2016-11-24 00:00:00'AND sorts>0 ) ORDER BY rand() LIMIT 4   [ RunTime:0.0000s ]
INFO: [ view_parse ] --START--
INFO: [ template_filter ] --START--
INFO: Run Behavior\ContentReplaceBehavior [ RunTime:0.000000s ]
INFO: [ template_filter ] --END-- [ RunTime:0.000000s ]
INFO: Run Behavior\ParseTemplateBehavior [ RunTime:0.008001s ]
INFO: [ view_parse ] --END-- [ RunTime:0.008001s ]
INFO: [ view_filter ] --START--
INFO: Run Behavior\WriteHtmlCacheBehavior [ RunTime:0.001000s ]
INFO: [ view_filter ] --END-- [ RunTime:0.001000s ]
INFO: [ app_end ] --START--
INFO: Run Behavior\ShowPageTraceBehavior [ RunTime:0.000000s ]
INFO: [ app_end ] --END-- [ RunTime:0.000000s ]

[ 2016-12-02T16:30:22+08:00 ] ::1 /thinkphp/index.php/Home/Index/getListJsonInfo/
INFO: [ app_init ] --START--
INFO: Run Behavior\BuildLiteBehavior [ RunTime:0.000000s ]
INFO: [ app_init ] --END-- [ RunTime:0.001000s ]
INFO: [ app_begin ] --START--
INFO: Run Behavior\ReadHtmlCacheBehavior [ RunTime:0.001000s ]
INFO: [ app_begin ] --END-- [ RunTime:0.001000s ]
SQL: SHOW COLUMNS FROM `xf_index_info` [ RunTime:0.0020s ]
SQL: SELECT * FROM `xf_index_info` WHERE ( sorts=4 )  [ RunTime:0.0010s ]

[ 2016-12-02T16:30:23+08:00 ] ::1 /thinkphp/
INFO: [ app_init ] --START--
INFO: Run Behavior\BuildLiteBehavior [ RunTime:0.000000s ]
INFO: [ app_init ] --END-- [ RunTime:0.001000s ]
INFO: [ app_begin ] --START--
INFO: Run Behavior\ReadHtmlCacheBehavior [ RunTime:0.001000s ]
INFO: [ app_begin ] --END-- [ RunTime:0.001000s ]
SQL: SHOW COLUMNS FROM `xf_index_info` [ RunTime:0.0030s ]
SQL: SELECT * FROM `xf_index_info` WHERE ( sorts=0 )  [ RunTime:0.0000s ]
SQL: SELECT * FROM `xf_index_info` WHERE ( flag<20 ) LIMIT 8   [ RunTime:0.0000s ]
SQL: SELECT * FROM `xf_index_info` WHERE ( flag>20 ) LIMIT 8   [ RunTime:0.0000s ]
SQL: SELECT * FROM `xf_index_info` WHERE ( creat_time > '2016-11-24 00:00:00'AND sorts>0 ) ORDER BY rand() LIMIT 4   [ RunTime:0.0000s ]
INFO: [ view_parse ] --START--
INFO: [ template_filter ] --START--
INFO: Run Behavior\ContentReplaceBehavior [ RunTime:0.000000s ]
INFO: [ template_filter ] --END-- [ RunTime:0.000000s ]
INFO: Run Behavior\ParseTemplateBehavior [ RunTime:0.008001s ]
INFO: [ view_parse ] --END-- [ RunTime:0.008001s ]
INFO: [ view_filter ] --START--
INFO: Run Behavior\WriteHtmlCacheBehavior [ RunTime:0.000000s ]
INFO: [ view_filter ] --END-- [ RunTime:0.000000s ]
INFO: [ app_end ] --START--
INFO: Run Behavior\ShowPageTraceBehavior [ RunTime:0.000000s ]
INFO: [ app_end ] --END-- [ RunTime:0.000000s ]

[ 2016-12-02T16:30:23+08:00 ] ::1 /thinkphp/index.php/Home/Index/getListJsonInfo/
INFO: [ app_init ] --START--
INFO: Run Behavior\BuildLiteBehavior [ RunTime:0.000000s ]
INFO: [ app_init ] --END-- [ RunTime:0.000000s ]
INFO: [ app_begin ] --START--
INFO: Run Behavior\ReadHtmlCacheBehavior [ RunTime:0.001000s ]
INFO: [ app_begin ] --END-- [ RunTime:0.001000s ]
SQL: SHOW COLUMNS FROM `xf_index_info` [ RunTime:0.0030s ]
SQL: SELECT * FROM `xf_index_info` WHERE ( sorts=4 )  [ RunTime:0.0010s ]

[ 2016-12-02T16:30:23+08:00 ] ::1 /thinkphp/images/1126tjbg.jpg
INFO: [ app_init ] --START--
INFO: Run Behavior\BuildLiteBehavior [ RunTime:0.000000s ]
INFO: [ app_init ] --END-- [ RunTime:0.000000s ]

[ 2016-12-02T16:32:46+08:00 ] ::1 /thinkphp/
INFO: [ app_init ] --START--
INFO: Run Behavior\BuildLiteBehavior [ RunTime:0.000000s ]
INFO: [ app_init ] --END-- [ RunTime:0.000000s ]
INFO: [ app_begin ] --START--
INFO: Run Behavior\ReadHtmlCacheBehavior [ RunTime:0.001000s ]
INFO: [ app_begin ] --END-- [ RunTime:0.001000s ]
SQL: SHOW COLUMNS FROM `xf_index_info` [ RunTime:0.0020s ]
SQL: SELECT * FROM `xf_index_info` WHERE ( sorts=0 )  [ RunTime:0.0010s ]
SQL: SELECT * FROM `xf_index_info` WHERE ( flag<20 ) LIMIT 8   [ RunTime:0.0000s ]
SQL: SELECT * FROM `xf_index_info` WHERE ( flag>20 ) LIMIT 8   [ RunTime:0.0000s ]
SQL: SELECT * FROM `xf_index_info` WHERE ( creat_time > '2016-11-24 00:00:00'AND sorts>0 ) ORDER BY rand() LIMIT 4   [ RunTime:0.0000s ]
INFO: [ view_parse ] --START--
INFO: [ template_filter ] --START--
INFO: Run Behavior\ContentReplaceBehavior [ RunTime:0.000000s ]
INFO: [ template_filter ] --END-- [ RunTime:0.000000s ]
INFO: Run Behavior\ParseTemplateBehavior [ RunTime:0.008000s ]
INFO: [ view_parse ] --END-- [ RunTime:0.008000s ]
INFO: [ view_filter ] --START--
INFO: Run Behavior\WriteHtmlCacheBehavior [ RunTime:0.001000s ]
INFO: [ view_filter ] --END-- [ RunTime:0.001000s ]
INFO: [ app_end ] --START--
INFO: Run Behavior\ShowPageTraceBehavior [ RunTime:0.000000s ]
INFO: [ app_end ] --END-- [ RunTime:0.000000s ]

[ 2016-12-02T16:32:47+08:00 ] ::1 /thinkphp/index.php/Home/Index/getListJsonInfo/
INFO: [ app_init ] --START--
INFO: Run Behavior\BuildLiteBehavior [ RunTime:0.000000s ]
INFO: [ app_init ] --END-- [ RunTime:0.000000s ]
INFO: [ app_begin ] --START--
INFO: Run Behavior\ReadHtmlCacheBehavior [ RunTime:0.001000s ]
INFO: [ app_begin ] --END-- [ RunTime:0.001000s ]
SQL: SHOW COLUMNS FROM `xf_index_info` [ RunTime:0.0020s ]
SQL: SELECT * FROM `xf_index_info` WHERE ( sorts=4 )  [ RunTime:0.0000s ]

[ 2016-12-02T16:32:47+08:00 ] ::1 /thinkphp/images/1126tjbg.jpg
INFO: [ app_init ] --START--
INFO: Run Behavior\BuildLiteBehavior [ RunTime:0.000000s ]
INFO: [ app_init ] --END-- [ RunTime:0.000000s ]

[ 2016-12-02T16:33:25+08:00 ] ::1 /thinkphp/
INFO: [ app_init ] --START--
INFO: Run Behavior\BuildLiteBehavior [ RunTime:0.000000s ]
INFO: [ app_init ] --END-- [ RunTime:0.000000s ]
INFO: [ app_begin ] --START--
INFO: Run Behavior\ReadHtmlCacheBehavior [ RunTime:0.000000s ]
INFO: [ app_begin ] --END-- [ RunTime:0.000000s ]
SQL: SHOW COLUMNS FROM `xf_index_info` [ RunTime:0.0030s ]
SQL: SELECT * FROM `xf_index_info` WHERE ( sorts=0 )  [ RunTime:0.0000s ]
SQL: SELECT * FROM `xf_index_info` WHERE ( flag<20 ) LIMIT 8   [ RunTime:0.0010s ]
SQL: SELECT * FROM `xf_index_info` WHERE ( flag>20 ) LIMIT 8   [ RunTime:0.0000s ]
SQL: SELECT * FROM `xf_index_info` WHERE ( creat_time > '2016-11-24 00:00:00'AND sorts>0 ) ORDER BY rand() LIMIT 4   [ RunTime:0.0000s ]
INFO: [ view_parse ] --START--
INFO: [ template_filter ] --START--
INFO: Run Behavior\ContentReplaceBehavior [ RunTime:0.000000s ]
INFO: [ template_filter ] --END-- [ RunTime:0.001000s ]
INFO: Run Behavior\ParseTemplateBehavior [ RunTime:0.007001s ]
INFO: [ view_parse ] --END-- [ RunTime:0.007001s ]
INFO: [ view_filter ] --START--
INFO: Run Behavior\WriteHtmlCacheBehavior [ RunTime:0.001000s ]
INFO: [ view_filter ] --END-- [ RunTime:0.001000s ]
INFO: [ app_end ] --START--
INFO: Run Behavior\ShowPageTraceBehavior [ RunTime:0.000000s ]
INFO: [ app_end ] --END-- [ RunTime:0.000000s ]

[ 2016-12-02T16:33:25+08:00 ] ::1 /thinkphp/index.php/Home/Index/getListJsonInfo/
INFO: [ app_init ] --START--
INFO: Run Behavior\BuildLiteBehavior [ RunTime:0.000000s ]
INFO: [ app_init ] --END-- [ RunTime:0.001000s ]
INFO: [ app_begin ] --START--
INFO: Run Behavior\ReadHtmlCacheBehavior [ RunTime:0.001000s ]
INFO: [ app_begin ] --END-- [ RunTime:0.001000s ]
SQL: SHOW COLUMNS FROM `xf_index_info` [ RunTime:0.0040s ]
SQL: SELECT * FROM `xf_index_info` WHERE ( sorts=4 )  [ RunTime:0.0010s ]

[ 2016-12-02T16:33:26+08:00 ] ::1 /thinkphp/images/1126tjbg.jpg
INFO: [ app_init ] --START--
INFO: Run Behavior\BuildLiteBehavior [ RunTime:0.000000s ]
INFO: [ app_init ] --END-- [ RunTime:0.000000s ]

[ 2016-12-02T16:33:27+08:00 ] ::1 /thinkphp/
INFO: [ app_init ] --START--
INFO: Run Behavior\BuildLiteBehavior [ RunTime:0.000000s ]
INFO: [ app_init ] --END-- [ RunTime:0.000000s ]
INFO: [ app_begin ] --START--
INFO: Run Behavior\ReadHtmlCacheBehavior [ RunTime:0.001000s ]
INFO: [ app_begin ] --END-- [ RunTime:0.001000s ]
SQL: SHOW COLUMNS FROM `xf_index_info` [ RunTime:0.0020s ]
SQL: SELECT * FROM `xf_index_info` WHERE ( sorts=0 )  [ RunTime:0.0000s ]
SQL: SELECT * FROM `xf_index_info` WHERE ( flag<20 ) LIMIT 8   [ RunTime:0.0010s ]
SQL: SELECT * FROM `xf_index_info` WHERE ( flag>20 ) LIMIT 8   [ RunTime:0.0000s ]
SQL: SELECT * FROM `xf_index_info` WHERE ( creat_time > '2016-11-24 00:00:00'AND sorts>0 ) ORDER BY rand() LIMIT 4   [ RunTime:0.0000s ]
INFO: [ view_parse ] --START--
INFO: [ template_filter ] --START--
INFO: Run Behavior\ContentReplaceBehavior [ RunTime:0.000000s ]
INFO: [ template_filter ] --END-- [ RunTime:0.000000s ]
INFO: Run Behavior\ParseTemplateBehavior [ RunTime:0.008000s ]
INFO: [ view_parse ] --END-- [ RunTime:0.008000s ]
INFO: [ view_filter ] --START--
INFO: Run Behavior\WriteHtmlCacheBehavior [ RunTime:0.000000s ]
INFO: [ view_filter ] --END-- [ RunTime:0.000000s ]
INFO: [ app_end ] --START--
INFO: Run Behavior\ShowPageTraceBehavior [ RunTime:0.001000s ]
INFO: [ app_end ] --END-- [ RunTime:0.001000s ]

[ 2016-12-02T16:33:27+08:00 ] ::1 /thinkphp/index.php/Home/Index/getListJsonInfo/
INFO: [ app_init ] --START--
INFO: Run Behavior\BuildLiteBehavior [ RunTime:0.000000s ]
INFO: [ app_init ] --END-- [ RunTime:0.001000s ]
INFO: [ app_begin ] --START--
INFO: Run Behavior\ReadHtmlCacheBehavior [ RunTime:0.000000s ]
INFO: [ app_begin ] --END-- [ RunTime:0.000000s ]
SQL: SHOW COLUMNS FROM `xf_index_info` [ RunTime:0.0040s ]
SQL: SELECT * FROM `xf_index_info` WHERE ( sorts=4 )  [ RunTime:0.0000s ]

[ 2016-12-02T16:33:27+08:00 ] ::1 /thinkphp/images/1126tjbg.jpg
INFO: [ app_init ] --START--
INFO: Run Behavior\BuildLiteBehavior [ RunTime:0.000000s ]
INFO: [ app_init ] --END-- [ RunTime:0.000000s ]

[ 2016-12-02T17:09:40+08:00 ] ::1 /thinkphp/
INFO: [ app_init ] --START--
INFO: Run Behavior\BuildLiteBehavior [ RunTime:0.000000s ]
INFO: [ app_init ] --END-- [ RunTime:0.000000s ]
INFO: [ app_begin ] --START--
INFO: Run Behavior\ReadHtmlCacheBehavior [ RunTime:0.000000s ]
INFO: [ app_begin ] --END-- [ RunTime:0.000000s ]
SQL: SHOW COLUMNS FROM `xf_index_info` [ RunTime:0.0020s ]
SQL: SELECT * FROM `xf_index_info` WHERE ( sorts=0 )  [ RunTime:0.0010s ]
SQL: SELECT * FROM `xf_index_info` WHERE ( flag<20 ) LIMIT 8   [ RunTime:0.0000s ]
SQL: SELECT * FROM `xf_index_info` WHERE ( flag>20 ) LIMIT 8   [ RunTime:0.0000s ]
SQL: SELECT * FROM `xf_index_info` WHERE ( creat_time > '2016-11-24 00:00:00'AND sorts>0 ) ORDER BY rand() LIMIT 4   [ RunTime:0.0010s ]
INFO: [ view_parse ] --START--
INFO: [ template_filter ] --START--
INFO: Run Behavior\ContentReplaceBehavior [ RunTime:0.000000s ]
INFO: [ template_filter ] --END-- [ RunTime:0.000000s ]
INFO: Run Behavior\ParseTemplateBehavior [ RunTime:0.008000s ]
INFO: [ view_parse ] --END-- [ RunTime:0.008000s ]
INFO: [ view_filter ] --START--
INFO: Run Behavior\WriteHtmlCacheBehavior [ RunTime:0.001000s ]
INFO: [ view_filter ] --END-- [ RunTime:0.001000s ]
INFO: [ app_end ] --START--
INFO: Run Behavior\ShowPageTraceBehavior [ RunTime:0.001000s ]
INFO: [ app_end ] --END-- [ RunTime:0.001000s ]

[ 2016-12-02T17:09:41+08:00 ] ::1 /thinkphp/index.php/Home/Index/getListJsonInfo/
INFO: [ app_init ] --START--
INFO: Run Behavior\BuildLiteBehavior [ RunTime:0.000000s ]
INFO: [ app_init ] --END-- [ RunTime:0.000000s ]
INFO: [ app_begin ] --START--
INFO: Run Behavior\ReadHtmlCacheBehavior [ RunTime:0.001000s ]
INFO: [ app_begin ] --END-- [ RunTime:0.001000s ]
SQL: SHOW COLUMNS FROM `xf_index_info` [ RunTime:0.0020s ]
SQL: SELECT * FROM `xf_index_info` WHERE ( sorts=4 )  [ RunTime:0.0000s ]

[ 2016-12-02T17:09:41+08:00 ] ::1 /thinkphp/images/1126tjbg.jpg
INFO: [ app_init ] --START--
INFO: Run Behavior\BuildLiteBehavior [ RunTime:0.000000s ]
INFO: [ app_init ] --END-- [ RunTime:0.000000s ]

[ 2016-12-02T17:17:15+08:00 ] ::1 /thinkphp/
INFO: [ app_init ] --START--
INFO: Run Behavior\BuildLiteBehavior [ RunTime:0.000000s ]
INFO: [ app_init ] --END-- [ RunTime:0.000000s ]
INFO: [ app_begin ] --START--
INFO: Run Behavior\ReadHtmlCacheBehavior [ RunTime:0.000000s ]
INFO: [ app_begin ] --END-- [ RunTime:0.000000s ]
SQL: SHOW COLUMNS FROM `xf_index_info` [ RunTime:0.0030s ]
SQL: SELECT * FROM `xf_index_info` WHERE ( sorts=0 )  [ RunTime:0.0000s ]
SQL: SELECT * FROM `xf_index_info` WHERE ( flag<20 ) LIMIT 8   [ RunTime:0.0010s ]
SQL: SELECT * FROM `xf_index_info` WHERE ( flag>20 ) LIMIT 8   [ RunTime:0.0000s ]
SQL: SELECT * FROM `xf_index_info` WHERE ( creat_time > '2016-11-24 00:00:00'AND sorts>0 ) ORDER BY rand() LIMIT 4   [ RunTime:0.0000s ]
INFO: [ view_parse ] --START--
INFO: [ template_filter ] --START--
INFO: Run Behavior\ContentReplaceBehavior [ RunTime:0.000000s ]
INFO: [ template_filter ] --END-- [ RunTime:0.000000s ]
INFO: Run Behavior\ParseTemplateBehavior [ RunTime:0.008000s ]
INFO: [ view_parse ] --END-- [ RunTime:0.008000s ]
INFO: [ view_filter ] --START--
INFO: Run Behavior\WriteHtmlCacheBehavior [ RunTime:0.000000s ]
INFO: [ view_filter ] --END-- [ RunTime:0.000000s ]
INFO: [ app_end ] --START--
INFO: Run Behavior\ShowPageTraceBehavior [ RunTime:0.001000s ]
INFO: [ app_end ] --END-- [ RunTime:0.001000s ]

[ 2016-12-02T17:17:16+08:00 ] ::1 /thinkphp/index.php/Home/Index/getListJsonInfo/
INFO: [ app_init ] --START--
INFO: Run Behavior\BuildLiteBehavior [ RunTime:0.000000s ]
INFO: [ app_init ] --END-- [ RunTime:0.000000s ]
INFO: [ app_begin ] --START--
INFO: Run Behavior\ReadHtmlCacheBehavior [ RunTime:0.001000s ]
INFO: [ app_begin ] --END-- [ RunTime:0.001000s ]
SQL: SHOW COLUMNS FROM `xf_index_info` [ RunTime:0.0030s ]
SQL: SELECT * FROM `xf_index_info` WHERE ( sorts=4 )  [ RunTime:0.0010s ]

[ 2016-12-02T17:17:16+08:00 ] ::1 /thinkphp/images/1126tjbg.jpg
INFO: [ app_init ] --START--
INFO: Run Behavior\BuildLiteBehavior [ RunTime:0.000000s ]
INFO: [ app_init ] --END-- [ RunTime:0.000000s ]

[ 2016-12-02T17:17:17+08:00 ] ::1 /thinkphp/
INFO: [ app_init ] --START--
INFO: Run Behavior\BuildLiteBehavior [ RunTime:0.000000s ]
INFO: [ app_init ] --END-- [ RunTime:0.001000s ]
INFO: [ app_begin ] --START--
INFO: Run Behavior\ReadHtmlCacheBehavior [ RunTime:0.001000s ]
INFO: [ app_begin ] --END-- [ RunTime:0.001000s ]
SQL: SHOW COLUMNS FROM `xf_index_info` [ RunTime:0.0020s ]
SQL: SELECT * FROM `xf_index_info` WHERE ( sorts=0 )  [ RunTime:0.0000s ]
SQL: SELECT * FROM `xf_index_info` WHERE ( flag<20 ) LIMIT 8   [ RunTime:0.0000s ]
SQL: SELECT * FROM `xf_index_info` WHERE ( flag>20 ) LIMIT 8   [ RunTime:0.0010s ]
SQL: SELECT * FROM `xf_index_info` WHERE ( creat_time > '2016-11-24 00:00:00'AND sorts>0 ) ORDER BY rand() LIMIT 4   [ RunTime:0.0000s ]
INFO: [ view_parse ] --START--
INFO: [ template_filter ] --START--
INFO: Run Behavior\ContentReplaceBehavior [ RunTime:0.000000s ]
INFO: [ template_filter ] --END-- [ RunTime:0.000000s ]
INFO: Run Behavior\ParseTemplateBehavior [ RunTime:0.010000s ]
INFO: [ view_parse ] --END-- [ RunTime:0.010000s ]
INFO: [ view_filter ] --START--
INFO: Run Behavior\WriteHtmlCacheBehavior [ RunTime:0.000000s ]
INFO: [ view_filter ] --END-- [ RunTime:0.000000s ]
INFO: [ app_end ] --START--
INFO: Run Behavior\ShowPageTraceBehavior [ RunTime:0.001000s ]
INFO: [ app_end ] --END-- [ RunTime:0.001000s ]

[ 2016-12-02T17:17:17+08:00 ] ::1 /thinkphp/index.php/Home/Index/getListJsonInfo/
INFO: [ app_init ] --START--
INFO: Run Behavior\BuildLiteBehavior [ RunTime:0.000000s ]
INFO: [ app_init ] --END-- [ RunTime:0.001000s ]
INFO: [ app_begin ] --START--
INFO: Run Behavior\ReadHtmlCacheBehavior [ RunTime:0.000000s ]
INFO: [ app_begin ] --END-- [ RunTime:0.000000s ]
SQL: SHOW COLUMNS FROM `xf_index_info` [ RunTime:0.0040s ]
SQL: SELECT * FROM `xf_index_info` WHERE ( sorts=4 )  [ RunTime:0.0000s ]

[ 2016-12-02T17:17:18+08:00 ] ::1 /thinkphp/images/1126tjbg.jpg
INFO: [ app_init ] --START--
INFO: Run Behavior\BuildLiteBehavior [ RunTime:0.000000s ]
INFO: [ app_init ] --END-- [ RunTime:0.000000s ]

[ 2016-12-02T17:29:57+08:00 ] ::1 /thinkphp/
INFO: [ app_init ] --START--
INFO: Run Behavior\BuildLiteBehavior [ RunTime:0.000000s ]
INFO: [ app_init ] --END-- [ RunTime:0.000000s ]
INFO: [ app_begin ] --START--
INFO: Run Behavior\ReadHtmlCacheBehavior [ RunTime:0.000000s ]
INFO: [ app_begin ] --END-- [ RunTime:0.000000s ]
SQL: SHOW COLUMNS FROM `xf_index_info` [ RunTime:0.0020s ]
SQL: SELECT * FROM `xf_index_info` WHERE ( sorts=0 )  [ RunTime:0.0010s ]
SQL: SELECT * FROM `xf_index_info` WHERE ( flag<20 ) LIMIT 8   [ RunTime:0.0000s ]
SQL: SELECT * FROM `xf_index_info` WHERE ( flag>20 ) LIMIT 8   [ RunTime:0.0000s ]
SQL: SELECT * FROM `xf_index_info` WHERE ( creat_time > '2016-11-24 00:00:00'AND sorts>0 ) ORDER BY rand() LIMIT 4   [ RunTime:0.0010s ]
INFO: [ view_parse ] --START--
INFO: [ template_filter ] --START--
INFO: Run Behavior\ContentReplaceBehavior [ RunTime:0.000000s ]
INFO: [ template_filter ] --END-- [ RunTime:0.000000s ]
INFO: Run Behavior\ParseTemplateBehavior [ RunTime:0.007000s ]
INFO: [ view_parse ] --END-- [ RunTime:0.007000s ]
INFO: [ view_filter ] --START--
INFO: Run Behavior\WriteHtmlCacheBehavior [ RunTime:0.001000s ]
INFO: [ view_filter ] --END-- [ RunTime:0.001000s ]
INFO: [ app_end ] --START--
INFO: Run Behavior\ShowPageTraceBehavior [ RunTime:0.000000s ]
INFO: [ app_end ] --END-- [ RunTime:0.000000s ]

[ 2016-12-02T17:29:57+08:00 ] ::1 /thinkphp/index.php/Home/Index/getListJsonInfo/
INFO: [ app_init ] --START--
INFO: Run Behavior\BuildLiteBehavior [ RunTime:0.000000s ]
INFO: [ app_init ] --END-- [ RunTime:0.000000s ]
INFO: [ app_begin ] --START--
INFO: Run Behavior\ReadHtmlCacheBehavior [ RunTime:0.000000s ]
INFO: [ app_begin ] --END-- [ RunTime:0.000000s ]
SQL: SHOW COLUMNS FROM `xf_index_info` [ RunTime:0.0030s ]
SQL: SELECT * FROM `xf_index_info` WHERE ( sorts=4 )  [ RunTime:0.0010s ]

[ 2016-12-02T17:29:58+08:00 ] ::1 /thinkphp/images/1126tjbg.jpg
INFO: [ app_init ] --START--
INFO: Run Behavior\BuildLiteBehavior [ RunTime:0.000000s ]
INFO: [ app_init ] --END-- [ RunTime:0.000000s ]

[ 2016-12-02T17:34:28+08:00 ] ::1 /thinkphp/
INFO: [ app_init ] --START--
INFO: Run Behavior\BuildLiteBehavior [ RunTime:0.000000s ]
INFO: [ app_init ] --END-- [ RunTime:0.001000s ]
INFO: [ app_begin ] --START--
INFO: Run Behavior\ReadHtmlCacheBehavior [ RunTime:0.000000s ]
INFO: [ app_begin ] --END-- [ RunTime:0.000000s ]
SQL: SHOW COLUMNS FROM `xf_index_info` [ RunTime:0.0040s ]
SQL: SELECT * FROM `xf_index_info` WHERE ( sorts=0 )  [ RunTime:0.0000s ]
SQL: SELECT * FROM `xf_index_info` WHERE ( flag<20 ) LIMIT 8   [ RunTime:0.0010s ]
SQL: SELECT * FROM `xf_index_info` WHERE ( flag>20 ) LIMIT 8   [ RunTime:0.0000s ]
SQL: SELECT * FROM `xf_index_info` WHERE ( creat_time > '2016-11-24 00:00:00'AND sorts>0 ) ORDER BY rand() LIMIT 4   [ RunTime:0.0000s ]
INFO: [ view_parse ] --START--
INFO: [ template_filter ] --START--
INFO: Run Behavior\ContentReplaceBehavior [ RunTime:0.001000s ]
INFO: [ template_filter ] --END-- [ RunTime:0.001000s ]
INFO: Run Behavior\ParseTemplateBehavior [ RunTime:0.007000s ]
INFO: [ view_parse ] --END-- [ RunTime:0.007000s ]
INFO: [ view_filter ] --START--
INFO: Run Behavior\WriteHtmlCacheBehavior [ RunTime:0.000000s ]
INFO: [ view_filter ] --END-- [ RunTime:0.000000s ]
INFO: [ app_end ] --START--
INFO: Run Behavior\ShowPageTraceBehavior [ RunTime:0.000000s ]
INFO: [ app_end ] --END-- [ RunTime:0.000000s ]

[ 2016-12-02T17:34:36+08:00 ] ::1 /thinkphp/
INFO: [ app_init ] --START--
INFO: Run Behavior\BuildLiteBehavior [ RunTime:0.000000s ]
INFO: [ app_init ] --END-- [ RunTime:0.001000s ]
INFO: [ app_begin ] --START--
INFO: Run Behavior\ReadHtmlCacheBehavior [ RunTime:0.001000s ]
INFO: [ app_begin ] --END-- [ RunTime:0.001000s ]
SQL: SHOW COLUMNS FROM `xf_index_info` [ RunTime:0.0020s ]
SQL: SELECT * FROM `xf_index_info` WHERE ( sorts=0 )  [ RunTime:0.0000s ]
SQL: SELECT * FROM `xf_index_info` WHERE ( flag<20 ) LIMIT 8   [ RunTime:0.0000s ]
SQL: SELECT * FROM `xf_index_info` WHERE ( flag>20 ) LIMIT 8   [ RunTime:0.0000s ]
SQL: SELECT * FROM `xf_index_info` WHERE ( creat_time > '2016-11-24 00:00:00'AND sorts>0 ) ORDER BY rand() LIMIT 4   [ RunTime:0.0000s ]
INFO: [ view_parse ] --START--
INFO: [ template_filter ] --START--
INFO: Run Behavior\ContentReplaceBehavior [ RunTime:0.000000s ]
INFO: [ template_filter ] --END-- [ RunTime:0.000000s ]
INFO: Run Behavior\ParseTemplateBehavior [ RunTime:0.007000s ]
INFO: [ view_parse ] --END-- [ RunTime:0.007000s ]
INFO: [ view_filter ] --START--
INFO: Run Behavior\WriteHtmlCacheBehavior [ RunTime:0.001000s ]
INFO: [ view_filter ] --END-- [ RunTime:0.001000s ]
INFO: [ app_end ] --START--
INFO: Run Behavior\ShowPageTraceBehavior [ RunTime:0.001000s ]
INFO: [ app_end ] --END-- [ RunTime:0.001000s ]

[ 2016-12-02T17:34:37+08:00 ] ::1 /thinkphp/index.php/Home/Index/getListJsonInfo/
INFO: [ app_init ] --START--
INFO: Run Behavior\BuildLiteBehavior [ RunTime:0.000000s ]
INFO: [ app_init ] --END-- [ RunTime:0.000000s ]
INFO: [ app_begin ] --START--
INFO: Run Behavior\ReadHtmlCacheBehavior [ RunTime:0.000000s ]
INFO: [ app_begin ] --END-- [ RunTime:0.000000s ]
SQL: SHOW COLUMNS FROM `xf_index_info` [ RunTime:0.0020s ]
SQL: SELECT * FROM `xf_index_info` WHERE ( sorts=4 )  [ RunTime:0.0010s ]

[ 2016-12-02T17:34:37+08:00 ] ::1 /thinkphp/images/1126tjbg.jpg
INFO: [ app_init ] --START--
INFO: Run Behavior\BuildLiteBehavior [ RunTime:0.000000s ]
INFO: [ app_init ] --END-- [ RunTime:0.001001s ]

[ 2016-12-02T17:40:17+08:00 ] ::1 /thinkphp/
INFO: [ app_init ] --START--
INFO: Run Behavior\BuildLiteBehavior [ RunTime:0.000000s ]
INFO: [ app_init ] --END-- [ RunTime:0.001000s ]
INFO: [ app_begin ] --START--
INFO: Run Behavior\ReadHtmlCacheBehavior [ RunTime:0.001000s ]
INFO: [ app_begin ] --END-- [ RunTime:0.001000s ]
SQL: SHOW COLUMNS FROM `xf_index_info` [ RunTime:0.0020s ]
SQL: SELECT * FROM `xf_index_info` WHERE ( sorts=0 )  [ RunTime:0.0000s ]
SQL: SELECT * FROM `xf_index_info` WHERE ( flag<20 ) LIMIT 8   [ RunTime:0.0000s ]
SQL: SELECT * FROM `xf_index_info` WHERE ( flag>20 ) LIMIT 8   [ RunTime:0.0010s ]
SQL: SELECT * FROM `xf_index_info` WHERE ( creat_time > '2016-11-24 00:00:00'AND sorts>0 ) ORDER BY rand() LIMIT 4   [ RunTime:0.0000s ]
INFO: [ view_parse ] --START--
INFO: [ template_filter ] --START--
INFO: Run Behavior\ContentReplaceBehavior [ RunTime:0.000000s ]
INFO: [ template_filter ] --END-- [ RunTime:0.000000s ]
INFO: Run Behavior\ParseTemplateBehavior [ RunTime:0.008000s ]
INFO: [ view_parse ] --END-- [ RunTime:0.008000s ]
INFO: [ view_filter ] --START--
INFO: Run Behavior\WriteHtmlCacheBehavior [ RunTime:0.000000s ]
INFO: [ view_filter ] --END-- [ RunTime:0.000000s ]
INFO: [ app_end ] --START--
INFO: Run Behavior\ShowPageTraceBehavior [ RunTime:0.000000s ]
INFO: [ app_end ] --END-- [ RunTime:0.001000s ]

[ 2016-12-02T17:40:18+08:00 ] ::1 /thinkphp/index.php/Home/Index/getListJsonInfo/
INFO: [ app_init ] --START--
INFO: Run Behavior\BuildLiteBehavior [ RunTime:0.000000s ]
INFO: [ app_init ] --END-- [ RunTime:0.000000s ]
INFO: [ app_begin ] --START--
INFO: Run Behavior\ReadHtmlCacheBehavior [ RunTime:0.000000s ]
INFO: [ app_begin ] --END-- [ RunTime:0.000000s ]
SQL: SHOW COLUMNS FROM `xf_index_info` [ RunTime:0.0030s ]
SQL: SELECT * FROM `xf_index_info` WHERE ( sorts=4 )  [ RunTime:0.0000s ]

[ 2016-12-02T17:40:18+08:00 ] ::1 /thinkphp/images/1126tjbg.jpg
INFO: [ app_init ] --START--
INFO: Run Behavior\BuildLiteBehavior [ RunTime:0.000000s ]
INFO: [ app_init ] --END-- [ RunTime:0.000000s ]

[ 2016-12-02T17:47:39+08:00 ] ::1 /thinkphp/
INFO: [ app_init ] --START--
INFO: Run Behavior\BuildLiteBehavior [ RunTime:0.000000s ]
INFO: [ app_init ] --END-- [ RunTime:0.001000s ]
INFO: [ app_begin ] --START--
INFO: Run Behavior\ReadHtmlCacheBehavior [ RunTime:0.000000s ]
INFO: [ app_begin ] --END-- [ RunTime:0.001000s ]
SQL: SHOW COLUMNS FROM `xf_index_info` [ RunTime:0.0030s ]
SQL: SELECT * FROM `xf_index_info` WHERE ( sorts=0 )  [ RunTime:0.0000s ]
SQL: SELECT * FROM `xf_index_info` WHERE ( flag<20 ) LIMIT 8   [ RunTime:0.0000s ]
SQL: SELECT * FROM `xf_index_info` WHERE ( flag>20 ) LIMIT 8   [ RunTime:0.0000s ]
SQL: SELECT * FROM `xf_index_info` WHERE ( creat_time > '2016-11-24 00:00:00'AND sorts>0 ) ORDER BY rand() LIMIT 4   [ RunTime:0.0000s ]
INFO: [ view_parse ] --START--
INFO: [ template_filter ] --START--
INFO: Run Behavior\ContentReplaceBehavior [ RunTime:0.001000s ]
INFO: [ template_filter ] --END-- [ RunTime:0.001000s ]
INFO: Run Behavior\ParseTemplateBehavior [ RunTime:0.007001s ]
INFO: [ view_parse ] --END-- [ RunTime:0.007001s ]
INFO: [ view_filter ] --START--
INFO: Run Behavior\WriteHtmlCacheBehavior [ RunTime:0.000000s ]
INFO: [ view_filter ] --END-- [ RunTime:0.000000s ]
INFO: [ app_end ] --START--
INFO: Run Behavior\ShowPageTraceBehavior [ RunTime:0.000000s ]
INFO: [ app_end ] --END-- [ RunTime:0.000000s ]

[ 2016-12-02T17:47:40+08:00 ] ::1 /thinkphp/index.php/Home/Index/getListJsonInfo/
INFO: [ app_init ] --START--
INFO: Run Behavior\BuildLiteBehavior [ RunTime:0.000000s ]
INFO: [ app_init ] --END-- [ RunTime:0.001000s ]
INFO: [ app_begin ] --START--
INFO: Run Behavior\ReadHtmlCacheBehavior [ RunTime:0.000000s ]
INFO: [ app_begin ] --END-- [ RunTime:0.001000s ]
SQL: SHOW COLUMNS FROM `xf_index_info` [ RunTime:0.0030s ]
SQL: SELECT * FROM `xf_index_info` WHERE ( sorts=4 )  [ RunTime:0.0010s ]

[ 2016-12-02T17:47:40+08:00 ] ::1 /thinkphp/images/1126tjbg.jpg
INFO: [ app_init ] --START--
INFO: Run Behavior\BuildLiteBehavior [ RunTime:0.000000s ]
INFO: [ app_init ] --END-- [ RunTime:0.000000s ]

[ 2016-12-02T17:47:42+08:00 ] ::1 /thinkphp/index.php/Home/Index/getListJsonInfo/
INFO: [ app_init ] --START--
INFO: Run Behavior\BuildLiteBehavior [ RunTime:0.000000s ]
INFO: [ app_init ] --END-- [ RunTime:0.000000s ]
INFO: [ app_begin ] --START--
INFO: Run Behavior\ReadHtmlCacheBehavior [ RunTime:0.001000s ]
INFO: [ app_begin ] --END-- [ RunTime:0.001000s ]
SQL: SHOW COLUMNS FROM `xf_index_info` [ RunTime:0.0030s ]
SQL: SELECT * FROM `xf_index_info` WHERE ( sorts=4 )  [ RunTime:0.0000s ]

[ 2016-12-02T18:02:33+08:00 ] ::1 /thinkphp/
INFO: [ app_init ] --START--
INFO: Run Behavior\BuildLiteBehavior [ RunTime:0.000000s ]
INFO: [ app_init ] --END-- [ RunTime:0.000000s ]
INFO: [ app_begin ] --START--
INFO: Run Behavior\ReadHtmlCacheBehavior [ RunTime:0.001000s ]
INFO: [ app_begin ] --END-- [ RunTime:0.001000s ]
SQL: SHOW COLUMNS FROM `xf_index_info` [ RunTime:0.0020s ]
SQL: SELECT * FROM `xf_index_info` WHERE ( sorts=0 )  [ RunTime:0.0000s ]
SQL: SELECT * FROM `xf_index_info` WHERE ( flag<20 ) LIMIT 8   [ RunTime:0.0010s ]
SQL: SELECT * FROM `xf_index_info` WHERE ( flag>20 ) LIMIT 8   [ RunTime:0.0000s ]
SQL: SELECT * FROM `xf_index_info` WHERE ( creat_time > '2016-11-24 00:00:00'AND sorts>0 ) ORDER BY rand() LIMIT 4   [ RunTime:0.0000s ]
INFO: [ view_parse ] --START--
INFO: [ template_filter ] --START--
INFO: Run Behavior\ContentReplaceBehavior [ RunTime:0.000000s ]
INFO: [ template_filter ] --END-- [ RunTime:0.000000s ]
INFO: Run Behavior\ParseTemplateBehavior [ RunTime:0.008000s ]
INFO: [ view_parse ] --END-- [ RunTime:0.008000s ]
INFO: [ view_filter ] --START--
INFO: Run Behavior\WriteHtmlCacheBehavior [ RunTime:0.001000s ]
INFO: [ view_filter ] --END-- [ RunTime:0.001000s ]
INFO: [ app_end ] --START--
INFO: Run Behavior\ShowPageTraceBehavior [ RunTime:0.000000s ]
INFO: [ app_end ] --END-- [ RunTime:0.000000s ]

[ 2016-12-02T18:02:33+08:00 ] ::1 /thinkphp/index.php/Home/Index/getListJsonInfo/
INFO: [ app_init ] --START--
INFO: Run Behavior\BuildLiteBehavior [ RunTime:0.000000s ]
INFO: [ app_init ] --END-- [ RunTime:0.000000s ]
INFO: [ app_begin ] --START--
INFO: Run Behavior\ReadHtmlCacheBehavior [ RunTime:0.001000s ]
INFO: [ app_begin ] --END-- [ RunTime:0.001000s ]
SQL: SHOW COLUMNS FROM `xf_index_info` [ RunTime:0.0020s ]
SQL: SELECT * FROM `xf_index_info` WHERE ( sorts=4 )  [ RunTime:0.0010s ]

[ 2016-12-02T18:02:34+08:00 ] ::1 /thinkphp/images/1126tjbg.jpg
INFO: [ app_init ] --START--
INFO: Run Behavior\BuildLiteBehavior [ RunTime:0.000000s ]
INFO: [ app_init ] --END-- [ RunTime:0.000000s ]

[ 2016-12-02T18:03:52+08:00 ] ::1 /thinkphp/
INFO: [ app_init ] --START--
INFO: Run Behavior\BuildLiteBehavior [ RunTime:0.000000s ]
INFO: [ app_init ] --END-- [ RunTime:0.000000s ]
INFO: [ app_begin ] --START--
INFO: Run Behavior\ReadHtmlCacheBehavior [ RunTime:0.001000s ]
INFO: [ app_begin ] --END-- [ RunTime:0.001000s ]
SQL: SHOW COLUMNS FROM `xf_index_info` [ RunTime:0.0020s ]
SQL: SELECT * FROM `xf_index_info` WHERE ( sorts=0 )  [ RunTime:0.0000s ]
SQL: SELECT * FROM `xf_index_info` WHERE ( flag<20 ) LIMIT 8   [ RunTime:0.0000s ]
SQL: SELECT * FROM `xf_index_info` WHERE ( flag>20 ) LIMIT 8   [ RunTime:0.0010s ]
SQL: SELECT * FROM `xf_index_info` WHERE ( creat_time > '2016-11-24 00:00:00'AND sorts>0 ) ORDER BY rand() LIMIT 4   [ RunTime:0.0000s ]
INFO: [ view_parse ] --START--
INFO: [ template_filter ] --START--
INFO: Run Behavior\ContentReplaceBehavior [ RunTime:0.000000s ]
INFO: [ template_filter ] --END-- [ RunTime:0.000000s ]
INFO: Run Behavior\ParseTemplateBehavior [ RunTime:0.008000s ]
INFO: [ view_parse ] --END-- [ RunTime:0.008000s ]
INFO: [ view_filter ] --START--
INFO: Run Behavior\WriteHtmlCacheBehavior [ RunTime:0.000000s ]
INFO: [ view_filter ] --END-- [ RunTime:0.000000s ]
INFO: [ app_end ] --START--
INFO: Run Behavior\ShowPageTraceBehavior [ RunTime:0.002000s ]
INFO: [ app_end ] --END-- [ RunTime:0.002000s ]

[ 2016-12-02T18:03:52+08:00 ] ::1 /thinkphp/index.php/Home/Index/getListJsonInfo/
INFO: [ app_init ] --START--
INFO: Run Behavior\BuildLiteBehavior [ RunTime:0.000000s ]
INFO: [ app_init ] --END-- [ RunTime:0.001000s ]
INFO: [ app_begin ] --START--
INFO: Run Behavior\ReadHtmlCacheBehavior [ RunTime:0.001000s ]
INFO: [ app_begin ] --END-- [ RunTime:0.001000s ]
SQL: SHOW COLUMNS FROM `xf_index_info` [ RunTime:0.0040s ]
SQL: SELECT * FROM `xf_index_info` WHERE ( sorts=4 )  [ RunTime:0.0010s ]

[ 2016-12-02T18:03:53+08:00 ] ::1 /thinkphp/images/1126tjbg.jpg
INFO: [ app_init ] --START--
INFO: Run Behavior\BuildLiteBehavior [ RunTime:0.000000s ]
INFO: [ app_init ] --END-- [ RunTime:0.001000s ]

[ 2016-12-02T18:06:47+08:00 ] ::1 /thinkphp/
INFO: [ app_init ] --START--
INFO: Run Behavior\BuildLiteBehavior [ RunTime:0.000000s ]
INFO: [ app_init ] --END-- [ RunTime:0.000000s ]
INFO: [ app_begin ] --START--
INFO: Run Behavior\ReadHtmlCacheBehavior [ RunTime:0.001000s ]
INFO: [ app_begin ] --END-- [ RunTime:0.001000s ]
SQL: SHOW COLUMNS FROM `xf_index_info` [ RunTime:0.0020s ]
SQL: SELECT * FROM `xf_index_info` WHERE ( sorts=0 )  [ RunTime:0.0000s ]
SQL: SELECT * FROM `xf_index_info` WHERE ( flag<20 ) LIMIT 8   [ RunTime:0.0000s ]
SQL: SELECT * FROM `xf_index_info` WHERE ( flag>20 ) LIMIT 8   [ RunTime:0.0000s ]
SQL: SELECT * FROM `xf_index_info` WHERE ( creat_time > '2016-11-24 00:00:00'AND sorts>0 ) ORDER BY rand() LIMIT 4   [ RunTime:0.0000s ]
INFO: [ view_parse ] --START--
INFO: [ template_filter ] --START--
INFO: Run Behavior\ContentReplaceBehavior [ RunTime:0.000000s ]
INFO: [ template_filter ] --END-- [ RunTime:0.000000s ]
INFO: Run Behavior\ParseTemplateBehavior [ RunTime:0.008000s ]
INFO: [ view_parse ] --END-- [ RunTime:0.008000s ]
INFO: [ view_filter ] --START--
INFO: Run Behavior\WriteHtmlCacheBehavior [ RunTime:0.000000s ]
INFO: [ view_filter ] --END-- [ RunTime:0.000000s ]
INFO: [ app_end ] --START--
INFO: Run Behavior\ShowPageTraceBehavior [ RunTime:0.000000s ]
INFO: [ app_end ] --END-- [ RunTime:0.000000s ]

[ 2016-12-02T18:06:47+08:00 ] ::1 /thinkphp/index.php/Home/Index/getListJsonInfo/
INFO: [ app_init ] --START--
INFO: Run Behavior\BuildLiteBehavior [ RunTime:0.000000s ]
INFO: [ app_init ] --END-- [ RunTime:0.000000s ]
INFO: [ app_begin ] --START--
INFO: Run Behavior\ReadHtmlCacheBehavior [ RunTime:0.000000s ]
INFO: [ app_begin ] --END-- [ RunTime:0.000000s ]
SQL: SHOW COLUMNS FROM `xf_index_info` [ RunTime:0.0020s ]
SQL: SELECT * FROM `xf_index_info` WHERE ( sorts=4 )  [ RunTime:0.0000s ]

[ 2016-12-02T18:06:47+08:00 ] ::1 /thinkphp/images/1126tjbg.jpg
INFO: [ app_init ] --START--
INFO: Run Behavior\BuildLiteBehavior [ RunTime:0.000000s ]
INFO: [ app_init ] --END-- [ RunTime:0.000000s ]

[ 2016-12-02T18:06:48+08:00 ] ::1 /thinkphp/
INFO: [ app_init ] --START--
INFO: Run Behavior\BuildLiteBehavior [ RunTime:0.000000s ]
INFO: [ app_init ] --END-- [ RunTime:0.000000s ]
INFO: [ app_begin ] --START--
INFO: Run Behavior\ReadHtmlCacheBehavior [ RunTime:0.001000s ]
INFO: [ app_begin ] --END-- [ RunTime:0.001000s ]
SQL: SHOW COLUMNS FROM `xf_index_info` [ RunTime:0.0030s ]
SQL: SELECT * FROM `xf_index_info` WHERE ( sorts=0 )  [ RunTime:0.0000s ]
SQL: SELECT * FROM `xf_index_info` WHERE ( flag<20 ) LIMIT 8   [ RunTime:0.0010s ]
SQL: SELECT * FROM `xf_index_info` WHERE ( flag>20 ) LIMIT 8   [ RunTime:0.0000s ]
SQL: SELECT * FROM `xf_index_info` WHERE ( creat_time > '2016-11-24 00:00:00'AND sorts>0 ) ORDER BY rand() LIMIT 4   [ RunTime:0.0000s ]
INFO: [ view_parse ] --START--
INFO: [ template_filter ] --START--
INFO: Run Behavior\ContentReplaceBehavior [ RunTime:0.000000s ]
INFO: [ template_filter ] --END-- [ RunTime:0.000000s ]
INFO: Run Behavior\ParseTemplateBehavior [ RunTime:0.008000s ]
INFO: [ view_parse ] --END-- [ RunTime:0.008000s ]
INFO: [ view_filter ] --START--
INFO: Run Behavior\WriteHtmlCacheBehavior [ RunTime:0.000000s ]
INFO: [ view_filter ] --END-- [ RunTime:0.000000s ]
INFO: [ app_end ] --START--
INFO: Run Behavior\ShowPageTraceBehavior [ RunTime:0.001000s ]
INFO: [ app_end ] --END-- [ RunTime:0.001000s ]

[ 2016-12-02T18:06:49+08:00 ] ::1 /thinkphp/index.php/Home/Index/getListJsonInfo/
INFO: [ app_init ] --START--
INFO: Run Behavior\BuildLiteBehavior [ RunTime:0.000000s ]
INFO: [ app_init ] --END-- [ RunTime:0.000000s ]
INFO: [ app_begin ] --START--
INFO: Run Behavior\ReadHtmlCacheBehavior [ RunTime:0.000000s ]
INFO: [ app_begin ] --END-- [ RunTime:0.000000s ]
SQL: SHOW COLUMNS FROM `xf_index_info` [ RunTime:0.0030s ]
SQL: SELECT * FROM `xf_index_info` WHERE ( sorts=4 )  [ RunTime:0.0010s ]

[ 2016-12-02T18:06:49+08:00 ] ::1 /thinkphp/images/1126tjbg.jpg
INFO: [ app_init ] --START--
INFO: Run Behavior\BuildLiteBehavior [ RunTime:0.000000s ]
INFO: [ app_init ] --END-- [ RunTime:0.000000s ]

[ 2016-12-02T18:10:44+08:00 ] ::1 /thinkphp/
INFO: [ app_init ] --START--
INFO: Run Behavior\BuildLiteBehavior [ RunTime:0.000000s ]
INFO: [ app_init ] --END-- [ RunTime:0.001000s ]
INFO: [ app_begin ] --START--
INFO: Run Behavior\ReadHtmlCacheBehavior [ RunTime:0.001000s ]
INFO: [ app_begin ] --END-- [ RunTime:0.001000s ]
SQL: SHOW COLUMNS FROM `xf_index_info` [ RunTime:0.0020s ]
SQL: SELECT * FROM `xf_index_info` WHERE ( sorts=0 )  [ RunTime:0.0000s ]
SQL: SELECT * FROM `xf_index_info` WHERE ( flag<20 ) LIMIT 8   [ RunTime:0.0000s ]
SQL: SELECT * FROM `xf_index_info` WHERE ( flag>20 ) LIMIT 8   [ RunTime:0.0000s ]
SQL: SELECT * FROM `xf_index_info` WHERE ( creat_time > '2016-11-24 00:00:00'AND sorts>0 ) ORDER BY rand() LIMIT 4   [ RunTime:0.0000s ]
INFO: [ view_parse ] --START--
INFO: [ template_filter ] --START--
INFO: Run Behavior\ContentReplaceBehavior [ RunTime:0.000000s ]
INFO: [ template_filter ] --END-- [ RunTime:0.000000s ]
INFO: Run Behavior\ParseTemplateBehavior [ RunTime:0.007000s ]
INFO: [ view_parse ] --END-- [ RunTime:0.007000s ]
INFO: [ view_filter ] --START--
INFO: Run Behavior\WriteHtmlCacheBehavior [ RunTime:0.000000s ]
INFO: [ view_filter ] --END-- [ RunTime:0.000000s ]
INFO: [ app_end ] --START--
INFO: Run Behavior\ShowPageTraceBehavior [ RunTime:0.001000s ]
INFO: [ app_end ] --END-- [ RunTime:0.001000s ]

[ 2016-12-02T18:10:44+08:00 ] ::1 /thinkphp/index.php/Home/Index/getListJsonInfo/
INFO: [ app_init ] --START--
INFO: Run Behavior\BuildLiteBehavior [ RunTime:0.000000s ]
INFO: [ app_init ] --END-- [ RunTime:0.001000s ]
INFO: [ app_begin ] --START--
INFO: Run Behavior\ReadHtmlCacheBehavior [ RunTime:0.001001s ]
INFO: [ app_begin ] --END-- [ RunTime:0.001001s ]
SQL: SHOW COLUMNS FROM `xf_index_info` [ RunTime:0.0050s ]
SQL: SELECT * FROM `xf_index_info` WHERE ( sorts=4 )  [ RunTime:0.0030s ]

[ 2016-12-02T18:10:45+08:00 ] ::1 /thinkphp/images/1126tjbg.jpg
INFO: [ app_init ] --START--
INFO: Run Behavior\BuildLiteBehavior [ RunTime:0.000000s ]
INFO: [ app_init ] --END-- [ RunTime:0.000000s ]

[ 2016-12-02T18:13:19+08:00 ] ::1 /thinkphp/
INFO: [ app_init ] --START--
INFO: Run Behavior\BuildLiteBehavior [ RunTime:0.000000s ]
INFO: [ app_init ] --END-- [ RunTime:0.000000s ]
INFO: [ app_begin ] --START--
INFO: Run Behavior\ReadHtmlCacheBehavior [ RunTime:0.000000s ]
INFO: [ app_begin ] --END-- [ RunTime:0.000000s ]
SQL: SHOW COLUMNS FROM `xf_index_info` [ RunTime:0.0020s ]
SQL: SELECT * FROM `xf_index_info` WHERE ( sorts=0 )  [ RunTime:0.0010s ]
SQL: SELECT * FROM `xf_index_info` WHERE ( flag<20 ) LIMIT 8   [ RunTime:0.0000s ]
SQL: SELECT * FROM `xf_index_info` WHERE ( flag>20 ) LIMIT 8   [ RunTime:0.0000s ]
SQL: SELECT * FROM `xf_index_info` WHERE ( creat_time > '2016-11-24 00:00:00'AND sorts>0 ) ORDER BY rand() LIMIT 4   [ RunTime:0.0010s ]
INFO: [ view_parse ] --START--
INFO: [ template_filter ] --START--
INFO: Run Behavior\ContentReplaceBehavior [ RunTime:0.000000s ]
INFO: [ template_filter ] --END-- [ RunTime:0.000000s ]
INFO: Run Behavior\ParseTemplateBehavior [ RunTime:0.007001s ]
INFO: [ view_parse ] --END-- [ RunTime:0.007001s ]
INFO: [ view_filter ] --START--
INFO: Run Behavior\WriteHtmlCacheBehavior [ RunTime:0.000000s ]
INFO: [ view_filter ] --END-- [ RunTime:0.001000s ]
INFO: [ app_end ] --START--
INFO: Run Behavior\ShowPageTraceBehavior [ RunTime:0.000000s ]
INFO: [ app_end ] --END-- [ RunTime:0.000000s ]

[ 2016-12-02T18:13:19+08:00 ] ::1 /thinkphp/index.php/Home/Index/getListJsonInfo/
INFO: [ app_init ] --START--
INFO: Run Behavior\BuildLiteBehavior [ RunTime:0.000000s ]
INFO: [ app_init ] --END-- [ RunTime:0.000000s ]
INFO: [ app_begin ] --START--
INFO: Run Behavior\ReadHtmlCacheBehavior [ RunTime:0.001000s ]
INFO: [ app_begin ] --END-- [ RunTime:0.001000s ]
SQL: SHOW COLUMNS FROM `xf_index_info` [ RunTime:0.0040s ]
SQL: SELECT * FROM `xf_index_info` WHERE ( sorts=4 )  [ RunTime:0.0010s ]

[ 2016-12-02T18:13:20+08:00 ] ::1 /thinkphp/images/1126tjbg.jpg
INFO: [ app_init ] --START--
INFO: Run Behavior\BuildLiteBehavior [ RunTime:0.000000s ]
INFO: [ app_init ] --END-- [ RunTime:0.000000s ]

[ 2016-12-02T18:13:58+08:00 ] ::1 /thinkphp/
INFO: [ app_init ] --START--
INFO: Run Behavior\BuildLiteBehavior [ RunTime:0.000000s ]
INFO: [ app_init ] --END-- [ RunTime:0.000000s ]
INFO: [ app_begin ] --START--
INFO: Run Behavior\ReadHtmlCacheBehavior [ RunTime:0.000000s ]
INFO: [ app_begin ] --END-- [ RunTime:0.000000s ]
SQL: SHOW COLUMNS FROM `xf_index_info` [ RunTime:0.0020s ]
SQL: SELECT * FROM `xf_index_info` WHERE ( sorts=0 )  [ RunTime:0.0000s ]
SQL: SELECT * FROM `xf_index_info` WHERE ( flag<20 ) LIMIT 8   [ RunTime:0.0000s ]
SQL: SELECT * FROM `xf_index_info` WHERE ( flag>20 ) LIMIT 8   [ RunTime:0.0010s ]
SQL: SELECT * FROM `xf_index_info` WHERE ( creat_time > '2016-11-24 00:00:00'AND sorts>0 ) ORDER BY rand() LIMIT 4   [ RunTime:0.0000s ]
INFO: [ view_parse ] --START--
INFO: [ template_filter ] --START--
INFO: Run Behavior\ContentReplaceBehavior [ RunTime:0.000000s ]
INFO: [ template_filter ] --END-- [ RunTime:0.000000s ]
INFO: Run Behavior\ParseTemplateBehavior [ RunTime:0.008001s ]
INFO: [ view_parse ] --END-- [ RunTime:0.008001s ]
INFO: [ view_filter ] --START--
INFO: Run Behavior\WriteHtmlCacheBehavior [ RunTime:0.001000s ]
INFO: [ view_filter ] --END-- [ RunTime:0.001000s ]
INFO: [ app_end ] --START--
INFO: Run Behavior\ShowPageTraceBehavior [ RunTime:0.001000s ]
INFO: [ app_end ] --END-- [ RunTime:0.001000s ]

[ 2016-12-02T18:13:58+08:00 ] ::1 /thinkphp/index.php/Home/Index/getListJsonInfo/
INFO: [ app_init ] --START--
INFO: Run Behavior\BuildLiteBehavior [ RunTime:0.000000s ]
INFO: [ app_init ] --END-- [ RunTime:0.001000s ]
INFO: [ app_begin ] --START--
INFO: Run Behavior\ReadHtmlCacheBehavior [ RunTime:0.000000s ]
INFO: [ app_begin ] --END-- [ RunTime:0.000000s ]
SQL: SHOW COLUMNS FROM `xf_index_info` [ RunTime:0.0040s ]
SQL: SELECT * FROM `xf_index_info` WHERE ( sorts=4 )  [ RunTime:0.0010s ]

[ 2016-12-02T18:13:58+08:00 ] ::1 /thinkphp/images/1126tjbg.jpg
INFO: [ app_init ] --START--
INFO: Run Behavior\BuildLiteBehavior [ RunTime:0.000000s ]
INFO: [ app_init ] --END-- [ RunTime:0.000000s ]

[ 2016-12-02T18:14:21+08:00 ] ::1 /thinkphp/
INFO: [ app_init ] --START--
INFO: Run Behavior\BuildLiteBehavior [ RunTime:0.000000s ]
INFO: [ app_init ] --END-- [ RunTime:0.001000s ]
INFO: [ app_begin ] --START--
INFO: Run Behavior\ReadHtmlCacheBehavior [ RunTime:0.001000s ]
INFO: [ app_begin ] --END-- [ RunTime:0.001000s ]
SQL: SHOW COLUMNS FROM `xf_index_info` [ RunTime:0.0030s ]
SQL: SELECT * FROM `xf_index_info` WHERE ( sorts=0 )  [ RunTime:0.0000s ]
SQL: SELECT * FROM `xf_index_info` WHERE ( flag<20 ) LIMIT 8   [ RunTime:0.0010s ]
SQL: SELECT * FROM `xf_index_info` WHERE ( flag>20 ) LIMIT 8   [ RunTime:0.0000s ]
SQL: SELECT * FROM `xf_index_info` WHERE ( creat_time > '2016-11-24 00:00:00'AND sorts>0 ) ORDER BY rand() LIMIT 4   [ RunTime:0.0000s ]
INFO: [ view_parse ] --START--
INFO: [ template_filter ] --START--
INFO: Run Behavior\ContentReplaceBehavior [ RunTime:0.000000s ]
INFO: [ template_filter ] --END-- [ RunTime:0.000000s ]
INFO: Run Behavior\ParseTemplateBehavior [ RunTime:0.007000s ]
INFO: [ view_parse ] --END-- [ RunTime:0.007000s ]
INFO: [ view_filter ] --START--
INFO: Run Behavior\WriteHtmlCacheBehavior [ RunTime:0.000000s ]
INFO: [ view_filter ] --END-- [ RunTime:0.001000s ]
INFO: [ app_end ] --START--
INFO: Run Behavior\ShowPageTraceBehavior [ RunTime:0.000000s ]
INFO: [ app_end ] --END-- [ RunTime:0.000000s ]

[ 2016-12-02T18:14:21+08:00 ] ::1 /thinkphp/index.php/Home/Index/getListJsonInfo/
INFO: [ app_init ] --START--
INFO: Run Behavior\BuildLiteBehavior [ RunTime:0.000000s ]
INFO: [ app_init ] --END-- [ RunTime:0.000000s ]
INFO: [ app_begin ] --START--
INFO: Run Behavior\ReadHtmlCacheBehavior [ RunTime:0.000000s ]
INFO: [ app_begin ] --END-- [ RunTime:0.001000s ]
SQL: SHOW COLUMNS FROM `xf_index_info` [ RunTime:0.0030s ]
SQL: SELECT * FROM `xf_index_info` WHERE ( sorts=4 )  [ RunTime:0.0010s ]

[ 2016-12-02T18:14:22+08:00 ] ::1 /thinkphp/images/1126tjbg.jpg
INFO: [ app_init ] --START--
INFO: Run Behavior\BuildLiteBehavior [ RunTime:0.000000s ]
INFO: [ app_init ] --END-- [ RunTime:0.000000s ]

[ 2016-12-02T18:14:55+08:00 ] ::1 /thinkphp/
INFO: [ app_init ] --START--
INFO: Run Behavior\BuildLiteBehavior [ RunTime:0.000000s ]
INFO: [ app_init ] --END-- [ RunTime:0.000000s ]
INFO: [ app_begin ] --START--
INFO: Run Behavior\ReadHtmlCacheBehavior [ RunTime:0.000000s ]
INFO: [ app_begin ] --END-- [ RunTime:0.000000s ]
SQL: SHOW COLUMNS FROM `xf_index_info` [ RunTime:0.0020s ]
SQL: SELECT * FROM `xf_index_info` WHERE ( sorts=0 )  [ RunTime:0.0000s ]
SQL: SELECT * FROM `xf_index_info` WHERE ( flag<20 ) LIMIT 8   [ RunTime:0.0000s ]
SQL: SELECT * FROM `xf_index_info` WHERE ( flag>20 ) LIMIT 8   [ RunTime:0.0010s ]
SQL: SELECT * FROM `xf_index_info` WHERE ( creat_time > '2016-11-24 00:00:00'AND sorts>0 ) ORDER BY rand() LIMIT 4   [ RunTime:0.0000s ]
INFO: [ view_parse ] --START--
INFO: [ template_filter ] --START--
INFO: Run Behavior\ContentReplaceBehavior [ RunTime:0.000000s ]
INFO: [ template_filter ] --END-- [ RunTime:0.000000s ]
INFO: Run Behavior\ParseTemplateBehavior [ RunTime:0.007001s ]
INFO: [ view_parse ] --END-- [ RunTime:0.007001s ]
INFO: [ view_filter ] --START--
INFO: Run Behavior\WriteHtmlCacheBehavior [ RunTime:0.001000s ]
INFO: [ view_filter ] --END-- [ RunTime:0.001000s ]
INFO: [ app_end ] --START--
INFO: Run Behavior\ShowPageTraceBehavior [ RunTime:0.000000s ]
INFO: [ app_end ] --END-- [ RunTime:0.000000s ]

[ 2016-12-02T18:14:55+08:00 ] ::1 /thinkphp/index.php/Home/Index/getListJsonInfo/
INFO: [ app_init ] --START--
INFO: Run Behavior\BuildLiteBehavior [ RunTime:0.000000s ]
INFO: [ app_init ] --END-- [ RunTime:0.000000s ]
INFO: [ app_begin ] --START--
INFO: Run Behavior\ReadHtmlCacheBehavior [ RunTime:0.001000s ]
INFO: [ app_begin ] --END-- [ RunTime:0.001000s ]
SQL: SHOW COLUMNS FROM `xf_index_info` [ RunTime:0.0040s ]
SQL: SELECT * FROM `xf_index_info` WHERE ( sorts=4 )  [ RunTime:0.0010s ]

[ 2016-12-02T18:14:56+08:00 ] ::1 /thinkphp/images/1126tjbg.jpg
INFO: [ app_init ] --START--
INFO: Run Behavior\BuildLiteBehavior [ RunTime:0.000000s ]
INFO: [ app_init ] --END-- [ RunTime:0.000000s ]

[ 2016-12-02T18:16:30+08:00 ] ::1 /thinkphp/
INFO: [ app_init ] --START--
INFO: Run Behavior\BuildLiteBehavior [ RunTime:0.000000s ]
INFO: [ app_init ] --END-- [ RunTime:0.000000s ]
INFO: [ app_begin ] --START--
INFO: Run Behavior\ReadHtmlCacheBehavior [ RunTime:0.001000s ]
INFO: [ app_begin ] --END-- [ RunTime:0.001000s ]
SQL: SHOW COLUMNS FROM `xf_index_info` [ RunTime:0.0030s ]
SQL: SELECT * FROM `xf_index_info` WHERE ( sorts=0 )  [ RunTime:0.0000s ]
SQL: SELECT * FROM `xf_index_info` WHERE ( flag<20 ) LIMIT 8   [ RunTime:0.0000s ]
SQL: SELECT * FROM `xf_index_info` WHERE ( flag>20 ) LIMIT 8   [ RunTime:0.0000s ]
SQL: SELECT * FROM `xf_index_info` WHERE ( creat_time > '2016-11-24 00:00:00'AND sorts>0 ) ORDER BY rand() LIMIT 4   [ RunTime:0.0010s ]
INFO: [ view_parse ] --START--
INFO: [ template_filter ] --START--
INFO: Run Behavior\ContentReplaceBehavior [ RunTime:0.000000s ]
INFO: [ template_filter ] --END-- [ RunTime:0.000000s ]
INFO: Run Behavior\ParseTemplateBehavior [ RunTime:0.008001s ]
INFO: [ view_parse ] --END-- [ RunTime:0.008001s ]
INFO: [ view_filter ] --START--
INFO: Run Behavior\WriteHtmlCacheBehavior [ RunTime:0.000000s ]
INFO: [ view_filter ] --END-- [ RunTime:0.000000s ]
INFO: [ app_end ] --START--
INFO: Run Behavior\ShowPageTraceBehavior [ RunTime:0.001000s ]
INFO: [ app_end ] --END-- [ RunTime:0.001000s ]

[ 2016-12-02T18:16:31+08:00 ] ::1 /thinkphp/index.php/Home/Index/getListJsonInfo/
INFO: [ app_init ] --START--
INFO: Run Behavior\BuildLiteBehavior [ RunTime:0.000000s ]
INFO: [ app_init ] --END-- [ RunTime:0.000000s ]
INFO: [ app_begin ] --START--
INFO: Run Behavior\ReadHtmlCacheBehavior [ RunTime:0.001000s ]
INFO: [ app_begin ] --END-- [ RunTime:0.001000s ]
SQL: SHOW COLUMNS FROM `xf_index_info` [ RunTime:0.0040s ]
SQL: SELECT * FROM `xf_index_info` WHERE ( sorts=4 )  [ RunTime:0.0010s ]

[ 2016-12-02T18:16:31+08:00 ] ::1 /thinkphp/images/1126tjbg.jpg
INFO: [ app_init ] --START--
INFO: Run Behavior\BuildLiteBehavior [ RunTime:0.000000s ]
INFO: [ app_init ] --END-- [ RunTime:0.000000s ]

