[ 2017-01-14T09:41:22+08:00 ] ::1 /thinkphp/
INFO: [ app_init ] --START--
INFO: Run Behavior\BuildLiteBehavior [ RunTime:0.000000s ]
INFO: [ app_init ] --END-- [ RunTime:0.003000s ]
INFO: [ app_begin ] --START--
INFO: Run Behavior\ReadHtmlCacheBehavior [ RunTime:0.001000s ]
INFO: [ app_begin ] --END-- [ RunTime:0.001000s ]
SQL: SHOW COLUMNS FROM `xf_index_info` [ RunTime:0.0090s ]
SQL: SELECT * FROM `xf_index_info` WHERE ( sorts=0 )  [ RunTime:0.0010s ]
SQL: SELECT * FROM `xf_index_info` WHERE ( flag<20 AND flag>0 ) ORDER BY flag LIMIT 4   [ RunTime:0.0000s ]
SQL: SELECT * FROM `xf_index_info` WHERE ( flag>20 AND flag<30 ) ORDER BY flag LIMIT 4   [ RunTime:0.0000s ]
SQL: SELECT * FROM `xf_index_info` WHERE ( flag>30 ) ORDER BY flag LIMIT 4   [ RunTime:0.0010s ]
SQL: SELECT `name`,`aurl` FROM `xf_index_info` WHERE ( creat_time > '2017-01-07 09:41:22'AND sorts >0 ) LIMIT 11   [ RunTime:0.0000s ]
SQL: SELECT * FROM `xf_index_info` WHERE ( sorts =4 ) ORDER BY creat_time desc LIMIT 8   [ RunTime:0.0000s ]
SQL: SELECT * FROM `xf_index_info` WHERE ( sorts =5 ) ORDER BY creat_time desc LIMIT 8   [ RunTime:0.0010s ]
SQL: SELECT * FROM `xf_index_info` WHERE ( sorts =6 ) ORDER BY creat_time desc LIMIT 8   [ RunTime:0.0000s ]
SQL: SELECT * FROM `xf_index_info` WHERE ( sorts =7 ) ORDER BY creat_time desc LIMIT 8   [ RunTime:0.0000s ]
INFO: [ view_parse ] --START--
INFO: [ template_filter ] --START--
INFO: Run Behavior\ContentReplaceBehavior [ RunTime:0.001000s ]
INFO: [ template_filter ] --END-- [ RunTime:0.001000s ]
INFO: Run Behavior\ParseTemplateBehavior [ RunTime:0.017001s ]
INFO: [ view_parse ] --END-- [ RunTime:0.017001s ]
INFO: [ view_filter ] --START--
INFO: Run Behavior\WriteHtmlCacheBehavior [ RunTime:0.001000s ]
INFO: [ view_filter ] --END-- [ RunTime:0.001000s ]
INFO: [ app_end ] --START--
INFO: Run Behavior\ShowPageTraceBehavior [ RunTime:0.001000s ]
INFO: [ app_end ] --END-- [ RunTime:0.001000s ]

[ 2017-01-14T09:41:22+08:00 ] ::1 /thinkphp/wwwwww
INFO: [ app_init ] --START--
INFO: Run Behavior\BuildLiteBehavior [ RunTime:0.000000s ]
INFO: [ app_init ] --END-- [ RunTime:0.000000s ]
INFO: [ app_begin ] --START--
INFO: Run Behavior\ReadHtmlCacheBehavior [ RunTime:0.001000s ]
INFO: [ app_begin ] --END-- [ RunTime:0.001000s ]
ERR: 无法加载控制器:Wwwwww

[ 2017-01-14T09:41:22+08:00 ] ::1 /thinkphp/Public/images/title.png
INFO: [ app_init ] --START--
INFO: Run Behavior\BuildLiteBehavior [ RunTime:0.000000s ]
INFO: [ app_init ] --END-- [ RunTime:0.000000s ]

[ 2017-01-14T09:41:22+08:00 ] ::1 /thinkphp/22222222222222222222222
INFO: [ app_init ] --START--
INFO: Run Behavior\BuildLiteBehavior [ RunTime:0.000000s ]
INFO: [ app_init ] --END-- [ RunTime:0.001000s ]
INFO: [ app_begin ] --START--
INFO: Run Behavior\ReadHtmlCacheBehavior [ RunTime:0.004001s ]
INFO: [ app_begin ] --END-- [ RunTime:0.004001s ]
ERR: 无法加载控制器:22222222222222222222222

[ 2017-01-14T09:41:22+08:00 ] ::1 /thinkphp/231321321231
INFO: [ app_init ] --START--
INFO: Run Behavior\BuildLiteBehavior [ RunTime:0.000000s ]
INFO: [ app_init ] --END-- [ RunTime:0.001000s ]
INFO: [ app_begin ] --START--
INFO: Run Behavior\ReadHtmlCacheBehavior [ RunTime:0.001001s ]
INFO: [ app_begin ] --END-- [ RunTime:0.001001s ]
ERR: 无法加载控制器:231321321231

[ 2017-01-14T09:41:22+08:00 ] ::1 /thinkphp/images/1125cyz.png
INFO: [ app_init ] --START--
INFO: Run Behavior\BuildLiteBehavior [ RunTime:0.000000s ]
INFO: [ app_init ] --END-- [ RunTime:0.000000s ]

[ 2017-01-14T09:41:22+08:00 ] ::1 /thinkphp/images/1125xmppd.jpg
INFO: [ app_init ] --START--
INFO: Run Behavior\BuildLiteBehavior [ RunTime:0.000000s ]
INFO: [ app_init ] --END-- [ RunTime:0.000000s ]

[ 2017-01-14T09:41:22+08:00 ] ::1 /thinkphp/Public/images/title.png
INFO: [ app_init ] --START--
INFO: Run Behavior\BuildLiteBehavior [ RunTime:0.000000s ]
INFO: [ app_init ] --END-- [ RunTime:0.000000s ]

[ 2017-01-14T09:41:22+08:00 ] ::1 /thinkphp/22222222222222222222222
INFO: [ app_init ] --START--
INFO: Run Behavior\BuildLiteBehavior [ RunTime:0.000000s ]
INFO: [ app_init ] --END-- [ RunTime:0.001000s ]
INFO: [ app_begin ] --START--
INFO: Run Behavior\ReadHtmlCacheBehavior [ RunTime:0.001000s ]
INFO: [ app_begin ] --END-- [ RunTime:0.001000s ]
ERR: 无法加载控制器:22222222222222222222222

[ 2017-01-14T09:41:22+08:00 ] ::1 /thinkphp/wwwwww
INFO: [ app_init ] --START--
INFO: Run Behavior\BuildLiteBehavior [ RunTime:0.000000s ]
INFO: [ app_init ] --END-- [ RunTime:0.000000s ]
INFO: [ app_begin ] --START--
INFO: Run Behavior\ReadHtmlCacheBehavior [ RunTime:0.001000s ]
INFO: [ app_begin ] --END-- [ RunTime:0.001000s ]
ERR: 无法加载控制器:Wwwwww

[ 2017-01-14T09:41:22+08:00 ] ::1 /thinkphp/231321321231
INFO: [ app_init ] --START--
INFO: Run Behavior\BuildLiteBehavior [ RunTime:0.000000s ]
INFO: [ app_init ] --END-- [ RunTime:0.001001s ]
INFO: [ app_begin ] --START--
INFO: Run Behavior\ReadHtmlCacheBehavior [ RunTime:0.000000s ]
INFO: [ app_begin ] --END-- [ RunTime:0.000000s ]
ERR: 无法加载控制器:231321321231

[ 2017-01-14T09:41:23+08:00 ] ::1 /thinkphp/assets/i/favicon.ico
INFO: [ app_init ] --START--
INFO: Run Behavior\BuildLiteBehavior [ RunTime:0.000000s ]
INFO: [ app_init ] --END-- [ RunTime:0.000000s ]

[ 2017-01-14T09:41:58+08:00 ] ::1 /thinkphp/index.php/Home/Index/getListJsonInfo/
INFO: [ app_init ] --START--
INFO: Run Behavior\BuildLiteBehavior [ RunTime:0.000000s ]
INFO: [ app_init ] --END-- [ RunTime:0.000000s ]
INFO: [ app_begin ] --START--
INFO: Run Behavior\ReadHtmlCacheBehavior [ RunTime:0.000000s ]
INFO: [ app_begin ] --END-- [ RunTime:0.000000s ]
NOTIC: [2] Missing argument 1 for I(), called in C:\xampp\htdocs\thinkphp\Application\Home\Controller\IndexController.class.php on line 35 and defined C:\xampp\htdocs\thinkphp\ThinkPHP\Common\functions.php 第 271 行.
NOTIC: [8] Undefined variable: name C:\xampp\htdocs\thinkphp\ThinkPHP\Common\functions.php 第 273 行.
NOTIC: [8] Undefined variable: name C:\xampp\htdocs\thinkphp\ThinkPHP\Common\functions.php 第 278 行.
NOTIC: [8] Undefined variable: name C:\xampp\htdocs\thinkphp\ThinkPHP\Common\functions.php 第 339 行.
SQL: SHOW COLUMNS FROM `xf_index_info` [ RunTime:0.0050s ]
SQL: SELECT * FROM `xf_index_info` WHERE ( sorts=4 ) ORDER BY creat_time desc  [ RunTime:0.0010s ]

[ 2017-01-14T09:41:59+08:00 ] ::1 /thinkphp/11111111111111111111
INFO: [ app_init ] --START--
INFO: Run Behavior\BuildLiteBehavior [ RunTime:0.000000s ]
INFO: [ app_init ] --END-- [ RunTime:0.000000s ]
INFO: [ app_begin ] --START--
INFO: Run Behavior\ReadHtmlCacheBehavior [ RunTime:0.000000s ]
INFO: [ app_begin ] --END-- [ RunTime:0.000000s ]
ERR: 无法加载控制器:11111111111111111111

[ 2017-01-14T09:41:59+08:00 ] ::1 /thinkphp/22222222222222222222222
INFO: [ app_init ] --START--
INFO: Run Behavior\BuildLiteBehavior [ RunTime:0.000000s ]
INFO: [ app_init ] --END-- [ RunTime:0.001000s ]
INFO: [ app_begin ] --START--
INFO: Run Behavior\ReadHtmlCacheBehavior [ RunTime:0.001000s ]
INFO: [ app_begin ] --END-- [ RunTime:0.001000s ]
ERR: 无法加载控制器:22222222222222222222222

[ 2017-01-14T15:46:29+08:00 ] ::1 /thinkphp/
INFO: [ app_init ] --START--
INFO: Run Behavior\BuildLiteBehavior [ RunTime:0.000000s ]
INFO: [ app_init ] --END-- [ RunTime:0.000000s ]
INFO: [ app_begin ] --START--
INFO: Run Behavior\ReadHtmlCacheBehavior [ RunTime:0.001000s ]
INFO: [ app_begin ] --END-- [ RunTime:0.001000s ]
SQL: SHOW COLUMNS FROM `xf_index_info` [ RunTime:0.0020s ]
SQL: SELECT * FROM `xf_index_info` WHERE ( sorts=0 )  [ RunTime:0.0010s ]
SQL: SELECT * FROM `xf_index_info` WHERE ( flag<20 AND flag>0 ) ORDER BY flag LIMIT 4   [ RunTime:0.0000s ]
SQL: SELECT * FROM `xf_index_info` WHERE ( flag>20 AND flag<30 ) ORDER BY flag LIMIT 4   [ RunTime:0.0000s ]
SQL: SELECT * FROM `xf_index_info` WHERE ( flag>30 ) ORDER BY flag LIMIT 4   [ RunTime:0.0010s ]
SQL: SELECT `name`,`aurl` FROM `xf_index_info` WHERE ( creat_time > '2017-01-07 15:46:29'AND sorts >0 ) LIMIT 11   [ RunTime:0.0000s ]
SQL: SELECT * FROM `xf_index_info` WHERE ( sorts =4 ) ORDER BY creat_time desc LIMIT 8   [ RunTime:0.0000s ]
SQL: SELECT * FROM `xf_index_info` WHERE ( sorts =5 ) ORDER BY creat_time desc LIMIT 8   [ RunTime:0.0010s ]
SQL: SELECT * FROM `xf_index_info` WHERE ( sorts =6 ) ORDER BY creat_time desc LIMIT 8   [ RunTime:0.0000s ]
SQL: SELECT * FROM `xf_index_info` WHERE ( sorts =7 ) ORDER BY creat_time desc LIMIT 8   [ RunTime:0.0000s ]
INFO: [ view_parse ] --START--
INFO: [ template_filter ] --START--
INFO: Run Behavior\ContentReplaceBehavior [ RunTime:0.000000s ]
INFO: [ template_filter ] --END-- [ RunTime:0.000000s ]
INFO: Run Behavior\ParseTemplateBehavior [ RunTime:0.010000s ]
INFO: [ view_parse ] --END-- [ RunTime:0.010000s ]
INFO: [ view_filter ] --START--
INFO: Run Behavior\WriteHtmlCacheBehavior [ RunTime:0.001000s ]
INFO: [ view_filter ] --END-- [ RunTime:0.001000s ]
INFO: [ app_end ] --START--
INFO: Run Behavior\ShowPageTraceBehavior [ RunTime:0.000000s ]
INFO: [ app_end ] --END-- [ RunTime:0.000000s ]

[ 2017-01-14T15:46:29+08:00 ] ::1 /thinkphp/wwwwww
INFO: [ app_init ] --START--
INFO: Run Behavior\BuildLiteBehavior [ RunTime:0.000000s ]
INFO: [ app_init ] --END-- [ RunTime:0.000000s ]
INFO: [ app_begin ] --START--
INFO: Run Behavior\ReadHtmlCacheBehavior [ RunTime:0.001000s ]
INFO: [ app_begin ] --END-- [ RunTime:0.001000s ]
ERR: 无法加载控制器:Wwwwww

[ 2017-01-14T15:46:29+08:00 ] ::1 /thinkphp/Public/images/title.png
INFO: [ app_init ] --START--
INFO: Run Behavior\BuildLiteBehavior [ RunTime:0.000000s ]
INFO: [ app_init ] --END-- [ RunTime:0.000000s ]

[ 2017-01-14T15:46:29+08:00 ] ::1 /thinkphp/22222222222222222222222
INFO: [ app_init ] --START--
INFO: Run Behavior\BuildLiteBehavior [ RunTime:0.000000s ]
INFO: [ app_init ] --END-- [ RunTime:0.001000s ]
INFO: [ app_begin ] --START--
INFO: Run Behavior\ReadHtmlCacheBehavior [ RunTime:0.001000s ]
INFO: [ app_begin ] --END-- [ RunTime:0.001000s ]
ERR: 无法加载控制器:22222222222222222222222

[ 2017-01-14T15:46:29+08:00 ] ::1 /thinkphp/231321321231
INFO: [ app_init ] --START--
INFO: Run Behavior\BuildLiteBehavior [ RunTime:0.000000s ]
INFO: [ app_init ] --END-- [ RunTime:0.001000s ]
INFO: [ app_begin ] --START--
INFO: Run Behavior\ReadHtmlCacheBehavior [ RunTime:0.000000s ]
INFO: [ app_begin ] --END-- [ RunTime:0.000000s ]
ERR: 无法加载控制器:231321321231

[ 2017-01-14T15:46:29+08:00 ] ::1 /thinkphp/images/1125cyz.png
INFO: [ app_init ] --START--
INFO: Run Behavior\BuildLiteBehavior [ RunTime:0.000000s ]
INFO: [ app_init ] --END-- [ RunTime:0.001000s ]

[ 2017-01-14T15:46:29+08:00 ] ::1 /thinkphp/images/1125xmppd.jpg
INFO: [ app_init ] --START--
INFO: Run Behavior\BuildLiteBehavior [ RunTime:0.000000s ]
INFO: [ app_init ] --END-- [ RunTime:0.000000s ]

[ 2017-01-14T15:46:29+08:00 ] ::1 /thinkphp/Public/images/title.png
INFO: [ app_init ] --START--
INFO: Run Behavior\BuildLiteBehavior [ RunTime:0.000000s ]
INFO: [ app_init ] --END-- [ RunTime:0.000000s ]

[ 2017-01-14T15:46:29+08:00 ] ::1 /thinkphp/wwwwww
INFO: [ app_init ] --START--
INFO: Run Behavior\BuildLiteBehavior [ RunTime:0.000000s ]
INFO: [ app_init ] --END-- [ RunTime:0.000000s ]
INFO: [ app_begin ] --START--
INFO: Run Behavior\ReadHtmlCacheBehavior [ RunTime:0.001000s ]
INFO: [ app_begin ] --END-- [ RunTime:0.001000s ]
ERR: 无法加载控制器:Wwwwww

[ 2017-01-14T15:46:29+08:00 ] ::1 /thinkphp/22222222222222222222222
INFO: [ app_init ] --START--
INFO: Run Behavior\BuildLiteBehavior [ RunTime:0.000000s ]
INFO: [ app_init ] --END-- [ RunTime:0.001000s ]
INFO: [ app_begin ] --START--
INFO: Run Behavior\ReadHtmlCacheBehavior [ RunTime:0.001000s ]
INFO: [ app_begin ] --END-- [ RunTime:0.001000s ]
ERR: 无法加载控制器:22222222222222222222222

[ 2017-01-14T15:46:29+08:00 ] ::1 /thinkphp/231321321231
INFO: [ app_init ] --START--
INFO: Run Behavior\BuildLiteBehavior [ RunTime:0.000000s ]
INFO: [ app_init ] --END-- [ RunTime:0.000000s ]
INFO: [ app_begin ] --START--
INFO: Run Behavior\ReadHtmlCacheBehavior [ RunTime:0.000000s ]
INFO: [ app_begin ] --END-- [ RunTime:0.000000s ]
ERR: 无法加载控制器:231321321231

[ 2017-01-14T15:46:29+08:00 ] ::1 /thinkphp/images/1125cyz.png
INFO: [ app_init ] --START--
INFO: Run Behavior\BuildLiteBehavior [ RunTime:0.000000s ]
INFO: [ app_init ] --END-- [ RunTime:0.000000s ]

[ 2017-01-14T15:46:29+08:00 ] ::1 /thinkphp/images/1125xmppd.jpg
INFO: [ app_init ] --START--
INFO: Run Behavior\BuildLiteBehavior [ RunTime:0.000000s ]
INFO: [ app_init ] --END-- [ RunTime:0.001000s ]

[ 2017-01-14T15:48:51+08:00 ] ::1 /thinkphp/
INFO: [ app_init ] --START--
INFO: Run Behavior\BuildLiteBehavior [ RunTime:0.000000s ]
INFO: [ app_init ] --END-- [ RunTime:0.001000s ]
INFO: [ app_begin ] --START--
INFO: Run Behavior\ReadHtmlCacheBehavior [ RunTime:0.000000s ]
INFO: [ app_begin ] --END-- [ RunTime:0.001000s ]
SQL: SHOW COLUMNS FROM `xf_index_info` [ RunTime:0.0020s ]
SQL: SELECT * FROM `xf_index_info` WHERE ( sorts=0 )  [ RunTime:0.0010s ]
SQL: SELECT * FROM `xf_index_info` WHERE ( flag<20 AND flag>0 ) ORDER BY flag LIMIT 4   [ RunTime:0.0000s ]
SQL: SELECT * FROM `xf_index_info` WHERE ( flag>20 AND flag<30 ) ORDER BY flag LIMIT 4   [ RunTime:0.0000s ]
SQL: SELECT * FROM `xf_index_info` WHERE ( flag>30 ) ORDER BY flag LIMIT 4   [ RunTime:0.0010s ]
SQL: SELECT `name`,`aurl` FROM `xf_index_info` WHERE ( creat_time > '2017-01-07 15:48:51'AND sorts >0 ) LIMIT 11   [ RunTime:0.0000s ]
SQL: SELECT * FROM `xf_index_info` WHERE ( sorts =4 ) ORDER BY creat_time desc LIMIT 8   [ RunTime:0.0010s ]
SQL: SELECT * FROM `xf_index_info` WHERE ( sorts =5 ) ORDER BY creat_time desc LIMIT 8   [ RunTime:0.0000s ]
SQL: SELECT * FROM `xf_index_info` WHERE ( sorts =6 ) ORDER BY creat_time desc LIMIT 8   [ RunTime:0.0000s ]
SQL: SELECT * FROM `xf_index_info` WHERE ( sorts =7 ) ORDER BY creat_time desc LIMIT 8   [ RunTime:0.0000s ]
INFO: [ view_parse ] --START--
INFO: [ template_filter ] --START--
INFO: Run Behavior\ContentReplaceBehavior [ RunTime:0.000000s ]
INFO: [ template_filter ] --END-- [ RunTime:0.000000s ]
INFO: Run Behavior\ParseTemplateBehavior [ RunTime:0.011000s ]
INFO: [ view_parse ] --END-- [ RunTime:0.011000s ]
INFO: [ view_filter ] --START--
INFO: Run Behavior\WriteHtmlCacheBehavior [ RunTime:0.000000s ]
INFO: [ view_filter ] --END-- [ RunTime:0.000000s ]
INFO: [ app_end ] --START--
INFO: Run Behavior\ShowPageTraceBehavior [ RunTime:0.001000s ]
INFO: [ app_end ] --END-- [ RunTime:0.001000s ]

[ 2017-01-14T15:48:51+08:00 ] ::1 /thinkphp/wwwwww
INFO: [ app_init ] --START--
INFO: Run Behavior\BuildLiteBehavior [ RunTime:0.000000s ]
INFO: [ app_init ] --END-- [ RunTime:0.001000s ]
INFO: [ app_begin ] --START--
INFO: Run Behavior\ReadHtmlCacheBehavior [ RunTime:0.000000s ]
INFO: [ app_begin ] --END-- [ RunTime:0.001000s ]
ERR: 无法加载控制器:Wwwwww

[ 2017-01-14T15:48:51+08:00 ] ::1 /thinkphp/Public/images/title.png
INFO: [ app_init ] --START--
INFO: Run Behavior\BuildLiteBehavior [ RunTime:0.000000s ]
INFO: [ app_init ] --END-- [ RunTime:0.000000s ]

[ 2017-01-14T15:48:51+08:00 ] ::1 /thinkphp/22222222222222222222222
INFO: [ app_init ] --START--
INFO: Run Behavior\BuildLiteBehavior [ RunTime:0.000000s ]
INFO: [ app_init ] --END-- [ RunTime:0.000000s ]
INFO: [ app_begin ] --START--
INFO: Run Behavior\ReadHtmlCacheBehavior [ RunTime:0.010000s ]
INFO: [ app_begin ] --END-- [ RunTime:0.011000s ]
ERR: 无法加载控制器:22222222222222222222222

[ 2017-01-14T15:48:52+08:00 ] ::1 /thinkphp/231321321231
INFO: [ app_init ] --START--
INFO: Run Behavior\BuildLiteBehavior [ RunTime:0.000000s ]
INFO: [ app_init ] --END-- [ RunTime:0.000000s ]
INFO: [ app_begin ] --START--
INFO: Run Behavior\ReadHtmlCacheBehavior [ RunTime:0.001000s ]
INFO: [ app_begin ] --END-- [ RunTime:0.001000s ]
ERR: 无法加载控制器:231321321231

[ 2017-01-14T15:48:52+08:00 ] ::1 /thinkphp/images/1125cyz.png
INFO: [ app_init ] --START--
INFO: Run Behavior\BuildLiteBehavior [ RunTime:0.000000s ]
INFO: [ app_init ] --END-- [ RunTime:0.001000s ]

[ 2017-01-14T15:48:52+08:00 ] ::1 /thinkphp/images/1125xmppd.jpg
INFO: [ app_init ] --START--
INFO: Run Behavior\BuildLiteBehavior [ RunTime:0.000000s ]
INFO: [ app_init ] --END-- [ RunTime:0.000000s ]

[ 2017-01-14T15:48:52+08:00 ] ::1 /thinkphp/Public/images/title.png
INFO: [ app_init ] --START--
INFO: Run Behavior\BuildLiteBehavior [ RunTime:0.000000s ]
INFO: [ app_init ] --END-- [ RunTime:0.000000s ]

[ 2017-01-14T15:48:52+08:00 ] ::1 /thinkphp/22222222222222222222222
INFO: [ app_init ] --START--
INFO: Run Behavior\BuildLiteBehavior [ RunTime:0.000000s ]
INFO: [ app_init ] --END-- [ RunTime:0.001000s ]
INFO: [ app_begin ] --START--
INFO: Run Behavior\ReadHtmlCacheBehavior [ RunTime:0.001000s ]
INFO: [ app_begin ] --END-- [ RunTime:0.001000s ]
ERR: 无法加载控制器:22222222222222222222222

[ 2017-01-14T15:48:52+08:00 ] ::1 /thinkphp/wwwwww
INFO: [ app_init ] --START--
INFO: Run Behavior\BuildLiteBehavior [ RunTime:0.000000s ]
INFO: [ app_init ] --END-- [ RunTime:0.001000s ]
INFO: [ app_begin ] --START--
INFO: Run Behavior\ReadHtmlCacheBehavior [ RunTime:0.001000s ]
INFO: [ app_begin ] --END-- [ RunTime:0.001000s ]
ERR: 无法加载控制器:Wwwwww

[ 2017-01-14T15:48:52+08:00 ] ::1 /thinkphp/231321321231
INFO: [ app_init ] --START--
INFO: Run Behavior\BuildLiteBehavior [ RunTime:0.000000s ]
INFO: [ app_init ] --END-- [ RunTime:0.000000s ]
INFO: [ app_begin ] --START--
INFO: Run Behavior\ReadHtmlCacheBehavior [ RunTime:0.001000s ]
INFO: [ app_begin ] --END-- [ RunTime:0.001000s ]
ERR: 无法加载控制器:231321321231

[ 2017-01-14T15:48:52+08:00 ] ::1 /thinkphp/index.php/Home/Index/getListJsonInfo/
INFO: [ app_init ] --START--
INFO: Run Behavior\BuildLiteBehavior [ RunTime:0.000000s ]
INFO: [ app_init ] --END-- [ RunTime:0.001000s ]
INFO: [ app_begin ] --START--
INFO: Run Behavior\ReadHtmlCacheBehavior [ RunTime:0.000000s ]
INFO: [ app_begin ] --END-- [ RunTime:0.000000s ]
NOTIC: [2] Missing argument 1 for I(), called in C:\xampp\htdocs\thinkphp\Application\Home\Controller\IndexController.class.php on line 35 and defined C:\xampp\htdocs\thinkphp\ThinkPHP\Common\functions.php 第 271 行.
NOTIC: [8] Undefined variable: name C:\xampp\htdocs\thinkphp\ThinkPHP\Common\functions.php 第 273 行.
NOTIC: [8] Undefined variable: name C:\xampp\htdocs\thinkphp\ThinkPHP\Common\functions.php 第 278 行.
NOTIC: [8] Undefined variable: name C:\xampp\htdocs\thinkphp\ThinkPHP\Common\functions.php 第 339 行.
SQL: SHOW COLUMNS FROM `xf_index_info` [ RunTime:0.0030s ]
SQL: SELECT * FROM `xf_index_info` WHERE ( sorts=4 ) ORDER BY creat_time desc  [ RunTime:0.0020s ]

[ 2017-01-14T15:48:52+08:00 ] ::1 /thinkphp/22222222222222222222222
INFO: [ app_init ] --START--
INFO: Run Behavior\BuildLiteBehavior [ RunTime:0.000000s ]
INFO: [ app_init ] --END-- [ RunTime:0.000000s ]
INFO: [ app_begin ] --START--
INFO: Run Behavior\ReadHtmlCacheBehavior [ RunTime:0.001000s ]
INFO: [ app_begin ] --END-- [ RunTime:0.001000s ]
ERR: 无法加载控制器:22222222222222222222222

[ 2017-01-14T15:48:52+08:00 ] ::1 /thinkphp/11111111111111111111
INFO: [ app_init ] --START--
INFO: Run Behavior\BuildLiteBehavior [ RunTime:0.000000s ]
INFO: [ app_init ] --END-- [ RunTime:0.001000s ]
INFO: [ app_begin ] --START--
INFO: Run Behavior\ReadHtmlCacheBehavior [ RunTime:0.001000s ]
INFO: [ app_begin ] --END-- [ RunTime:0.001000s ]
ERR: 无法加载控制器:11111111111111111111

[ 2017-01-14T15:48:53+08:00 ] ::1 /thinkphp/
INFO: [ app_init ] --START--
INFO: Run Behavior\BuildLiteBehavior [ RunTime:0.000000s ]
INFO: [ app_init ] --END-- [ RunTime:0.000000s ]
INFO: [ app_begin ] --START--
INFO: Run Behavior\ReadHtmlCacheBehavior [ RunTime:0.001000s ]
INFO: [ app_begin ] --END-- [ RunTime:0.001000s ]
SQL: SHOW COLUMNS FROM `xf_index_info` [ RunTime:0.0020s ]
SQL: SELECT * FROM `xf_index_info` WHERE ( sorts=0 )  [ RunTime:0.0000s ]
SQL: SELECT * FROM `xf_index_info` WHERE ( flag<20 AND flag>0 ) ORDER BY flag LIMIT 4   [ RunTime:0.0010s ]
SQL: SELECT * FROM `xf_index_info` WHERE ( flag>20 AND flag<30 ) ORDER BY flag LIMIT 4   [ RunTime:0.0000s ]
SQL: SELECT * FROM `xf_index_info` WHERE ( flag>30 ) ORDER BY flag LIMIT 4   [ RunTime:0.0000s ]
SQL: SELECT `name`,`aurl` FROM `xf_index_info` WHERE ( creat_time > '2017-01-07 15:48:53'AND sorts >0 ) LIMIT 11   [ RunTime:0.0000s ]
SQL: SELECT * FROM `xf_index_info` WHERE ( sorts =4 ) ORDER BY creat_time desc LIMIT 8   [ RunTime:0.0010s ]
SQL: SELECT * FROM `xf_index_info` WHERE ( sorts =5 ) ORDER BY creat_time desc LIMIT 8   [ RunTime:0.0000s ]
SQL: SELECT * FROM `xf_index_info` WHERE ( sorts =6 ) ORDER BY creat_time desc LIMIT 8   [ RunTime:0.0000s ]
SQL: SELECT * FROM `xf_index_info` WHERE ( sorts =7 ) ORDER BY creat_time desc LIMIT 8   [ RunTime:0.0010s ]
INFO: [ view_parse ] --START--
INFO: [ template_filter ] --START--
INFO: Run Behavior\ContentReplaceBehavior [ RunTime:0.000000s ]
INFO: [ template_filter ] --END-- [ RunTime:0.000000s ]
INFO: Run Behavior\ParseTemplateBehavior [ RunTime:0.010001s ]
INFO: [ view_parse ] --END-- [ RunTime:0.010001s ]
INFO: [ view_filter ] --START--
INFO: Run Behavior\WriteHtmlCacheBehavior [ RunTime:0.000000s ]
INFO: [ view_filter ] --END-- [ RunTime:0.000000s ]
INFO: [ app_end ] --START--
INFO: Run Behavior\ShowPageTraceBehavior [ RunTime:0.000000s ]
INFO: [ app_end ] --END-- [ RunTime:0.000000s ]

[ 2017-01-14T15:48:53+08:00 ] ::1 /thinkphp/wwwwww
INFO: [ app_init ] --START--
INFO: Run Behavior\BuildLiteBehavior [ RunTime:0.000000s ]
INFO: [ app_init ] --END-- [ RunTime:0.000000s ]
INFO: [ app_begin ] --START--
INFO: Run Behavior\ReadHtmlCacheBehavior [ RunTime:0.000000s ]
INFO: [ app_begin ] --END-- [ RunTime:0.000000s ]
ERR: 无法加载控制器:Wwwwww

[ 2017-01-14T15:48:53+08:00 ] ::1 /thinkphp/Public/images/title.png
INFO: [ app_init ] --START--
INFO: Run Behavior\BuildLiteBehavior [ RunTime:0.000000s ]
INFO: [ app_init ] --END-- [ RunTime:0.000000s ]

[ 2017-01-14T15:48:53+08:00 ] ::1 /thinkphp/22222222222222222222222
INFO: [ app_init ] --START--
INFO: Run Behavior\BuildLiteBehavior [ RunTime:0.000000s ]
INFO: [ app_init ] --END-- [ RunTime:0.001000s ]
INFO: [ app_begin ] --START--
INFO: Run Behavior\ReadHtmlCacheBehavior [ RunTime:0.001000s ]
INFO: [ app_begin ] --END-- [ RunTime:0.001000s ]
ERR: 无法加载控制器:22222222222222222222222

[ 2017-01-14T15:48:53+08:00 ] ::1 /thinkphp/231321321231
INFO: [ app_init ] --START--
INFO: Run Behavior\BuildLiteBehavior [ RunTime:0.000000s ]
INFO: [ app_init ] --END-- [ RunTime:0.000000s ]
INFO: [ app_begin ] --START--
INFO: Run Behavior\ReadHtmlCacheBehavior [ RunTime:0.000000s ]
INFO: [ app_begin ] --END-- [ RunTime:0.000000s ]
ERR: 无法加载控制器:231321321231

[ 2017-01-14T15:48:53+08:00 ] ::1 /thinkphp/images/1125xmppd.jpg
INFO: [ app_init ] --START--
INFO: Run Behavior\BuildLiteBehavior [ RunTime:0.000000s ]
INFO: [ app_init ] --END-- [ RunTime:0.000000s ]

[ 2017-01-14T15:48:53+08:00 ] ::1 /thinkphp/images/1125cyz.png
INFO: [ app_init ] --START--
INFO: Run Behavior\BuildLiteBehavior [ RunTime:0.000000s ]
INFO: [ app_init ] --END-- [ RunTime:0.001000s ]

[ 2017-01-14T15:48:53+08:00 ] ::1 /thinkphp/wwwwww
INFO: [ app_init ] --START--
INFO: Run Behavior\BuildLiteBehavior [ RunTime:0.000000s ]
INFO: [ app_init ] --END-- [ RunTime:0.000000s ]
INFO: [ app_begin ] --START--
INFO: Run Behavior\ReadHtmlCacheBehavior [ RunTime:0.001000s ]
INFO: [ app_begin ] --END-- [ RunTime:0.001000s ]
ERR: 无法加载控制器:Wwwwww

[ 2017-01-14T15:48:53+08:00 ] ::1 /thinkphp/Public/images/title.png
INFO: [ app_init ] --START--
INFO: Run Behavior\BuildLiteBehavior [ RunTime:0.000000s ]
INFO: [ app_init ] --END-- [ RunTime:0.000000s ]

[ 2017-01-14T15:48:53+08:00 ] ::1 /thinkphp/22222222222222222222222
INFO: [ app_init ] --START--
INFO: Run Behavior\BuildLiteBehavior [ RunTime:0.000000s ]
INFO: [ app_init ] --END-- [ RunTime:0.000000s ]
INFO: [ app_begin ] --START--
INFO: Run Behavior\ReadHtmlCacheBehavior [ RunTime:0.001000s ]
INFO: [ app_begin ] --END-- [ RunTime:0.002000s ]
ERR: 无法加载控制器:22222222222222222222222

[ 2017-01-14T15:48:53+08:00 ] ::1 /thinkphp/images/1125cyz.png
INFO: [ app_init ] --START--
INFO: Run Behavior\BuildLiteBehavior [ RunTime:0.000000s ]
INFO: [ app_init ] --END-- [ RunTime:0.000000s ]

[ 2017-01-14T15:48:53+08:00 ] ::1 /thinkphp/images/1125xmppd.jpg
INFO: [ app_init ] --START--
INFO: Run Behavior\BuildLiteBehavior [ RunTime:0.000000s ]
INFO: [ app_init ] --END-- [ RunTime:0.000000s ]

[ 2017-01-14T15:48:53+08:00 ] ::1 /thinkphp/231321321231
INFO: [ app_init ] --START--
INFO: Run Behavior\BuildLiteBehavior [ RunTime:0.000000s ]
INFO: [ app_init ] --END-- [ RunTime:0.000000s ]
INFO: [ app_begin ] --START--
INFO: Run Behavior\ReadHtmlCacheBehavior [ RunTime:0.001000s ]
INFO: [ app_begin ] --END-- [ RunTime:0.001000s ]
ERR: 无法加载控制器:231321321231

[ 2017-01-14T15:48:53+08:00 ] ::1 /thinkphp/index.php/Home/Index/getListJsonInfo/
INFO: [ app_init ] --START--
INFO: Run Behavior\BuildLiteBehavior [ RunTime:0.000000s ]
INFO: [ app_init ] --END-- [ RunTime:0.001000s ]
INFO: [ app_begin ] --START--
INFO: Run Behavior\ReadHtmlCacheBehavior [ RunTime:0.000000s ]
INFO: [ app_begin ] --END-- [ RunTime:0.000000s ]
NOTIC: [2] Missing argument 1 for I(), called in C:\xampp\htdocs\thinkphp\Application\Home\Controller\IndexController.class.php on line 35 and defined C:\xampp\htdocs\thinkphp\ThinkPHP\Common\functions.php 第 271 行.
NOTIC: [8] Undefined variable: name C:\xampp\htdocs\thinkphp\ThinkPHP\Common\functions.php 第 273 行.
NOTIC: [8] Undefined variable: name C:\xampp\htdocs\thinkphp\ThinkPHP\Common\functions.php 第 278 行.
NOTIC: [8] Undefined variable: name C:\xampp\htdocs\thinkphp\ThinkPHP\Common\functions.php 第 339 行.
SQL: SHOW COLUMNS FROM `xf_index_info` [ RunTime:0.0040s ]
SQL: SELECT * FROM `xf_index_info` WHERE ( sorts=4 ) ORDER BY creat_time desc  [ RunTime:0.0010s ]

[ 2017-01-14T15:48:54+08:00 ] ::1 /thinkphp/images/1125xmppd.jpg
INFO: [ app_init ] --START--
INFO: Run Behavior\BuildLiteBehavior [ RunTime:0.000000s ]
INFO: [ app_init ] --END-- [ RunTime:0.000000s ]

[ 2017-01-14T15:48:54+08:00 ] ::1 /thinkphp/images/1125cyz.png
INFO: [ app_init ] --START--
INFO: Run Behavior\BuildLiteBehavior [ RunTime:0.000000s ]
INFO: [ app_init ] --END-- [ RunTime:0.000000s ]

[ 2017-01-14T15:48:54+08:00 ] ::1 /thinkphp/22222222222222222222222
INFO: [ app_init ] --START--
INFO: Run Behavior\BuildLiteBehavior [ RunTime:0.000000s ]
INFO: [ app_init ] --END-- [ RunTime:0.000000s ]
INFO: [ app_begin ] --START--
INFO: Run Behavior\ReadHtmlCacheBehavior [ RunTime:0.001000s ]
INFO: [ app_begin ] --END-- [ RunTime:0.001000s ]
ERR: 无法加载控制器:22222222222222222222222

[ 2017-01-14T15:48:54+08:00 ] ::1 /thinkphp/11111111111111111111
INFO: [ app_init ] --START--
INFO: Run Behavior\BuildLiteBehavior [ RunTime:0.000000s ]
INFO: [ app_init ] --END-- [ RunTime:0.001000s ]
INFO: [ app_begin ] --START--
INFO: Run Behavior\ReadHtmlCacheBehavior [ RunTime:0.000000s ]
INFO: [ app_begin ] --END-- [ RunTime:0.000000s ]
ERR: 无法加载控制器:11111111111111111111

[ 2017-01-14T15:51:17+08:00 ] ::1 /thinkphp/
INFO: [ app_init ] --START--
INFO: Run Behavior\BuildLiteBehavior [ RunTime:0.000000s ]
INFO: [ app_init ] --END-- [ RunTime:0.000000s ]
INFO: [ app_begin ] --START--
INFO: Run Behavior\ReadHtmlCacheBehavior [ RunTime:0.001000s ]
INFO: [ app_begin ] --END-- [ RunTime:0.001000s ]
SQL: SHOW COLUMNS FROM `xf_index_info` [ RunTime:0.0030s ]
SQL: SELECT * FROM `xf_index_info` WHERE ( sorts=0 )  [ RunTime:0.0010s ]
SQL: SELECT * FROM `xf_index_info` WHERE ( flag<20 AND flag>0 ) ORDER BY flag LIMIT 4   [ RunTime:0.0000s ]
SQL: SELECT * FROM `xf_index_info` WHERE ( flag>20 AND flag<30 ) ORDER BY flag LIMIT 4   [ RunTime:0.0010s ]
SQL: SELECT * FROM `xf_index_info` WHERE ( flag>30 ) ORDER BY flag LIMIT 4   [ RunTime:0.0000s ]
SQL: SELECT `name`,`aurl` FROM `xf_index_info` WHERE ( creat_time > '2017-01-07 15:51:17'AND sorts >0 ) LIMIT 11   [ RunTime:0.0000s ]
SQL: SELECT * FROM `xf_index_info` WHERE ( sorts =4 ) ORDER BY creat_time desc LIMIT 8   [ RunTime:0.0010s ]
SQL: SELECT * FROM `xf_index_info` WHERE ( sorts =5 ) ORDER BY creat_time desc LIMIT 8   [ RunTime:0.0000s ]
SQL: SELECT * FROM `xf_index_info` WHERE ( sorts =6 ) ORDER BY creat_time desc LIMIT 8   [ RunTime:0.0000s ]
SQL: SELECT * FROM `xf_index_info` WHERE ( sorts =7 ) ORDER BY creat_time desc LIMIT 8   [ RunTime:0.0000s ]
INFO: [ view_parse ] --START--
INFO: [ template_filter ] --START--
INFO: Run Behavior\ContentReplaceBehavior [ RunTime:0.000000s ]
INFO: [ template_filter ] --END-- [ RunTime:0.000000s ]
INFO: Run Behavior\ParseTemplateBehavior [ RunTime:0.011001s ]
INFO: [ view_parse ] --END-- [ RunTime:0.011001s ]
INFO: [ view_filter ] --START--
INFO: Run Behavior\WriteHtmlCacheBehavior [ RunTime:0.001000s ]
INFO: [ view_filter ] --END-- [ RunTime:0.001000s ]
INFO: [ app_end ] --START--
INFO: Run Behavior\ShowPageTraceBehavior [ RunTime:0.000000s ]
INFO: [ app_end ] --END-- [ RunTime:0.001000s ]

[ 2017-01-14T15:51:17+08:00 ] ::1 /thinkphp/22222222222222222222222
INFO: [ app_init ] --START--
INFO: Run Behavior\BuildLiteBehavior [ RunTime:0.000000s ]
INFO: [ app_init ] --END-- [ RunTime:0.000000s ]
INFO: [ app_begin ] --START--
INFO: Run Behavior\ReadHtmlCacheBehavior [ RunTime:0.001000s ]
INFO: [ app_begin ] --END-- [ RunTime:0.001000s ]
ERR: 无法加载控制器:22222222222222222222222

[ 2017-01-14T15:51:17+08:00 ] ::1 /thinkphp/Public/images/title.png
INFO: [ app_init ] --START--
INFO: Run Behavior\BuildLiteBehavior [ RunTime:0.000000s ]
INFO: [ app_init ] --END-- [ RunTime:0.001000s ]

[ 2017-01-14T15:51:17+08:00 ] ::1 /thinkphp/wwwwww
INFO: [ app_init ] --START--
INFO: Run Behavior\BuildLiteBehavior [ RunTime:0.000000s ]
INFO: [ app_init ] --END-- [ RunTime:0.000000s ]
INFO: [ app_begin ] --START--
INFO: Run Behavior\ReadHtmlCacheBehavior [ RunTime:0.000000s ]
INFO: [ app_begin ] --END-- [ RunTime:0.001000s ]
ERR: 无法加载控制器:Wwwwww

[ 2017-01-14T15:51:17+08:00 ] ::1 /thinkphp/231321321231
INFO: [ app_init ] --START--
INFO: Run Behavior\BuildLiteBehavior [ RunTime:0.000000s ]
INFO: [ app_init ] --END-- [ RunTime:0.001000s ]
INFO: [ app_begin ] --START--
INFO: Run Behavior\ReadHtmlCacheBehavior [ RunTime:0.000000s ]
INFO: [ app_begin ] --END-- [ RunTime:0.000000s ]
ERR: 无法加载控制器:231321321231

[ 2017-01-14T15:51:17+08:00 ] ::1 /thinkphp/images/1125cyz.png
INFO: [ app_init ] --START--
INFO: Run Behavior\BuildLiteBehavior [ RunTime:0.000000s ]
INFO: [ app_init ] --END-- [ RunTime:0.000000s ]

[ 2017-01-14T15:51:17+08:00 ] ::1 /thinkphp/images/1125xmppd.jpg
INFO: [ app_init ] --START--
INFO: Run Behavior\BuildLiteBehavior [ RunTime:0.000000s ]
INFO: [ app_init ] --END-- [ RunTime:0.000000s ]

[ 2017-01-14T15:51:17+08:00 ] ::1 /thinkphp/wwwwww
INFO: [ app_init ] --START--
INFO: Run Behavior\BuildLiteBehavior [ RunTime:0.000000s ]
INFO: [ app_init ] --END-- [ RunTime:0.000000s ]
INFO: [ app_begin ] --START--
INFO: Run Behavior\ReadHtmlCacheBehavior [ RunTime:0.001000s ]
INFO: [ app_begin ] --END-- [ RunTime:0.001000s ]
ERR: 无法加载控制器:Wwwwww

[ 2017-01-14T15:51:17+08:00 ] ::1 /thinkphp/Public/images/title.png
INFO: [ app_init ] --START--
INFO: Run Behavior\BuildLiteBehavior [ RunTime:0.000000s ]
INFO: [ app_init ] --END-- [ RunTime:0.001000s ]

[ 2017-01-14T15:51:17+08:00 ] ::1 /thinkphp/22222222222222222222222
INFO: [ app_init ] --START--
INFO: Run Behavior\BuildLiteBehavior [ RunTime:0.000000s ]
INFO: [ app_init ] --END-- [ RunTime:0.001000s ]
INFO: [ app_begin ] --START--
INFO: Run Behavior\ReadHtmlCacheBehavior [ RunTime:0.001000s ]
INFO: [ app_begin ] --END-- [ RunTime:0.001000s ]
ERR: 无法加载控制器:22222222222222222222222

[ 2017-01-14T15:51:18+08:00 ] ::1 /thinkphp/index.php/Home/Index/getListJsonInfo/
INFO: [ app_init ] --START--
INFO: Run Behavior\BuildLiteBehavior [ RunTime:0.000000s ]
INFO: [ app_init ] --END-- [ RunTime:0.001000s ]
INFO: [ app_begin ] --START--
INFO: Run Behavior\ReadHtmlCacheBehavior [ RunTime:0.001000s ]
INFO: [ app_begin ] --END-- [ RunTime:0.001000s ]
NOTIC: [2] Missing argument 1 for I(), called in C:\xampp\htdocs\thinkphp\Application\Home\Controller\IndexController.class.php on line 35 and defined C:\xampp\htdocs\thinkphp\ThinkPHP\Common\functions.php 第 271 行.
NOTIC: [8] Undefined variable: name C:\xampp\htdocs\thinkphp\ThinkPHP\Common\functions.php 第 273 行.
NOTIC: [8] Undefined variable: name C:\xampp\htdocs\thinkphp\ThinkPHP\Common\functions.php 第 278 行.
NOTIC: [8] Undefined variable: name C:\xampp\htdocs\thinkphp\ThinkPHP\Common\functions.php 第 339 行.
SQL: SHOW COLUMNS FROM `xf_index_info` [ RunTime:0.0030s ]
SQL: SELECT * FROM `xf_index_info` WHERE ( sorts=4 ) ORDER BY creat_time desc  [ RunTime:0.0010s ]

[ 2017-01-14T15:51:18+08:00 ] ::1 /thinkphp/11111111111111111111
INFO: [ app_init ] --START--
INFO: Run Behavior\BuildLiteBehavior [ RunTime:0.000000s ]
INFO: [ app_init ] --END-- [ RunTime:0.000000s ]
INFO: [ app_begin ] --START--
INFO: Run Behavior\ReadHtmlCacheBehavior [ RunTime:0.000000s ]
INFO: [ app_begin ] --END-- [ RunTime:0.000000s ]
ERR: 无法加载控制器:11111111111111111111

[ 2017-01-14T15:51:18+08:00 ] ::1 /thinkphp/22222222222222222222222
INFO: [ app_init ] --START--
INFO: Run Behavior\BuildLiteBehavior [ RunTime:0.000000s ]
INFO: [ app_init ] --END-- [ RunTime:0.000000s ]
INFO: [ app_begin ] --START--
INFO: Run Behavior\ReadHtmlCacheBehavior [ RunTime:0.000000s ]
INFO: [ app_begin ] --END-- [ RunTime:0.000000s ]
ERR: 无法加载控制器:22222222222222222222222

[ 2017-01-14T15:51:19+08:00 ] ::1 /thinkphp/
INFO: [ app_init ] --START--
INFO: Run Behavior\BuildLiteBehavior [ RunTime:0.000000s ]
INFO: [ app_init ] --END-- [ RunTime:0.000000s ]
INFO: [ app_begin ] --START--
INFO: Run Behavior\ReadHtmlCacheBehavior [ RunTime:0.000000s ]
INFO: [ app_begin ] --END-- [ RunTime:0.000000s ]
SQL: SHOW COLUMNS FROM `xf_index_info` [ RunTime:0.0020s ]
SQL: SELECT * FROM `xf_index_info` WHERE ( sorts=0 )  [ RunTime:0.0000s ]
SQL: SELECT * FROM `xf_index_info` WHERE ( flag<20 AND flag>0 ) ORDER BY flag LIMIT 4   [ RunTime:0.0000s ]
SQL: SELECT * FROM `xf_index_info` WHERE ( flag>20 AND flag<30 ) ORDER BY flag LIMIT 4   [ RunTime:0.0000s ]
SQL: SELECT * FROM `xf_index_info` WHERE ( flag>30 ) ORDER BY flag LIMIT 4   [ RunTime:0.0000s ]
SQL: SELECT `name`,`aurl` FROM `xf_index_info` WHERE ( creat_time > '2017-01-07 15:51:19'AND sorts >0 ) LIMIT 11   [ RunTime:0.0000s ]
SQL: SELECT * FROM `xf_index_info` WHERE ( sorts =4 ) ORDER BY creat_time desc LIMIT 8   [ RunTime:0.0000s ]
SQL: SELECT * FROM `xf_index_info` WHERE ( sorts =5 ) ORDER BY creat_time desc LIMIT 8   [ RunTime:0.0000s ]
SQL: SELECT * FROM `xf_index_info` WHERE ( sorts =6 ) ORDER BY creat_time desc LIMIT 8   [ RunTime:0.0000s ]
SQL: SELECT * FROM `xf_index_info` WHERE ( sorts =7 ) ORDER BY creat_time desc LIMIT 8   [ RunTime:0.0000s ]
INFO: [ view_parse ] --START--
INFO: [ template_filter ] --START--
INFO: Run Behavior\ContentReplaceBehavior [ RunTime:0.000000s ]
INFO: [ template_filter ] --END-- [ RunTime:0.000000s ]
INFO: Run Behavior\ParseTemplateBehavior [ RunTime:0.010000s ]
INFO: [ view_parse ] --END-- [ RunTime:0.011001s ]
INFO: [ view_filter ] --START--
INFO: Run Behavior\WriteHtmlCacheBehavior [ RunTime:0.000000s ]
INFO: [ view_filter ] --END-- [ RunTime:0.000000s ]
INFO: [ app_end ] --START--
INFO: Run Behavior\ShowPageTraceBehavior [ RunTime:0.000000s ]
INFO: [ app_end ] --END-- [ RunTime:0.000000s ]

[ 2017-01-14T15:51:19+08:00 ] ::1 /thinkphp/Public/images/title.png
INFO: [ app_init ] --START--
INFO: Run Behavior\BuildLiteBehavior [ RunTime:0.000000s ]
INFO: [ app_init ] --END-- [ RunTime:0.001000s ]

[ 2017-01-14T15:51:19+08:00 ] ::1 /thinkphp/22222222222222222222222
INFO: [ app_init ] --START--
INFO: Run Behavior\BuildLiteBehavior [ RunTime:0.000000s ]
INFO: [ app_init ] --END-- [ RunTime:0.000000s ]
INFO: [ app_begin ] --START--
INFO: Run Behavior\ReadHtmlCacheBehavior [ RunTime:0.001000s ]
INFO: [ app_begin ] --END-- [ RunTime:0.001000s ]
ERR: 无法加载控制器:22222222222222222222222

[ 2017-01-14T15:51:19+08:00 ] ::1 /thinkphp/wwwwww
INFO: [ app_init ] --START--
INFO: Run Behavior\BuildLiteBehavior [ RunTime:0.000000s ]
INFO: [ app_init ] --END-- [ RunTime:0.001000s ]
INFO: [ app_begin ] --START--
INFO: Run Behavior\ReadHtmlCacheBehavior [ RunTime:0.000000s ]
INFO: [ app_begin ] --END-- [ RunTime:0.000000s ]
ERR: 无法加载控制器:Wwwwww

[ 2017-01-14T15:51:19+08:00 ] ::1 /thinkphp/images/1125cyz.png
INFO: [ app_init ] --START--
INFO: Run Behavior\BuildLiteBehavior [ RunTime:0.000000s ]
INFO: [ app_init ] --END-- [ RunTime:0.000000s ]

[ 2017-01-14T15:51:19+08:00 ] ::1 /thinkphp/231321321231
INFO: [ app_init ] --START--
INFO: Run Behavior\BuildLiteBehavior [ RunTime:0.000000s ]
INFO: [ app_init ] --END-- [ RunTime:0.000000s ]
INFO: [ app_begin ] --START--
INFO: Run Behavior\ReadHtmlCacheBehavior [ RunTime:0.001000s ]
INFO: [ app_begin ] --END-- [ RunTime:0.001000s ]
ERR: 无法加载控制器:231321321231

[ 2017-01-14T15:51:19+08:00 ] ::1 /thinkphp/images/1125xmppd.jpg
INFO: [ app_init ] --START--
INFO: Run Behavior\BuildLiteBehavior [ RunTime:0.000000s ]
INFO: [ app_init ] --END-- [ RunTime:0.000000s ]

[ 2017-01-14T15:51:19+08:00 ] ::1 /thinkphp/22222222222222222222222
INFO: [ app_init ] --START--
INFO: Run Behavior\BuildLiteBehavior [ RunTime:0.000000s ]
INFO: [ app_init ] --END-- [ RunTime:0.000000s ]
INFO: [ app_begin ] --START--
INFO: Run Behavior\ReadHtmlCacheBehavior [ RunTime:0.001001s ]
INFO: [ app_begin ] --END-- [ RunTime:0.001001s ]
ERR: 无法加载控制器:22222222222222222222222

[ 2017-01-14T15:51:19+08:00 ] ::1 /thinkphp/Public/images/title.png
INFO: [ app_init ] --START--
INFO: Run Behavior\BuildLiteBehavior [ RunTime:0.000000s ]
INFO: [ app_init ] --END-- [ RunTime:0.001000s ]

[ 2017-01-14T15:51:19+08:00 ] ::1 /thinkphp/wwwwww
INFO: [ app_init ] --START--
INFO: Run Behavior\BuildLiteBehavior [ RunTime:0.000000s ]
INFO: [ app_init ] --END-- [ RunTime:0.001000s ]
INFO: [ app_begin ] --START--
INFO: Run Behavior\ReadHtmlCacheBehavior [ RunTime:0.001000s ]
INFO: [ app_begin ] --END-- [ RunTime:0.001000s ]
ERR: 无法加载控制器:Wwwwww

[ 2017-01-14T15:51:19+08:00 ] ::1 /thinkphp/index.php/Home/Index/getListJsonInfo/
INFO: [ app_init ] --START--
INFO: Run Behavior\BuildLiteBehavior [ RunTime:0.000000s ]
INFO: [ app_init ] --END-- [ RunTime:0.000000s ]
INFO: [ app_begin ] --START--
INFO: Run Behavior\ReadHtmlCacheBehavior [ RunTime:0.001000s ]
INFO: [ app_begin ] --END-- [ RunTime:0.001000s ]
NOTIC: [2] Missing argument 1 for I(), called in C:\xampp\htdocs\thinkphp\Application\Home\Controller\IndexController.class.php on line 35 and defined C:\xampp\htdocs\thinkphp\ThinkPHP\Common\functions.php 第 271 行.
NOTIC: [8] Undefined variable: name C:\xampp\htdocs\thinkphp\ThinkPHP\Common\functions.php 第 273 行.
NOTIC: [8] Undefined variable: name C:\xampp\htdocs\thinkphp\ThinkPHP\Common\functions.php 第 278 行.
NOTIC: [8] Undefined variable: name C:\xampp\htdocs\thinkphp\ThinkPHP\Common\functions.php 第 339 行.
SQL: SHOW COLUMNS FROM `xf_index_info` [ RunTime:0.0030s ]
SQL: SELECT * FROM `xf_index_info` WHERE ( sorts=4 ) ORDER BY creat_time desc  [ RunTime:0.0010s ]

[ 2017-01-14T15:51:20+08:00 ] ::1 /thinkphp/22222222222222222222222
INFO: [ app_init ] --START--
INFO: Run Behavior\BuildLiteBehavior [ RunTime:0.000000s ]
INFO: [ app_init ] --END-- [ RunTime:0.000000s ]
INFO: [ app_begin ] --START--
INFO: Run Behavior\ReadHtmlCacheBehavior [ RunTime:0.000000s ]
INFO: [ app_begin ] --END-- [ RunTime:0.000000s ]
ERR: 无法加载控制器:22222222222222222222222

[ 2017-01-14T15:51:20+08:00 ] ::1 /thinkphp/11111111111111111111
INFO: [ app_init ] --START--
INFO: Run Behavior\BuildLiteBehavior [ RunTime:0.000000s ]
INFO: [ app_init ] --END-- [ RunTime:0.000000s ]
INFO: [ app_begin ] --START--
INFO: Run Behavior\ReadHtmlCacheBehavior [ RunTime:0.001000s ]
INFO: [ app_begin ] --END-- [ RunTime:0.001000s ]
ERR: 无法加载控制器:11111111111111111111

[ 2017-01-14T15:51:20+08:00 ] ::1 /thinkphp/
INFO: [ app_init ] --START--
INFO: Run Behavior\BuildLiteBehavior [ RunTime:0.000000s ]
INFO: [ app_init ] --END-- [ RunTime:0.000000s ]
INFO: [ app_begin ] --START--
INFO: Run Behavior\ReadHtmlCacheBehavior [ RunTime:0.001000s ]
INFO: [ app_begin ] --END-- [ RunTime:0.001000s ]
SQL: SHOW COLUMNS FROM `xf_index_info` [ RunTime:0.0020s ]
SQL: SELECT * FROM `xf_index_info` WHERE ( sorts=0 )  [ RunTime:0.0010s ]
SQL: SELECT * FROM `xf_index_info` WHERE ( flag<20 AND flag>0 ) ORDER BY flag LIMIT 4   [ RunTime:0.0000s ]
SQL: SELECT * FROM `xf_index_info` WHERE ( flag>20 AND flag<30 ) ORDER BY flag LIMIT 4   [ RunTime:0.0000s ]
SQL: SELECT * FROM `xf_index_info` WHERE ( flag>30 ) ORDER BY flag LIMIT 4   [ RunTime:0.0010s ]
SQL: SELECT `name`,`aurl` FROM `xf_index_info` WHERE ( creat_time > '2017-01-07 15:51:20'AND sorts >0 ) LIMIT 11   [ RunTime:0.0000s ]
SQL: SELECT * FROM `xf_index_info` WHERE ( sorts =4 ) ORDER BY creat_time desc LIMIT 8   [ RunTime:0.0000s ]
SQL: SELECT * FROM `xf_index_info` WHERE ( sorts =5 ) ORDER BY creat_time desc LIMIT 8   [ RunTime:0.0000s ]
SQL: SELECT * FROM `xf_index_info` WHERE ( sorts =6 ) ORDER BY creat_time desc LIMIT 8   [ RunTime:0.0000s ]
SQL: SELECT * FROM `xf_index_info` WHERE ( sorts =7 ) ORDER BY creat_time desc LIMIT 8   [ RunTime:0.0000s ]
INFO: [ view_parse ] --START--
INFO: [ template_filter ] --START--
INFO: Run Behavior\ContentReplaceBehavior [ RunTime:0.000000s ]
INFO: [ template_filter ] --END-- [ RunTime:0.000000s ]
INFO: Run Behavior\ParseTemplateBehavior [ RunTime:0.011001s ]
INFO: [ view_parse ] --END-- [ RunTime:0.011001s ]
INFO: [ view_filter ] --START--
INFO: Run Behavior\WriteHtmlCacheBehavior [ RunTime:0.000000s ]
INFO: [ view_filter ] --END-- [ RunTime:0.000000s ]
INFO: [ app_end ] --START--
INFO: Run Behavior\ShowPageTraceBehavior [ RunTime:0.001000s ]
INFO: [ app_end ] --END-- [ RunTime:0.001000s ]

[ 2017-01-14T15:51:20+08:00 ] ::1 /thinkphp/wwwwww
INFO: [ app_init ] --START--
INFO: Run Behavior\BuildLiteBehavior [ RunTime:0.000000s ]
INFO: [ app_init ] --END-- [ RunTime:0.000000s ]
INFO: [ app_begin ] --START--
INFO: Run Behavior\ReadHtmlCacheBehavior [ RunTime:0.002000s ]
INFO: [ app_begin ] --END-- [ RunTime:0.002000s ]
ERR: 无法加载控制器:Wwwwww

[ 2017-01-14T15:51:20+08:00 ] ::1 /thinkphp/22222222222222222222222
INFO: [ app_init ] --START--
INFO: Run Behavior\BuildLiteBehavior [ RunTime:0.000000s ]
INFO: [ app_init ] --END-- [ RunTime:0.001000s ]
INFO: [ app_begin ] --START--
INFO: Run Behavior\ReadHtmlCacheBehavior [ RunTime:0.001000s ]
INFO: [ app_begin ] --END-- [ RunTime:0.001000s ]
ERR: 无法加载控制器:22222222222222222222222

[ 2017-01-14T15:51:20+08:00 ] ::1 /thinkphp/Public/images/title.png
INFO: [ app_init ] --START--
INFO: Run Behavior\BuildLiteBehavior [ RunTime:0.000000s ]
INFO: [ app_init ] --END-- [ RunTime:0.000000s ]

[ 2017-01-14T15:51:20+08:00 ] ::1 /thinkphp/images/1125cyz.png
INFO: [ app_init ] --START--
INFO: Run Behavior\BuildLiteBehavior [ RunTime:0.000000s ]
INFO: [ app_init ] --END-- [ RunTime:0.000000s ]

[ 2017-01-14T15:51:20+08:00 ] ::1 /thinkphp/231321321231
INFO: [ app_init ] --START--
INFO: Run Behavior\BuildLiteBehavior [ RunTime:0.000000s ]
INFO: [ app_init ] --END-- [ RunTime:0.000000s ]
INFO: [ app_begin ] --START--
INFO: Run Behavior\ReadHtmlCacheBehavior [ RunTime:0.001000s ]
INFO: [ app_begin ] --END-- [ RunTime:0.001000s ]
ERR: 无法加载控制器:231321321231

[ 2017-01-14T15:51:20+08:00 ] ::1 /thinkphp/images/1125xmppd.jpg
INFO: [ app_init ] --START--
INFO: Run Behavior\BuildLiteBehavior [ RunTime:0.000000s ]
INFO: [ app_init ] --END-- [ RunTime:0.000000s ]

[ 2017-01-14T15:51:20+08:00 ] ::1 /thinkphp/wwwwww
INFO: [ app_init ] --START--
INFO: Run Behavior\BuildLiteBehavior [ RunTime:0.000000s ]
INFO: [ app_init ] --END-- [ RunTime:0.000000s ]
INFO: [ app_begin ] --START--
INFO: Run Behavior\ReadHtmlCacheBehavior [ RunTime:0.000000s ]
INFO: [ app_begin ] --END-- [ RunTime:0.000000s ]
ERR: 无法加载控制器:Wwwwww

[ 2017-01-14T15:51:20+08:00 ] ::1 /thinkphp/22222222222222222222222
INFO: [ app_init ] --START--
INFO: Run Behavior\BuildLiteBehavior [ RunTime:0.000000s ]
INFO: [ app_init ] --END-- [ RunTime:0.000000s ]
INFO: [ app_begin ] --START--
INFO: Run Behavior\ReadHtmlCacheBehavior [ RunTime:0.000000s ]
INFO: [ app_begin ] --END-- [ RunTime:0.001000s ]
ERR: 无法加载控制器:22222222222222222222222

[ 2017-01-14T15:51:20+08:00 ] ::1 /thinkphp/index.php/Home/Index/getListJsonInfo/
INFO: [ app_init ] --START--
INFO: Run Behavior\BuildLiteBehavior [ RunTime:0.000000s ]
INFO: [ app_init ] --END-- [ RunTime:0.000000s ]
INFO: [ app_begin ] --START--
INFO: Run Behavior\ReadHtmlCacheBehavior [ RunTime:0.001000s ]
INFO: [ app_begin ] --END-- [ RunTime:0.001000s ]
NOTIC: [2] Missing argument 1 for I(), called in C:\xampp\htdocs\thinkphp\Application\Home\Controller\IndexController.class.php on line 35 and defined C:\xampp\htdocs\thinkphp\ThinkPHP\Common\functions.php 第 271 行.
NOTIC: [8] Undefined variable: name C:\xampp\htdocs\thinkphp\ThinkPHP\Common\functions.php 第 273 行.
NOTIC: [8] Undefined variable: name C:\xampp\htdocs\thinkphp\ThinkPHP\Common\functions.php 第 278 行.
NOTIC: [8] Undefined variable: name C:\xampp\htdocs\thinkphp\ThinkPHP\Common\functions.php 第 339 行.
SQL: SHOW COLUMNS FROM `xf_index_info` [ RunTime:0.0030s ]
SQL: SELECT * FROM `xf_index_info` WHERE ( sorts=4 ) ORDER BY creat_time desc  [ RunTime:0.0020s ]

[ 2017-01-14T15:51:21+08:00 ] ::1 /thinkphp/11111111111111111111
INFO: [ app_init ] --START--
INFO: Run Behavior\BuildLiteBehavior [ RunTime:0.000000s ]
INFO: [ app_init ] --END-- [ RunTime:0.000000s ]
INFO: [ app_begin ] --START--
INFO: Run Behavior\ReadHtmlCacheBehavior [ RunTime:0.001000s ]
INFO: [ app_begin ] --END-- [ RunTime:0.001000s ]
ERR: 无法加载控制器:11111111111111111111

[ 2017-01-14T15:51:21+08:00 ] ::1 /thinkphp/22222222222222222222222
INFO: [ app_init ] --START--
INFO: Run Behavior\BuildLiteBehavior [ RunTime:0.000000s ]
INFO: [ app_init ] --END-- [ RunTime:0.000000s ]
INFO: [ app_begin ] --START--
INFO: Run Behavior\ReadHtmlCacheBehavior [ RunTime:0.000000s ]
INFO: [ app_begin ] --END-- [ RunTime:0.000000s ]
ERR: 无法加载控制器:22222222222222222222222

[ 2017-01-14T15:53:19+08:00 ] ::1 /thinkphp/
INFO: [ app_init ] --START--
INFO: Run Behavior\BuildLiteBehavior [ RunTime:0.000000s ]
INFO: [ app_init ] --END-- [ RunTime:0.000000s ]
INFO: [ app_begin ] --START--
INFO: Run Behavior\ReadHtmlCacheBehavior [ RunTime:0.000000s ]
INFO: [ app_begin ] --END-- [ RunTime:0.000000s ]
SQL: SHOW COLUMNS FROM `xf_index_info` [ RunTime:0.0020s ]
SQL: SELECT * FROM `xf_index_info` WHERE ( sorts=0 )  [ RunTime:0.0000s ]
SQL: SELECT * FROM `xf_index_info` WHERE ( flag<20 AND flag>0 ) ORDER BY flag LIMIT 4   [ RunTime:0.0000s ]
SQL: SELECT * FROM `xf_index_info` WHERE ( flag>20 AND flag<30 ) ORDER BY flag LIMIT 4   [ RunTime:0.0000s ]
SQL: SELECT * FROM `xf_index_info` WHERE ( flag>30 ) ORDER BY flag LIMIT 4   [ RunTime:0.0000s ]
SQL: SELECT `name`,`aurl` FROM `xf_index_info` WHERE ( creat_time > '2017-01-07 15:53:19'AND sorts >0 ) LIMIT 11   [ RunTime:0.0000s ]
SQL: SELECT * FROM `xf_index_info` WHERE ( sorts =4 ) ORDER BY creat_time desc LIMIT 8   [ RunTime:0.0000s ]
SQL: SELECT * FROM `xf_index_info` WHERE ( sorts =5 ) ORDER BY creat_time desc LIMIT 8   [ RunTime:0.0000s ]
SQL: SELECT * FROM `xf_index_info` WHERE ( sorts =6 ) ORDER BY creat_time desc LIMIT 8   [ RunTime:0.0000s ]
SQL: SELECT * FROM `xf_index_info` WHERE ( sorts =7 ) ORDER BY creat_time desc LIMIT 8   [ RunTime:0.0000s ]
INFO: [ view_parse ] --START--
INFO: [ template_filter ] --START--
INFO: Run Behavior\ContentReplaceBehavior [ RunTime:0.000000s ]
INFO: [ template_filter ] --END-- [ RunTime:0.000000s ]
INFO: Run Behavior\ParseTemplateBehavior [ RunTime:0.011000s ]
INFO: [ view_parse ] --END-- [ RunTime:0.011000s ]
INFO: [ view_filter ] --START--
INFO: Run Behavior\WriteHtmlCacheBehavior [ RunTime:0.000000s ]
INFO: [ view_filter ] --END-- [ RunTime:0.000000s ]
INFO: [ app_end ] --START--
INFO: Run Behavior\ShowPageTraceBehavior [ RunTime:0.001000s ]
INFO: [ app_end ] --END-- [ RunTime:0.001000s ]

[ 2017-01-14T15:53:19+08:00 ] ::1 /thinkphp/wwwwww
INFO: [ app_init ] --START--
INFO: Run Behavior\BuildLiteBehavior [ RunTime:0.000000s ]
INFO: [ app_init ] --END-- [ RunTime:0.000000s ]
INFO: [ app_begin ] --START--
INFO: Run Behavior\ReadHtmlCacheBehavior [ RunTime:0.000000s ]
INFO: [ app_begin ] --END-- [ RunTime:0.000000s ]
ERR: 无法加载控制器:Wwwwww

[ 2017-01-14T15:53:19+08:00 ] ::1 /thinkphp/Public/images/title.png
INFO: [ app_init ] --START--
INFO: Run Behavior\BuildLiteBehavior [ RunTime:0.000000s ]
INFO: [ app_init ] --END-- [ RunTime:0.001000s ]

[ 2017-01-14T15:53:19+08:00 ] ::1 /thinkphp/22222222222222222222222
INFO: [ app_init ] --START--
INFO: Run Behavior\BuildLiteBehavior [ RunTime:0.000000s ]
INFO: [ app_init ] --END-- [ RunTime:0.001000s ]
INFO: [ app_begin ] --START--
INFO: Run Behavior\ReadHtmlCacheBehavior [ RunTime:0.001000s ]
INFO: [ app_begin ] --END-- [ RunTime:0.001000s ]
ERR: 无法加载控制器:22222222222222222222222

[ 2017-01-14T15:53:19+08:00 ] ::1 /thinkphp/231321321231
INFO: [ app_init ] --START--
INFO: Run Behavior\BuildLiteBehavior [ RunTime:0.000000s ]
INFO: [ app_init ] --END-- [ RunTime:0.000000s ]
INFO: [ app_begin ] --START--
INFO: Run Behavior\ReadHtmlCacheBehavior [ RunTime:0.001000s ]
INFO: [ app_begin ] --END-- [ RunTime:0.001000s ]
ERR: 无法加载控制器:231321321231

[ 2017-01-14T15:53:19+08:00 ] ::1 /thinkphp/images/1125cyz.png
INFO: [ app_init ] --START--
INFO: Run Behavior\BuildLiteBehavior [ RunTime:0.000000s ]
INFO: [ app_init ] --END-- [ RunTime:0.001000s ]

[ 2017-01-14T15:53:19+08:00 ] ::1 /thinkphp/images/1125xmppd.jpg
INFO: [ app_init ] --START--
INFO: Run Behavior\BuildLiteBehavior [ RunTime:0.000000s ]
INFO: [ app_init ] --END-- [ RunTime:0.000000s ]

[ 2017-01-14T15:53:19+08:00 ] ::1 /thinkphp/22222222222222222222222
INFO: [ app_init ] --START--
INFO: Run Behavior\BuildLiteBehavior [ RunTime:0.000000s ]
INFO: [ app_init ] --END-- [ RunTime:0.001000s ]
INFO: [ app_begin ] --START--
INFO: Run Behavior\ReadHtmlCacheBehavior [ RunTime:0.001000s ]
INFO: [ app_begin ] --END-- [ RunTime:0.001000s ]
ERR: 无法加载控制器:22222222222222222222222

[ 2017-01-14T15:53:19+08:00 ] ::1 /thinkphp/wwwwww
INFO: [ app_init ] --START--
INFO: Run Behavior\BuildLiteBehavior [ RunTime:0.000000s ]
INFO: [ app_init ] --END-- [ RunTime:0.000000s ]
INFO: [ app_begin ] --START--
INFO: Run Behavior\ReadHtmlCacheBehavior [ RunTime:0.000000s ]
INFO: [ app_begin ] --END-- [ RunTime:0.000000s ]
ERR: 无法加载控制器:Wwwwww

[ 2017-01-14T15:53:19+08:00 ] ::1 /thinkphp/Public/images/title.png
INFO: [ app_init ] --START--
INFO: Run Behavior\BuildLiteBehavior [ RunTime:0.000000s ]
INFO: [ app_init ] --END-- [ RunTime:0.000000s ]

[ 2017-01-14T15:53:19+08:00 ] ::1 /thinkphp/images/1125cyz.png
INFO: [ app_init ] --START--
INFO: Run Behavior\BuildLiteBehavior [ RunTime:0.000000s ]
INFO: [ app_init ] --END-- [ RunTime:0.000000s ]

[ 2017-01-14T15:53:19+08:00 ] ::1 /thinkphp/images/1125xmppd.jpg
INFO: [ app_init ] --START--
INFO: Run Behavior\BuildLiteBehavior [ RunTime:0.000000s ]
INFO: [ app_init ] --END-- [ RunTime:0.000000s ]

[ 2017-01-14T15:53:19+08:00 ] ::1 /thinkphp/231321321231
INFO: [ app_init ] --START--
INFO: Run Behavior\BuildLiteBehavior [ RunTime:0.000000s ]
INFO: [ app_init ] --END-- [ RunTime:0.000000s ]
INFO: [ app_begin ] --START--
INFO: Run Behavior\ReadHtmlCacheBehavior [ RunTime:0.001000s ]
INFO: [ app_begin ] --END-- [ RunTime:0.001000s ]
ERR: 无法加载控制器:231321321231

[ 2017-01-14T15:53:19+08:00 ] ::1 /thinkphp/index.php/Home/Index/getListJsonInfo/
INFO: [ app_init ] --START--
INFO: Run Behavior\BuildLiteBehavior [ RunTime:0.000000s ]
INFO: [ app_init ] --END-- [ RunTime:0.000000s ]
INFO: [ app_begin ] --START--
INFO: Run Behavior\ReadHtmlCacheBehavior [ RunTime:0.001000s ]
INFO: [ app_begin ] --END-- [ RunTime:0.001000s ]
NOTIC: [2] Missing argument 1 for I(), called in C:\xampp\htdocs\thinkphp\Application\Home\Controller\IndexController.class.php on line 35 and defined C:\xampp\htdocs\thinkphp\ThinkPHP\Common\functions.php 第 271 行.
NOTIC: [8] Undefined variable: name C:\xampp\htdocs\thinkphp\ThinkPHP\Common\functions.php 第 273 行.
NOTIC: [8] Undefined variable: name C:\xampp\htdocs\thinkphp\ThinkPHP\Common\functions.php 第 278 行.
NOTIC: [8] Undefined variable: name C:\xampp\htdocs\thinkphp\ThinkPHP\Common\functions.php 第 339 行.
SQL: SHOW COLUMNS FROM `xf_index_info` [ RunTime:0.0060s ]
SQL: SELECT * FROM `xf_index_info` WHERE ( sorts=4 ) ORDER BY creat_time desc  [ RunTime:0.0010s ]

[ 2017-01-14T15:53:20+08:00 ] ::1 /thinkphp/22222222222222222222222
INFO: [ app_init ] --START--
INFO: Run Behavior\BuildLiteBehavior [ RunTime:0.000000s ]
INFO: [ app_init ] --END-- [ RunTime:0.001000s ]
INFO: [ app_begin ] --START--
INFO: Run Behavior\ReadHtmlCacheBehavior [ RunTime:0.001000s ]
INFO: [ app_begin ] --END-- [ RunTime:0.001000s ]
ERR: 无法加载控制器:22222222222222222222222

[ 2017-01-14T15:53:20+08:00 ] ::1 /thinkphp/11111111111111111111
INFO: [ app_init ] --START--
INFO: Run Behavior\BuildLiteBehavior [ RunTime:0.000000s ]
INFO: [ app_init ] --END-- [ RunTime:0.000000s ]
INFO: [ app_begin ] --START--
INFO: Run Behavior\ReadHtmlCacheBehavior [ RunTime:0.000000s ]
INFO: [ app_begin ] --END-- [ RunTime:0.000000s ]
ERR: 无法加载控制器:11111111111111111111

[ 2017-01-14T15:53:21+08:00 ] ::1 /thinkphp/
INFO: [ app_init ] --START--
INFO: Run Behavior\BuildLiteBehavior [ RunTime:0.000000s ]
INFO: [ app_init ] --END-- [ RunTime:0.000000s ]
INFO: [ app_begin ] --START--
INFO: Run Behavior\ReadHtmlCacheBehavior [ RunTime:0.000000s ]
INFO: [ app_begin ] --END-- [ RunTime:0.000000s ]
SQL: SHOW COLUMNS FROM `xf_index_info` [ RunTime:0.0020s ]
SQL: SELECT * FROM `xf_index_info` WHERE ( sorts=0 )  [ RunTime:0.0010s ]
SQL: SELECT * FROM `xf_index_info` WHERE ( flag<20 AND flag>0 ) ORDER BY flag LIMIT 4   [ RunTime:0.0000s ]
SQL: SELECT * FROM `xf_index_info` WHERE ( flag>20 AND flag<30 ) ORDER BY flag LIMIT 4   [ RunTime:0.0010s ]
SQL: SELECT * FROM `xf_index_info` WHERE ( flag>30 ) ORDER BY flag LIMIT 4   [ RunTime:0.0000s ]
SQL: SELECT `name`,`aurl` FROM `xf_index_info` WHERE ( creat_time > '2017-01-07 15:53:21'AND sorts >0 ) LIMIT 11   [ RunTime:0.0000s ]
SQL: SELECT * FROM `xf_index_info` WHERE ( sorts =4 ) ORDER BY creat_time desc LIMIT 8   [ RunTime:0.0000s ]
SQL: SELECT * FROM `xf_index_info` WHERE ( sorts =5 ) ORDER BY creat_time desc LIMIT 8   [ RunTime:0.0000s ]
SQL: SELECT * FROM `xf_index_info` WHERE ( sorts =6 ) ORDER BY creat_time desc LIMIT 8   [ RunTime:0.0010s ]
SQL: SELECT * FROM `xf_index_info` WHERE ( sorts =7 ) ORDER BY creat_time desc LIMIT 8   [ RunTime:0.0000s ]
INFO: [ view_parse ] --START--
INFO: [ template_filter ] --START--
INFO: Run Behavior\ContentReplaceBehavior [ RunTime:0.000000s ]
INFO: [ template_filter ] --END-- [ RunTime:0.000000s ]
INFO: Run Behavior\ParseTemplateBehavior [ RunTime:0.010001s ]
INFO: [ view_parse ] --END-- [ RunTime:0.010001s ]
INFO: [ view_filter ] --START--
INFO: Run Behavior\WriteHtmlCacheBehavior [ RunTime:0.000000s ]
INFO: [ view_filter ] --END-- [ RunTime:0.001000s ]
INFO: [ app_end ] --START--
INFO: Run Behavior\ShowPageTraceBehavior [ RunTime:0.001000s ]
INFO: [ app_end ] --END-- [ RunTime:0.001000s ]

[ 2017-01-14T15:53:22+08:00 ] ::1 /thinkphp/wwwwww
INFO: [ app_init ] --START--
INFO: Run Behavior\BuildLiteBehavior [ RunTime:0.000000s ]
INFO: [ app_init ] --END-- [ RunTime:0.000000s ]
INFO: [ app_begin ] --START--
INFO: Run Behavior\ReadHtmlCacheBehavior [ RunTime:0.000000s ]
INFO: [ app_begin ] --END-- [ RunTime:0.000000s ]
ERR: 无法加载控制器:Wwwwww

[ 2017-01-14T15:53:22+08:00 ] ::1 /thinkphp/Public/images/title.png
INFO: [ app_init ] --START--
INFO: Run Behavior\BuildLiteBehavior [ RunTime:0.000000s ]
INFO: [ app_init ] --END-- [ RunTime:0.001000s ]

[ 2017-01-14T15:53:22+08:00 ] ::1 /thinkphp/22222222222222222222222
INFO: [ app_init ] --START--
INFO: Run Behavior\BuildLiteBehavior [ RunTime:0.000000s ]
INFO: [ app_init ] --END-- [ RunTime:0.001000s ]
INFO: [ app_begin ] --START--
INFO: Run Behavior\ReadHtmlCacheBehavior [ RunTime:0.000000s ]
INFO: [ app_begin ] --END-- [ RunTime:0.000000s ]
ERR: 无法加载控制器:22222222222222222222222

[ 2017-01-14T15:53:22+08:00 ] ::1 /thinkphp/231321321231
INFO: [ app_init ] --START--
INFO: Run Behavior\BuildLiteBehavior [ RunTime:0.000000s ]
INFO: [ app_init ] --END-- [ RunTime:0.001000s ]
INFO: [ app_begin ] --START--
INFO: Run Behavior\ReadHtmlCacheBehavior [ RunTime:0.001000s ]
INFO: [ app_begin ] --END-- [ RunTime:0.001000s ]
ERR: 无法加载控制器:231321321231

[ 2017-01-14T15:53:22+08:00 ] ::1 /thinkphp/images/1125cyz.png
INFO: [ app_init ] --START--
INFO: Run Behavior\BuildLiteBehavior [ RunTime:0.000000s ]
INFO: [ app_init ] --END-- [ RunTime:0.002000s ]

[ 2017-01-14T15:53:22+08:00 ] ::1 /thinkphp/images/1125xmppd.jpg
INFO: [ app_init ] --START--
INFO: Run Behavior\BuildLiteBehavior [ RunTime:0.000000s ]
INFO: [ app_init ] --END-- [ RunTime:0.000000s ]

[ 2017-01-14T15:53:22+08:00 ] ::1 /thinkphp/Public/images/title.png
INFO: [ app_init ] --START--
INFO: Run Behavior\BuildLiteBehavior [ RunTime:0.000000s ]
INFO: [ app_init ] --END-- [ RunTime:0.001000s ]

[ 2017-01-14T15:53:22+08:00 ] ::1 /thinkphp/wwwwww
INFO: [ app_init ] --START--
INFO: Run Behavior\BuildLiteBehavior [ RunTime:0.000000s ]
INFO: [ app_init ] --END-- [ RunTime:0.000000s ]
INFO: [ app_begin ] --START--
INFO: Run Behavior\ReadHtmlCacheBehavior [ RunTime:0.001000s ]
INFO: [ app_begin ] --END-- [ RunTime:0.002000s ]
ERR: 无法加载控制器:Wwwwww

[ 2017-01-14T15:53:22+08:00 ] ::1 /thinkphp/22222222222222222222222
INFO: [ app_init ] --START--
INFO: Run Behavior\BuildLiteBehavior [ RunTime:0.000000s ]
INFO: [ app_init ] --END-- [ RunTime:0.000000s ]
INFO: [ app_begin ] --START--
INFO: Run Behavior\ReadHtmlCacheBehavior [ RunTime:0.001000s ]
INFO: [ app_begin ] --END-- [ RunTime:0.001000s ]
ERR: 无法加载控制器:22222222222222222222222

[ 2017-01-14T15:53:22+08:00 ] ::1 /thinkphp/images/1125cyz.png
INFO: [ app_init ] --START--
INFO: Run Behavior\BuildLiteBehavior [ RunTime:0.000000s ]
INFO: [ app_init ] --END-- [ RunTime:0.000000s ]

[ 2017-01-14T15:53:22+08:00 ] ::1 /thinkphp/images/1125xmppd.jpg
INFO: [ app_init ] --START--
INFO: Run Behavior\BuildLiteBehavior [ RunTime:0.000000s ]
INFO: [ app_init ] --END-- [ RunTime:0.000000s ]

[ 2017-01-14T15:53:22+08:00 ] ::1 /thinkphp/231321321231
INFO: [ app_init ] --START--
INFO: Run Behavior\BuildLiteBehavior [ RunTime:0.000000s ]
INFO: [ app_init ] --END-- [ RunTime:0.000000s ]
INFO: [ app_begin ] --START--
INFO: Run Behavior\ReadHtmlCacheBehavior [ RunTime:0.001000s ]
INFO: [ app_begin ] --END-- [ RunTime:0.001000s ]
ERR: 无法加载控制器:231321321231

[ 2017-01-14T15:53:22+08:00 ] ::1 /thinkphp/index.php/Home/Index/getListJsonInfo/
INFO: [ app_init ] --START--
INFO: Run Behavior\BuildLiteBehavior [ RunTime:0.000000s ]
INFO: [ app_init ] --END-- [ RunTime:0.001001s ]
INFO: [ app_begin ] --START--
INFO: Run Behavior\ReadHtmlCacheBehavior [ RunTime:0.001000s ]
INFO: [ app_begin ] --END-- [ RunTime:0.001000s ]
NOTIC: [2] Missing argument 1 for I(), called in C:\xampp\htdocs\thinkphp\Application\Home\Controller\IndexController.class.php on line 35 and defined C:\xampp\htdocs\thinkphp\ThinkPHP\Common\functions.php 第 271 行.
NOTIC: [8] Undefined variable: name C:\xampp\htdocs\thinkphp\ThinkPHP\Common\functions.php 第 273 行.
NOTIC: [8] Undefined variable: name C:\xampp\htdocs\thinkphp\ThinkPHP\Common\functions.php 第 278 行.
NOTIC: [8] Undefined variable: name C:\xampp\htdocs\thinkphp\ThinkPHP\Common\functions.php 第 339 行.
SQL: SHOW COLUMNS FROM `xf_index_info` [ RunTime:0.0020s ]
SQL: SELECT * FROM `xf_index_info` WHERE ( sorts=4 ) ORDER BY creat_time desc  [ RunTime:0.0010s ]

[ 2017-01-14T15:53:22+08:00 ] ::1 /thinkphp/22222222222222222222222
INFO: [ app_init ] --START--
INFO: Run Behavior\BuildLiteBehavior [ RunTime:0.000000s ]
INFO: [ app_init ] --END-- [ RunTime:0.000000s ]
INFO: [ app_begin ] --START--
INFO: Run Behavior\ReadHtmlCacheBehavior [ RunTime:0.000000s ]
INFO: [ app_begin ] --END-- [ RunTime:0.000000s ]
ERR: 无法加载控制器:22222222222222222222222

[ 2017-01-14T15:53:22+08:00 ] ::1 /thinkphp/11111111111111111111
INFO: [ app_init ] --START--
INFO: Run Behavior\BuildLiteBehavior [ RunTime:0.000000s ]
INFO: [ app_init ] --END-- [ RunTime:0.000000s ]
INFO: [ app_begin ] --START--
INFO: Run Behavior\ReadHtmlCacheBehavior [ RunTime:0.001000s ]
INFO: [ app_begin ] --END-- [ RunTime:0.001000s ]
ERR: 无法加载控制器:11111111111111111111

[ 2017-01-14T15:53:49+08:00 ] ::1 /thinkphp/
INFO: [ app_init ] --START--
INFO: Run Behavior\BuildLiteBehavior [ RunTime:0.000000s ]
INFO: [ app_init ] --END-- [ RunTime:0.000000s ]
INFO: [ app_begin ] --START--
INFO: Run Behavior\ReadHtmlCacheBehavior [ RunTime:0.001000s ]
INFO: [ app_begin ] --END-- [ RunTime:0.001000s ]
SQL: SHOW COLUMNS FROM `xf_index_info` [ RunTime:0.0020s ]
SQL: SELECT * FROM `xf_index_info` WHERE ( sorts=0 )  [ RunTime:0.0000s ]
SQL: SELECT * FROM `xf_index_info` WHERE ( flag<20 AND flag>0 ) ORDER BY flag LIMIT 4   [ RunTime:0.0010s ]
SQL: SELECT * FROM `xf_index_info` WHERE ( flag>20 AND flag<30 ) ORDER BY flag LIMIT 4   [ RunTime:0.0000s ]
SQL: SELECT * FROM `xf_index_info` WHERE ( flag>30 ) ORDER BY flag LIMIT 4   [ RunTime:0.0000s ]
SQL: SELECT `name`,`aurl` FROM `xf_index_info` WHERE ( creat_time > '2017-01-07 15:53:49'AND sorts >0 ) LIMIT 11   [ RunTime:0.0010s ]
SQL: SELECT * FROM `xf_index_info` WHERE ( sorts =4 ) ORDER BY creat_time desc LIMIT 8   [ RunTime:0.0000s ]
SQL: SELECT * FROM `xf_index_info` WHERE ( sorts =5 ) ORDER BY creat_time desc LIMIT 8   [ RunTime:0.0000s ]
SQL: SELECT * FROM `xf_index_info` WHERE ( sorts =6 ) ORDER BY creat_time desc LIMIT 8   [ RunTime:0.0010s ]
SQL: SELECT * FROM `xf_index_info` WHERE ( sorts =7 ) ORDER BY creat_time desc LIMIT 8   [ RunTime:0.0000s ]
INFO: [ view_parse ] --START--
INFO: [ template_filter ] --START--
INFO: Run Behavior\ContentReplaceBehavior [ RunTime:0.000000s ]
INFO: [ template_filter ] --END-- [ RunTime:0.000000s ]
INFO: Run Behavior\ParseTemplateBehavior [ RunTime:0.012001s ]
INFO: [ view_parse ] --END-- [ RunTime:0.012001s ]
INFO: [ view_filter ] --START--
INFO: Run Behavior\WriteHtmlCacheBehavior [ RunTime:0.000000s ]
INFO: [ view_filter ] --END-- [ RunTime:0.000000s ]
INFO: [ app_end ] --START--
INFO: Run Behavior\ShowPageTraceBehavior [ RunTime:0.001000s ]
INFO: [ app_end ] --END-- [ RunTime:0.001000s ]

[ 2017-01-14T15:53:49+08:00 ] ::1 /thinkphp/22222222222222222222222
INFO: [ app_init ] --START--
INFO: Run Behavior\BuildLiteBehavior [ RunTime:0.000000s ]
INFO: [ app_init ] --END-- [ RunTime:0.001001s ]
INFO: [ app_begin ] --START--
INFO: Run Behavior\ReadHtmlCacheBehavior [ RunTime:0.000000s ]
INFO: [ app_begin ] --END-- [ RunTime:0.001000s ]
ERR: 无法加载控制器:22222222222222222222222

[ 2017-01-14T15:53:49+08:00 ] ::1 /thinkphp/Public/images/title.png
INFO: [ app_init ] --START--
INFO: Run Behavior\BuildLiteBehavior [ RunTime:0.000000s ]
INFO: [ app_init ] --END-- [ RunTime:0.001000s ]

[ 2017-01-14T15:53:49+08:00 ] ::1 /thinkphp/231321321231
INFO: [ app_init ] --START--
INFO: Run Behavior\BuildLiteBehavior [ RunTime:0.000000s ]
INFO: [ app_init ] --END-- [ RunTime:0.001000s ]
INFO: [ app_begin ] --START--
INFO: Run Behavior\ReadHtmlCacheBehavior [ RunTime:0.000000s ]
INFO: [ app_begin ] --END-- [ RunTime:0.000000s ]
ERR: 无法加载控制器:231321321231

[ 2017-01-14T15:53:49+08:00 ] ::1 /thinkphp/images/1125xmppd.jpg
INFO: [ app_init ] --START--
INFO: Run Behavior\BuildLiteBehavior [ RunTime:0.000000s ]
INFO: [ app_init ] --END-- [ RunTime:0.000000s ]

[ 2017-01-14T15:53:49+08:00 ] ::1 /thinkphp/images/1125cyz.png
INFO: [ app_init ] --START--
INFO: Run Behavior\BuildLiteBehavior [ RunTime:0.000000s ]
INFO: [ app_init ] --END-- [ RunTime:0.000000s ]

[ 2017-01-14T15:53:49+08:00 ] ::1 /thinkphp/Public/images/title.png
INFO: [ app_init ] --START--
INFO: Run Behavior\BuildLiteBehavior [ RunTime:0.000000s ]
INFO: [ app_init ] --END-- [ RunTime:0.000000s ]

[ 2017-01-14T15:53:49+08:00 ] ::1 /thinkphp/22222222222222222222222
INFO: [ app_init ] --START--
INFO: Run Behavior\BuildLiteBehavior [ RunTime:0.000000s ]
INFO: [ app_init ] --END-- [ RunTime:0.001000s ]
INFO: [ app_begin ] --START--
INFO: Run Behavior\ReadHtmlCacheBehavior [ RunTime:0.001001s ]
INFO: [ app_begin ] --END-- [ RunTime:0.001001s ]
ERR: 无法加载控制器:22222222222222222222222

[ 2017-01-14T15:53:49+08:00 ] ::1 /thinkphp/231321321231
INFO: [ app_init ] --START--
INFO: Run Behavior\BuildLiteBehavior [ RunTime:0.000000s ]
INFO: [ app_init ] --END-- [ RunTime:0.001000s ]
INFO: [ app_begin ] --START--
INFO: Run Behavior\ReadHtmlCacheBehavior [ RunTime:0.001000s ]
INFO: [ app_begin ] --END-- [ RunTime:0.001000s ]
ERR: 无法加载控制器:231321321231

[ 2017-01-14T15:53:49+08:00 ] ::1 /thinkphp/index.php/Home/Index/getListJsonInfo/
INFO: [ app_init ] --START--
INFO: Run Behavior\BuildLiteBehavior [ RunTime:0.000000s ]
INFO: [ app_init ] --END-- [ RunTime:0.000000s ]
INFO: [ app_begin ] --START--
INFO: Run Behavior\ReadHtmlCacheBehavior [ RunTime:0.001000s ]
INFO: [ app_begin ] --END-- [ RunTime:0.001000s ]
NOTIC: [2] Missing argument 1 for I(), called in C:\xampp\htdocs\thinkphp\Application\Home\Controller\IndexController.class.php on line 35 and defined C:\xampp\htdocs\thinkphp\ThinkPHP\Common\functions.php 第 271 行.
NOTIC: [8] Undefined variable: name C:\xampp\htdocs\thinkphp\ThinkPHP\Common\functions.php 第 273 行.
NOTIC: [8] Undefined variable: name C:\xampp\htdocs\thinkphp\ThinkPHP\Common\functions.php 第 278 行.
NOTIC: [8] Undefined variable: name C:\xampp\htdocs\thinkphp\ThinkPHP\Common\functions.php 第 339 行.
SQL: SHOW COLUMNS FROM `xf_index_info` [ RunTime:0.0020s ]
SQL: SELECT * FROM `xf_index_info` WHERE ( sorts=4 ) ORDER BY creat_time desc  [ RunTime:0.0010s ]

[ 2017-01-14T15:53:50+08:00 ] ::1 /thinkphp/22222222222222222222222
INFO: [ app_init ] --START--
INFO: Run Behavior\BuildLiteBehavior [ RunTime:0.000000s ]
INFO: [ app_init ] --END-- [ RunTime:0.000000s ]
INFO: [ app_begin ] --START--
INFO: Run Behavior\ReadHtmlCacheBehavior [ RunTime:0.001000s ]
INFO: [ app_begin ] --END-- [ RunTime:0.001000s ]
ERR: 无法加载控制器:22222222222222222222222

[ 2017-01-14T15:53:50+08:00 ] ::1 /thinkphp/11111111111111111111
INFO: [ app_init ] --START--
INFO: Run Behavior\BuildLiteBehavior [ RunTime:0.000000s ]
INFO: [ app_init ] --END-- [ RunTime:0.000000s ]
INFO: [ app_begin ] --START--
INFO: Run Behavior\ReadHtmlCacheBehavior [ RunTime:0.000000s ]
INFO: [ app_begin ] --END-- [ RunTime:0.000000s ]
ERR: 无法加载控制器:11111111111111111111

[ 2017-01-14T15:53:50+08:00 ] ::1 /thinkphp/
INFO: [ app_init ] --START--
INFO: Run Behavior\BuildLiteBehavior [ RunTime:0.000000s ]
INFO: [ app_init ] --END-- [ RunTime:0.000000s ]
INFO: [ app_begin ] --START--
INFO: Run Behavior\ReadHtmlCacheBehavior [ RunTime:0.001000s ]
INFO: [ app_begin ] --END-- [ RunTime:0.001000s ]
SQL: SHOW COLUMNS FROM `xf_index_info` [ RunTime:0.0030s ]
SQL: SELECT * FROM `xf_index_info` WHERE ( sorts=0 )  [ RunTime:0.0000s ]
SQL: SELECT * FROM `xf_index_info` WHERE ( flag<20 AND flag>0 ) ORDER BY flag LIMIT 4   [ RunTime:0.0010s ]
SQL: SELECT * FROM `xf_index_info` WHERE ( flag>20 AND flag<30 ) ORDER BY flag LIMIT 4   [ RunTime:0.0000s ]
SQL: SELECT * FROM `xf_index_info` WHERE ( flag>30 ) ORDER BY flag LIMIT 4   [ RunTime:0.0000s ]
SQL: SELECT `name`,`aurl` FROM `xf_index_info` WHERE ( creat_time > '2017-01-07 15:53:50'AND sorts >0 ) LIMIT 11   [ RunTime:0.0010s ]
SQL: SELECT * FROM `xf_index_info` WHERE ( sorts =4 ) ORDER BY creat_time desc LIMIT 8   [ RunTime:0.0000s ]
SQL: SELECT * FROM `xf_index_info` WHERE ( sorts =5 ) ORDER BY creat_time desc LIMIT 8   [ RunTime:0.0000s ]
SQL: SELECT * FROM `xf_index_info` WHERE ( sorts =6 ) ORDER BY creat_time desc LIMIT 8   [ RunTime:0.0010s ]
SQL: SELECT * FROM `xf_index_info` WHERE ( sorts =7 ) ORDER BY creat_time desc LIMIT 8   [ RunTime:0.0000s ]
INFO: [ view_parse ] --START--
INFO: [ template_filter ] --START--
INFO: Run Behavior\ContentReplaceBehavior [ RunTime:0.001000s ]
INFO: [ template_filter ] --END-- [ RunTime:0.001000s ]
INFO: Run Behavior\ParseTemplateBehavior [ RunTime:0.011000s ]
INFO: [ view_parse ] --END-- [ RunTime:0.012000s ]
INFO: [ view_filter ] --START--
INFO: Run Behavior\WriteHtmlCacheBehavior [ RunTime:0.000000s ]
INFO: [ view_filter ] --END-- [ RunTime:0.000000s ]
INFO: [ app_end ] --START--
INFO: Run Behavior\ShowPageTraceBehavior [ RunTime:0.000000s ]
INFO: [ app_end ] --END-- [ RunTime:0.001000s ]

[ 2017-01-14T15:53:50+08:00 ] ::1 /thinkphp/Public/images/title.png
INFO: [ app_init ] --START--
INFO: Run Behavior\BuildLiteBehavior [ RunTime:0.000000s ]
INFO: [ app_init ] --END-- [ RunTime:0.000000s ]

[ 2017-01-14T15:53:50+08:00 ] ::1 /thinkphp/22222222222222222222222
INFO: [ app_init ] --START--
INFO: Run Behavior\BuildLiteBehavior [ RunTime:0.000000s ]
INFO: [ app_init ] --END-- [ RunTime:0.000000s ]
INFO: [ app_begin ] --START--
INFO: Run Behavior\ReadHtmlCacheBehavior [ RunTime:0.000000s ]
INFO: [ app_begin ] --END-- [ RunTime:0.000000s ]
ERR: 无法加载控制器:22222222222222222222222

[ 2017-01-14T15:53:50+08:00 ] ::1 /thinkphp/231321321231
INFO: [ app_init ] --START--
INFO: Run Behavior\BuildLiteBehavior [ RunTime:0.000000s ]
INFO: [ app_init ] --END-- [ RunTime:0.000000s ]
INFO: [ app_begin ] --START--
INFO: Run Behavior\ReadHtmlCacheBehavior [ RunTime:0.000000s ]
INFO: [ app_begin ] --END-- [ RunTime:0.000000s ]
ERR: 无法加载控制器:231321321231

[ 2017-01-14T15:53:50+08:00 ] ::1 /thinkphp/images/1125xmppd.jpg
INFO: [ app_init ] --START--
INFO: Run Behavior\BuildLiteBehavior [ RunTime:0.000000s ]
INFO: [ app_init ] --END-- [ RunTime:0.001000s ]

[ 2017-01-14T15:53:50+08:00 ] ::1 /thinkphp/images/1125cyz.png
INFO: [ app_init ] --START--
INFO: Run Behavior\BuildLiteBehavior [ RunTime:0.000000s ]
INFO: [ app_init ] --END-- [ RunTime:0.000000s ]

[ 2017-01-14T15:53:51+08:00 ] ::1 /thinkphp/Public/images/title.png
INFO: [ app_init ] --START--
INFO: Run Behavior\BuildLiteBehavior [ RunTime:0.000000s ]
INFO: [ app_init ] --END-- [ RunTime:0.000000s ]

[ 2017-01-14T15:53:51+08:00 ] ::1 /thinkphp/22222222222222222222222
INFO: [ app_init ] --START--
INFO: Run Behavior\BuildLiteBehavior [ RunTime:0.000000s ]
INFO: [ app_init ] --END-- [ RunTime:0.000000s ]
INFO: [ app_begin ] --START--
INFO: Run Behavior\ReadHtmlCacheBehavior [ RunTime:0.001000s ]
INFO: [ app_begin ] --END-- [ RunTime:0.001000s ]
ERR: 无法加载控制器:22222222222222222222222

[ 2017-01-14T15:53:51+08:00 ] ::1 /thinkphp/index.php/Home/Index/getListJsonInfo/
INFO: [ app_init ] --START--
INFO: Run Behavior\BuildLiteBehavior [ RunTime:0.000000s ]
INFO: [ app_init ] --END-- [ RunTime:0.001000s ]
INFO: [ app_begin ] --START--
INFO: Run Behavior\ReadHtmlCacheBehavior [ RunTime:0.001000s ]
INFO: [ app_begin ] --END-- [ RunTime:0.001000s ]
NOTIC: [2] Missing argument 1 for I(), called in C:\xampp\htdocs\thinkphp\Application\Home\Controller\IndexController.class.php on line 35 and defined C:\xampp\htdocs\thinkphp\ThinkPHP\Common\functions.php 第 271 行.
NOTIC: [8] Undefined variable: name C:\xampp\htdocs\thinkphp\ThinkPHP\Common\functions.php 第 273 行.
NOTIC: [8] Undefined variable: name C:\xampp\htdocs\thinkphp\ThinkPHP\Common\functions.php 第 278 行.
NOTIC: [8] Undefined variable: name C:\xampp\htdocs\thinkphp\ThinkPHP\Common\functions.php 第 339 行.
SQL: SHOW COLUMNS FROM `xf_index_info` [ RunTime:0.0020s ]
SQL: SELECT * FROM `xf_index_info` WHERE ( sorts=4 ) ORDER BY creat_time desc  [ RunTime:0.0010s ]

[ 2017-01-14T15:53:51+08:00 ] ::1 /thinkphp/22222222222222222222222
INFO: [ app_init ] --START--
INFO: Run Behavior\BuildLiteBehavior [ RunTime:0.000000s ]
INFO: [ app_init ] --END-- [ RunTime:0.000000s ]
INFO: [ app_begin ] --START--
INFO: Run Behavior\ReadHtmlCacheBehavior [ RunTime:0.001000s ]
INFO: [ app_begin ] --END-- [ RunTime:0.001000s ]
ERR: 无法加载控制器:22222222222222222222222

[ 2017-01-14T15:53:51+08:00 ] ::1 /thinkphp/11111111111111111111
INFO: [ app_init ] --START--
INFO: Run Behavior\BuildLiteBehavior [ RunTime:0.000000s ]
INFO: [ app_init ] --END-- [ RunTime:0.000000s ]
INFO: [ app_begin ] --START--
INFO: Run Behavior\ReadHtmlCacheBehavior [ RunTime:0.000000s ]
INFO: [ app_begin ] --END-- [ RunTime:0.000000s ]
ERR: 无法加载控制器:11111111111111111111

[ 2017-01-14T16:05:34+08:00 ] ::1 /thinkphp/thinkphp/Uploads/ico/20170114154934.jpg
INFO: [ app_init ] --START--
INFO: Run Behavior\BuildLiteBehavior [ RunTime:0.000000s ]
INFO: [ app_init ] --END-- [ RunTime:0.001000s ]

[ 2017-01-14T16:05:53+08:00 ] ::1 /thinkphp/Uploads/ico/20170114154934.jpg
INFO: [ app_init ] --START--
INFO: Run Behavior\BuildLiteBehavior [ RunTime:0.000000s ]
INFO: [ app_init ] --END-- [ RunTime:0.000000s ]

