[ 2017-02-17T09:43:01+08:00 ] ::1 /thinkphp/wechat/Index/dologin
INFO: [ app_init ] --START--
INFO: Run Behavior\BuildLiteBehavior [ RunTime:0.000000s ]
INFO: [ app_init ] --END-- [ RunTime:0.005000s ]
INFO: [ app_begin ] --START--
INFO: Run Behavior\ReadHtmlCacheBehavior [ RunTime:0.002000s ]
INFO: [ app_begin ] --END-- [ RunTime:0.002000s ]
SQL: SHOW COLUMNS FROM `xf_auth` [ RunTime:0.0120s ]
SQL: SHOW COLUMNS FROM `xf_verify` [ RunTime:0.0090s ]
SQL: SELECT * FROM `xf_auth` LIMIT 1   [ RunTime:0.0000s ]
SQL: SELECT * FROM `xf_verify` LIMIT 1   [ RunTime:0.0000s ]
NOTIC: [2] curl_getinfo(): 29 is not a valid cURL handle resource C:\xampp\htdocs\thinkphp\Application\Wechat\Controller\IndexController.class.php 第 90 行.
NOTIC: [8] Undefined property: stdClass::$pre_auth_code C:\xampp\htdocs\thinkphp\Application\Wechat\Controller\IndexController.class.php 第 53 行.
SQL: UPDATE `xf_auth` SET `id`='1',`pre_auth_code`=NULL,`expires_in`='1800',`time`='2017-02-17 09:43:01' WHERE ( id=1 ) [ RunTime:0.0020s ]
NOTIC: [8] Undefined property: stdClass::$pre_auth_code C:\xampp\htdocs\thinkphp\Application\Wechat\Controller\IndexController.class.php 第 57 行.

[ 2017-02-17T14:26:25+08:00 ] ::1 /thinkphp/wechat/info
INFO: [ app_init ] --START--
INFO: Run Behavior\BuildLiteBehavior [ RunTime:0.000000s ]
INFO: [ app_init ] --END-- [ RunTime:0.000000s ]
INFO: [ app_begin ] --START--
INFO: Run Behavior\ReadHtmlCacheBehavior [ RunTime:0.001000s ]
INFO: [ app_begin ] --END-- [ RunTime:0.001000s ]
NOTIC: [2] DOMDocument::loadXML(): Empty string supplied as input C:\xampp\htdocs\thinkphp\Application\Wechat\Controller\InfoController.class.php 第 30 行.
NOTIC: [8] Trying to get property of non-object C:\xampp\htdocs\thinkphp\Application\Wechat\Controller\InfoController.class.php 第 32 行.
INFO: [ app_end ] --START--
INFO: Run Behavior\ShowPageTraceBehavior [ RunTime:0.000000s ]
INFO: [ app_end ] --END-- [ RunTime:0.000000s ]

[ 2017-02-17T14:31:31+08:00 ] ::1 /thinkphp/wechat/info/&appid=wxddsadda
INFO: [ app_init ] --START--
INFO: Run Behavior\BuildLiteBehavior [ RunTime:0.000000s ]
INFO: [ app_init ] --END-- [ RunTime:0.000000s ]
INFO: [ app_begin ] --START--
INFO: Run Behavior\ReadHtmlCacheBehavior [ RunTime:0.001000s ]
INFO: [ app_begin ] --END-- [ RunTime:0.001000s ]
ERR: 非法操作:&appid=wxddsadda

[ 2017-02-17T14:31:42+08:00 ] ::1 /thinkphp/wechat/info&appid=wxddsadda
INFO: [ app_init ] --START--
INFO: Run Behavior\BuildLiteBehavior [ RunTime:0.000000s ]
INFO: [ app_init ] --END-- [ RunTime:0.000000s ]
INFO: [ app_begin ] --START--
INFO: Run Behavior\ReadHtmlCacheBehavior [ RunTime:0.000000s ]
INFO: [ app_begin ] --END-- [ RunTime:0.000000s ]
ERR: 无法加载控制器:Info&appid=wxddsadda

[ 2017-02-17T14:32:06+08:00 ] ::1 /thinkphp/wechat/info&appid=wxddsadda
INFO: [ app_init ] --START--
INFO: Run Behavior\BuildLiteBehavior [ RunTime:0.000000s ]
INFO: [ app_init ] --END-- [ RunTime:0.000000s ]
INFO: [ app_begin ] --START--
INFO: Run Behavior\ReadHtmlCacheBehavior [ RunTime:0.000000s ]
INFO: [ app_begin ] --END-- [ RunTime:0.000000s ]
ERR: 无法加载控制器:Info&appid=wxddsadda

[ 2017-02-17T14:32:13+08:00 ] ::1 /thinkphp/wechat/info/&appid=wxddsadda
INFO: [ app_init ] --START--
INFO: Run Behavior\BuildLiteBehavior [ RunTime:0.000000s ]
INFO: [ app_init ] --END-- [ RunTime:0.000000s ]
INFO: [ app_begin ] --START--
INFO: Run Behavior\ReadHtmlCacheBehavior [ RunTime:0.000000s ]
INFO: [ app_begin ] --END-- [ RunTime:0.000000s ]
ERR: 非法操作:&appid=wxddsadda

[ 2017-02-17T14:32:53+08:00 ] ::1 /thinkphp/wechat/info?&appid=wxddsadda
INFO: [ app_init ] --START--
INFO: Run Behavior\BuildLiteBehavior [ RunTime:0.000000s ]
INFO: [ app_init ] --END-- [ RunTime:0.000000s ]
INFO: [ app_begin ] --START--
INFO: Run Behavior\ReadHtmlCacheBehavior [ RunTime:0.000000s ]
INFO: [ app_begin ] --END-- [ RunTime:0.000000s ]
NOTIC: [2] DOMDocument::loadXML(): Empty string supplied as input C:\xampp\htdocs\thinkphp\Application\Wechat\Controller\InfoController.class.php 第 30 行.
NOTIC: [8] Trying to get property of non-object C:\xampp\htdocs\thinkphp\Application\Wechat\Controller\InfoController.class.php 第 32 行.
INFO: [ app_end ] --START--
INFO: Run Behavior\ShowPageTraceBehavior [ RunTime:0.000000s ]
INFO: [ app_end ] --END-- [ RunTime:0.000000s ]

[ 2017-02-17T14:33:35+08:00 ] ::1 /thinkphp/wechat/info?appid=wxddsadda
INFO: [ app_init ] --START--
INFO: Run Behavior\BuildLiteBehavior [ RunTime:0.000000s ]
INFO: [ app_init ] --END-- [ RunTime:0.000000s ]
INFO: [ app_begin ] --START--
INFO: Run Behavior\ReadHtmlCacheBehavior [ RunTime:0.000000s ]
INFO: [ app_begin ] --END-- [ RunTime:0.000000s ]
NOTIC: [2] DOMDocument::loadXML(): Empty string supplied as input C:\xampp\htdocs\thinkphp\Application\Wechat\Controller\InfoController.class.php 第 30 行.
NOTIC: [8] Trying to get property of non-object C:\xampp\htdocs\thinkphp\Application\Wechat\Controller\InfoController.class.php 第 32 行.
INFO: [ app_end ] --START--
INFO: Run Behavior\ShowPageTraceBehavior [ RunTime:0.001000s ]
INFO: [ app_end ] --END-- [ RunTime:0.001000s ]

[ 2017-02-17T16:29:41+08:00 ] ::1 /thinkphp/wechat/info/accept
INFO: [ app_init ] --START--
INFO: Run Behavior\BuildLiteBehavior [ RunTime:0.000000s ]
INFO: [ app_init ] --END-- [ RunTime:0.000000s ]
INFO: [ app_begin ] --START--
INFO: Run Behavior\ReadHtmlCacheBehavior [ RunTime:0.000000s ]
INFO: [ app_begin ] --END-- [ RunTime:0.000000s ]
INFO: [ app_end ] --START--
INFO: Run Behavior\ShowPageTraceBehavior [ RunTime:0.001000s ]
INFO: [ app_end ] --END-- [ RunTime:0.001000s ]

[ 2017-02-17T17:06:37+08:00 ] ::1 /thinkphp/wechat/info/test
INFO: [ app_init ] --START--
INFO: Run Behavior\BuildLiteBehavior [ RunTime:0.000000s ]
INFO: [ app_init ] --END-- [ RunTime:0.001000s ]
INFO: [ app_begin ] --START--
INFO: Run Behavior\ReadHtmlCacheBehavior [ RunTime:0.001000s ]
INFO: [ app_begin ] --END-- [ RunTime:0.001000s ]
SQL: SHOW COLUMNS FROM `xf_authorization` [ RunTime:0.0050s ]
SQL: SELECT `authorizer_access_token` FROM `xf_authorization` LIMIT 1   [ RunTime:0.0010s ]
NOTIC: [2] curl_setopt(): You must pass either an object or an array with the CURLOPT_HTTPHEADER argument C:\xampp\htdocs\thinkphp\Application\Wechat\Controller\InfoController.class.php 第 145 行.
NOTIC: [2] curl_getinfo(): 29 is not a valid cURL handle resource C:\xampp\htdocs\thinkphp\Application\Wechat\Controller\InfoController.class.php 第 152 行.
NOTIC: [8] Undefined property: stdClass::$media C:\xampp\htdocs\thinkphp\Application\Wechat\Controller\InfoController.class.php 第 116 行.
INFO: [ app_end ] --START--
INFO: Run Behavior\ShowPageTraceBehavior [ RunTime:0.001000s ]
INFO: [ app_end ] --END-- [ RunTime:0.001000s ]

[ 2017-02-17T17:06:43+08:00 ] ::1 /thinkphp/wechat/info/test
INFO: [ app_init ] --START--
INFO: Run Behavior\BuildLiteBehavior [ RunTime:0.000000s ]
INFO: [ app_init ] --END-- [ RunTime:0.000000s ]
INFO: [ app_begin ] --START--
INFO: Run Behavior\ReadHtmlCacheBehavior [ RunTime:0.001000s ]
INFO: [ app_begin ] --END-- [ RunTime:0.001000s ]
SQL: SHOW COLUMNS FROM `xf_authorization` [ RunTime:0.0030s ]
SQL: SELECT `authorizer_access_token` FROM `xf_authorization` LIMIT 1   [ RunTime:0.0000s ]
NOTIC: [2] curl_setopt(): You must pass either an object or an array with the CURLOPT_HTTPHEADER argument C:\xampp\htdocs\thinkphp\Application\Wechat\Controller\InfoController.class.php 第 145 行.
NOTIC: [2] curl_getinfo(): 29 is not a valid cURL handle resource C:\xampp\htdocs\thinkphp\Application\Wechat\Controller\InfoController.class.php 第 152 行.
NOTIC: [8] Undefined property: stdClass::$media C:\xampp\htdocs\thinkphp\Application\Wechat\Controller\InfoController.class.php 第 116 行.
INFO: [ app_end ] --START--
INFO: Run Behavior\ShowPageTraceBehavior [ RunTime:0.000000s ]
INFO: [ app_end ] --END-- [ RunTime:0.000000s ]

[ 2017-02-17T17:07:45+08:00 ] ::1 /thinkphp/wechat/info/test
INFO: [ app_init ] --START--
INFO: Run Behavior\BuildLiteBehavior [ RunTime:0.000000s ]
INFO: [ app_init ] --END-- [ RunTime:0.000000s ]
INFO: [ app_begin ] --START--
INFO: Run Behavior\ReadHtmlCacheBehavior [ RunTime:0.000000s ]
INFO: [ app_begin ] --END-- [ RunTime:0.000000s ]
NOTIC: [2] curl_setopt(): You must pass either an object or an array with the CURLOPT_HTTPHEADER argument C:\xampp\htdocs\thinkphp\Application\Wechat\Controller\InfoController.class.php 第 118 行.
INFO: [ app_end ] --START--
INFO: Run Behavior\ShowPageTraceBehavior [ RunTime:0.001000s ]
INFO: [ app_end ] --END-- [ RunTime:0.001000s ]

[ 2017-02-17T17:08:54+08:00 ] ::1 /thinkphp/wechat/info/test
INFO: [ app_init ] --START--
INFO: Run Behavior\BuildLiteBehavior [ RunTime:0.000000s ]
INFO: [ app_init ] --END-- [ RunTime:0.001000s ]
INFO: [ app_begin ] --START--
INFO: Run Behavior\ReadHtmlCacheBehavior [ RunTime:0.001000s ]
INFO: [ app_begin ] --END-- [ RunTime:0.001000s ]
SQL: SHOW COLUMNS FROM `xf_authorization` [ RunTime:0.0020s ]
SQL: SELECT `authorizer_access_token` FROM `xf_authorization` LIMIT 1   [ RunTime:0.0000s ]
NOTIC: [2] curl_setopt(): You must pass either an object or an array with the CURLOPT_HTTPHEADER argument C:\xampp\htdocs\thinkphp\Application\Wechat\Controller\InfoController.class.php 第 159 行.
NOTIC: [2] curl_getinfo(): 29 is not a valid cURL handle resource C:\xampp\htdocs\thinkphp\Application\Wechat\Controller\InfoController.class.php 第 166 行.
NOTIC: [8] Undefined property: stdClass::$media C:\xampp\htdocs\thinkphp\Application\Wechat\Controller\InfoController.class.php 第 130 行.
INFO: [ app_end ] --START--
INFO: Run Behavior\ShowPageTraceBehavior [ RunTime:0.000000s ]
INFO: [ app_end ] --END-- [ RunTime:0.000000s ]

[ 2017-02-17T17:10:25+08:00 ] ::1 /thinkphp/wechat/info/test
INFO: [ app_init ] --START--
INFO: Run Behavior\BuildLiteBehavior [ RunTime:0.000000s ]
INFO: [ app_init ] --END-- [ RunTime:0.000000s ]
INFO: [ app_begin ] --START--
INFO: Run Behavior\ReadHtmlCacheBehavior [ RunTime:0.000000s ]
INFO: [ app_begin ] --END-- [ RunTime:0.000000s ]
SQL: SHOW COLUMNS FROM `xf_authorization` [ RunTime:0.0020s ]
SQL: SELECT `authorizer_access_token` FROM `xf_authorization` LIMIT 1   [ RunTime:0.0000s ]
NOTIC: [2] curl_setopt(): You must pass either an object or an array with the CURLOPT_HTTPHEADER argument C:\xampp\htdocs\thinkphp\Application\Wechat\Controller\InfoController.class.php 第 160 行.
NOTIC: [2] curl_getinfo(): 29 is not a valid cURL handle resource C:\xampp\htdocs\thinkphp\Application\Wechat\Controller\InfoController.class.php 第 167 行.
NOTIC: [8] Undefined property: stdClass::$media C:\xampp\htdocs\thinkphp\Application\Wechat\Controller\InfoController.class.php 第 131 行.
INFO: [ app_end ] --START--
INFO: Run Behavior\ShowPageTraceBehavior [ RunTime:0.000000s ]
INFO: [ app_end ] --END-- [ RunTime:0.001000s ]

[ 2017-02-17T17:12:53+08:00 ] ::1 /thinkphp/wechat/info/test
INFO: [ app_init ] --START--
INFO: Run Behavior\BuildLiteBehavior [ RunTime:0.000000s ]
INFO: [ app_init ] --END-- [ RunTime:0.000000s ]
INFO: [ app_begin ] --START--
INFO: Run Behavior\ReadHtmlCacheBehavior [ RunTime:0.000000s ]
INFO: [ app_begin ] --END-- [ RunTime:0.000000s ]
SQL: SHOW COLUMNS FROM `xf_authorization` [ RunTime:0.0020s ]
SQL: SELECT `authorizer_access_token` FROM `xf_authorization` LIMIT 1   [ RunTime:0.0000s ]
NOTIC: [2] curl_setopt(): You must pass either an object or an array with the CURLOPT_HTTPHEADER argument C:\xampp\htdocs\thinkphp\Application\Wechat\Controller\InfoController.class.php 第 160 行.
NOTIC: [2] curl_getinfo(): 29 is not a valid cURL handle resource C:\xampp\htdocs\thinkphp\Application\Wechat\Controller\InfoController.class.php 第 167 行.
NOTIC: [8] Undefined property: stdClass::$media C:\xampp\htdocs\thinkphp\Application\Wechat\Controller\InfoController.class.php 第 131 行.
INFO: [ app_end ] --START--
INFO: Run Behavior\ShowPageTraceBehavior [ RunTime:0.001000s ]
INFO: [ app_end ] --END-- [ RunTime:0.001000s ]

[ 2017-02-17T17:14:10+08:00 ] ::1 /thinkphp/wechat/info/test
INFO: [ app_init ] --START--
INFO: Run Behavior\BuildLiteBehavior [ RunTime:0.000000s ]
INFO: [ app_init ] --END-- [ RunTime:0.001000s ]
INFO: [ app_begin ] --START--
INFO: Run Behavior\ReadHtmlCacheBehavior [ RunTime:0.001000s ]
INFO: [ app_begin ] --END-- [ RunTime:0.001000s ]
SQL: SHOW COLUMNS FROM `xf_authorization` [ RunTime:0.0020s ]
SQL: SELECT `authorizer_access_token` FROM `xf_authorization` LIMIT 1   [ RunTime:0.0000s ]
NOTIC: [2] curl_setopt(): You must pass either an object or an array with the CURLOPT_HTTPHEADER argument C:\xampp\htdocs\thinkphp\Application\Wechat\Controller\InfoController.class.php 第 161 行.
NOTIC: [2] curl_getinfo(): 29 is not a valid cURL handle resource C:\xampp\htdocs\thinkphp\Application\Wechat\Controller\InfoController.class.php 第 168 行.
NOTIC: [8] Array to string conversion C:\xampp\htdocs\thinkphp\Application\Wechat\Controller\InfoController.class.php 第 129 行.
NOTIC: [4096] Object of class stdClass could not be converted to string C:\xampp\htdocs\thinkphp\Application\Wechat\Controller\InfoController.class.php 第 131 行.
NOTIC: [8] Undefined property: stdClass::$media C:\xampp\htdocs\thinkphp\Application\Wechat\Controller\InfoController.class.php 第 132 行.
INFO: [ app_end ] --START--
INFO: Run Behavior\ShowPageTraceBehavior [ RunTime:0.001000s ]
INFO: [ app_end ] --END-- [ RunTime:0.001000s ]

[ 2017-02-17T17:16:40+08:00 ] ::1 /thinkphp/wechat/info/test
INFO: [ app_init ] --START--
INFO: Run Behavior\BuildLiteBehavior [ RunTime:0.000000s ]
INFO: [ app_init ] --END-- [ RunTime:0.000000s ]
INFO: [ app_begin ] --START--
INFO: Run Behavior\ReadHtmlCacheBehavior [ RunTime:0.000000s ]
INFO: [ app_begin ] --END-- [ RunTime:0.000000s ]
SQL: SHOW COLUMNS FROM `xf_authorization` [ RunTime:0.0020s ]
SQL: SELECT `authorizer_access_token` FROM `xf_authorization` LIMIT 1   [ RunTime:0.0010s ]
NOTIC: [2] curl_setopt(): You must pass either an object or an array with the CURLOPT_HTTPHEADER argument C:\xampp\htdocs\thinkphp\Application\Wechat\Controller\InfoController.class.php 第 161 行.
NOTIC: [2] curl_getinfo(): 29 is not a valid cURL handle resource C:\xampp\htdocs\thinkphp\Application\Wechat\Controller\InfoController.class.php 第 169 行.
NOTIC: [8] Array to string conversion C:\xampp\htdocs\thinkphp\Application\Wechat\Controller\InfoController.class.php 第 129 行.
NOTIC: [4096] Object of class stdClass could not be converted to string C:\xampp\htdocs\thinkphp\Application\Wechat\Controller\InfoController.class.php 第 131 行.
NOTIC: [8] Undefined property: stdClass::$media C:\xampp\htdocs\thinkphp\Application\Wechat\Controller\InfoController.class.php 第 132 行.
INFO: [ app_end ] --START--
INFO: Run Behavior\ShowPageTraceBehavior [ RunTime:0.000000s ]
INFO: [ app_end ] --END-- [ RunTime:0.000000s ]

[ 2017-02-17T17:18:17+08:00 ] ::1 /thinkphp/wechat/info/test
INFO: [ app_init ] --START--
INFO: Run Behavior\BuildLiteBehavior [ RunTime:0.000000s ]
INFO: [ app_init ] --END-- [ RunTime:0.000000s ]
INFO: [ app_begin ] --START--
INFO: Run Behavior\ReadHtmlCacheBehavior [ RunTime:0.001000s ]
INFO: [ app_begin ] --END-- [ RunTime:0.001000s ]
SQL: SHOW COLUMNS FROM `xf_authorization` [ RunTime:0.0020s ]
SQL: SELECT `authorizer_access_token` FROM `xf_authorization` LIMIT 1   [ RunTime:0.0010s ]
NOTIC: [2] curl_setopt(): You must pass either an object or an array with the CURLOPT_HTTPHEADER argument C:\xampp\htdocs\thinkphp\Application\Wechat\Controller\InfoController.class.php 第 161 行.
NOTIC: [2] curl_getinfo(): 29 is not a valid cURL handle resource C:\xampp\htdocs\thinkphp\Application\Wechat\Controller\InfoController.class.php 第 169 行.
NOTIC: [8] Array to string conversion C:\xampp\htdocs\thinkphp\Application\Wechat\Controller\InfoController.class.php 第 129 行.
NOTIC: [8] Trying to get property of non-object C:\xampp\htdocs\thinkphp\Application\Wechat\Controller\InfoController.class.php 第 132 行.
INFO: [ app_end ] --START--
INFO: Run Behavior\ShowPageTraceBehavior [ RunTime:0.001000s ]
INFO: [ app_end ] --END-- [ RunTime:0.001000s ]

[ 2017-02-17T17:20:02+08:00 ] ::1 /thinkphp/wechat/info/test
INFO: [ app_init ] --START--
INFO: Run Behavior\BuildLiteBehavior [ RunTime:0.000000s ]
INFO: [ app_init ] --END-- [ RunTime:0.000000s ]
INFO: [ app_begin ] --START--
INFO: Run Behavior\ReadHtmlCacheBehavior [ RunTime:0.000000s ]
INFO: [ app_begin ] --END-- [ RunTime:0.000000s ]
SQL: SHOW COLUMNS FROM `xf_authorization` [ RunTime:0.0020s ]
SQL: SELECT `authorizer_access_token` FROM `xf_authorization` LIMIT 1   [ RunTime:0.0000s ]
NOTIC: [2] curl_setopt(): You must pass either an object or an array with the CURLOPT_HTTPHEADER argument C:\xampp\htdocs\thinkphp\Application\Wechat\Controller\InfoController.class.php 第 162 行.
NOTIC: [2] curl_getinfo(): 29 is not a valid cURL handle resource C:\xampp\htdocs\thinkphp\Application\Wechat\Controller\InfoController.class.php 第 170 行.
NOTIC: [8] Array to string conversion C:\xampp\htdocs\thinkphp\Application\Wechat\Controller\InfoController.class.php 第 129 行.
NOTIC: [8] Trying to get property of non-object C:\xampp\htdocs\thinkphp\Application\Wechat\Controller\InfoController.class.php 第 133 行.
INFO: [ app_end ] --START--
INFO: Run Behavior\ShowPageTraceBehavior [ RunTime:0.000000s ]
INFO: [ app_end ] --END-- [ RunTime:0.000000s ]

[ 2017-02-17T17:22:20+08:00 ] ::1 /thinkphp/wechat/info/test
INFO: [ app_init ] --START--
INFO: Run Behavior\BuildLiteBehavior [ RunTime:0.000000s ]
INFO: [ app_init ] --END-- [ RunTime:0.001000s ]
INFO: [ app_begin ] --START--
INFO: Run Behavior\ReadHtmlCacheBehavior [ RunTime:0.001000s ]
INFO: [ app_begin ] --END-- [ RunTime:0.001000s ]
SQL: SHOW COLUMNS FROM `xf_authorization` [ RunTime:0.0020s ]
SQL: SELECT `authorizer_access_token` FROM `xf_authorization` LIMIT 1   [ RunTime:0.0000s ]
NOTIC: [2] curl_setopt(): You must pass either an object or an array with the CURLOPT_HTTPHEADER argument C:\xampp\htdocs\thinkphp\Application\Wechat\Controller\InfoController.class.php 第 162 行.
NOTIC: [2] curl_getinfo(): 29 is not a valid cURL handle resource C:\xampp\htdocs\thinkphp\Application\Wechat\Controller\InfoController.class.php 第 170 行.
NOTIC: [8] Array to string conversion C:\xampp\htdocs\thinkphp\Application\Wechat\Controller\InfoController.class.php 第 129 行.
NOTIC: [8] Trying to get property of non-object C:\xampp\htdocs\thinkphp\Application\Wechat\Controller\InfoController.class.php 第 133 行.
INFO: [ app_end ] --START--
INFO: Run Behavior\ShowPageTraceBehavior [ RunTime:0.000000s ]
INFO: [ app_end ] --END-- [ RunTime:0.000000s ]

[ 2017-02-17T17:22:26+08:00 ] ::1 /thinkphp/wechat/info/test
INFO: [ app_init ] --START--
INFO: Run Behavior\BuildLiteBehavior [ RunTime:0.000000s ]
INFO: [ app_init ] --END-- [ RunTime:0.001000s ]
INFO: [ app_begin ] --START--
INFO: Run Behavior\ReadHtmlCacheBehavior [ RunTime:0.000000s ]
INFO: [ app_begin ] --END-- [ RunTime:0.000000s ]
SQL: SHOW COLUMNS FROM `xf_authorization` [ RunTime:0.0020s ]
SQL: SELECT `authorizer_access_token` FROM `xf_authorization` LIMIT 1   [ RunTime:0.0000s ]
NOTIC: [2] curl_setopt(): You must pass either an object or an array with the CURLOPT_HTTPHEADER argument C:\xampp\htdocs\thinkphp\Application\Wechat\Controller\InfoController.class.php 第 162 行.
NOTIC: [2] curl_getinfo(): 29 is not a valid cURL handle resource C:\xampp\htdocs\thinkphp\Application\Wechat\Controller\InfoController.class.php 第 170 行.
NOTIC: [8] Array to string conversion C:\xampp\htdocs\thinkphp\Application\Wechat\Controller\InfoController.class.php 第 129 行.
NOTIC: [8] Trying to get property of non-object C:\xampp\htdocs\thinkphp\Application\Wechat\Controller\InfoController.class.php 第 133 行.
INFO: [ app_end ] --START--
INFO: Run Behavior\ShowPageTraceBehavior [ RunTime:0.001000s ]
INFO: [ app_end ] --END-- [ RunTime:0.001000s ]

[ 2017-02-17T17:23:51+08:00 ] ::1 /thinkphp/wechat/info/test
INFO: [ app_init ] --START--
INFO: Run Behavior\BuildLiteBehavior [ RunTime:0.000000s ]
INFO: [ app_init ] --END-- [ RunTime:0.000000s ]
INFO: [ app_begin ] --START--
INFO: Run Behavior\ReadHtmlCacheBehavior [ RunTime:0.000000s ]
INFO: [ app_begin ] --END-- [ RunTime:0.000000s ]
SQL: SHOW COLUMNS FROM `xf_authorization` [ RunTime:0.0020s ]
SQL: SELECT `authorizer_access_token` FROM `xf_authorization` LIMIT 1   [ RunTime:0.0000s ]
NOTIC: [2] curl_setopt(): You must pass either an object or an array with the CURLOPT_HTTPHEADER argument C:\xampp\htdocs\thinkphp\Application\Wechat\Controller\InfoController.class.php 第 162 行.
NOTIC: [8] Array to string conversion C:\xampp\htdocs\thinkphp\Application\Wechat\Controller\InfoController.class.php 第 129 行.
NOTIC: [8] Trying to get property of non-object C:\xampp\htdocs\thinkphp\Application\Wechat\Controller\InfoController.class.php 第 133 行.
INFO: [ app_end ] --START--
INFO: Run Behavior\ShowPageTraceBehavior [ RunTime:0.001000s ]
INFO: [ app_end ] --END-- [ RunTime:0.001000s ]

[ 2017-02-17T17:24:11+08:00 ] ::1 /thinkphp/wechat/info/test
INFO: [ app_init ] --START--
INFO: Run Behavior\BuildLiteBehavior [ RunTime:0.000000s ]
INFO: [ app_init ] --END-- [ RunTime:0.000000s ]
INFO: [ app_begin ] --START--
INFO: Run Behavior\ReadHtmlCacheBehavior [ RunTime:0.000000s ]
INFO: [ app_begin ] --END-- [ RunTime:0.000000s ]
SQL: SHOW COLUMNS FROM `xf_authorization` [ RunTime:0.0020s ]
SQL: SELECT `authorizer_access_token` FROM `xf_authorization` LIMIT 1   [ RunTime:0.0010s ]
NOTIC: [2] curl_setopt(): You must pass either an object or an array with the CURLOPT_HTTPHEADER argument C:\xampp\htdocs\thinkphp\Application\Wechat\Controller\InfoController.class.php 第 162 行.
NOTIC: [8] Array to string conversion C:\xampp\htdocs\thinkphp\Application\Wechat\Controller\InfoController.class.php 第 129 行.
NOTIC: [4096] Object of class stdClass could not be converted to string C:\xampp\htdocs\thinkphp\Application\Wechat\Controller\InfoController.class.php 第 132 行.
NOTIC: [8] Undefined property: stdClass::$media C:\xampp\htdocs\thinkphp\Application\Wechat\Controller\InfoController.class.php 第 133 行.
INFO: [ app_end ] --START--
INFO: Run Behavior\ShowPageTraceBehavior [ RunTime:0.000000s ]
INFO: [ app_end ] --END-- [ RunTime:0.000000s ]

[ 2017-02-17T17:25:34+08:00 ] ::1 /thinkphp/wechat/info/test
INFO: [ app_init ] --START--
INFO: Run Behavior\BuildLiteBehavior [ RunTime:0.000000s ]
INFO: [ app_init ] --END-- [ RunTime:0.000000s ]
INFO: [ app_begin ] --START--
INFO: Run Behavior\ReadHtmlCacheBehavior [ RunTime:0.001000s ]
INFO: [ app_begin ] --END-- [ RunTime:0.001000s ]
SQL: SHOW COLUMNS FROM `xf_authorization` [ RunTime:0.0020s ]
SQL: SELECT `authorizer_access_token` FROM `xf_authorization` LIMIT 1   [ RunTime:0.0000s ]
NOTIC: [2] curl_setopt(): You must pass either an object or an array with the CURLOPT_HTTPHEADER argument C:\xampp\htdocs\thinkphp\Application\Wechat\Controller\InfoController.class.php 第 162 行.
NOTIC: [8] Array to string conversion C:\xampp\htdocs\thinkphp\Application\Wechat\Controller\InfoController.class.php 第 129 行.
NOTIC: [4096] Object of class stdClass could not be converted to string C:\xampp\htdocs\thinkphp\Application\Wechat\Controller\InfoController.class.php 第 132 行.
INFO: [ app_end ] --START--
INFO: Run Behavior\ShowPageTraceBehavior [ RunTime:0.000000s ]
INFO: [ app_end ] --END-- [ RunTime:0.001000s ]

[ 2017-02-17T17:26:51+08:00 ] ::1 /thinkphp/wechat/info/test
INFO: [ app_init ] --START--
INFO: Run Behavior\BuildLiteBehavior [ RunTime:0.000000s ]
INFO: [ app_init ] --END-- [ RunTime:0.000000s ]
INFO: [ app_begin ] --START--
INFO: Run Behavior\ReadHtmlCacheBehavior [ RunTime:0.000000s ]
INFO: [ app_begin ] --END-- [ RunTime:0.000000s ]
SQL: SHOW COLUMNS FROM `xf_authorization` [ RunTime:0.0020s ]
SQL: SELECT `authorizer_access_token` FROM `xf_authorization` LIMIT 1   [ RunTime:0.0000s ]
NOTIC: [2] curl_setopt(): You must pass either an object or an array with the CURLOPT_HTTPHEADER argument C:\xampp\htdocs\thinkphp\Application\Wechat\Controller\InfoController.class.php 第 162 行.
NOTIC: [8] Array to string conversion C:\xampp\htdocs\thinkphp\Application\Wechat\Controller\InfoController.class.php 第 129 行.
NOTIC: [8] Trying to get property of non-object C:\xampp\htdocs\thinkphp\Application\Wechat\Controller\InfoController.class.php 第 133 行.
INFO: [ app_end ] --START--
INFO: Run Behavior\ShowPageTraceBehavior [ RunTime:0.000000s ]
INFO: [ app_end ] --END-- [ RunTime:0.000000s ]

[ 2017-02-17T17:26:56+08:00 ] ::1 /thinkphp/wechat/info/test
INFO: [ app_init ] --START--
INFO: Run Behavior\BuildLiteBehavior [ RunTime:0.000000s ]
INFO: [ app_init ] --END-- [ RunTime:0.000000s ]
INFO: [ app_begin ] --START--
INFO: Run Behavior\ReadHtmlCacheBehavior [ RunTime:0.001000s ]
INFO: [ app_begin ] --END-- [ RunTime:0.001000s ]
SQL: SHOW COLUMNS FROM `xf_authorization` [ RunTime:0.0020s ]
SQL: SELECT `authorizer_access_token` FROM `xf_authorization` LIMIT 1   [ RunTime:0.0000s ]
NOTIC: [2] curl_setopt(): You must pass either an object or an array with the CURLOPT_HTTPHEADER argument C:\xampp\htdocs\thinkphp\Application\Wechat\Controller\InfoController.class.php 第 162 行.
NOTIC: [8] Array to string conversion C:\xampp\htdocs\thinkphp\Application\Wechat\Controller\InfoController.class.php 第 129 行.
NOTIC: [8] Trying to get property of non-object C:\xampp\htdocs\thinkphp\Application\Wechat\Controller\InfoController.class.php 第 133 行.
INFO: [ app_end ] --START--
INFO: Run Behavior\ShowPageTraceBehavior [ RunTime:0.000000s ]
INFO: [ app_end ] --END-- [ RunTime:0.000000s ]

[ 2017-02-17T17:38:54+08:00 ] ::1 /thinkphp/wechat/info/test
INFO: [ app_init ] --START--
INFO: Run Behavior\BuildLiteBehavior [ RunTime:0.000000s ]
INFO: [ app_init ] --END-- [ RunTime:0.001000s ]
INFO: [ app_begin ] --START--
INFO: Run Behavior\ReadHtmlCacheBehavior [ RunTime:0.001001s ]
INFO: [ app_begin ] --END-- [ RunTime:0.001001s ]
SQL: SHOW COLUMNS FROM `xf_authorization` [ RunTime:0.0020s ]
SQL: SELECT `authorizer_access_token` FROM `xf_authorization` LIMIT 1   [ RunTime:0.0000s ]
NOTIC: [2] curl_setopt(): You must pass either an object or an array with the CURLOPT_HTTPHEADER argument C:\xampp\htdocs\thinkphp\Application\Wechat\Controller\InfoController.class.php 第 164 行.
NOTIC: [8] Trying to get property of non-object C:\xampp\htdocs\thinkphp\Application\Wechat\Controller\InfoController.class.php 第 133 行.
NOTIC: [8] Trying to get property of non-object C:\xampp\htdocs\thinkphp\Application\Wechat\Controller\InfoController.class.php 第 135 行.
INFO: [ app_end ] --START--
INFO: Run Behavior\ShowPageTraceBehavior [ RunTime:0.000000s ]
INFO: [ app_end ] --END-- [ RunTime:0.000000s ]

[ 2017-02-17T17:40:28+08:00 ] ::1 /thinkphp/wechat/info/test
INFO: [ app_init ] --START--
INFO: Run Behavior\BuildLiteBehavior [ RunTime:0.000000s ]
INFO: [ app_init ] --END-- [ RunTime:0.000000s ]
INFO: [ app_begin ] --START--
INFO: Run Behavior\ReadHtmlCacheBehavior [ RunTime:0.000000s ]
INFO: [ app_begin ] --END-- [ RunTime:0.000000s ]
SQL: SHOW COLUMNS FROM `xf_authorization` [ RunTime:0.0020s ]
SQL: SELECT `authorizer_access_token` FROM `xf_authorization` LIMIT 1   [ RunTime:0.0000s ]
NOTIC: [2] curl_setopt(): You must pass either an object or an array with the CURLOPT_HTTPHEADER argument C:\xampp\htdocs\thinkphp\Application\Wechat\Controller\InfoController.class.php 第 164 行.
NOTIC: [8] Trying to get property of non-object C:\xampp\htdocs\thinkphp\Application\Wechat\Controller\InfoController.class.php 第 133 行.
NOTIC: [8] Trying to get property of non-object C:\xampp\htdocs\thinkphp\Application\Wechat\Controller\InfoController.class.php 第 135 行.
INFO: [ app_end ] --START--
INFO: Run Behavior\ShowPageTraceBehavior [ RunTime:0.000000s ]
INFO: [ app_end ] --END-- [ RunTime:0.000000s ]

[ 2017-02-17T17:42:32+08:00 ] ::1 /thinkphp/wechat/info/test
INFO: [ app_init ] --START--
INFO: Run Behavior\BuildLiteBehavior [ RunTime:0.000000s ]
INFO: [ app_init ] --END-- [ RunTime:0.000000s ]
INFO: [ app_begin ] --START--
INFO: Run Behavior\ReadHtmlCacheBehavior [ RunTime:0.000000s ]
INFO: [ app_begin ] --END-- [ RunTime:0.000000s ]
SQL: SHOW COLUMNS FROM `xf_authorization` [ RunTime:0.0010s ]
SQL: SELECT `authorizer_access_token` FROM `xf_authorization` LIMIT 1   [ RunTime:0.0000s ]
NOTIC: [2] curl_setopt(): You must pass either an object or an array with the CURLOPT_HTTPHEADER argument C:\xampp\htdocs\thinkphp\Application\Wechat\Controller\InfoController.class.php 第 164 行.
NOTIC: [8] Trying to get property of non-object C:\xampp\htdocs\thinkphp\Application\Wechat\Controller\InfoController.class.php 第 133 行.
NOTIC: [8] Trying to get property of non-object C:\xampp\htdocs\thinkphp\Application\Wechat\Controller\InfoController.class.php 第 135 行.
INFO: [ app_end ] --START--
INFO: Run Behavior\ShowPageTraceBehavior [ RunTime:0.001001s ]
INFO: [ app_end ] --END-- [ RunTime:0.001001s ]

[ 2017-02-17T17:45:40+08:00 ] ::1 /thinkphp/wechat/info/test
INFO: [ app_init ] --START--
INFO: Run Behavior\BuildLiteBehavior [ RunTime:0.000000s ]
INFO: [ app_init ] --END-- [ RunTime:0.000000s ]
INFO: [ app_begin ] --START--
INFO: Run Behavior\ReadHtmlCacheBehavior [ RunTime:0.001000s ]
INFO: [ app_begin ] --END-- [ RunTime:0.001000s ]
SQL: SHOW COLUMNS FROM `xf_authorization` [ RunTime:0.0020s ]
SQL: SELECT `authorizer_access_token` FROM `xf_authorization` LIMIT 1   [ RunTime:0.0000s ]
NOTIC: [2] curl_setopt(): You must pass either an object or an array with the CURLOPT_HTTPHEADER argument C:\xampp\htdocs\thinkphp\Application\Wechat\Controller\InfoController.class.php 第 164 行.
NOTIC: [8] Trying to get property of non-object C:\xampp\htdocs\thinkphp\Application\Wechat\Controller\InfoController.class.php 第 133 行.
NOTIC: [8] Trying to get property of non-object C:\xampp\htdocs\thinkphp\Application\Wechat\Controller\InfoController.class.php 第 135 行.
INFO: [ app_end ] --START--
INFO: Run Behavior\ShowPageTraceBehavior [ RunTime:0.001000s ]
INFO: [ app_end ] --END-- [ RunTime:0.001000s ]

[ 2017-02-17T17:46:14+08:00 ] ::1 /thinkphp/wechat/info/test
INFO: [ app_init ] --START--
INFO: Run Behavior\BuildLiteBehavior [ RunTime:0.000000s ]
INFO: [ app_init ] --END-- [ RunTime:0.000000s ]
INFO: [ app_begin ] --START--
INFO: Run Behavior\ReadHtmlCacheBehavior [ RunTime:0.000000s ]
INFO: [ app_begin ] --END-- [ RunTime:0.000000s ]
SQL: SHOW COLUMNS FROM `xf_authorization` [ RunTime:0.0020s ]
SQL: SELECT `authorizer_access_token` FROM `xf_authorization` LIMIT 1   [ RunTime:0.0000s ]
NOTIC: [2] curl_setopt(): You must pass either an object or an array with the CURLOPT_HTTPHEADER argument C:\xampp\htdocs\thinkphp\Application\Wechat\Controller\InfoController.class.php 第 164 行.
NOTIC: [8] Trying to get property of non-object C:\xampp\htdocs\thinkphp\Application\Wechat\Controller\InfoController.class.php 第 133 行.
NOTIC: [8] Trying to get property of non-object C:\xampp\htdocs\thinkphp\Application\Wechat\Controller\InfoController.class.php 第 135 行.
INFO: [ app_end ] --START--
INFO: Run Behavior\ShowPageTraceBehavior [ RunTime:0.000000s ]
INFO: [ app_end ] --END-- [ RunTime:0.000000s ]

[ 2017-02-17T17:47:32+08:00 ] ::1 /thinkphp/wechat/info/test
INFO: [ app_init ] --START--
INFO: Run Behavior\BuildLiteBehavior [ RunTime:0.000000s ]
INFO: [ app_init ] --END-- [ RunTime:0.000000s ]
INFO: [ app_begin ] --START--
INFO: Run Behavior\ReadHtmlCacheBehavior [ RunTime:0.001000s ]
INFO: [ app_begin ] --END-- [ RunTime:0.001000s ]
SQL: SHOW COLUMNS FROM `xf_authorization` [ RunTime:0.0020s ]
SQL: SELECT `authorizer_access_token` FROM `xf_authorization` LIMIT 1   [ RunTime:0.0000s ]
NOTIC: [2] curl_setopt(): You must pass either an object or an array with the CURLOPT_HTTPHEADER argument C:\xampp\htdocs\thinkphp\Application\Wechat\Controller\InfoController.class.php 第 164 行.
NOTIC: [8] Trying to get property of non-object C:\xampp\htdocs\thinkphp\Application\Wechat\Controller\InfoController.class.php 第 133 行.
NOTIC: [8] Trying to get property of non-object C:\xampp\htdocs\thinkphp\Application\Wechat\Controller\InfoController.class.php 第 135 行.
INFO: [ app_end ] --START--
INFO: Run Behavior\ShowPageTraceBehavior [ RunTime:0.001000s ]
INFO: [ app_end ] --END-- [ RunTime:0.001000s ]

[ 2017-02-17T17:48:15+08:00 ] ::1 /thinkphp/wechat/info/test
INFO: [ app_init ] --START--
INFO: Run Behavior\BuildLiteBehavior [ RunTime:0.000000s ]
INFO: [ app_init ] --END-- [ RunTime:0.000000s ]
INFO: [ app_begin ] --START--
INFO: Run Behavior\ReadHtmlCacheBehavior [ RunTime:0.000000s ]
INFO: [ app_begin ] --END-- [ RunTime:0.000000s ]
SQL: SHOW COLUMNS FROM `xf_authorization` [ RunTime:0.0010s ]
SQL: SELECT `authorizer_access_token` FROM `xf_authorization` LIMIT 1   [ RunTime:0.0000s ]
NOTIC: [2] curl_setopt(): You must pass either an object or an array with the CURLOPT_HTTPHEADER argument C:\xampp\htdocs\thinkphp\Application\Wechat\Controller\InfoController.class.php 第 164 行.
NOTIC: [8] Trying to get property of non-object C:\xampp\htdocs\thinkphp\Application\Wechat\Controller\InfoController.class.php 第 133 行.
NOTIC: [8] Trying to get property of non-object C:\xampp\htdocs\thinkphp\Application\Wechat\Controller\InfoController.class.php 第 135 行.
INFO: [ app_end ] --START--
INFO: Run Behavior\ShowPageTraceBehavior [ RunTime:0.001000s ]
INFO: [ app_end ] --END-- [ RunTime:0.001000s ]

[ 2017-02-17T17:48:44+08:00 ] ::1 /thinkphp/wechat/info/test
INFO: [ app_init ] --START--
INFO: Run Behavior\BuildLiteBehavior [ RunTime:0.000000s ]
INFO: [ app_init ] --END-- [ RunTime:0.000000s ]
INFO: [ app_begin ] --START--
INFO: Run Behavior\ReadHtmlCacheBehavior [ RunTime:0.000000s ]
INFO: [ app_begin ] --END-- [ RunTime:0.000000s ]
SQL: SHOW COLUMNS FROM `xf_authorization` [ RunTime:0.0020s ]
SQL: SELECT `authorizer_access_token` FROM `xf_authorization` LIMIT 1   [ RunTime:0.0000s ]
NOTIC: [2] curl_setopt(): You must pass either an object or an array with the CURLOPT_HTTPHEADER argument C:\xampp\htdocs\thinkphp\Application\Wechat\Controller\InfoController.class.php 第 164 行.
NOTIC: [8] Array to string conversion C:\xampp\htdocs\thinkphp\Application\Wechat\Controller\InfoController.class.php 第 129 行.
NOTIC: [8] Trying to get property of non-object C:\xampp\htdocs\thinkphp\Application\Wechat\Controller\InfoController.class.php 第 133 行.
NOTIC: [8] Trying to get property of non-object C:\xampp\htdocs\thinkphp\Application\Wechat\Controller\InfoController.class.php 第 135 行.
INFO: [ app_end ] --START--
INFO: Run Behavior\ShowPageTraceBehavior [ RunTime:0.000000s ]
INFO: [ app_end ] --END-- [ RunTime:0.000000s ]

[ 2017-02-17T17:49:12+08:00 ] ::1 /thinkphp/wechat/info/test
INFO: [ app_init ] --START--
INFO: Run Behavior\BuildLiteBehavior [ RunTime:0.000000s ]
INFO: [ app_init ] --END-- [ RunTime:0.000000s ]
INFO: [ app_begin ] --START--
INFO: Run Behavior\ReadHtmlCacheBehavior [ RunTime:0.001000s ]
INFO: [ app_begin ] --END-- [ RunTime:0.001000s ]
SQL: SHOW COLUMNS FROM `xf_authorization` [ RunTime:0.0020s ]
SQL: SELECT `authorizer_access_token` FROM `xf_authorization` LIMIT 1   [ RunTime:0.0000s ]
NOTIC: [2] curl_setopt(): You must pass either an object or an array with the CURLOPT_HTTPHEADER argument C:\xampp\htdocs\thinkphp\Application\Wechat\Controller\InfoController.class.php 第 164 行.
NOTIC: [8] Array to string conversion C:\xampp\htdocs\thinkphp\Application\Wechat\Controller\InfoController.class.php 第 129 行.
NOTIC: [8] Trying to get property of non-object C:\xampp\htdocs\thinkphp\Application\Wechat\Controller\InfoController.class.php 第 133 行.
NOTIC: [8] Trying to get property of non-object C:\xampp\htdocs\thinkphp\Application\Wechat\Controller\InfoController.class.php 第 135 行.
INFO: [ app_end ] --START--
INFO: Run Behavior\ShowPageTraceBehavior [ RunTime:0.000000s ]
INFO: [ app_end ] --END-- [ RunTime:0.000000s ]

[ 2017-02-17T17:49:53+08:00 ] ::1 /thinkphp/wechat/info/test
INFO: [ app_init ] --START--
INFO: Run Behavior\BuildLiteBehavior [ RunTime:0.000000s ]
INFO: [ app_init ] --END-- [ RunTime:0.000000s ]
INFO: [ app_begin ] --START--
INFO: Run Behavior\ReadHtmlCacheBehavior [ RunTime:0.000000s ]
INFO: [ app_begin ] --END-- [ RunTime:0.000000s ]
SQL: SHOW COLUMNS FROM `xf_authorization` [ RunTime:0.0020s ]
SQL: SELECT `authorizer_access_token` FROM `xf_authorization` LIMIT 1   [ RunTime:0.0000s ]
NOTIC: [2] curl_setopt(): You must pass either an object or an array with the CURLOPT_HTTPHEADER argument C:\xampp\htdocs\thinkphp\Application\Wechat\Controller\InfoController.class.php 第 164 行.
NOTIC: [8] Trying to get property of non-object C:\xampp\htdocs\thinkphp\Application\Wechat\Controller\InfoController.class.php 第 133 行.
NOTIC: [8] Trying to get property of non-object C:\xampp\htdocs\thinkphp\Application\Wechat\Controller\InfoController.class.php 第 135 行.
INFO: [ app_end ] --START--
INFO: Run Behavior\ShowPageTraceBehavior [ RunTime:0.001000s ]
INFO: [ app_end ] --END-- [ RunTime:0.001000s ]

[ 2017-02-17T17:51:31+08:00 ] ::1 /thinkphp/wechat/info/test
INFO: [ app_init ] --START--
INFO: Run Behavior\BuildLiteBehavior [ RunTime:0.000000s ]
INFO: [ app_init ] --END-- [ RunTime:0.000000s ]
INFO: [ app_begin ] --START--
INFO: Run Behavior\ReadHtmlCacheBehavior [ RunTime:0.000000s ]
INFO: [ app_begin ] --END-- [ RunTime:0.000000s ]
SQL: SHOW COLUMNS FROM `xf_authorization` [ RunTime:0.0020s ]
SQL: SELECT `authorizer_access_token` FROM `xf_authorization` LIMIT 1   [ RunTime:0.0000s ]
NOTIC: [2] curl_setopt(): You must pass either an object or an array with the CURLOPT_HTTPHEADER argument C:\xampp\htdocs\thinkphp\Application\Wechat\Controller\InfoController.class.php 第 165 行.
NOTIC: [8] Trying to get property of non-object C:\xampp\htdocs\thinkphp\Application\Wechat\Controller\InfoController.class.php 第 134 行.
NOTIC: [8] Trying to get property of non-object C:\xampp\htdocs\thinkphp\Application\Wechat\Controller\InfoController.class.php 第 136 行.
INFO: [ app_end ] --START--
INFO: Run Behavior\ShowPageTraceBehavior [ RunTime:0.000000s ]
INFO: [ app_end ] --END-- [ RunTime:0.000000s ]

[ 2017-02-17T18:04:56+08:00 ] ::1 /thinkphp/wechat/info/test
INFO: [ app_init ] --START--
INFO: Run Behavior\BuildLiteBehavior [ RunTime:0.000000s ]
INFO: [ app_init ] --END-- [ RunTime:0.001000s ]
INFO: [ app_begin ] --START--
INFO: Run Behavior\ReadHtmlCacheBehavior [ RunTime:0.001000s ]
INFO: [ app_begin ] --END-- [ RunTime:0.001000s ]
SQL: SHOW COLUMNS FROM `xf_authorization` [ RunTime:0.0020s ]
SQL: SELECT `authorizer_access_token` FROM `xf_authorization` LIMIT 1   [ RunTime:0.0000s ]
NOTIC: [2] curl_setopt(): You must pass either an object or an array with the CURLOPT_HTTPHEADER argument C:\xampp\htdocs\thinkphp\Application\Wechat\Controller\InfoController.class.php 第 165 行.
NOTIC: [8] Trying to get property of non-object C:\xampp\htdocs\thinkphp\Application\Wechat\Controller\InfoController.class.php 第 134 行.
NOTIC: [8] Trying to get property of non-object C:\xampp\htdocs\thinkphp\Application\Wechat\Controller\InfoController.class.php 第 136 行.
INFO: [ app_end ] --START--
INFO: Run Behavior\ShowPageTraceBehavior [ RunTime:0.001000s ]
INFO: [ app_end ] --END-- [ RunTime:0.001000s ]

[ 2017-02-17T18:08:40+08:00 ] ::1 /thinkphp/wechat/info/test
INFO: [ app_init ] --START--
INFO: Run Behavior\BuildLiteBehavior [ RunTime:0.000000s ]
INFO: [ app_init ] --END-- [ RunTime:0.000000s ]
INFO: [ app_begin ] --START--
INFO: Run Behavior\ReadHtmlCacheBehavior [ RunTime:0.001000s ]
INFO: [ app_begin ] --END-- [ RunTime:0.001000s ]
SQL: SHOW COLUMNS FROM `xf_authorization` [ RunTime:0.0020s ]
SQL: SELECT `authorizer_access_token` FROM `xf_authorization` LIMIT 1   [ RunTime:0.0000s ]
NOTIC: [2] curl_setopt(): You must pass either an object or an array with the CURLOPT_HTTPHEADER argument C:\xampp\htdocs\thinkphp\Application\Wechat\Controller\InfoController.class.php 第 165 行.
NOTIC: [8] Trying to get property of non-object C:\xampp\htdocs\thinkphp\Application\Wechat\Controller\InfoController.class.php 第 134 行.
NOTIC: [8] Trying to get property of non-object C:\xampp\htdocs\thinkphp\Application\Wechat\Controller\InfoController.class.php 第 136 行.
INFO: [ app_end ] --START--
INFO: Run Behavior\ShowPageTraceBehavior [ RunTime:0.001000s ]
INFO: [ app_end ] --END-- [ RunTime:0.001000s ]

[ 2017-02-17T18:19:54+08:00 ] ::1 /thinkphp/wechat/info/test
INFO: [ app_init ] --START--
INFO: Run Behavior\BuildLiteBehavior [ RunTime:0.000000s ]
INFO: [ app_init ] --END-- [ RunTime:0.000000s ]
INFO: [ app_begin ] --START--
INFO: Run Behavior\ReadHtmlCacheBehavior [ RunTime:0.000000s ]
INFO: [ app_begin ] --END-- [ RunTime:0.000000s ]
SQL: SHOW COLUMNS FROM `xf_authorization` [ RunTime:0.0020s ]
SQL: SELECT `authorizer_access_token` FROM `xf_authorization` LIMIT 1   [ RunTime:0.0000s ]
NOTIC: [2] curl_setopt(): You must pass either an object or an array with the CURLOPT_HTTPHEADER argument C:\xampp\htdocs\thinkphp\Application\Wechat\Controller\InfoController.class.php 第 165 行.
INFO: [ app_end ] --START--
INFO: Run Behavior\ShowPageTraceBehavior [ RunTime:0.000000s ]
INFO: [ app_end ] --END-- [ RunTime:0.000000s ]

[ 2017-02-17T18:36:58+08:00 ] ::1 /thinkphp/wechat/info/test
INFO: [ app_init ] --START--
INFO: Run Behavior\BuildLiteBehavior [ RunTime:0.000000s ]
INFO: [ app_init ] --END-- [ RunTime:0.000000s ]
INFO: [ app_begin ] --START--
INFO: Run Behavior\ReadHtmlCacheBehavior [ RunTime:0.000000s ]
INFO: [ app_begin ] --END-- [ RunTime:0.000000s ]
SQL: SHOW COLUMNS FROM `xf_authorization` [ RunTime:0.0020s ]
SQL: SELECT `authorizer_access_token` FROM `xf_authorization` LIMIT 1   [ RunTime:0.0000s ]
NOTIC: [2] curl_setopt(): You must pass either an object or an array with the CURLOPT_HTTPHEADER argument C:\xampp\htdocs\thinkphp\Application\Wechat\Controller\InfoController.class.php 第 170 行.
NOTIC: [8] Array to string conversion C:\xampp\htdocs\thinkphp\Application\Wechat\Controller\InfoController.class.php 第 113 行.
INFO: [ app_end ] --START--
INFO: Run Behavior\ShowPageTraceBehavior [ RunTime:0.001000s ]
INFO: [ app_end ] --END-- [ RunTime:0.001000s ]

[ 2017-02-17T18:39:34+08:00 ] ::1 /thinkphp/wechat/info/test
INFO: [ app_init ] --START--
INFO: Run Behavior\BuildLiteBehavior [ RunTime:0.000000s ]
INFO: [ app_init ] --END-- [ RunTime:0.001000s ]
INFO: [ app_begin ] --START--
INFO: Run Behavior\ReadHtmlCacheBehavior [ RunTime:0.001000s ]
INFO: [ app_begin ] --END-- [ RunTime:0.001000s ]
SQL: SHOW COLUMNS FROM `xf_authorization` [ RunTime:0.0020s ]
SQL: SELECT `authorizer_access_token` FROM `xf_authorization` LIMIT 1   [ RunTime:0.0000s ]
NOTIC: [2] curl_setopt(): You must pass either an object or an array with the CURLOPT_HTTPHEADER argument C:\xampp\htdocs\thinkphp\Application\Wechat\Controller\InfoController.class.php 第 171 行.
INFO: [ app_end ] --START--
INFO: Run Behavior\ShowPageTraceBehavior [ RunTime:0.001000s ]
INFO: [ app_end ] --END-- [ RunTime:0.001000s ]

