[ 2017-01-10T11:42:21+08:00 ] ::1 /thinkphp/admin/
INFO: [ app_init ] --START--
INFO: Run Behavior\BuildLiteBehavior [ RunTime:0.000000s ]
INFO: [ app_init ] --END-- [ RunTime:0.000000s ]
INFO: [ app_begin ] --START--
INFO: Run Behavior\ReadHtmlCacheBehavior [ RunTime:0.001000s ]
INFO: [ app_begin ] --END-- [ RunTime:0.001000s ]
SQL: SHOW COLUMNS FROM `xf_index_info` [ RunTime:0.0040s ]
SQL: SELECT * FROM `xf_index_info` WHERE ( flag<20 AND flag>0 ) ORDER BY flag  [ RunTime:0.0000s ]
SQL: SELECT * FROM `xf_index_info` WHERE ( flag>20 AND flag<30 ) ORDER BY flag  [ RunTime:0.0000s ]
SQL: SELECT * FROM `xf_index_info` WHERE ( flag>30 ) ORDER BY flag  [ RunTime:0.0000s ]
SQL: SELECT COUNT(*) AS tp_count FROM `xf_index_info` WHERE ( sorts = 5 ) LIMIT 1   [ RunTime:0.0000s ]
SQL: SELECT * FROM `xf_index_info` WHERE ( sorts = 5 ) ORDER BY creat_time desc LIMIT 0,10   [ RunTime:0.0010s ]
INFO: [ view_parse ] --START--
INFO: [ template_filter ] --START--
INFO: Run Behavior\ContentReplaceBehavior [ RunTime:0.000000s ]
INFO: [ template_filter ] --END-- [ RunTime:0.000000s ]
INFO: Run Behavior\ParseTemplateBehavior [ RunTime:0.010001s ]
INFO: [ view_parse ] --END-- [ RunTime:0.010001s ]
INFO: [ view_filter ] --START--
INFO: Run Behavior\WriteHtmlCacheBehavior [ RunTime:0.001000s ]
INFO: [ view_filter ] --END-- [ RunTime:0.001000s ]
INFO: [ app_end ] --START--
INFO: Run Behavior\ShowPageTraceBehavior [ RunTime:0.000000s ]
INFO: [ app_end ] --END-- [ RunTime:0.001000s ]

[ 2017-01-10T11:42:31+08:00 ] ::1 /thinkphp/admin/
INFO: [ app_init ] --START--
INFO: Run Behavior\BuildLiteBehavior [ RunTime:0.000000s ]
INFO: [ app_init ] --END-- [ RunTime:0.000000s ]
INFO: [ app_begin ] --START--
INFO: Run Behavior\ReadHtmlCacheBehavior [ RunTime:0.001000s ]
INFO: [ app_begin ] --END-- [ RunTime:0.001000s ]
INFO: [ view_parse ] --START--
INFO: [ template_filter ] --START--
INFO: Run Behavior\ContentReplaceBehavior [ RunTime:0.000000s ]
INFO: [ template_filter ] --END-- [ RunTime:0.000000s ]
INFO: Run Behavior\ParseTemplateBehavior [ RunTime:0.008001s ]
INFO: [ view_parse ] --END-- [ RunTime:0.008001s ]
INFO: [ view_filter ] --START--
INFO: Run Behavior\WriteHtmlCacheBehavior [ RunTime:0.001000s ]
INFO: [ view_filter ] --END-- [ RunTime:0.001000s ]

[ 2017-01-10T11:42:34+08:00 ] ::1 /thinkphp/index.php/Admin/Login/login.html
INFO: [ app_init ] --START--
INFO: Run Behavior\BuildLiteBehavior [ RunTime:0.000000s ]
INFO: [ app_init ] --END-- [ RunTime:0.001000s ]
INFO: [ app_begin ] --START--
INFO: Run Behavior\ReadHtmlCacheBehavior [ RunTime:0.001000s ]
INFO: [ app_begin ] --END-- [ RunTime:0.001000s ]
INFO: [ view_parse ] --START--
INFO: [ template_filter ] --START--
INFO: Run Behavior\ContentReplaceBehavior [ RunTime:0.000000s ]
INFO: [ template_filter ] --END-- [ RunTime:0.000000s ]
INFO: Run Behavior\ParseTemplateBehavior [ RunTime:0.007001s ]
INFO: [ view_parse ] --END-- [ RunTime:0.007001s ]
INFO: [ view_filter ] --START--
INFO: Run Behavior\WriteHtmlCacheBehavior [ RunTime:0.001000s ]
INFO: [ view_filter ] --END-- [ RunTime:0.001000s ]
INFO: [ app_end ] --START--
INFO: Run Behavior\ShowPageTraceBehavior [ RunTime:0.001000s ]
INFO: [ app_end ] --END-- [ RunTime:0.001000s ]

[ 2017-01-10T11:42:34+08:00 ] ::1 /thinkphp/index.php/Admin/Login/verify.html
INFO: [ app_init ] --START--
INFO: Run Behavior\BuildLiteBehavior [ RunTime:0.000000s ]
INFO: [ app_init ] --END-- [ RunTime:0.001001s ]
INFO: [ app_begin ] --START--
INFO: Run Behavior\ReadHtmlCacheBehavior [ RunTime:0.001000s ]
INFO: [ app_begin ] --END-- [ RunTime:0.001000s ]
INFO: [ app_end ] --START--
INFO: Run Behavior\ShowPageTraceBehavior [ RunTime:0.001000s ]
INFO: [ app_end ] --END-- [ RunTime:0.001000s ]

[ 2017-01-10T11:42:47+08:00 ] ::1 /thinkphp/index.php/Admin/Login/doLogin.html
INFO: [ app_init ] --START--
INFO: Run Behavior\BuildLiteBehavior [ RunTime:0.000000s ]
INFO: [ app_init ] --END-- [ RunTime:0.000000s ]
INFO: [ app_begin ] --START--
INFO: Run Behavior\ReadHtmlCacheBehavior [ RunTime:0.001000s ]
INFO: [ app_begin ] --END-- [ RunTime:0.001000s ]
NOTIC: [2] Missing argument 1 for I(), called in C:\xampp\htdocs\thinkphp\Application\Admin\Controller\LoginController.class.php on line 21 and defined C:\xampp\htdocs\thinkphp\ThinkPHP\Common\functions.php 第 271 行.
NOTIC: [8] Undefined variable: name C:\xampp\htdocs\thinkphp\ThinkPHP\Common\functions.php 第 273 行.
NOTIC: [8] Undefined variable: name C:\xampp\htdocs\thinkphp\ThinkPHP\Common\functions.php 第 278 行.
NOTIC: [8] Undefined variable: name C:\xampp\htdocs\thinkphp\ThinkPHP\Common\functions.php 第 339 行.
SQL: SHOW COLUMNS FROM `xf_admin` [ RunTime:0.0050s ]
SQL: SELECT * FROM `xf_admin` WHERE ( username = "123123" ) LIMIT 1   [ RunTime:0.0000s ]

[ 2017-01-10T11:42:48+08:00 ] ::1 /thinkphp/index.php/Admin/Login/verify.html?5242
INFO: [ app_init ] --START--
INFO: Run Behavior\BuildLiteBehavior [ RunTime:0.000000s ]
INFO: [ app_init ] --END-- [ RunTime:0.000000s ]
INFO: [ app_begin ] --START--
INFO: Run Behavior\ReadHtmlCacheBehavior [ RunTime:0.001000s ]
INFO: [ app_begin ] --END-- [ RunTime:0.001000s ]
INFO: [ app_end ] --START--
INFO: Run Behavior\ShowPageTraceBehavior [ RunTime:0.000000s ]
INFO: [ app_end ] --END-- [ RunTime:0.000000s ]

[ 2017-01-10T11:43:47+08:00 ] ::1 /thinkphp/index.php/Admin/Login/doLogin.html
INFO: [ app_init ] --START--
INFO: Run Behavior\BuildLiteBehavior [ RunTime:0.000000s ]
INFO: [ app_init ] --END-- [ RunTime:0.000000s ]
INFO: [ app_begin ] --START--
INFO: Run Behavior\ReadHtmlCacheBehavior [ RunTime:0.001000s ]
INFO: [ app_begin ] --END-- [ RunTime:0.001000s ]
NOTIC: [2] Missing argument 1 for I(), called in C:\xampp\htdocs\thinkphp\Application\Admin\Controller\LoginController.class.php on line 21 and defined C:\xampp\htdocs\thinkphp\ThinkPHP\Common\functions.php 第 271 行.
NOTIC: [8] Undefined variable: name C:\xampp\htdocs\thinkphp\ThinkPHP\Common\functions.php 第 273 行.
NOTIC: [8] Undefined variable: name C:\xampp\htdocs\thinkphp\ThinkPHP\Common\functions.php 第 278 行.
NOTIC: [8] Undefined variable: name C:\xampp\htdocs\thinkphp\ThinkPHP\Common\functions.php 第 339 行.
SQL: SHOW COLUMNS FROM `xf_admin` [ RunTime:0.0060s ]
SQL: SELECT * FROM `xf_admin` WHERE ( username = "123123" ) LIMIT 1   [ RunTime:0.0010s ]

[ 2017-01-10T11:43:49+08:00 ] ::1 /thinkphp/index.php/Admin/Login/verify.html?5736
INFO: [ app_init ] --START--
INFO: Run Behavior\BuildLiteBehavior [ RunTime:0.000000s ]
INFO: [ app_init ] --END-- [ RunTime:0.001000s ]
INFO: [ app_begin ] --START--
INFO: Run Behavior\ReadHtmlCacheBehavior [ RunTime:0.001001s ]
INFO: [ app_begin ] --END-- [ RunTime:0.001001s ]
INFO: [ app_end ] --START--
INFO: Run Behavior\ShowPageTraceBehavior [ RunTime:0.002000s ]
INFO: [ app_end ] --END-- [ RunTime:0.002000s ]

[ 2017-01-10T11:43:55+08:00 ] ::1 /thinkphp/index.php/Admin/Login/doLogin.html
INFO: [ app_init ] --START--
INFO: Run Behavior\BuildLiteBehavior [ RunTime:0.000000s ]
INFO: [ app_init ] --END-- [ RunTime:0.000000s ]
INFO: [ app_begin ] --START--
INFO: Run Behavior\ReadHtmlCacheBehavior [ RunTime:0.001000s ]
INFO: [ app_begin ] --END-- [ RunTime:0.001000s ]
NOTIC: [2] Missing argument 1 for I(), called in C:\xampp\htdocs\thinkphp\Application\Admin\Controller\LoginController.class.php on line 21 and defined C:\xampp\htdocs\thinkphp\ThinkPHP\Common\functions.php 第 271 行.
NOTIC: [8] Undefined variable: name C:\xampp\htdocs\thinkphp\ThinkPHP\Common\functions.php 第 273 行.
NOTIC: [8] Undefined variable: name C:\xampp\htdocs\thinkphp\ThinkPHP\Common\functions.php 第 278 行.
NOTIC: [8] Undefined variable: name C:\xampp\htdocs\thinkphp\ThinkPHP\Common\functions.php 第 339 行.

[ 2017-01-10T11:43:58+08:00 ] ::1 /thinkphp/index.php/Admin/Login/verify.html?7440
INFO: [ app_init ] --START--
INFO: Run Behavior\BuildLiteBehavior [ RunTime:0.000000s ]
INFO: [ app_init ] --END-- [ RunTime:0.000000s ]
INFO: [ app_begin ] --START--
INFO: Run Behavior\ReadHtmlCacheBehavior [ RunTime:0.002000s ]
INFO: [ app_begin ] --END-- [ RunTime:0.002000s ]
INFO: [ app_end ] --START--
INFO: Run Behavior\ShowPageTraceBehavior [ RunTime:0.001000s ]
INFO: [ app_end ] --END-- [ RunTime:0.001000s ]

[ 2017-01-10T11:44:05+08:00 ] ::1 /thinkphp/index.php/Admin/Login/doLogin.html
INFO: [ app_init ] --START--
INFO: Run Behavior\BuildLiteBehavior [ RunTime:0.000000s ]
INFO: [ app_init ] --END-- [ RunTime:0.000000s ]
INFO: [ app_begin ] --START--
INFO: Run Behavior\ReadHtmlCacheBehavior [ RunTime:0.001000s ]
INFO: [ app_begin ] --END-- [ RunTime:0.001000s ]
NOTIC: [2] Missing argument 1 for I(), called in C:\xampp\htdocs\thinkphp\Application\Admin\Controller\LoginController.class.php on line 21 and defined C:\xampp\htdocs\thinkphp\ThinkPHP\Common\functions.php 第 271 行.
NOTIC: [8] Undefined variable: name C:\xampp\htdocs\thinkphp\ThinkPHP\Common\functions.php 第 273 行.
NOTIC: [8] Undefined variable: name C:\xampp\htdocs\thinkphp\ThinkPHP\Common\functions.php 第 278 行.
NOTIC: [8] Undefined variable: name C:\xampp\htdocs\thinkphp\ThinkPHP\Common\functions.php 第 339 行.
SQL: SHOW COLUMNS FROM `xf_admin` [ RunTime:0.0080s ]
SQL: SELECT * FROM `xf_admin` WHERE ( username = "123123" ) LIMIT 1   [ RunTime:0.0000s ]

[ 2017-01-10T11:44:06+08:00 ] ::1 /thinkphp/index.php/Admin/Login/verify.html?7064
INFO: [ app_init ] --START--
INFO: Run Behavior\BuildLiteBehavior [ RunTime:0.000000s ]
INFO: [ app_init ] --END-- [ RunTime:0.000000s ]
INFO: [ app_begin ] --START--
INFO: Run Behavior\ReadHtmlCacheBehavior [ RunTime:0.000000s ]
INFO: [ app_begin ] --END-- [ RunTime:0.001000s ]
INFO: [ app_end ] --START--
INFO: Run Behavior\ShowPageTraceBehavior [ RunTime:0.001000s ]
INFO: [ app_end ] --END-- [ RunTime:0.001000s ]

[ 2017-01-10T11:49:37+08:00 ] ::1 /thinkphp/index.php/Admin/Login/login.html
INFO: [ app_init ] --START--
INFO: Run Behavior\BuildLiteBehavior [ RunTime:0.000000s ]
INFO: [ app_init ] --END-- [ RunTime:0.001000s ]
INFO: [ app_begin ] --START--
INFO: Run Behavior\ReadHtmlCacheBehavior [ RunTime:0.001000s ]
INFO: [ app_begin ] --END-- [ RunTime:0.001000s ]
INFO: [ view_parse ] --START--
INFO: [ template_filter ] --START--
INFO: Run Behavior\ContentReplaceBehavior [ RunTime:0.000000s ]
INFO: [ template_filter ] --END-- [ RunTime:0.000000s ]
INFO: Run Behavior\ParseTemplateBehavior [ RunTime:0.006000s ]
INFO: [ view_parse ] --END-- [ RunTime:0.006000s ]
INFO: [ view_filter ] --START--
INFO: Run Behavior\WriteHtmlCacheBehavior [ RunTime:0.000000s ]
INFO: [ view_filter ] --END-- [ RunTime:0.000000s ]
INFO: [ app_end ] --START--
INFO: Run Behavior\ShowPageTraceBehavior [ RunTime:0.001000s ]
INFO: [ app_end ] --END-- [ RunTime:0.001000s ]

[ 2017-01-10T11:49:37+08:00 ] ::1 /thinkphp/index.php/Admin/Login/verify.html
INFO: [ app_init ] --START--
INFO: Run Behavior\BuildLiteBehavior [ RunTime:0.000000s ]
INFO: [ app_init ] --END-- [ RunTime:0.001000s ]
INFO: [ app_begin ] --START--
INFO: Run Behavior\ReadHtmlCacheBehavior [ RunTime:0.001000s ]
INFO: [ app_begin ] --END-- [ RunTime:0.001000s ]
INFO: [ app_end ] --START--
INFO: Run Behavior\ShowPageTraceBehavior [ RunTime:0.001000s ]
INFO: [ app_end ] --END-- [ RunTime:0.001000s ]

[ 2017-01-10T11:49:49+08:00 ] ::1 /thinkphp/index.php/Admin/Login/doLogin.html
INFO: [ app_init ] --START--
INFO: Run Behavior\BuildLiteBehavior [ RunTime:0.000000s ]
INFO: [ app_init ] --END-- [ RunTime:0.000000s ]
INFO: [ app_begin ] --START--
INFO: Run Behavior\ReadHtmlCacheBehavior [ RunTime:0.001000s ]
INFO: [ app_begin ] --END-- [ RunTime:0.001000s ]
NOTIC: [2] Missing argument 1 for I(), called in C:\xampp\htdocs\thinkphp\Application\Admin\Controller\LoginController.class.php on line 21 and defined C:\xampp\htdocs\thinkphp\ThinkPHP\Common\functions.php 第 271 行.
NOTIC: [8] Undefined variable: name C:\xampp\htdocs\thinkphp\ThinkPHP\Common\functions.php 第 273 行.
NOTIC: [8] Undefined variable: name C:\xampp\htdocs\thinkphp\ThinkPHP\Common\functions.php 第 278 行.
NOTIC: [8] Undefined variable: name C:\xampp\htdocs\thinkphp\ThinkPHP\Common\functions.php 第 339 行.
SQL: SHOW COLUMNS FROM `xf_admin` [ RunTime:0.0090s ]
SQL: SELECT * FROM `xf_admin` WHERE ( username = "123123" ) LIMIT 1   [ RunTime:0.0000s ]

[ 2017-01-10T11:49:52+08:00 ] ::1 /thinkphp/index.php/Admin/Login/verify.html?7047
INFO: [ app_init ] --START--
INFO: Run Behavior\BuildLiteBehavior [ RunTime:0.000000s ]
INFO: [ app_init ] --END-- [ RunTime:0.000000s ]
INFO: [ app_begin ] --START--
INFO: Run Behavior\ReadHtmlCacheBehavior [ RunTime:0.001000s ]
INFO: [ app_begin ] --END-- [ RunTime:0.001000s ]
INFO: [ app_end ] --START--
INFO: Run Behavior\ShowPageTraceBehavior [ RunTime:0.001000s ]
INFO: [ app_end ] --END-- [ RunTime:0.001000s ]

[ 2017-01-10T11:51:33+08:00 ] ::1 /thinkphp/index.php/Admin/Login/login.html
INFO: [ app_init ] --START--
INFO: Run Behavior\BuildLiteBehavior [ RunTime:0.000000s ]
INFO: [ app_init ] --END-- [ RunTime:0.000000s ]
INFO: [ app_begin ] --START--
INFO: Run Behavior\ReadHtmlCacheBehavior [ RunTime:0.000000s ]
INFO: [ app_begin ] --END-- [ RunTime:0.000000s ]
INFO: [ view_parse ] --START--
INFO: [ template_filter ] --START--
INFO: Run Behavior\ContentReplaceBehavior [ RunTime:0.000000s ]
INFO: [ template_filter ] --END-- [ RunTime:0.000000s ]
INFO: Run Behavior\ParseTemplateBehavior [ RunTime:0.005001s ]
INFO: [ view_parse ] --END-- [ RunTime:0.005001s ]
INFO: [ view_filter ] --START--
INFO: Run Behavior\WriteHtmlCacheBehavior [ RunTime:0.000000s ]
INFO: [ view_filter ] --END-- [ RunTime:0.000000s ]
INFO: [ app_end ] --START--
INFO: Run Behavior\ShowPageTraceBehavior [ RunTime:0.001000s ]
INFO: [ app_end ] --END-- [ RunTime:0.001000s ]

[ 2017-01-10T11:51:33+08:00 ] ::1 /thinkphp/index.php/Admin/Login/verify.html
INFO: [ app_init ] --START--
INFO: Run Behavior\BuildLiteBehavior [ RunTime:0.000000s ]
INFO: [ app_init ] --END-- [ RunTime:0.000000s ]
INFO: [ app_begin ] --START--
INFO: Run Behavior\ReadHtmlCacheBehavior [ RunTime:0.001000s ]
INFO: [ app_begin ] --END-- [ RunTime:0.001000s ]
INFO: [ app_end ] --START--
INFO: Run Behavior\ShowPageTraceBehavior [ RunTime:0.001000s ]
INFO: [ app_end ] --END-- [ RunTime:0.001000s ]

[ 2017-01-10T11:51:57+08:00 ] ::1 /thinkphp/index.php/Admin/Login/doLogin.html
INFO: [ app_init ] --START--
INFO: Run Behavior\BuildLiteBehavior [ RunTime:0.000000s ]
INFO: [ app_init ] --END-- [ RunTime:0.000000s ]
INFO: [ app_begin ] --START--
INFO: Run Behavior\ReadHtmlCacheBehavior [ RunTime:0.000000s ]
INFO: [ app_begin ] --END-- [ RunTime:0.000000s ]
NOTIC: [2] Missing argument 1 for I(), called in C:\xampp\htdocs\thinkphp\Application\Admin\Controller\LoginController.class.php on line 21 and defined C:\xampp\htdocs\thinkphp\ThinkPHP\Common\functions.php 第 271 行.
NOTIC: [8] Undefined variable: name C:\xampp\htdocs\thinkphp\ThinkPHP\Common\functions.php 第 273 行.
NOTIC: [8] Undefined variable: name C:\xampp\htdocs\thinkphp\ThinkPHP\Common\functions.php 第 278 行.
NOTIC: [8] Undefined variable: name C:\xampp\htdocs\thinkphp\ThinkPHP\Common\functions.php 第 339 行.
SQL: SHOW COLUMNS FROM `xf_admin` [ RunTime:0.0030s ]
SQL: SELECT * FROM `xf_admin` WHERE ( username = "123123" ) LIMIT 1   [ RunTime:0.0000s ]

[ 2017-01-10T11:52:00+08:00 ] ::1 /thinkphp/index.php/Admin/Login/verify.html?1846
INFO: [ app_init ] --START--
INFO: Run Behavior\BuildLiteBehavior [ RunTime:0.000000s ]
INFO: [ app_init ] --END-- [ RunTime:0.000000s ]
INFO: [ app_begin ] --START--
INFO: Run Behavior\ReadHtmlCacheBehavior [ RunTime:0.000000s ]
INFO: [ app_begin ] --END-- [ RunTime:0.000000s ]
INFO: [ app_end ] --START--
INFO: Run Behavior\ShowPageTraceBehavior [ RunTime:0.001000s ]
INFO: [ app_end ] --END-- [ RunTime:0.001000s ]

[ 2017-01-10T11:52:28+08:00 ] ::1 /thinkphp/index.php/Admin/Login/doLogin.html
INFO: [ app_init ] --START--
INFO: Run Behavior\BuildLiteBehavior [ RunTime:0.000000s ]
INFO: [ app_init ] --END-- [ RunTime:0.000000s ]
INFO: [ app_begin ] --START--
INFO: Run Behavior\ReadHtmlCacheBehavior [ RunTime:0.001000s ]
INFO: [ app_begin ] --END-- [ RunTime:0.001000s ]
NOTIC: [2] Missing argument 1 for I(), called in C:\xampp\htdocs\thinkphp\Application\Admin\Controller\LoginController.class.php on line 21 and defined C:\xampp\htdocs\thinkphp\ThinkPHP\Common\functions.php 第 271 行.
NOTIC: [8] Undefined variable: name C:\xampp\htdocs\thinkphp\ThinkPHP\Common\functions.php 第 273 行.
NOTIC: [8] Undefined variable: name C:\xampp\htdocs\thinkphp\ThinkPHP\Common\functions.php 第 278 行.
NOTIC: [8] Undefined variable: name C:\xampp\htdocs\thinkphp\ThinkPHP\Common\functions.php 第 339 行.
SQL: SHOW COLUMNS FROM `xf_admin` [ RunTime:0.0030s ]
SQL: SELECT * FROM `xf_admin` WHERE ( username = "123123" ) LIMIT 1   [ RunTime:0.0000s ]

[ 2017-01-10T11:52:30+08:00 ] ::1 /thinkphp/index.php/Admin/Login/verify.html?7499
INFO: [ app_init ] --START--
INFO: Run Behavior\BuildLiteBehavior [ RunTime:0.000000s ]
INFO: [ app_init ] --END-- [ RunTime:0.000000s ]
INFO: [ app_begin ] --START--
INFO: Run Behavior\ReadHtmlCacheBehavior [ RunTime:0.001000s ]
INFO: [ app_begin ] --END-- [ RunTime:0.001000s ]
INFO: [ app_end ] --START--
INFO: Run Behavior\ShowPageTraceBehavior [ RunTime:0.000000s ]
INFO: [ app_end ] --END-- [ RunTime:0.000000s ]

[ 2017-01-10T11:55:20+08:00 ] ::1 /thinkphp/admin/
INFO: [ app_init ] --START--
INFO: Run Behavior\BuildLiteBehavior [ RunTime:0.000000s ]
INFO: [ app_init ] --END-- [ RunTime:0.000000s ]
INFO: [ app_begin ] --START--
INFO: Run Behavior\ReadHtmlCacheBehavior [ RunTime:0.000000s ]
INFO: [ app_begin ] --END-- [ RunTime:0.000000s ]
INFO: [ view_parse ] --START--
INFO: [ template_filter ] --START--
INFO: Run Behavior\ContentReplaceBehavior [ RunTime:0.000000s ]
INFO: [ template_filter ] --END-- [ RunTime:0.000000s ]
INFO: Run Behavior\ParseTemplateBehavior [ RunTime:0.005001s ]
INFO: [ view_parse ] --END-- [ RunTime:0.005001s ]
INFO: [ view_filter ] --START--
INFO: Run Behavior\WriteHtmlCacheBehavior [ RunTime:0.001000s ]
INFO: [ view_filter ] --END-- [ RunTime:0.001000s ]

[ 2017-01-10T11:55:23+08:00 ] ::1 /thinkphp/index.php/Admin/Login/login.html
INFO: [ app_init ] --START--
INFO: Run Behavior\BuildLiteBehavior [ RunTime:0.000000s ]
INFO: [ app_init ] --END-- [ RunTime:0.000000s ]
INFO: [ app_begin ] --START--
INFO: Run Behavior\ReadHtmlCacheBehavior [ RunTime:0.000000s ]
INFO: [ app_begin ] --END-- [ RunTime:0.000000s ]
INFO: [ view_parse ] --START--
INFO: [ template_filter ] --START--
INFO: Run Behavior\ContentReplaceBehavior [ RunTime:0.000000s ]
INFO: [ template_filter ] --END-- [ RunTime:0.000000s ]
INFO: Run Behavior\ParseTemplateBehavior [ RunTime:0.005000s ]
INFO: [ view_parse ] --END-- [ RunTime:0.005000s ]
INFO: [ view_filter ] --START--
INFO: Run Behavior\WriteHtmlCacheBehavior [ RunTime:0.000000s ]
INFO: [ view_filter ] --END-- [ RunTime:0.000000s ]
INFO: [ app_end ] --START--
INFO: Run Behavior\ShowPageTraceBehavior [ RunTime:0.000000s ]
INFO: [ app_end ] --END-- [ RunTime:0.000000s ]

[ 2017-01-10T11:55:23+08:00 ] ::1 /thinkphp/index.php/Admin/Login/verify.html
INFO: [ app_init ] --START--
INFO: Run Behavior\BuildLiteBehavior [ RunTime:0.000000s ]
INFO: [ app_init ] --END-- [ RunTime:0.001000s ]
INFO: [ app_begin ] --START--
INFO: Run Behavior\ReadHtmlCacheBehavior [ RunTime:0.001000s ]
INFO: [ app_begin ] --END-- [ RunTime:0.001000s ]
INFO: [ app_end ] --START--
INFO: Run Behavior\ShowPageTraceBehavior [ RunTime:0.001000s ]
INFO: [ app_end ] --END-- [ RunTime:0.001000s ]

[ 2017-01-10T11:55:33+08:00 ] ::1 /thinkphp/index.php/Admin/Login/doLogin.html
INFO: [ app_init ] --START--
INFO: Run Behavior\BuildLiteBehavior [ RunTime:0.000000s ]
INFO: [ app_init ] --END-- [ RunTime:0.001001s ]
INFO: [ app_begin ] --START--
INFO: Run Behavior\ReadHtmlCacheBehavior [ RunTime:0.001000s ]
INFO: [ app_begin ] --END-- [ RunTime:0.001000s ]
NOTIC: [2] Missing argument 1 for I(), called in C:\xampp\htdocs\thinkphp\Application\Admin\Controller\LoginController.class.php on line 21 and defined C:\xampp\htdocs\thinkphp\ThinkPHP\Common\functions.php 第 271 行.
NOTIC: [8] Undefined variable: name C:\xampp\htdocs\thinkphp\ThinkPHP\Common\functions.php 第 273 行.
NOTIC: [8] Undefined variable: name C:\xampp\htdocs\thinkphp\ThinkPHP\Common\functions.php 第 278 行.
NOTIC: [8] Undefined variable: name C:\xampp\htdocs\thinkphp\ThinkPHP\Common\functions.php 第 339 行.
SQL: SHOW COLUMNS FROM `xf_admin` [ RunTime:0.0020s ]
INFO: [ app_end ] --START--
INFO: Run Behavior\ShowPageTraceBehavior [ RunTime:0.001000s ]
INFO: [ app_end ] --END-- [ RunTime:0.001000s ]

[ 2017-01-10T11:55:35+08:00 ] ::1 /thinkphp/index.php/Admin/Login/verify.html?8858
INFO: [ app_init ] --START--
INFO: Run Behavior\BuildLiteBehavior [ RunTime:0.000000s ]
INFO: [ app_init ] --END-- [ RunTime:0.000000s ]
INFO: [ app_begin ] --START--
INFO: Run Behavior\ReadHtmlCacheBehavior [ RunTime:0.001000s ]
INFO: [ app_begin ] --END-- [ RunTime:0.001000s ]
INFO: [ app_end ] --START--
INFO: Run Behavior\ShowPageTraceBehavior [ RunTime:0.001000s ]
INFO: [ app_end ] --END-- [ RunTime:0.001000s ]

[ 2017-01-10T11:56:59+08:00 ] ::1 /thinkphp/index.php/Admin/Login/doLogin.html
INFO: [ app_init ] --START--
INFO: Run Behavior\BuildLiteBehavior [ RunTime:0.000000s ]
INFO: [ app_init ] --END-- [ RunTime:0.000000s ]
INFO: [ app_begin ] --START--
INFO: Run Behavior\ReadHtmlCacheBehavior [ RunTime:0.000000s ]
INFO: [ app_begin ] --END-- [ RunTime:0.001000s ]
NOTIC: [2] Missing argument 1 for I(), called in C:\xampp\htdocs\thinkphp\Application\Admin\Controller\LoginController.class.php on line 21 and defined C:\xampp\htdocs\thinkphp\ThinkPHP\Common\functions.php 第 271 行.
NOTIC: [8] Undefined variable: name C:\xampp\htdocs\thinkphp\ThinkPHP\Common\functions.php 第 273 行.
NOTIC: [8] Undefined variable: name C:\xampp\htdocs\thinkphp\ThinkPHP\Common\functions.php 第 278 行.
NOTIC: [8] Undefined variable: name C:\xampp\htdocs\thinkphp\ThinkPHP\Common\functions.php 第 339 行.
SQL: SHOW COLUMNS FROM `xf_admin` [ RunTime:0.0020s ]
SQL: INSERT INTO `xf_admin` (`password`) VALUES ('68053af2923e00204c3ca7c6a3150cf7') [ RunTime:0.0040s ]
INFO: [ app_end ] --START--
INFO: Run Behavior\ShowPageTraceBehavior [ RunTime:0.001000s ]
INFO: [ app_end ] --END-- [ RunTime:0.001000s ]

[ 2017-01-10T11:57:01+08:00 ] ::1 /thinkphp/index.php/Admin/Login/verify.html?2458
INFO: [ app_init ] --START--
INFO: Run Behavior\BuildLiteBehavior [ RunTime:0.000000s ]
INFO: [ app_init ] --END-- [ RunTime:0.000000s ]
INFO: [ app_begin ] --START--
INFO: Run Behavior\ReadHtmlCacheBehavior [ RunTime:0.001000s ]
INFO: [ app_begin ] --END-- [ RunTime:0.001000s ]
INFO: [ app_end ] --START--
INFO: Run Behavior\ShowPageTraceBehavior [ RunTime:0.000000s ]
INFO: [ app_end ] --END-- [ RunTime:0.001000s ]

[ 2017-01-10T11:57:21+08:00 ] ::1 /thinkphp/index.php/Admin/Login/doLogin.html
INFO: [ app_init ] --START--
INFO: Run Behavior\BuildLiteBehavior [ RunTime:0.000000s ]
INFO: [ app_init ] --END-- [ RunTime:0.001000s ]
INFO: [ app_begin ] --START--
INFO: Run Behavior\ReadHtmlCacheBehavior [ RunTime:0.000000s ]
INFO: [ app_begin ] --END-- [ RunTime:0.001000s ]
NOTIC: [2] Missing argument 1 for I(), called in C:\xampp\htdocs\thinkphp\Application\Admin\Controller\LoginController.class.php on line 21 and defined C:\xampp\htdocs\thinkphp\ThinkPHP\Common\functions.php 第 271 行.
NOTIC: [8] Undefined variable: name C:\xampp\htdocs\thinkphp\ThinkPHP\Common\functions.php 第 273 行.
NOTIC: [8] Undefined variable: name C:\xampp\htdocs\thinkphp\ThinkPHP\Common\functions.php 第 278 行.
NOTIC: [8] Undefined variable: name C:\xampp\htdocs\thinkphp\ThinkPHP\Common\functions.php 第 339 行.
SQL: SHOW COLUMNS FROM `xf_admin` [ RunTime:0.0030s ]
SQL: INSERT INTO `xf_admin` (`username`,`password`) VALUES ('789','68053af2923e00204c3ca7c6a3150cf7') [ RunTime:0.0030s ]
INFO: [ app_end ] --START--
INFO: Run Behavior\ShowPageTraceBehavior [ RunTime:0.000000s ]
INFO: [ app_end ] --END-- [ RunTime:0.000000s ]

[ 2017-01-10T11:57:22+08:00 ] ::1 /thinkphp/index.php/Admin/Login/verify.html?2249
INFO: [ app_init ] --START--
INFO: Run Behavior\BuildLiteBehavior [ RunTime:0.000000s ]
INFO: [ app_init ] --END-- [ RunTime:0.000000s ]
INFO: [ app_begin ] --START--
INFO: Run Behavior\ReadHtmlCacheBehavior [ RunTime:0.001000s ]
INFO: [ app_begin ] --END-- [ RunTime:0.001000s ]
INFO: [ app_end ] --START--
INFO: Run Behavior\ShowPageTraceBehavior [ RunTime:0.001000s ]
INFO: [ app_end ] --END-- [ RunTime:0.001000s ]

[ 2017-01-10T11:58:18+08:00 ] ::1 /thinkphp/index.php/Admin/Login/login.html
INFO: [ app_init ] --START--
INFO: Run Behavior\BuildLiteBehavior [ RunTime:0.000000s ]
INFO: [ app_init ] --END-- [ RunTime:0.000000s ]
INFO: [ app_begin ] --START--
INFO: Run Behavior\ReadHtmlCacheBehavior [ RunTime:0.001000s ]
INFO: [ app_begin ] --END-- [ RunTime:0.001000s ]
INFO: [ view_parse ] --START--
INFO: [ template_filter ] --START--
INFO: Run Behavior\ContentReplaceBehavior [ RunTime:0.000000s ]
INFO: [ template_filter ] --END-- [ RunTime:0.000000s ]
INFO: Run Behavior\ParseTemplateBehavior [ RunTime:0.005000s ]
INFO: [ view_parse ] --END-- [ RunTime:0.005000s ]
INFO: [ view_filter ] --START--
INFO: Run Behavior\WriteHtmlCacheBehavior [ RunTime:0.001000s ]
INFO: [ view_filter ] --END-- [ RunTime:0.001000s ]
INFO: [ app_end ] --START--
INFO: Run Behavior\ShowPageTraceBehavior [ RunTime:0.000000s ]
INFO: [ app_end ] --END-- [ RunTime:0.000000s ]

[ 2017-01-10T11:58:18+08:00 ] ::1 /thinkphp/index.php/Admin/Login/verify.html
INFO: [ app_init ] --START--
INFO: Run Behavior\BuildLiteBehavior [ RunTime:0.000000s ]
INFO: [ app_init ] --END-- [ RunTime:0.000000s ]
INFO: [ app_begin ] --START--
INFO: Run Behavior\ReadHtmlCacheBehavior [ RunTime:0.000000s ]
INFO: [ app_begin ] --END-- [ RunTime:0.000000s ]
INFO: [ app_end ] --START--
INFO: Run Behavior\ShowPageTraceBehavior [ RunTime:0.000000s ]
INFO: [ app_end ] --END-- [ RunTime:0.000000s ]

[ 2017-01-10T11:58:29+08:00 ] ::1 /thinkphp/index.php/Admin/Login/doLogin.html
INFO: [ app_init ] --START--
INFO: Run Behavior\BuildLiteBehavior [ RunTime:0.000000s ]
INFO: [ app_init ] --END-- [ RunTime:0.000000s ]
INFO: [ app_begin ] --START--
INFO: Run Behavior\ReadHtmlCacheBehavior [ RunTime:0.001000s ]
INFO: [ app_begin ] --END-- [ RunTime:0.001000s ]
NOTIC: [2] Missing argument 1 for I(), called in C:\xampp\htdocs\thinkphp\Application\Admin\Controller\LoginController.class.php on line 21 and defined C:\xampp\htdocs\thinkphp\ThinkPHP\Common\functions.php 第 271 行.
NOTIC: [8] Undefined variable: name C:\xampp\htdocs\thinkphp\ThinkPHP\Common\functions.php 第 273 行.
NOTIC: [8] Undefined variable: name C:\xampp\htdocs\thinkphp\ThinkPHP\Common\functions.php 第 278 行.
NOTIC: [8] Undefined variable: name C:\xampp\htdocs\thinkphp\ThinkPHP\Common\functions.php 第 339 行.
SQL: SHOW COLUMNS FROM `xf_admin` [ RunTime:0.0020s ]
SQL: SELECT * FROM `xf_admin` WHERE ( username = "789" ) LIMIT 1   [ RunTime:0.0000s ]

[ 2017-01-10T11:58:34+08:00 ] ::1 /thinkphp/index.php/Admin/Login/verify.html?243
INFO: [ app_init ] --START--
INFO: Run Behavior\BuildLiteBehavior [ RunTime:0.000000s ]
INFO: [ app_init ] --END-- [ RunTime:0.001000s ]
INFO: [ app_begin ] --START--
INFO: Run Behavior\ReadHtmlCacheBehavior [ RunTime:0.000000s ]
INFO: [ app_begin ] --END-- [ RunTime:0.000000s ]
INFO: [ app_end ] --START--
INFO: Run Behavior\ShowPageTraceBehavior [ RunTime:0.000000s ]
INFO: [ app_end ] --END-- [ RunTime:0.000000s ]

[ 2017-01-10T11:58:47+08:00 ] ::1 /thinkphp/index.php/Admin/Login/doLogin.html
INFO: [ app_init ] --START--
INFO: Run Behavior\BuildLiteBehavior [ RunTime:0.000000s ]
INFO: [ app_init ] --END-- [ RunTime:0.000000s ]
INFO: [ app_begin ] --START--
INFO: Run Behavior\ReadHtmlCacheBehavior [ RunTime:0.000000s ]
INFO: [ app_begin ] --END-- [ RunTime:0.000000s ]
NOTIC: [2] Missing argument 1 for I(), called in C:\xampp\htdocs\thinkphp\Application\Admin\Controller\LoginController.class.php on line 21 and defined C:\xampp\htdocs\thinkphp\ThinkPHP\Common\functions.php 第 271 行.
NOTIC: [8] Undefined variable: name C:\xampp\htdocs\thinkphp\ThinkPHP\Common\functions.php 第 273 行.
NOTIC: [8] Undefined variable: name C:\xampp\htdocs\thinkphp\ThinkPHP\Common\functions.php 第 278 行.
NOTIC: [8] Undefined variable: name C:\xampp\htdocs\thinkphp\ThinkPHP\Common\functions.php 第 339 行.
SQL: SHOW COLUMNS FROM `xf_admin` [ RunTime:0.0020s ]
SQL: SELECT * FROM `xf_admin` WHERE ( username = "789" ) LIMIT 1   [ RunTime:0.0000s ]

[ 2017-01-10T11:58:56+08:00 ] ::1 /thinkphp/index.php/Admin/Login/verify.html?1175
INFO: [ app_init ] --START--
INFO: Run Behavior\BuildLiteBehavior [ RunTime:0.000000s ]
INFO: [ app_init ] --END-- [ RunTime:0.000000s ]
INFO: [ app_begin ] --START--
INFO: Run Behavior\ReadHtmlCacheBehavior [ RunTime:0.000000s ]
INFO: [ app_begin ] --END-- [ RunTime:0.000000s ]
INFO: [ app_end ] --START--
INFO: Run Behavior\ShowPageTraceBehavior [ RunTime:0.001000s ]
INFO: [ app_end ] --END-- [ RunTime:0.001000s ]

[ 2017-01-10T12:02:27+08:00 ] ::1 /thinkphp/index.php/Admin/Login/doLogin.html
INFO: [ app_init ] --START--
INFO: Run Behavior\BuildLiteBehavior [ RunTime:0.000000s ]
INFO: [ app_init ] --END-- [ RunTime:0.000000s ]
INFO: [ app_begin ] --START--
INFO: Run Behavior\ReadHtmlCacheBehavior [ RunTime:0.001000s ]
INFO: [ app_begin ] --END-- [ RunTime:0.001000s ]
NOTIC: [2] Missing argument 1 for I(), called in C:\xampp\htdocs\thinkphp\Application\Admin\Controller\LoginController.class.php on line 21 and defined C:\xampp\htdocs\thinkphp\ThinkPHP\Common\functions.php 第 271 行.
NOTIC: [8] Undefined variable: name C:\xampp\htdocs\thinkphp\ThinkPHP\Common\functions.php 第 273 行.
NOTIC: [8] Undefined variable: name C:\xampp\htdocs\thinkphp\ThinkPHP\Common\functions.php 第 278 行.
NOTIC: [8] Undefined variable: name C:\xampp\htdocs\thinkphp\ThinkPHP\Common\functions.php 第 339 行.
SQL: SHOW COLUMNS FROM `xf_admin` [ RunTime:0.0020s ]
SQL: SELECT * FROM `xf_admin` WHERE ( username = "789" ) LIMIT 1   [ RunTime:0.0010s ]

[ 2017-01-10T12:02:30+08:00 ] ::1 /thinkphp/index.php/Admin/Login/verify.html?5534
INFO: [ app_init ] --START--
INFO: Run Behavior\BuildLiteBehavior [ RunTime:0.000000s ]
INFO: [ app_init ] --END-- [ RunTime:0.000000s ]
INFO: [ app_begin ] --START--
INFO: Run Behavior\ReadHtmlCacheBehavior [ RunTime:0.001000s ]
INFO: [ app_begin ] --END-- [ RunTime:0.001000s ]
INFO: [ app_end ] --START--
INFO: Run Behavior\ShowPageTraceBehavior [ RunTime:0.001000s ]
INFO: [ app_end ] --END-- [ RunTime:0.001000s ]

[ 2017-01-10T12:02:31+08:00 ] ::1 /thinkphp/index.php/Admin/Login/login.html
INFO: [ app_init ] --START--
INFO: Run Behavior\BuildLiteBehavior [ RunTime:0.000000s ]
INFO: [ app_init ] --END-- [ RunTime:0.000000s ]
INFO: [ app_begin ] --START--
INFO: Run Behavior\ReadHtmlCacheBehavior [ RunTime:0.001000s ]
INFO: [ app_begin ] --END-- [ RunTime:0.001000s ]
INFO: [ view_parse ] --START--
INFO: [ template_filter ] --START--
INFO: Run Behavior\ContentReplaceBehavior [ RunTime:0.001000s ]
INFO: [ template_filter ] --END-- [ RunTime:0.001000s ]
INFO: Run Behavior\ParseTemplateBehavior [ RunTime:0.007000s ]
INFO: [ view_parse ] --END-- [ RunTime:0.007000s ]
INFO: [ view_filter ] --START--
INFO: Run Behavior\WriteHtmlCacheBehavior [ RunTime:0.000000s ]
INFO: [ view_filter ] --END-- [ RunTime:0.000000s ]
INFO: [ app_end ] --START--
INFO: Run Behavior\ShowPageTraceBehavior [ RunTime:0.001000s ]
INFO: [ app_end ] --END-- [ RunTime:0.001000s ]

[ 2017-01-10T12:02:31+08:00 ] ::1 /thinkphp/index.php/Admin/Login/verify.html
INFO: [ app_init ] --START--
INFO: Run Behavior\BuildLiteBehavior [ RunTime:0.000000s ]
INFO: [ app_init ] --END-- [ RunTime:0.000000s ]
INFO: [ app_begin ] --START--
INFO: Run Behavior\ReadHtmlCacheBehavior [ RunTime:0.000000s ]
INFO: [ app_begin ] --END-- [ RunTime:0.000000s ]
INFO: [ app_end ] --START--
INFO: Run Behavior\ShowPageTraceBehavior [ RunTime:0.000000s ]
INFO: [ app_end ] --END-- [ RunTime:0.001000s ]

[ 2017-01-10T12:02:31+08:00 ] ::1 /thinkphp/index.php/Admin/Login/login.html
INFO: [ app_init ] --START--
INFO: Run Behavior\BuildLiteBehavior [ RunTime:0.000000s ]
INFO: [ app_init ] --END-- [ RunTime:0.001000s ]
INFO: [ app_begin ] --START--
INFO: Run Behavior\ReadHtmlCacheBehavior [ RunTime:0.001000s ]
INFO: [ app_begin ] --END-- [ RunTime:0.001000s ]
INFO: [ view_parse ] --START--
INFO: [ template_filter ] --START--
INFO: Run Behavior\ContentReplaceBehavior [ RunTime:0.000000s ]
INFO: [ template_filter ] --END-- [ RunTime:0.000000s ]
INFO: Run Behavior\ParseTemplateBehavior [ RunTime:0.005001s ]
INFO: [ view_parse ] --END-- [ RunTime:0.005001s ]
INFO: [ view_filter ] --START--
INFO: Run Behavior\WriteHtmlCacheBehavior [ RunTime:0.001000s ]
INFO: [ view_filter ] --END-- [ RunTime:0.001000s ]
INFO: [ app_end ] --START--
INFO: Run Behavior\ShowPageTraceBehavior [ RunTime:0.000000s ]
INFO: [ app_end ] --END-- [ RunTime:0.000000s ]

[ 2017-01-10T12:02:31+08:00 ] ::1 /thinkphp/index.php/Admin/Login/verify.html
INFO: [ app_init ] --START--
INFO: Run Behavior\BuildLiteBehavior [ RunTime:0.000000s ]
INFO: [ app_init ] --END-- [ RunTime:0.000000s ]
INFO: [ app_begin ] --START--
INFO: Run Behavior\ReadHtmlCacheBehavior [ RunTime:0.000000s ]
INFO: [ app_begin ] --END-- [ RunTime:0.000000s ]
INFO: [ app_end ] --START--
INFO: Run Behavior\ShowPageTraceBehavior [ RunTime:0.001000s ]
INFO: [ app_end ] --END-- [ RunTime:0.001000s ]

[ 2017-01-10T12:02:31+08:00 ] ::1 /thinkphp/index.php/Admin/Login/login.html
INFO: [ app_init ] --START--
INFO: Run Behavior\BuildLiteBehavior [ RunTime:0.000000s ]
INFO: [ app_init ] --END-- [ RunTime:0.000000s ]
INFO: [ app_begin ] --START--
INFO: Run Behavior\ReadHtmlCacheBehavior [ RunTime:0.000000s ]
INFO: [ app_begin ] --END-- [ RunTime:0.000000s ]
INFO: [ view_parse ] --START--
INFO: [ template_filter ] --START--
INFO: Run Behavior\ContentReplaceBehavior [ RunTime:0.000000s ]
INFO: [ template_filter ] --END-- [ RunTime:0.000000s ]
INFO: Run Behavior\ParseTemplateBehavior [ RunTime:0.006000s ]
INFO: [ view_parse ] --END-- [ RunTime:0.006000s ]
INFO: [ view_filter ] --START--
INFO: Run Behavior\WriteHtmlCacheBehavior [ RunTime:0.001000s ]
INFO: [ view_filter ] --END-- [ RunTime:0.001000s ]
INFO: [ app_end ] --START--
INFO: Run Behavior\ShowPageTraceBehavior [ RunTime:0.000000s ]
INFO: [ app_end ] --END-- [ RunTime:0.000000s ]

[ 2017-01-10T12:02:31+08:00 ] ::1 /thinkphp/index.php/Admin/Login/verify.html
INFO: [ app_init ] --START--
INFO: Run Behavior\BuildLiteBehavior [ RunTime:0.000000s ]
INFO: [ app_init ] --END-- [ RunTime:0.000000s ]
INFO: [ app_begin ] --START--
INFO: Run Behavior\ReadHtmlCacheBehavior [ RunTime:0.001000s ]
INFO: [ app_begin ] --END-- [ RunTime:0.001000s ]
INFO: [ app_end ] --START--
INFO: Run Behavior\ShowPageTraceBehavior [ RunTime:0.000000s ]
INFO: [ app_end ] --END-- [ RunTime:0.000000s ]

[ 2017-01-10T12:02:31+08:00 ] ::1 /thinkphp/index.php/Admin/Login/login.html
INFO: [ app_init ] --START--
INFO: Run Behavior\BuildLiteBehavior [ RunTime:0.000000s ]
INFO: [ app_init ] --END-- [ RunTime:0.000000s ]
INFO: [ app_begin ] --START--
INFO: Run Behavior\ReadHtmlCacheBehavior [ RunTime:0.001000s ]
INFO: [ app_begin ] --END-- [ RunTime:0.001000s ]
INFO: [ view_parse ] --START--
INFO: [ template_filter ] --START--
INFO: Run Behavior\ContentReplaceBehavior [ RunTime:0.000000s ]
INFO: [ template_filter ] --END-- [ RunTime:0.000000s ]
INFO: Run Behavior\ParseTemplateBehavior [ RunTime:0.006000s ]
INFO: [ view_parse ] --END-- [ RunTime:0.006000s ]
INFO: [ view_filter ] --START--
INFO: Run Behavior\WriteHtmlCacheBehavior [ RunTime:0.000000s ]
INFO: [ view_filter ] --END-- [ RunTime:0.000000s ]
INFO: [ app_end ] --START--
INFO: Run Behavior\ShowPageTraceBehavior [ RunTime:0.001000s ]
INFO: [ app_end ] --END-- [ RunTime:0.001000s ]

[ 2017-01-10T12:02:31+08:00 ] ::1 /thinkphp/index.php/Admin/Login/verify.html
INFO: [ app_init ] --START--
INFO: Run Behavior\BuildLiteBehavior [ RunTime:0.000000s ]
INFO: [ app_init ] --END-- [ RunTime:0.001000s ]
INFO: [ app_begin ] --START--
INFO: Run Behavior\ReadHtmlCacheBehavior [ RunTime:0.001000s ]
INFO: [ app_begin ] --END-- [ RunTime:0.001000s ]
INFO: [ app_end ] --START--
INFO: Run Behavior\ShowPageTraceBehavior [ RunTime:0.000000s ]
INFO: [ app_end ] --END-- [ RunTime:0.000000s ]

[ 2017-01-10T12:02:40+08:00 ] ::1 /thinkphp/index.php/Admin/Login/doLogin.html
INFO: [ app_init ] --START--
INFO: Run Behavior\BuildLiteBehavior [ RunTime:0.000000s ]
INFO: [ app_init ] --END-- [ RunTime:0.000000s ]
INFO: [ app_begin ] --START--
INFO: Run Behavior\ReadHtmlCacheBehavior [ RunTime:0.001000s ]
INFO: [ app_begin ] --END-- [ RunTime:0.001000s ]
NOTIC: [2] Missing argument 1 for I(), called in C:\xampp\htdocs\thinkphp\Application\Admin\Controller\LoginController.class.php on line 21 and defined C:\xampp\htdocs\thinkphp\ThinkPHP\Common\functions.php 第 271 行.
NOTIC: [8] Undefined variable: name C:\xampp\htdocs\thinkphp\ThinkPHP\Common\functions.php 第 273 行.
NOTIC: [8] Undefined variable: name C:\xampp\htdocs\thinkphp\ThinkPHP\Common\functions.php 第 278 行.
NOTIC: [8] Undefined variable: name C:\xampp\htdocs\thinkphp\ThinkPHP\Common\functions.php 第 339 行.
SQL: SHOW COLUMNS FROM `xf_admin` [ RunTime:0.0020s ]
SQL: SELECT * FROM `xf_admin` WHERE ( username = "789" ) LIMIT 1   [ RunTime:0.0000s ]

[ 2017-01-10T12:02:41+08:00 ] ::1 /thinkphp/index.php/Admin/Login/verify.html?9689
INFO: [ app_init ] --START--
INFO: Run Behavior\BuildLiteBehavior [ RunTime:0.000000s ]
INFO: [ app_init ] --END-- [ RunTime:0.001000s ]
INFO: [ app_begin ] --START--
INFO: Run Behavior\ReadHtmlCacheBehavior [ RunTime:0.001000s ]
INFO: [ app_begin ] --END-- [ RunTime:0.001000s ]
INFO: [ app_end ] --START--
INFO: Run Behavior\ShowPageTraceBehavior [ RunTime:0.001000s ]
INFO: [ app_end ] --END-- [ RunTime:0.001000s ]

[ 2017-01-10T12:03:13+08:00 ] ::1 /thinkphp/index.php/Admin/Login/doLogin.html
INFO: [ app_init ] --START--
INFO: Run Behavior\BuildLiteBehavior [ RunTime:0.000000s ]
INFO: [ app_init ] --END-- [ RunTime:0.000000s ]
INFO: [ app_begin ] --START--
INFO: Run Behavior\ReadHtmlCacheBehavior [ RunTime:0.001000s ]
INFO: [ app_begin ] --END-- [ RunTime:0.001000s ]
NOTIC: [2] Missing argument 1 for I(), called in C:\xampp\htdocs\thinkphp\Application\Admin\Controller\LoginController.class.php on line 21 and defined C:\xampp\htdocs\thinkphp\ThinkPHP\Common\functions.php 第 271 行.
NOTIC: [8] Undefined variable: name C:\xampp\htdocs\thinkphp\ThinkPHP\Common\functions.php 第 273 行.
NOTIC: [8] Undefined variable: name C:\xampp\htdocs\thinkphp\ThinkPHP\Common\functions.php 第 278 行.
NOTIC: [8] Undefined variable: name C:\xampp\htdocs\thinkphp\ThinkPHP\Common\functions.php 第 339 行.
SQL: SHOW COLUMNS FROM `xf_admin` [ RunTime:0.0030s ]
SQL: SELECT * FROM `xf_admin` WHERE ( username = "123123" ) LIMIT 1   [ RunTime:0.0000s ]

[ 2017-01-10T12:03:15+08:00 ] ::1 /thinkphp/index.php/Admin/Login/verify.html?9034
INFO: [ app_init ] --START--
INFO: Run Behavior\BuildLiteBehavior [ RunTime:0.000000s ]
INFO: [ app_init ] --END-- [ RunTime:0.001000s ]
INFO: [ app_begin ] --START--
INFO: Run Behavior\ReadHtmlCacheBehavior [ RunTime:0.000000s ]
INFO: [ app_begin ] --END-- [ RunTime:0.000000s ]
INFO: [ app_end ] --START--
INFO: Run Behavior\ShowPageTraceBehavior [ RunTime:0.001000s ]
INFO: [ app_end ] --END-- [ RunTime:0.001000s ]

[ 2017-01-10T12:03:27+08:00 ] ::1 /thinkphp/index.php/Admin/Login/doLogin.html
INFO: [ app_init ] --START--
INFO: Run Behavior\BuildLiteBehavior [ RunTime:0.000000s ]
INFO: [ app_init ] --END-- [ RunTime:0.000000s ]
INFO: [ app_begin ] --START--
INFO: Run Behavior\ReadHtmlCacheBehavior [ RunTime:0.001000s ]
INFO: [ app_begin ] --END-- [ RunTime:0.001000s ]
NOTIC: [2] Missing argument 1 for I(), called in C:\xampp\htdocs\thinkphp\Application\Admin\Controller\LoginController.class.php on line 21 and defined C:\xampp\htdocs\thinkphp\ThinkPHP\Common\functions.php 第 271 行.
NOTIC: [8] Undefined variable: name C:\xampp\htdocs\thinkphp\ThinkPHP\Common\functions.php 第 273 行.
NOTIC: [8] Undefined variable: name C:\xampp\htdocs\thinkphp\ThinkPHP\Common\functions.php 第 278 行.
NOTIC: [8] Undefined variable: name C:\xampp\htdocs\thinkphp\ThinkPHP\Common\functions.php 第 339 行.
SQL: SHOW COLUMNS FROM `xf_admin` [ RunTime:0.0020s ]
SQL: SELECT * FROM `xf_admin` WHERE ( username = "admin" ) LIMIT 1   [ RunTime:0.0000s ]

[ 2017-01-10T12:03:29+08:00 ] ::1 /thinkphp/index.php/Admin/Login/verify.html?2990
INFO: [ app_init ] --START--
INFO: Run Behavior\BuildLiteBehavior [ RunTime:0.000000s ]
INFO: [ app_init ] --END-- [ RunTime:0.001000s ]
INFO: [ app_begin ] --START--
INFO: Run Behavior\ReadHtmlCacheBehavior [ RunTime:0.001000s ]
INFO: [ app_begin ] --END-- [ RunTime:0.001000s ]
INFO: [ app_end ] --START--
INFO: Run Behavior\ShowPageTraceBehavior [ RunTime:0.001000s ]
INFO: [ app_end ] --END-- [ RunTime:0.001000s ]

[ 2017-01-10T12:05:14+08:00 ] ::1 /thinkphp/index.php/Admin/Login/doLogin.html
INFO: [ app_init ] --START--
INFO: Run Behavior\BuildLiteBehavior [ RunTime:0.000000s ]
INFO: [ app_init ] --END-- [ RunTime:0.000000s ]
INFO: [ app_begin ] --START--
INFO: Run Behavior\ReadHtmlCacheBehavior [ RunTime:0.001000s ]
INFO: [ app_begin ] --END-- [ RunTime:0.001000s ]
NOTIC: [2] Missing argument 1 for I(), called in C:\xampp\htdocs\thinkphp\Application\Admin\Controller\LoginController.class.php on line 21 and defined C:\xampp\htdocs\thinkphp\ThinkPHP\Common\functions.php 第 271 行.
NOTIC: [8] Undefined variable: name C:\xampp\htdocs\thinkphp\ThinkPHP\Common\functions.php 第 273 行.
NOTIC: [8] Undefined variable: name C:\xampp\htdocs\thinkphp\ThinkPHP\Common\functions.php 第 278 行.
NOTIC: [8] Undefined variable: name C:\xampp\htdocs\thinkphp\ThinkPHP\Common\functions.php 第 339 行.
SQL: SHOW COLUMNS FROM `xf_admin` [ RunTime:0.0020s ]
SQL: SELECT * FROM `xf_admin` WHERE ( username = "admin" ) LIMIT 1   [ RunTime:0.0000s ]

[ 2017-01-10T12:05:15+08:00 ] ::1 /thinkphp/index.php/Admin/Login/verify.html?522
INFO: [ app_init ] --START--
INFO: Run Behavior\BuildLiteBehavior [ RunTime:0.000000s ]
INFO: [ app_init ] --END-- [ RunTime:0.000000s ]
INFO: [ app_begin ] --START--
INFO: Run Behavior\ReadHtmlCacheBehavior [ RunTime:0.000000s ]
INFO: [ app_begin ] --END-- [ RunTime:0.000000s ]
INFO: [ app_end ] --START--
INFO: Run Behavior\ShowPageTraceBehavior [ RunTime:0.000000s ]
INFO: [ app_end ] --END-- [ RunTime:0.000000s ]

[ 2017-01-10T12:05:30+08:00 ] ::1 /thinkphp/index.php/Admin/Login/doLogin.html
INFO: [ app_init ] --START--
INFO: Run Behavior\BuildLiteBehavior [ RunTime:0.000000s ]
INFO: [ app_init ] --END-- [ RunTime:0.000000s ]
INFO: [ app_begin ] --START--
INFO: Run Behavior\ReadHtmlCacheBehavior [ RunTime:0.000000s ]
INFO: [ app_begin ] --END-- [ RunTime:0.000000s ]
NOTIC: [2] Missing argument 1 for I(), called in C:\xampp\htdocs\thinkphp\Application\Admin\Controller\LoginController.class.php on line 21 and defined C:\xampp\htdocs\thinkphp\ThinkPHP\Common\functions.php 第 271 行.
NOTIC: [8] Undefined variable: name C:\xampp\htdocs\thinkphp\ThinkPHP\Common\functions.php 第 273 行.
NOTIC: [8] Undefined variable: name C:\xampp\htdocs\thinkphp\ThinkPHP\Common\functions.php 第 278 行.
NOTIC: [8] Undefined variable: name C:\xampp\htdocs\thinkphp\ThinkPHP\Common\functions.php 第 339 行.
SQL: SHOW COLUMNS FROM `xf_admin` [ RunTime:0.0020s ]
SQL: SELECT * FROM `xf_admin` WHERE ( username = "789" ) LIMIT 1   [ RunTime:0.0010s ]

[ 2017-01-10T12:05:31+08:00 ] ::1 /thinkphp/index.php/Admin/Login/verify.html?7242
INFO: [ app_init ] --START--
INFO: Run Behavior\BuildLiteBehavior [ RunTime:0.000000s ]
INFO: [ app_init ] --END-- [ RunTime:0.000000s ]
INFO: [ app_begin ] --START--
INFO: Run Behavior\ReadHtmlCacheBehavior [ RunTime:0.000000s ]
INFO: [ app_begin ] --END-- [ RunTime:0.000000s ]
INFO: [ app_end ] --START--
INFO: Run Behavior\ShowPageTraceBehavior [ RunTime:0.000000s ]
INFO: [ app_end ] --END-- [ RunTime:0.001000s ]

[ 2017-01-10T12:05:50+08:00 ] ::1 /thinkphp/index.php/Admin/Login/login.html
INFO: [ app_init ] --START--
INFO: Run Behavior\BuildLiteBehavior [ RunTime:0.000000s ]
INFO: [ app_init ] --END-- [ RunTime:0.001000s ]
INFO: [ app_begin ] --START--
INFO: Run Behavior\ReadHtmlCacheBehavior [ RunTime:0.000000s ]
INFO: [ app_begin ] --END-- [ RunTime:0.000000s ]
INFO: [ view_parse ] --START--
INFO: [ template_filter ] --START--
INFO: Run Behavior\ContentReplaceBehavior [ RunTime:0.000000s ]
INFO: [ template_filter ] --END-- [ RunTime:0.000000s ]
INFO: Run Behavior\ParseTemplateBehavior [ RunTime:0.005000s ]
INFO: [ view_parse ] --END-- [ RunTime:0.005000s ]
INFO: [ view_filter ] --START--
INFO: Run Behavior\WriteHtmlCacheBehavior [ RunTime:0.000000s ]
INFO: [ view_filter ] --END-- [ RunTime:0.000000s ]
INFO: [ app_end ] --START--
INFO: Run Behavior\ShowPageTraceBehavior [ RunTime:0.001000s ]
INFO: [ app_end ] --END-- [ RunTime:0.001000s ]

[ 2017-01-10T12:05:50+08:00 ] ::1 /thinkphp/index.php/Admin/Login/verify.html
INFO: [ app_init ] --START--
INFO: Run Behavior\BuildLiteBehavior [ RunTime:0.000000s ]
INFO: [ app_init ] --END-- [ RunTime:0.000000s ]
INFO: [ app_begin ] --START--
INFO: Run Behavior\ReadHtmlCacheBehavior [ RunTime:0.001000s ]
INFO: [ app_begin ] --END-- [ RunTime:0.001000s ]
INFO: [ app_end ] --START--
INFO: Run Behavior\ShowPageTraceBehavior [ RunTime:0.000000s ]
INFO: [ app_end ] --END-- [ RunTime:0.001000s ]

[ 2017-01-10T12:05:59+08:00 ] ::1 /thinkphp/index.php/Admin/Login/doLogin.html
INFO: [ app_init ] --START--
INFO: Run Behavior\BuildLiteBehavior [ RunTime:0.000000s ]
INFO: [ app_init ] --END-- [ RunTime:0.000000s ]
INFO: [ app_begin ] --START--
INFO: Run Behavior\ReadHtmlCacheBehavior [ RunTime:0.001000s ]
INFO: [ app_begin ] --END-- [ RunTime:0.001000s ]
NOTIC: [2] Missing argument 1 for I(), called in C:\xampp\htdocs\thinkphp\Application\Admin\Controller\LoginController.class.php on line 21 and defined C:\xampp\htdocs\thinkphp\ThinkPHP\Common\functions.php 第 271 行.
NOTIC: [8] Undefined variable: name C:\xampp\htdocs\thinkphp\ThinkPHP\Common\functions.php 第 273 行.
NOTIC: [8] Undefined variable: name C:\xampp\htdocs\thinkphp\ThinkPHP\Common\functions.php 第 278 行.
NOTIC: [8] Undefined variable: name C:\xampp\htdocs\thinkphp\ThinkPHP\Common\functions.php 第 339 行.
SQL: SHOW COLUMNS FROM `xf_admin` [ RunTime:0.0020s ]
SQL: SELECT * FROM `xf_admin` WHERE ( username = "123123" ) LIMIT 1   [ RunTime:0.0000s ]
SQL: UPDATE `xf_admin` SET `login_ip`='::1',`login_time`='2017-01-10 12:05:59' WHERE `id` = 5 [ RunTime:0.0020s ]

[ 2017-01-10T12:05:59+08:00 ] ::1 /thinkphp/index.php/Admin/Login/verify.html?6466
INFO: [ app_init ] --START--
INFO: Run Behavior\BuildLiteBehavior [ RunTime:0.000000s ]
INFO: [ app_init ] --END-- [ RunTime:0.001000s ]
INFO: [ app_begin ] --START--
INFO: Run Behavior\ReadHtmlCacheBehavior [ RunTime:0.000000s ]
INFO: [ app_begin ] --END-- [ RunTime:0.000000s ]
INFO: [ app_end ] --START--
INFO: Run Behavior\ShowPageTraceBehavior [ RunTime:0.000000s ]
INFO: [ app_end ] --END-- [ RunTime:0.000000s ]

[ 2017-01-10T12:05:59+08:00 ] ::1 /thinkphp/index.php/Admin/Index/index.html
INFO: [ app_init ] --START--
INFO: Run Behavior\BuildLiteBehavior [ RunTime:0.000000s ]
INFO: [ app_init ] --END-- [ RunTime:0.000000s ]
INFO: [ app_begin ] --START--
INFO: Run Behavior\ReadHtmlCacheBehavior [ RunTime:0.000000s ]
INFO: [ app_begin ] --END-- [ RunTime:0.000000s ]
SQL: SHOW COLUMNS FROM `xf_index_info` [ RunTime:0.0040s ]
SQL: SELECT * FROM `xf_index_info` WHERE ( flag<20 AND flag>0 ) ORDER BY flag  [ RunTime:0.0010s ]
SQL: SELECT * FROM `xf_index_info` WHERE ( flag>20 AND flag<30 ) ORDER BY flag  [ RunTime:0.0000s ]
SQL: SELECT * FROM `xf_index_info` WHERE ( flag>30 ) ORDER BY flag  [ RunTime:0.0000s ]
SQL: SELECT COUNT(*) AS tp_count FROM `xf_index_info` WHERE ( sorts = 5 ) LIMIT 1   [ RunTime:0.0000s ]
SQL: SELECT * FROM `xf_index_info` WHERE ( sorts = 5 ) ORDER BY creat_time desc LIMIT 0,10   [ RunTime:0.0010s ]
INFO: [ view_parse ] --START--
INFO: [ template_filter ] --START--
INFO: Run Behavior\ContentReplaceBehavior [ RunTime:0.000000s ]
INFO: [ template_filter ] --END-- [ RunTime:0.000000s ]
INFO: Run Behavior\ParseTemplateBehavior [ RunTime:0.012000s ]
INFO: [ view_parse ] --END-- [ RunTime:0.012000s ]
INFO: [ view_filter ] --START--
INFO: Run Behavior\WriteHtmlCacheBehavior [ RunTime:0.000000s ]
INFO: [ view_filter ] --END-- [ RunTime:0.000000s ]
INFO: [ app_end ] --START--
INFO: Run Behavior\ShowPageTraceBehavior [ RunTime:0.001000s ]
INFO: [ app_end ] --END-- [ RunTime:0.001000s ]

