[ 2017-01-18T10:51:33+08:00 ] ::1 /thinkphp/admin/
INFO: [ app_init ] --START--
INFO: Run Behavior\BuildLiteBehavior [ RunTime:0.000000s ]
INFO: [ app_init ] --END-- [ RunTime:0.000000s ]
INFO: [ app_begin ] --START--
INFO: Run Behavior\ReadHtmlCacheBehavior [ RunTime:0.001000s ]
INFO: [ app_begin ] --END-- [ RunTime:0.001000s ]

[ 2017-01-18T10:52:58+08:00 ] ::1 /thinkphp/admin/
INFO: [ app_init ] --START--
INFO: Run Behavior\BuildLiteBehavior [ RunTime:0.000000s ]
INFO: [ app_init ] --END-- [ RunTime:0.000000s ]
INFO: [ app_begin ] --START--
INFO: Run Behavior\ReadHtmlCacheBehavior [ RunTime:0.000000s ]
INFO: [ app_begin ] --END-- [ RunTime:0.000000s ]
INFO: [ view_parse ] --START--
INFO: [ template_filter ] --START--
INFO: Run Behavior\ContentReplaceBehavior [ RunTime:0.000000s ]
INFO: [ template_filter ] --END-- [ RunTime:0.000000s ]
INFO: Run Behavior\ParseTemplateBehavior [ RunTime:0.005000s ]
INFO: [ view_parse ] --END-- [ RunTime:0.006000s ]
INFO: [ view_filter ] --START--
INFO: Run Behavior\WriteHtmlCacheBehavior [ RunTime:0.001001s ]
INFO: [ view_filter ] --END-- [ RunTime:0.001001s ]

[ 2017-01-18T10:54:19+08:00 ] ::1 /thinkphp/index.php/Admin/Login/index.html
INFO: [ app_init ] --START--
INFO: Run Behavior\BuildLiteBehavior [ RunTime:0.000000s ]
INFO: [ app_init ] --END-- [ RunTime:0.000000s ]
INFO: [ app_begin ] --START--
INFO: Run Behavior\ReadHtmlCacheBehavior [ RunTime:0.001000s ]
INFO: [ app_begin ] --END-- [ RunTime:0.001000s ]
INFO: [ view_parse ] --START--
INFO: [ template_filter ] --START--
INFO: Run Behavior\ContentReplaceBehavior [ RunTime:0.000000s ]
INFO: [ template_filter ] --END-- [ RunTime:0.000000s ]
INFO: Run Behavior\ParseTemplateBehavior [ RunTime:0.003000s ]
INFO: [ view_parse ] --END-- [ RunTime:0.003000s ]
INFO: [ view_filter ] --START--
INFO: Run Behavior\WriteHtmlCacheBehavior [ RunTime:0.001000s ]
INFO: [ view_filter ] --END-- [ RunTime:0.001000s ]
INFO: [ app_end ] --START--
INFO: Run Behavior\ShowPageTraceBehavior [ RunTime:0.000000s ]
INFO: [ app_end ] --END-- [ RunTime:0.000000s ]

[ 2017-01-18T10:54:19+08:00 ] ::1 /thinkphp/index.php/Admin/Login/verify.html
INFO: [ app_init ] --START--
INFO: Run Behavior\BuildLiteBehavior [ RunTime:0.000000s ]
INFO: [ app_init ] --END-- [ RunTime:0.000000s ]
INFO: [ app_begin ] --START--
INFO: Run Behavior\ReadHtmlCacheBehavior [ RunTime:0.001000s ]
INFO: [ app_begin ] --END-- [ RunTime:0.001000s ]
INFO: [ app_end ] --START--
INFO: Run Behavior\ShowPageTraceBehavior [ RunTime:0.001000s ]
INFO: [ app_end ] --END-- [ RunTime:0.001000s ]

[ 2017-01-18T10:54:33+08:00 ] ::1 /thinkphp/index.php/Admin/Login/doLogin.html
INFO: [ app_init ] --START--
INFO: Run Behavior\BuildLiteBehavior [ RunTime:0.000000s ]
INFO: [ app_init ] --END-- [ RunTime:0.000000s ]
INFO: [ app_begin ] --START--
INFO: Run Behavior\ReadHtmlCacheBehavior [ RunTime:0.001000s ]
INFO: [ app_begin ] --END-- [ RunTime:0.001000s ]
NOTIC: [2] Missing argument 1 for I(), called in C:\xampp\htdocs\thinkphp\Application\Admin\Controller\LoginController.class.php on line 21 and defined C:\xampp\htdocs\thinkphp\ThinkPHP\Common\functions.php 第 271 行.
NOTIC: [8] Undefined variable: name C:\xampp\htdocs\thinkphp\ThinkPHP\Common\functions.php 第 273 行.
NOTIC: [8] Undefined variable: name C:\xampp\htdocs\thinkphp\ThinkPHP\Common\functions.php 第 278 行.
NOTIC: [8] Undefined variable: name C:\xampp\htdocs\thinkphp\ThinkPHP\Common\functions.php 第 339 行.
SQL: SHOW COLUMNS FROM `xf_admin` [ RunTime:0.0040s ]
SQL: SELECT * FROM `xf_admin` WHERE ( username = "admin" ) LIMIT 1   [ RunTime:0.0010s ]
SQL: UPDATE `xf_admin` SET `login_ip`='::1',`login_time`='2017-01-18 10:54:33' WHERE `id` = 6 [ RunTime:0.0010s ]

[ 2017-01-18T10:54:33+08:00 ] ::1 /thinkphp/index.php/Admin/Login/verify.html?7330
INFO: [ app_init ] --START--
INFO: Run Behavior\BuildLiteBehavior [ RunTime:0.000000s ]
INFO: [ app_init ] --END-- [ RunTime:0.000000s ]
INFO: [ app_begin ] --START--
INFO: Run Behavior\ReadHtmlCacheBehavior [ RunTime:0.000000s ]
INFO: [ app_begin ] --END-- [ RunTime:0.000000s ]
INFO: [ app_end ] --START--
INFO: Run Behavior\ShowPageTraceBehavior [ RunTime:0.001000s ]
INFO: [ app_end ] --END-- [ RunTime:0.001000s ]

[ 2017-01-18T10:54:33+08:00 ] ::1 /thinkphp/index.php/Admin/Index/index.html
INFO: [ app_init ] --START--
INFO: Run Behavior\BuildLiteBehavior [ RunTime:0.000000s ]
INFO: [ app_init ] --END-- [ RunTime:0.000000s ]
INFO: [ app_begin ] --START--
INFO: Run Behavior\ReadHtmlCacheBehavior [ RunTime:0.000000s ]
INFO: [ app_begin ] --END-- [ RunTime:0.000000s ]
SQL: SHOW COLUMNS FROM `xf_index_info` [ RunTime:0.0030s ]
SQL: SELECT COUNT(click) AS tp_count FROM `xf_index_info` WHERE ( flag>10 AND flag<35 ) LIMIT 1   [ RunTime:0.0000s ]
SQL: SELECT MAX(click) AS tp_max FROM `xf_index_info` WHERE ( flag>10 ) LIMIT 1   [ RunTime:0.0010s ]
SQL: SELECT MIN(click) AS tp_min FROM `xf_index_info` WHERE ( flag>10 ) LIMIT 1   [ RunTime:0.0000s ]
INFO: [ view_parse ] --START--
INFO: [ template_filter ] --START--
INFO: Run Behavior\ContentReplaceBehavior [ RunTime:0.000000s ]
INFO: [ template_filter ] --END-- [ RunTime:0.000000s ]
NOTIC: [8] Use of undefined constant index - assumed 'index' C:\xampp\htdocs\thinkphp\Application\Runtime\Cache\Admin\b595b808c2ebeeeb0478ffc30bb4e87a.php 第 131 行.
NOTIC: [8] Use of undefined constant index - assumed 'index' C:\xampp\htdocs\thinkphp\Application\Runtime\Cache\Admin\b595b808c2ebeeeb0478ffc30bb4e87a.php 第 135 行.
NOTIC: [8] Use of undefined constant index - assumed 'index' C:\xampp\htdocs\thinkphp\Application\Runtime\Cache\Admin\b595b808c2ebeeeb0478ffc30bb4e87a.php 第 142 行.
NOTIC: [8] Use of undefined constant index - assumed 'index' C:\xampp\htdocs\thinkphp\Application\Runtime\Cache\Admin\b595b808c2ebeeeb0478ffc30bb4e87a.php 第 159 行.
INFO: Run Behavior\ParseTemplateBehavior [ RunTime:0.010001s ]
INFO: [ view_parse ] --END-- [ RunTime:0.010001s ]
INFO: [ view_filter ] --START--
INFO: Run Behavior\WriteHtmlCacheBehavior [ RunTime:0.000000s ]
INFO: [ view_filter ] --END-- [ RunTime:0.000000s ]
INFO: [ app_end ] --START--
INFO: Run Behavior\ShowPageTraceBehavior [ RunTime:0.001000s ]
INFO: [ app_end ] --END-- [ RunTime:0.001000s ]

[ 2017-01-18T10:54:33+08:00 ] ::1 /thinkphp/index.php/Admin/Index/images/avatar-mini.jpg
INFO: [ app_init ] --START--
INFO: Run Behavior\BuildLiteBehavior [ RunTime:0.000000s ]
INFO: [ app_init ] --END-- [ RunTime:0.000000s ]

[ 2017-01-18T10:54:40+08:00 ] ::1 /thinkphp/index.php/Admin/Modify/index.html
INFO: [ app_init ] --START--
INFO: Run Behavior\BuildLiteBehavior [ RunTime:0.000000s ]
INFO: [ app_init ] --END-- [ RunTime:0.000000s ]
INFO: [ app_begin ] --START--
INFO: Run Behavior\ReadHtmlCacheBehavior [ RunTime:0.000000s ]
INFO: [ app_begin ] --END-- [ RunTime:0.000000s ]
SQL: SHOW COLUMNS FROM `xf_index_info` [ RunTime:0.0020s ]
SQL: SELECT * FROM `xf_index_info` WHERE ( flag<20 AND flag>0 ) ORDER BY flag  [ RunTime:0.0010s ]
SQL: SELECT * FROM `xf_index_info` WHERE ( flag>20 AND flag<30 ) ORDER BY flag  [ RunTime:0.0000s ]
SQL: SELECT * FROM `xf_index_info` WHERE ( flag>30 ) ORDER BY flag  [ RunTime:0.0000s ]
INFO: [ view_parse ] --START--
INFO: [ template_filter ] --START--
INFO: Run Behavior\ContentReplaceBehavior [ RunTime:0.000000s ]
INFO: [ template_filter ] --END-- [ RunTime:0.000000s ]
NOTIC: [8] Use of undefined constant update - assumed 'update' C:\xampp\htdocs\thinkphp\Application\Runtime\Cache\Admin\b2585cbd19e57e3ef3c065fbf4bc17c1.php 第 131 行.
NOTIC: [8] Use of undefined constant update - assumed 'update' C:\xampp\htdocs\thinkphp\Application\Runtime\Cache\Admin\b2585cbd19e57e3ef3c065fbf4bc17c1.php 第 135 行.
NOTIC: [8] Use of undefined constant update - assumed 'update' C:\xampp\htdocs\thinkphp\Application\Runtime\Cache\Admin\b2585cbd19e57e3ef3c065fbf4bc17c1.php 第 142 行.
NOTIC: [8] Use of undefined constant update - assumed 'update' C:\xampp\htdocs\thinkphp\Application\Runtime\Cache\Admin\b2585cbd19e57e3ef3c065fbf4bc17c1.php 第 159 行.
INFO: Run Behavior\ParseTemplateBehavior [ RunTime:0.009001s ]
INFO: [ view_parse ] --END-- [ RunTime:0.009001s ]
INFO: [ view_filter ] --START--
INFO: Run Behavior\WriteHtmlCacheBehavior [ RunTime:0.001000s ]
INFO: [ view_filter ] --END-- [ RunTime:0.001000s ]
INFO: [ app_end ] --START--
INFO: Run Behavior\ShowPageTraceBehavior [ RunTime:0.000000s ]
INFO: [ app_end ] --END-- [ RunTime:0.000000s ]

[ 2017-01-18T10:54:40+08:00 ] ::1 /thinkphp/index.php/Admin/Modify/images/avatar-mini.jpg
INFO: [ app_init ] --START--
INFO: Run Behavior\BuildLiteBehavior [ RunTime:0.000000s ]
INFO: [ app_init ] --END-- [ RunTime:0.000000s ]

[ 2017-01-18T10:54:43+08:00 ] ::1 /thinkphp/index.php/Admin/Adjust/index.html
INFO: [ app_init ] --START--
INFO: Run Behavior\BuildLiteBehavior [ RunTime:0.000000s ]
INFO: [ app_init ] --END-- [ RunTime:0.000000s ]
INFO: [ app_begin ] --START--
INFO: Run Behavior\ReadHtmlCacheBehavior [ RunTime:0.000000s ]
INFO: [ app_begin ] --END-- [ RunTime:0.000000s ]
SQL: SHOW COLUMNS FROM `xf_index_info` [ RunTime:0.0020s ]
SQL: SELECT * FROM `xf_index_info` WHERE ( flag<20 AND flag>0 ) ORDER BY flag  [ RunTime:0.0000s ]
SQL: SELECT * FROM `xf_index_info` WHERE ( flag>20 AND flag<30 ) ORDER BY flag  [ RunTime:0.0010s ]
SQL: SELECT * FROM `xf_index_info` WHERE ( flag>30 ) ORDER BY flag  [ RunTime:0.0000s ]
SQL: SELECT * FROM `xf_index_info` WHERE ( sorts=0 ) ORDER BY serial  [ RunTime:0.0000s ]
INFO: [ view_parse ] --START--
INFO: [ template_filter ] --START--
INFO: Run Behavior\ContentReplaceBehavior [ RunTime:0.001000s ]
INFO: [ template_filter ] --END-- [ RunTime:0.001000s ]
NOTIC: [8] Use of undefined constant update - assumed 'update' C:\xampp\htdocs\thinkphp\Application\Runtime\Cache\Admin\79a85fb77b37ae96feab80f7be940f38.php 第 131 行.
NOTIC: [8] Use of undefined constant update - assumed 'update' C:\xampp\htdocs\thinkphp\Application\Runtime\Cache\Admin\79a85fb77b37ae96feab80f7be940f38.php 第 135 行.
NOTIC: [8] Use of undefined constant update - assumed 'update' C:\xampp\htdocs\thinkphp\Application\Runtime\Cache\Admin\79a85fb77b37ae96feab80f7be940f38.php 第 142 行.
NOTIC: [8] Use of undefined constant update - assumed 'update' C:\xampp\htdocs\thinkphp\Application\Runtime\Cache\Admin\79a85fb77b37ae96feab80f7be940f38.php 第 159 行.
INFO: Run Behavior\ParseTemplateBehavior [ RunTime:0.010001s ]
INFO: [ view_parse ] --END-- [ RunTime:0.010001s ]
INFO: [ view_filter ] --START--
INFO: Run Behavior\WriteHtmlCacheBehavior [ RunTime:0.001000s ]
INFO: [ view_filter ] --END-- [ RunTime:0.001000s ]
INFO: [ app_end ] --START--
INFO: Run Behavior\ShowPageTraceBehavior [ RunTime:0.000000s ]
INFO: [ app_end ] --END-- [ RunTime:0.000000s ]

[ 2017-01-18T10:54:43+08:00 ] ::1 /thinkphp/index.php/Admin/Adjust/images/avatar-mini.jpg
INFO: [ app_init ] --START--
INFO: Run Behavior\BuildLiteBehavior [ RunTime:0.000000s ]
INFO: [ app_init ] --END-- [ RunTime:0.001000s ]

[ 2017-01-18T10:54:57+08:00 ] ::1 /thinkphp/index.php/Admin/User/index.html
INFO: [ app_init ] --START--
INFO: Run Behavior\BuildLiteBehavior [ RunTime:0.000000s ]
INFO: [ app_init ] --END-- [ RunTime:0.001000s ]
INFO: [ app_begin ] --START--
INFO: Run Behavior\ReadHtmlCacheBehavior [ RunTime:0.001000s ]
INFO: [ app_begin ] --END-- [ RunTime:0.001000s ]
SQL: SHOW COLUMNS FROM `xf_admin` [ RunTime:0.0020s ]
SQL: SELECT * FROM `xf_admin` ORDER BY login_time desc LIMIT 10   [ RunTime:0.0010s ]
INFO: [ view_parse ] --START--
INFO: [ template_filter ] --START--
INFO: Run Behavior\ContentReplaceBehavior [ RunTime:0.000000s ]
INFO: [ template_filter ] --END-- [ RunTime:0.000000s ]
NOTIC: [8] Use of undefined constant admin - assumed 'admin' C:\xampp\htdocs\thinkphp\Application\Runtime\Cache\Admin\65e605872ed5d34210f5b33beb13f5a3.php 第 131 行.
NOTIC: [8] Use of undefined constant admin - assumed 'admin' C:\xampp\htdocs\thinkphp\Application\Runtime\Cache\Admin\65e605872ed5d34210f5b33beb13f5a3.php 第 135 行.
NOTIC: [8] Use of undefined constant admin - assumed 'admin' C:\xampp\htdocs\thinkphp\Application\Runtime\Cache\Admin\65e605872ed5d34210f5b33beb13f5a3.php 第 142 行.
NOTIC: [8] Use of undefined constant admin - assumed 'admin' C:\xampp\htdocs\thinkphp\Application\Runtime\Cache\Admin\65e605872ed5d34210f5b33beb13f5a3.php 第 159 行.
INFO: Run Behavior\ParseTemplateBehavior [ RunTime:0.008000s ]
INFO: [ view_parse ] --END-- [ RunTime:0.008000s ]
INFO: [ view_filter ] --START--
INFO: Run Behavior\WriteHtmlCacheBehavior [ RunTime:0.001000s ]
INFO: [ view_filter ] --END-- [ RunTime:0.001000s ]
INFO: [ app_end ] --START--
INFO: Run Behavior\ShowPageTraceBehavior [ RunTime:0.000000s ]
INFO: [ app_end ] --END-- [ RunTime:0.000000s ]

[ 2017-01-18T10:54:57+08:00 ] ::1 /thinkphp/index.php/Admin/User/images/avatar-mini.jpg
INFO: [ app_init ] --START--
INFO: Run Behavior\BuildLiteBehavior [ RunTime:0.000000s ]
INFO: [ app_init ] --END-- [ RunTime:0.000000s ]

[ 2017-01-18T10:55:00+08:00 ] ::1 /thinkphp/index.php/Admin/Modify/index.html
INFO: [ app_init ] --START--
INFO: Run Behavior\BuildLiteBehavior [ RunTime:0.000000s ]
INFO: [ app_init ] --END-- [ RunTime:0.000000s ]
INFO: [ app_begin ] --START--
INFO: Run Behavior\ReadHtmlCacheBehavior [ RunTime:0.001000s ]
INFO: [ app_begin ] --END-- [ RunTime:0.001000s ]
SQL: SHOW COLUMNS FROM `xf_index_info` [ RunTime:0.0020s ]
SQL: SELECT * FROM `xf_index_info` WHERE ( flag<20 AND flag>0 ) ORDER BY flag  [ RunTime:0.0010s ]
SQL: SELECT * FROM `xf_index_info` WHERE ( flag>20 AND flag<30 ) ORDER BY flag  [ RunTime:0.0000s ]
SQL: SELECT * FROM `xf_index_info` WHERE ( flag>30 ) ORDER BY flag  [ RunTime:0.0000s ]
INFO: [ view_parse ] --START--
INFO: [ template_filter ] --START--
INFO: Run Behavior\ContentReplaceBehavior [ RunTime:0.000000s ]
INFO: [ template_filter ] --END-- [ RunTime:0.000000s ]
NOTIC: [8] Use of undefined constant update - assumed 'update' C:\xampp\htdocs\thinkphp\Application\Runtime\Cache\Admin\b2585cbd19e57e3ef3c065fbf4bc17c1.php 第 131 行.
NOTIC: [8] Use of undefined constant update - assumed 'update' C:\xampp\htdocs\thinkphp\Application\Runtime\Cache\Admin\b2585cbd19e57e3ef3c065fbf4bc17c1.php 第 135 行.
NOTIC: [8] Use of undefined constant update - assumed 'update' C:\xampp\htdocs\thinkphp\Application\Runtime\Cache\Admin\b2585cbd19e57e3ef3c065fbf4bc17c1.php 第 142 行.
NOTIC: [8] Use of undefined constant update - assumed 'update' C:\xampp\htdocs\thinkphp\Application\Runtime\Cache\Admin\b2585cbd19e57e3ef3c065fbf4bc17c1.php 第 159 行.
INFO: Run Behavior\ParseTemplateBehavior [ RunTime:0.009000s ]
INFO: [ view_parse ] --END-- [ RunTime:0.009000s ]
INFO: [ view_filter ] --START--
INFO: Run Behavior\WriteHtmlCacheBehavior [ RunTime:0.001000s ]
INFO: [ view_filter ] --END-- [ RunTime:0.001000s ]
INFO: [ app_end ] --START--
INFO: Run Behavior\ShowPageTraceBehavior [ RunTime:0.000000s ]
INFO: [ app_end ] --END-- [ RunTime:0.000000s ]

[ 2017-01-18T10:55:00+08:00 ] ::1 /thinkphp/index.php/Admin/Modify/images/avatar-mini.jpg
INFO: [ app_init ] --START--
INFO: Run Behavior\BuildLiteBehavior [ RunTime:0.000000s ]
INFO: [ app_init ] --END-- [ RunTime:0.000000s ]

