[ 2016-12-07T11:11:41+08:00 ] ::1 /thinkphp/Niubable/
INFO: [ app_init ] --START--
INFO: Run Behavior\BuildLiteBehavior [ RunTime:0.000000s ]
INFO: [ app_init ] --END-- [ RunTime:0.001000s ]
INFO: [ app_begin ] --START--
INFO: Run Behavior\ReadHtmlCacheBehavior [ RunTime:0.001000s ]
INFO: [ app_begin ] --END-- [ RunTime:0.001000s ]
ERR: 无法加载控制器:Niubable

[ 2016-12-07T11:11:46+08:00 ] ::1 /thinkphp/
INFO: [ app_init ] --START--
INFO: Run Behavior\BuildLiteBehavior [ RunTime:0.000000s ]
INFO: [ app_init ] --END-- [ RunTime:0.001000s ]
INFO: [ app_begin ] --START--
INFO: Run Behavior\ReadHtmlCacheBehavior [ RunTime:0.001000s ]
INFO: [ app_begin ] --END-- [ RunTime:0.001000s ]
INFO: [ view_parse ] --START--
INFO: [ template_filter ] --START--
INFO: Run Behavior\ContentReplaceBehavior [ RunTime:0.000000s ]
INFO: [ template_filter ] --END-- [ RunTime:0.000000s ]
INFO: Run Behavior\ParseTemplateBehavior [ RunTime:0.004001s ]
INFO: [ view_parse ] --END-- [ RunTime:0.004001s ]
INFO: [ view_filter ] --START--
INFO: Run Behavior\WriteHtmlCacheBehavior [ RunTime:0.000000s ]
INFO: [ view_filter ] --END-- [ RunTime:0.000000s ]
INFO: [ app_end ] --START--
INFO: Run Behavior\ShowPageTraceBehavior [ RunTime:0.001000s ]
INFO: [ app_end ] --END-- [ RunTime:0.001000s ]

[ 2016-12-07T11:12:33+08:00 ] ::1 /thinkphp/
INFO: [ app_init ] --START--
INFO: Run Behavior\BuildLiteBehavior [ RunTime:0.000000s ]
INFO: [ app_init ] --END-- [ RunTime:0.000000s ]
INFO: [ app_begin ] --START--
INFO: Run Behavior\ReadHtmlCacheBehavior [ RunTime:0.000000s ]
INFO: [ app_begin ] --END-- [ RunTime:0.000000s ]
ERR: 无法加载控制器:Index

[ 2016-12-07T11:12:59+08:00 ] ::1 /thinkphp/
INFO: [ app_init ] --START--
INFO: Run Behavior\BuildLiteBehavior [ RunTime:0.000000s ]
INFO: [ app_init ] --END-- [ RunTime:0.000000s ]
INFO: [ app_begin ] --START--
INFO: Run Behavior\ReadHtmlCacheBehavior [ RunTime:0.001000s ]
INFO: [ app_begin ] --END-- [ RunTime:0.001000s ]
SQL: SHOW COLUMNS FROM `xf_index_info` [ RunTime:0.0020s ]
SQL: SELECT * FROM `xf_index_info` WHERE ( sorts=0 )  [ RunTime:0.0000s ]
SQL: SELECT * FROM `xf_index_info` WHERE ( flag<20 AND flag>0 ) ORDER BY flag LIMIT 8   [ RunTime:0.0010s ]
SQL: SELECT * FROM `xf_index_info` WHERE ( flag>20 ) ORDER BY flag LIMIT 8   [ RunTime:0.0000s ]
SQL: SELECT * FROM `xf_index_info` WHERE ( creat_time > '2016-11-24 00:00:00'AND sorts>0 AND flag=0 ) ORDER BY rand() LIMIT 4   [ RunTime:0.0010s ]
INFO: [ view_parse ] --START--
INFO: [ template_filter ] --START--
INFO: Run Behavior\ContentReplaceBehavior [ RunTime:0.000000s ]
INFO: [ template_filter ] --END-- [ RunTime:0.000000s ]
INFO: Run Behavior\ParseTemplateBehavior [ RunTime:0.008000s ]
INFO: [ view_parse ] --END-- [ RunTime:0.009000s ]
INFO: [ view_filter ] --START--
INFO: Run Behavior\WriteHtmlCacheBehavior [ RunTime:0.000000s ]
INFO: [ view_filter ] --END-- [ RunTime:0.000000s ]
INFO: [ app_end ] --START--
INFO: Run Behavior\ShowPageTraceBehavior [ RunTime:0.000000s ]
INFO: [ app_end ] --END-- [ RunTime:0.000000s ]

[ 2016-12-07T11:16:16+08:00 ] ::1 /thinkphp/Niub
INFO: [ app_init ] --START--
INFO: Run Behavior\BuildLiteBehavior [ RunTime:0.000000s ]
INFO: [ app_init ] --END-- [ RunTime:0.000000s ]
INFO: [ app_begin ] --START--
INFO: Run Behavior\ReadHtmlCacheBehavior [ RunTime:0.000000s ]
INFO: [ app_begin ] --END-- [ RunTime:0.000000s ]
SQL: SHOW COLUMNS FROM `xf_index_info` [ RunTime:0.0060s ]
SQL: SELECT * FROM `xf_index_info` WHERE ( sorts=0 )  [ RunTime:0.0000s ]
SQL: SELECT * FROM `xf_index_info` WHERE ( flag<20 AND flag>0 ) ORDER BY flag LIMIT 8   [ RunTime:0.0010s ]
SQL: SELECT * FROM `xf_index_info` WHERE ( flag>20 ) ORDER BY flag LIMIT 8   [ RunTime:0.0000s ]
SQL: SELECT * FROM `xf_index_info` WHERE ( creat_time > '2016-11-24 00:00:00'AND sorts>0 AND flag=0 ) ORDER BY rand() LIMIT 4   [ RunTime:0.0000s ]
INFO: [ view_parse ] --START--
INFO: [ template_filter ] --START--
INFO: Run Behavior\ContentReplaceBehavior [ RunTime:0.001000s ]
INFO: [ template_filter ] --END-- [ RunTime:0.001000s ]
INFO: Run Behavior\ParseTemplateBehavior [ RunTime:0.008001s ]
INFO: [ view_parse ] --END-- [ RunTime:0.008001s ]
INFO: [ view_filter ] --START--
INFO: Run Behavior\WriteHtmlCacheBehavior [ RunTime:0.000000s ]
INFO: [ view_filter ] --END-- [ RunTime:0.000000s ]
INFO: [ app_end ] --START--
INFO: Run Behavior\ShowPageTraceBehavior [ RunTime:0.001000s ]
INFO: [ app_end ] --END-- [ RunTime:0.001000s ]

[ 2016-12-07T11:16:16+08:00 ] ::1 /thinkphp/index.php/Niub/Index/getListJsonInfo/
INFO: [ app_init ] --START--
INFO: Run Behavior\BuildLiteBehavior [ RunTime:0.000000s ]
INFO: [ app_init ] --END-- [ RunTime:0.000000s ]
INFO: [ app_begin ] --START--
INFO: Run Behavior\ReadHtmlCacheBehavior [ RunTime:0.001000s ]
INFO: [ app_begin ] --END-- [ RunTime:0.001000s ]
SQL: SHOW COLUMNS FROM `xf_index_info` [ RunTime:0.0070s ]
SQL: SELECT * FROM `xf_index_info` WHERE ( sorts=4 ) ORDER BY creat_time desc  [ RunTime:0.0010s ]

[ 2016-12-07T11:16:23+08:00 ] ::1 /thinkphp/index.php/Niub/Index/getListJsonInfo/
INFO: [ app_init ] --START--
INFO: Run Behavior\BuildLiteBehavior [ RunTime:0.000000s ]
INFO: [ app_init ] --END-- [ RunTime:0.001000s ]
INFO: [ app_begin ] --START--
INFO: Run Behavior\ReadHtmlCacheBehavior [ RunTime:0.001000s ]
INFO: [ app_begin ] --END-- [ RunTime:0.001000s ]
SQL: SHOW COLUMNS FROM `xf_index_info` [ RunTime:0.0040s ]
SQL: SELECT * FROM `xf_index_info` WHERE ( sorts=4 ) ORDER BY creat_time desc  [ RunTime:0.0000s ]

[ 2016-12-07T11:16:25+08:00 ] ::1 /thinkphp/index.php/Niub/Index/getListJsonInfo/
INFO: [ app_init ] --START--
INFO: Run Behavior\BuildLiteBehavior [ RunTime:0.000000s ]
INFO: [ app_init ] --END-- [ RunTime:0.001000s ]
INFO: [ app_begin ] --START--
INFO: Run Behavior\ReadHtmlCacheBehavior [ RunTime:0.001000s ]
INFO: [ app_begin ] --END-- [ RunTime:0.001000s ]
SQL: SHOW COLUMNS FROM `xf_index_info` [ RunTime:0.0040s ]
SQL: SELECT * FROM `xf_index_info` WHERE ( sorts=4 ) ORDER BY creat_time desc  [ RunTime:0.0000s ]

[ 2016-12-07T11:17:38+08:00 ] ::1 /thinkphp/Niub
INFO: [ app_init ] --START--
INFO: Run Behavior\BuildLiteBehavior [ RunTime:0.000000s ]
INFO: [ app_init ] --END-- [ RunTime:0.000000s ]
INFO: [ app_begin ] --START--
INFO: Run Behavior\ReadHtmlCacheBehavior [ RunTime:0.000000s ]
INFO: [ app_begin ] --END-- [ RunTime:0.000000s ]
SQL: SHOW COLUMNS FROM `xf_index_info` [ RunTime:0.0040s ]
SQL: SELECT * FROM `xf_index_info` WHERE ( sorts=0 )  [ RunTime:0.0010s ]
SQL: SELECT * FROM `xf_index_info` WHERE ( flag<20 AND flag>0 ) ORDER BY flag LIMIT 8   [ RunTime:0.0000s ]
SQL: SELECT * FROM `xf_index_info` WHERE ( flag>20 ) ORDER BY flag LIMIT 8   [ RunTime:0.0010s ]
SQL: SELECT * FROM `xf_index_info` WHERE ( creat_time > '2016-11-24 00:00:00'AND sorts>0 AND flag=0 ) ORDER BY rand() LIMIT 4   [ RunTime:0.0000s ]
INFO: [ view_parse ] --START--
INFO: [ template_filter ] --START--
INFO: Run Behavior\ContentReplaceBehavior [ RunTime:0.000000s ]
INFO: [ template_filter ] --END-- [ RunTime:0.000000s ]
INFO: Run Behavior\ParseTemplateBehavior [ RunTime:0.009000s ]
INFO: [ view_parse ] --END-- [ RunTime:0.009000s ]
INFO: [ view_filter ] --START--
INFO: Run Behavior\WriteHtmlCacheBehavior [ RunTime:0.000000s ]
INFO: [ view_filter ] --END-- [ RunTime:0.000000s ]
INFO: [ app_end ] --START--
INFO: Run Behavior\ShowPageTraceBehavior [ RunTime:0.001000s ]
INFO: [ app_end ] --END-- [ RunTime:0.001000s ]

[ 2016-12-07T11:17:38+08:00 ] ::1 /thinkphp/index.php/Niub/Index/getListJsonInfo/
INFO: [ app_init ] --START--
INFO: Run Behavior\BuildLiteBehavior [ RunTime:0.000000s ]
INFO: [ app_init ] --END-- [ RunTime:0.000000s ]
INFO: [ app_begin ] --START--
INFO: Run Behavior\ReadHtmlCacheBehavior [ RunTime:0.001000s ]
INFO: [ app_begin ] --END-- [ RunTime:0.001000s ]
SQL: SHOW COLUMNS FROM `xf_index_info` [ RunTime:0.0070s ]
SQL: SELECT * FROM `xf_index_info` WHERE ( sorts=4 ) ORDER BY creat_time desc  [ RunTime:0.0000s ]

[ 2016-12-07T11:21:23+08:00 ] ::1 /thinkphp/Niub/
INFO: [ app_init ] --START--
INFO: Run Behavior\BuildLiteBehavior [ RunTime:0.000000s ]
INFO: [ app_init ] --END-- [ RunTime:0.000000s ]
INFO: [ app_begin ] --START--
INFO: Run Behavior\ReadHtmlCacheBehavior [ RunTime:0.001000s ]
INFO: [ app_begin ] --END-- [ RunTime:0.001000s ]
SQL: SHOW COLUMNS FROM `xf_index_info` [ RunTime:0.0020s ]
SQL: SELECT * FROM `xf_index_info` WHERE ( sorts=0 )  [ RunTime:0.0000s ]
SQL: SELECT * FROM `xf_index_info` WHERE ( flag<20 AND flag>0 ) ORDER BY flag LIMIT 8   [ RunTime:0.0000s ]
SQL: SELECT * FROM `xf_index_info` WHERE ( flag>20 ) ORDER BY flag LIMIT 8   [ RunTime:0.0000s ]
SQL: SELECT * FROM `xf_index_info` WHERE ( creat_time > '2016-11-24 00:00:00'AND sorts>0 AND flag=0 ) ORDER BY rand() LIMIT 4   [ RunTime:0.0000s ]
INFO: [ view_parse ] --START--
INFO: [ template_filter ] --START--
INFO: Run Behavior\ContentReplaceBehavior [ RunTime:0.000000s ]
INFO: [ template_filter ] --END-- [ RunTime:0.000000s ]
INFO: Run Behavior\ParseTemplateBehavior [ RunTime:0.008000s ]
INFO: [ view_parse ] --END-- [ RunTime:0.008000s ]
INFO: [ view_filter ] --START--
INFO: Run Behavior\WriteHtmlCacheBehavior [ RunTime:0.001000s ]
INFO: [ view_filter ] --END-- [ RunTime:0.001000s ]
INFO: [ app_end ] --START--
INFO: Run Behavior\ShowPageTraceBehavior [ RunTime:0.000000s ]
INFO: [ app_end ] --END-- [ RunTime:0.000000s ]

[ 2016-12-07T11:21:23+08:00 ] ::1 /thinkphp/Niub/Public/images/index_banner.jpg
INFO: [ app_init ] --START--
INFO: Run Behavior\BuildLiteBehavior [ RunTime:0.000000s ]
INFO: [ app_init ] --END-- [ RunTime:0.000000s ]

[ 2016-12-07T11:21:24+08:00 ] ::1 /thinkphp/Niub/Uploads/ico/20161206205114.jpg
INFO: [ app_init ] --START--
INFO: Run Behavior\BuildLiteBehavior [ RunTime:0.000000s ]
INFO: [ app_init ] --END-- [ RunTime:0.000000s ]

[ 2016-12-07T11:21:24+08:00 ] ::1 /thinkphp/Niub/Public/images/index_banner0.jpg
INFO: [ app_init ] --START--
INFO: Run Behavior\BuildLiteBehavior [ RunTime:0.000000s ]
INFO: [ app_init ] --END-- [ RunTime:0.001000s ]

[ 2016-12-07T11:21:24+08:00 ] ::1 /thinkphp/Niub/Public/images/index_banner1.jpg
INFO: [ app_init ] --START--
INFO: Run Behavior\BuildLiteBehavior [ RunTime:0.000000s ]
INFO: [ app_init ] --END-- [ RunTime:0.000000s ]

[ 2016-12-07T11:21:24+08:00 ] ::1 /thinkphp/Niub/Public/images/index_banner2.jpg
INFO: [ app_init ] --START--
INFO: Run Behavior\BuildLiteBehavior [ RunTime:0.000000s ]
INFO: [ app_init ] --END-- [ RunTime:0.001000s ]

[ 2016-12-07T11:21:24+08:00 ] ::1 /thinkphp/Niub/Public/images/index_banner.jpg
INFO: [ app_init ] --START--
INFO: Run Behavior\BuildLiteBehavior [ RunTime:0.000000s ]
INFO: [ app_init ] --END-- [ RunTime:0.001000s ]

[ 2016-12-07T11:21:24+08:00 ] ::1 /thinkphp/Niub/Public/images/index_banner2.jpg
INFO: [ app_init ] --START--
INFO: Run Behavior\BuildLiteBehavior [ RunTime:0.000000s ]
INFO: [ app_init ] --END-- [ RunTime:0.001001s ]

[ 2016-12-07T11:21:24+08:00 ] ::1 /thinkphp/Niub/assets/i/favicon.ico
INFO: [ app_init ] --START--
INFO: Run Behavior\BuildLiteBehavior [ RunTime:0.000000s ]
INFO: [ app_init ] --END-- [ RunTime:0.000000s ]

[ 2016-12-07T11:21:24+08:00 ] ::1 /thinkphp/index.php/Niub/Index/getListJsonInfo/
INFO: [ app_init ] --START--
INFO: Run Behavior\BuildLiteBehavior [ RunTime:0.000000s ]
INFO: [ app_init ] --END-- [ RunTime:0.000000s ]
INFO: [ app_begin ] --START--
INFO: Run Behavior\ReadHtmlCacheBehavior [ RunTime:0.001000s ]
INFO: [ app_begin ] --END-- [ RunTime:0.001000s ]
SQL: SHOW COLUMNS FROM `xf_index_info` [ RunTime:0.0100s ]
SQL: SELECT * FROM `xf_index_info` WHERE ( sorts=4 ) ORDER BY creat_time desc  [ RunTime:0.0000s ]

[ 2016-12-07T11:21:24+08:00 ] ::1 /thinkphp/Niub/Uploads/ico/20161206205114.jpg
INFO: [ app_init ] --START--
INFO: Run Behavior\BuildLiteBehavior [ RunTime:0.000000s ]
INFO: [ app_init ] --END-- [ RunTime:0.003000s ]

[ 2016-12-07T11:21:28+08:00 ] ::1 /thinkphp/Niub/
INFO: [ app_init ] --START--
INFO: Run Behavior\BuildLiteBehavior [ RunTime:0.000000s ]
INFO: [ app_init ] --END-- [ RunTime:0.001000s ]
INFO: [ app_begin ] --START--
INFO: Run Behavior\ReadHtmlCacheBehavior [ RunTime:0.000000s ]
INFO: [ app_begin ] --END-- [ RunTime:0.000000s ]
SQL: SHOW COLUMNS FROM `xf_index_info` [ RunTime:0.0060s ]
SQL: SELECT * FROM `xf_index_info` WHERE ( sorts=0 )  [ RunTime:0.0000s ]
SQL: SELECT * FROM `xf_index_info` WHERE ( flag<20 AND flag>0 ) ORDER BY flag LIMIT 8   [ RunTime:0.0010s ]
SQL: SELECT * FROM `xf_index_info` WHERE ( flag>20 ) ORDER BY flag LIMIT 8   [ RunTime:0.0000s ]
SQL: SELECT * FROM `xf_index_info` WHERE ( creat_time > '2016-11-24 00:00:00'AND sorts>0 AND flag=0 ) ORDER BY rand() LIMIT 4   [ RunTime:0.0000s ]
INFO: [ view_parse ] --START--
INFO: [ template_filter ] --START--
INFO: Run Behavior\ContentReplaceBehavior [ RunTime:0.000000s ]
INFO: [ template_filter ] --END-- [ RunTime:0.000000s ]
INFO: Run Behavior\ParseTemplateBehavior [ RunTime:0.009000s ]
INFO: [ view_parse ] --END-- [ RunTime:0.009000s ]
INFO: [ view_filter ] --START--
INFO: Run Behavior\WriteHtmlCacheBehavior [ RunTime:0.000000s ]
INFO: [ view_filter ] --END-- [ RunTime:0.000000s ]
INFO: [ app_end ] --START--
INFO: Run Behavior\ShowPageTraceBehavior [ RunTime:0.000000s ]
INFO: [ app_end ] --END-- [ RunTime:0.000000s ]

[ 2016-12-07T11:21:28+08:00 ] ::1 /thinkphp/Niub/Public/images/index_banner.jpg
INFO: [ app_init ] --START--
INFO: Run Behavior\BuildLiteBehavior [ RunTime:0.000000s ]
INFO: [ app_init ] --END-- [ RunTime:0.000000s ]

[ 2016-12-07T11:21:28+08:00 ] ::1 /thinkphp/Niub/Public/images/index_banner0.jpg
INFO: [ app_init ] --START--
INFO: Run Behavior\BuildLiteBehavior [ RunTime:0.000000s ]
INFO: [ app_init ] --END-- [ RunTime:0.001000s ]

[ 2016-12-07T11:21:28+08:00 ] ::1 /thinkphp/Niub/Public/images/index_banner2.jpg
INFO: [ app_init ] --START--
INFO: Run Behavior\BuildLiteBehavior [ RunTime:0.000000s ]
INFO: [ app_init ] --END-- [ RunTime:0.000000s ]

[ 2016-12-07T11:21:28+08:00 ] ::1 /thinkphp/Niub/Public/images/index_banner1.jpg
INFO: [ app_init ] --START--
INFO: Run Behavior\BuildLiteBehavior [ RunTime:0.000000s ]
INFO: [ app_init ] --END-- [ RunTime:0.000000s ]

[ 2016-12-07T11:21:28+08:00 ] ::1 /thinkphp/Niub/Uploads/ico/20161206205114.jpg
INFO: [ app_init ] --START--
INFO: Run Behavior\BuildLiteBehavior [ RunTime:0.000000s ]
INFO: [ app_init ] --END-- [ RunTime:0.000000s ]

[ 2016-12-07T11:21:28+08:00 ] ::1 /thinkphp/Niub/Public/images/index_banner.jpg
INFO: [ app_init ] --START--
INFO: Run Behavior\BuildLiteBehavior [ RunTime:0.000000s ]
INFO: [ app_init ] --END-- [ RunTime:0.000000s ]

[ 2016-12-07T11:21:28+08:00 ] ::1 /thinkphp/Niub/Public/images/index_banner2.jpg
INFO: [ app_init ] --START--
INFO: Run Behavior\BuildLiteBehavior [ RunTime:0.000000s ]
INFO: [ app_init ] --END-- [ RunTime:0.000000s ]

[ 2016-12-07T11:21:28+08:00 ] ::1 /thinkphp/index.php/Niub/Index/getListJsonInfo/
INFO: [ app_init ] --START--
INFO: Run Behavior\BuildLiteBehavior [ RunTime:0.000000s ]
INFO: [ app_init ] --END-- [ RunTime:0.000000s ]
INFO: [ app_begin ] --START--
INFO: Run Behavior\ReadHtmlCacheBehavior [ RunTime:0.001001s ]
INFO: [ app_begin ] --END-- [ RunTime:0.001001s ]
SQL: SHOW COLUMNS FROM `xf_index_info` [ RunTime:0.0050s ]
SQL: SELECT * FROM `xf_index_info` WHERE ( sorts=4 ) ORDER BY creat_time desc  [ RunTime:0.0000s ]

[ 2016-12-07T11:21:29+08:00 ] ::1 /thinkphp/Niub/Uploads/ico/20161206205114.jpg
INFO: [ app_init ] --START--
INFO: Run Behavior\BuildLiteBehavior [ RunTime:0.000000s ]
INFO: [ app_init ] --END-- [ RunTime:0.000000s ]

